152088853522: 61 -49
31601194165454: 65 -45
70465911891574: 22 -88
104046342248: 62 -48
61073128139: 66 -44
75484162752: 62 -48
148997885746: 50 -60
31331350135108: 37 -73
31331350135252: 48 -62
31331350132848: 46 -64
82795547636: 19 -91
93541518640: 35 -75
152088853522: 62 -48
31601194165454: 65 -45
70465911891574: 22 -88
104046342248: 62 -48
61073128139: 66 -44
75484162752: 62 -48
148997885746: 50 -60
31331350135108: 37 -73
31331350135252: 48 -62
31331350132848: 46 -64
82795547636: 19 -91
93541518640: 35 -75
152088853522: 64 -46
31601194165454: 65 -45
70465911891574: 22 -88
104046342248: 62 -48
61073128139: 66 -44
75484162752: 62 -48
148997885746: 50 -60
31331350135108: 37 -73
31331350135252: 48 -62
31331350132848: 46 -64
82795547636: 19 -91
93541518640: 35 -75
152088853522: 70 -38
31601194165454: 65 -45
70465911891574: 22 -88
104046342248: 62 -48
61073128139: 66 -44
75484162752: 62 -48
148997885746: 50 -60
31331350135108: 37 -73
31331350135252: 48 -62
31331350132848: 46 -64
82795547636: 19 -91
93541518640: 35 -75
152088853522: 62 -48
31601194165454: 65 -45
70465911891574: 22 -88
104046342248: 62 -48
61073128139: 66 -44
75484162752: 62 -48
148997885746: 50 -60
31331350135108: 37 -73
31331350135252: 48 -62
31331350132848: 46 -64
82795547636: 19 -91
93541518640: 35 -75
152088853522: 68 -42
31601194165454: 65 -45
70465911891574: 22 -88
104046342248: 62 -48
61073128139: 66 -44
75484162752: 62 -48
148997885746: 50 -60
31331350135108: 37 -73
31331350135252: 48 -62
31331350132848: 46 -64
82795547636: 19 -91
93541518640: 35 -75
152088853522: 70 -38
31601194165454: 65 -45
70465911891574: 22 -88
104046342248: 62 -48
61073128139: 66 -44
75484162752: 62 -48
148997885746: 50 -60
31331350135108: 37 -73
31331350135252: 48 -62
31331350132848: 46 -64
82795547636: 19 -91
93541518640: 35 -75
152088853522: 68 -42
31601194165454: 65 -45
70465911891574: 22 -88
104046342248: 62 -48
61073128139: 66 -44
75484162752: 62 -48
148997885746: 50 -60
31331350135108: 37 -73
31331350135252: 48 -62
31331350132848: 46 -64
82795547636: 19 -91
93541518640: 35 -75
152088853522: 70 -37
31601194165454: 65 -45
70465911891574: 22 -88
104046342248: 62 -48
61073128139: 66 -44
75484162752: 62 -48
148997885746: 50 -60
31331350135108: 37 -73
31331350135252: 48 -62
31331350132848: 46 -64
82795547636: 19 -91
93541518640: 35 -75
152088853522: 68 -42
31601194165454: 29 -81
70465911891574: 53 -57
104046342248: 23 -87
61073128139: 67 -43
75484162752: 65 -45
148997885746: 46 -64
31331350135108: 45 -65
31331350135252: 40 -70
82795547636: 24 -86
93541518640: 35 -75
164729952490: 30 -80
152088853522: 64 -46
31601194165454: 29 -81
70465911891574: 53 -57
104046342248: 23 -87
61073128139: 67 -43
75484162752: 65 -45
148997885746: 46 -64
31331350135108: 45 -65
31331350135252: 40 -70
82795547636: 24 -86
93541518640: 35 -75
164729952490: 30 -80
152088853522: 68 -42
31601194165454: 29 -81
70465911891574: 53 -57
104046342248: 23 -87
61073128139: 67 -43
75484162752: 65 -45
148997885746: 46 -64
31331350135108: 45 -65
31331350135252: 40 -70
82795547636: 24 -86
93541518640: 35 -75
164729952490: 30 -80
152088853522: 68 -42
31601194165454: 29 -81
70465911891574: 53 -57
104046342248: 23 -87
61073128139: 67 -43
75484162752: 65 -45
148997885746: 46 -64
31331350135108: 45 -65
31331350135252: 40 -70
82795547636: 24 -86
93541518640: 35 -75
164729952490: 30 -80
152088853522: 63 -47
31601194165454: 29 -81
70465911891574: 53 -57
104046342248: 23 -87
61073128139: 67 -43
75484162752: 65 -45
148997885746: 46 -64
31331350135108: 45 -65
31331350135252: 40 -70
82795547636: 24 -86
93541518640: 35 -75
164729952490: 30 -80
152088853522: 70 -39
31601194165454: 29 -81
70465911891574: 53 -57
104046342248: 23 -87
61073128139: 67 -43
75484162752: 65 -45
148997885746: 46 -64
31331350135108: 45 -65
31331350135252: 40 -70
82795547636: 24 -86
93541518640: 35 -75
164729952490: 30 -80
152088853522: 66 -44
31601194165454: 29 -81
70465911891574: 53 -57
104046342248: 23 -87
61073128139: 67 -43
75484162752: 65 -45
148997885746: 46 -64
31331350135108: 45 -65
31331350135252: 40 -70
82795547636: 24 -86
93541518640: 35 -75
164729952490: 30 -80
152088853522: 70 -40
31601194165454: 29 -81
70465911891574: 53 -57
104046342248: 23 -87
61073128139: 67 -43
75484162752: 65 -45
148997885746: 46 -64
31331350135108: 45 -65
31331350135252: 40 -70
82795547636: 24 -86
93541518640: 35 -75
164729952490: 30 -80
152088853522: 64 -46
31601194165454: 29 -81
70465911891574: 53 -57
104046342248: 23 -87
61073128139: 67 -43
75484162752: 65 -45
148997885746: 46 -64
31331350135108: 45 -65
31331350135252: 40 -70
82795547636: 24 -86
93541518640: 35 -75
164729952490: 30 -80
152088853522: 65 -45
31601194165454: 25 -85
70465911891574: 51 -59
104046342248: 57 -53
61073128139: 61 -49
75484162752: 60 -50
148997885746: 41 -69
31331350135108: 45 -65
31331350135252: 49 -61
82795547636: 24 -86
93541518640: 31 -79
164729952490: 33 -77
152088853522: 66 -44
31601194165454: 25 -85
70465911891574: 51 -59
104046342248: 57 -53
61073128139: 61 -49
75484162752: 60 -50
148997885746: 41 -69
31331350135108: 45 -65
31331350135252: 49 -61
82795547636: 24 -86
93541518640: 31 -79
164729952490: 33 -77
152088853522: 64 -46
31601194165454: 25 -85
70465911891574: 51 -59
104046342248: 57 -53
61073128139: 61 -49
75484162752: 60 -50
148997885746: 41 -69
31331350135108: 45 -65
31331350135252: 49 -61
82795547636: 24 -86
93541518640: 31 -79
164729952490: 33 -77
152088853522: 66 -44
31601194165454: 25 -85
70465911891574: 51 -59
104046342248: 57 -53
61073128139: 61 -49
75484162752: 60 -50
148997885746: 41 -69
31331350135108: 45 -65
31331350135252: 49 -61
82795547636: 24 -86
93541518640: 31 -79
164729952490: 33 -77
152088853522: 65 -45
31601194165454: 25 -85
70465911891574: 51 -59
104046342248: 57 -53
61073128139: 61 -49
75484162752: 60 -50
148997885746: 41 -69
31331350135108: 45 -65
31331350135252: 49 -61
82795547636: 24 -86
93541518640: 31 -79
164729952490: 33 -77
152088853522: 60 -50
31601194165454: 25 -85
70465911891574: 51 -59
104046342248: 57 -53
61073128139: 61 -49
75484162752: 60 -50
148997885746: 41 -69
31331350135108: 45 -65
31331350135252: 49 -61
82795547636: 24 -86
93541518640: 31 -79
164729952490: 33 -77
152088853522: 60 -50
31601194165454: 25 -85
70465911891574: 51 -59
104046342248: 57 -53
61073128139: 61 -49
75484162752: 60 -50
148997885746: 41 -69
31331350135108: 45 -65
31331350135252: 49 -61
82795547636: 24 -86
93541518640: 31 -79
164729952490: 33 -77
152088853522: 64 -46
31601194165454: 25 -85
70465911891574: 51 -59
104046342248: 57 -53
61073128139: 61 -49
75484162752: 60 -50
148997885746: 41 -69
31331350135108: 45 -65
31331350135252: 49 -61
82795547636: 24 -86
93541518640: 31 -79
164729952490: 33 -77
152088853522: 61 -49
31601194165454: 25 -85
70465911891574: 51 -59
104046342248: 57 -53
61073128139: 61 -49
75484162752: 60 -50
148997885746: 41 -69
31331350135108: 45 -65
31331350135252: 49 -61
82795547636: 24 -86
93541518640: 31 -79
164729952490: 33 -77
152088853522: 70 -40
31601194165454: 70 -37
70465911891574: 49 -61
104046342248: 59 -51
61073128139: 33 -77
75484162752: 59 -51
148997885746: 41 -69
31331350135108: 36 -74
31331350135252: 49 -61
82795547636: 19 -91
93541518640: 31 -79
164729952490: 33 -77
31331350132848: 44 -66
152088853522: 70 -39
31601194165454: 70 -37
70465911891574: 49 -61
104046342248: 59 -51
61073128139: 33 -77
75484162752: 59 -51
148997885746: 41 -69
31331350135108: 36 -74
31331350135252: 49 -61
82795547636: 19 -91
93541518640: 31 -79
164729952490: 33 -77
31331350132848: 44 -66
152088853522: 68 -42
31601194165454: 70 -37
70465911891574: 49 -61
104046342248: 59 -51
61073128139: 33 -77
75484162752: 59 -51
148997885746: 41 -69
31331350135108: 36 -74
31331350135252: 49 -61
82795547636: 19 -91
93541518640: 31 -79
164729952490: 33 -77
31331350132848: 44 -66
152088853522: 66 -44
31601194165454: 70 -37
70465911891574: 49 -61
104046342248: 59 -51
61073128139: 33 -77
75484162752: 59 -51
148997885746: 41 -69
31331350135108: 36 -74
31331350135252: 49 -61
82795547636: 19 -91
93541518640: 31 -79
164729952490: 33 -77
31331350132848: 44 -66
152088853522: 70 -37
31601194165454: 70 -37
70465911891574: 49 -61
104046342248: 59 -51
61073128139: 33 -77
75484162752: 59 -51
148997885746: 41 -69
31331350135108: 36 -74
31331350135252: 49 -61
82795547636: 19 -91
93541518640: 31 -79
164729952490: 33 -77
31331350132848: 44 -66
152088853522: 70 -39
31601194165454: 70 -37
70465911891574: 49 -61
104046342248: 59 -51
61073128139: 33 -77
75484162752: 59 -51
148997885746: 41 -69
31331350135108: 36 -74
31331350135252: 49 -61
82795547636: 19 -91
93541518640: 31 -79
164729952490: 33 -77
31331350132848: 44 -66
152088853522: 69 -41
31601194165454: 70 -37
70465911891574: 49 -61
104046342248: 59 -51
61073128139: 33 -77
75484162752: 59 -51
148997885746: 41 -69
31331350135108: 36 -74
31331350135252: 49 -61
82795547636: 19 -91
93541518640: 31 -79
164729952490: 33 -77
31331350132848: 44 -66
152088853522: 67 -43
31601194165454: 70 -37
70465911891574: 49 -61
104046342248: 59 -51
61073128139: 33 -77
75484162752: 59 -51
148997885746: 41 -69
31331350135108: 36 -74
31331350135252: 49 -61
82795547636: 19 -91
93541518640: 31 -79
164729952490: 33 -77
31331350132848: 44 -66
152088853522: 63 -47
31601194165454: 70 -37
70465911891574: 49 -61
104046342248: 59 -51
61073128139: 33 -77
75484162752: 59 -51
148997885746: 41 -69
31331350135108: 36 -74
31331350135252: 49 -61
82795547636: 19 -91
93541518640: 31 -79
164729952490: 33 -77
31331350132848: 44 -66
152088853522: 62 -48
31601194165454: 65 -45
70465911891574: 58 -52
104046342248: 54 -56
61073128139: 25 -85
75484162752: 55 -55
148997885746: 39 -71
31331350135108: 45 -65
31331350135252: 40 -70
82795547636: 22 -88
93541518640: 31 -79
164729952490: 33 -77
31331350132848: 51 -59
152088853522: 64 -46
31601194165454: 65 -45
70465911891574: 58 -52
104046342248: 54 -56
61073128139: 25 -85
75484162752: 55 -55
148997885746: 39 -71
31331350135108: 45 -65
31331350135252: 40 -70
82795547636: 22 -88
93541518640: 31 -79
164729952490: 33 -77
31331350132848: 51 -59
152088853522: 60 -50
31601194165454: 65 -45
70465911891574: 58 -52
104046342248: 54 -56
61073128139: 25 -85
75484162752: 55 -55
148997885746: 39 -71
31331350135108: 45 -65
31331350135252: 40 -70
82795547636: 22 -88
93541518640: 31 -79
164729952490: 33 -77
31331350132848: 51 -59
152088853522: 69 -41
31601194165454: 65 -45
70465911891574: 58 -52
104046342248: 54 -56
61073128139: 25 -85
75484162752: 55 -55
148997885746: 39 -71
31331350135108: 45 -65
31331350135252: 40 -70
82795547636: 22 -88
93541518640: 31 -79
164729952490: 33 -77
31331350132848: 51 -59
152088853522: 70 -39
31601194165454: 65 -45
70465911891574: 58 -52
104046342248: 54 -56
61073128139: 25 -85
75484162752: 55 -55
148997885746: 39 -71
31331350135108: 45 -65
31331350135252: 40 -70
82795547636: 22 -88
93541518640: 31 -79
164729952490: 33 -77
31331350132848: 51 -59
152088853522: 65 -45
31601194165454: 65 -45
70465911891574: 58 -52
104046342248: 54 -56
61073128139: 25 -85
75484162752: 55 -55
148997885746: 39 -71
31331350135108: 45 -65
31331350135252: 40 -70
82795547636: 22 -88
93541518640: 31 -79
164729952490: 33 -77
31331350132848: 51 -59
152088853522: 64 -46
31601194165454: 65 -45
70465911891574: 58 -52
104046342248: 54 -56
61073128139: 25 -85
75484162752: 55 -55
148997885746: 39 -71
31331350135108: 45 -65
31331350135252: 40 -70
82795547636: 22 -88
93541518640: 31 -79
164729952490: 33 -77
31331350132848: 51 -59
152088853522: 63 -47
31601194165454: 65 -45
70465911891574: 58 -52
104046342248: 54 -56
61073128139: 25 -85
75484162752: 55 -55
148997885746: 39 -71
31331350135108: 45 -65
31331350135252: 40 -70
82795547636: 22 -88
93541518640: 31 -79
164729952490: 33 -77
31331350132848: 51 -59
152088853522: 64 -46
31601194165454: 65 -45
70465911891574: 58 -52
104046342248: 54 -56
61073128139: 25 -85
75484162752: 55 -55
148997885746: 39 -71
31331350135108: 45 -65
31331350135252: 40 -70
82795547636: 22 -88
93541518640: 31 -79
164729952490: 33 -77
31331350132848: 51 -59
152088853522: 65 -45
31601194165454: 70 -37
70465911891574: 56 -54
104046342248: 52 -58
61073128139: 64 -46
75484162752: 60 -50
148997885746: 44 -66
31331350135108: 31 -79
31331350135252: 40 -70
82795547636: 22 -88
93541518640: 31 -79
164729952490: 33 -77
31331350132848: 51 -59
27279809849: 21 -89
152088853522: 63 -47
31601194165454: 70 -37
70465911891574: 56 -54
104046342248: 52 -58
61073128139: 64 -46
75484162752: 60 -50
148997885746: 44 -66
31331350135108: 31 -79
31331350135252: 40 -70
82795547636: 22 -88
93541518640: 31 -79
164729952490: 33 -77
31331350132848: 51 -59
27279809849: 21 -89
152088853522: 68 -42
31601194165454: 70 -37
70465911891574: 56 -54
104046342248: 52 -58
61073128139: 64 -46
75484162752: 60 -50
148997885746: 44 -66
31331350135108: 31 -79
31331350135252: 40 -70
82795547636: 22 -88
93541518640: 31 -79
164729952490: 33 -77
31331350132848: 51 -59
27279809849: 21 -89
152088853522: 67 -43
31601194165454: 70 -37
70465911891574: 56 -54
104046342248: 52 -58
61073128139: 64 -46
75484162752: 60 -50
148997885746: 44 -66
31331350135108: 31 -79
31331350135252: 40 -70
82795547636: 22 -88
93541518640: 31 -79
164729952490: 33 -77
31331350132848: 51 -59
27279809849: 21 -89
152088853522: 68 -42
31601194165454: 70 -37
70465911891574: 56 -54
104046342248: 52 -58
61073128139: 64 -46
75484162752: 60 -50
148997885746: 44 -66
31331350135108: 31 -79
31331350135252: 40 -70
82795547636: 22 -88
93541518640: 31 -79
164729952490: 33 -77
31331350132848: 51 -59
27279809849: 21 -89
152088853522: 65 -45
31601194165454: 70 -37
70465911891574: 56 -54
104046342248: 52 -58
61073128139: 64 -46
75484162752: 60 -50
148997885746: 44 -66
31331350135108: 31 -79
31331350135252: 40 -70
82795547636: 22 -88
93541518640: 31 -79
164729952490: 33 -77
31331350132848: 51 -59
27279809849: 21 -89
152088853522: 66 -44
31601194165454: 70 -37
70465911891574: 56 -54
104046342248: 52 -58
61073128139: 64 -46
75484162752: 60 -50
148997885746: 44 -66
31331350135108: 31 -79
31331350135252: 40 -70
82795547636: 22 -88
93541518640: 31 -79
164729952490: 33 -77
31331350132848: 51 -59
27279809849: 21 -89
152088853522: 63 -47
31601194165454: 70 -37
70465911891574: 56 -54
104046342248: 52 -58
61073128139: 64 -46
75484162752: 60 -50
148997885746: 44 -66
31331350135108: 31 -79
31331350135252: 40 -70
82795547636: 22 -88
93541518640: 31 -79
164729952490: 33 -77
31331350132848: 51 -59
27279809849: 21 -89
152088853522: 69 -41
31601194165454: 70 -37
70465911891574: 56 -54
104046342248: 52 -58
61073128139: 64 -46
75484162752: 60 -50
148997885746: 44 -66
31331350135108: 31 -79
31331350135252: 40 -70
82795547636: 22 -88
93541518640: 31 -79
164729952490: 33 -77
31331350132848: 51 -59
27279809849: 21 -89
152088853522: 66 -44
31601194165454: 65 -45
70465911891574: 55 -55
104046342248: 59 -51
61073128139: 60 -50
75484162752: 58 -52
148997885746: 39 -71
31331350135108: 49 -61
31331350135252: 40 -70
82795547636: 20 -90
93541518640: 35 -75
164729952490: 33 -77
31331350132848: 48 -62
27279809849: 21 -89
152088853522: 63 -47
31601194165454: 65 -45
70465911891574: 55 -55
104046342248: 59 -51
61073128139: 60 -50
75484162752: 58 -52
148997885746: 39 -71
31331350135108: 49 -61
31331350135252: 40 -70
82795547636: 20 -90
93541518640: 35 -75
164729952490: 33 -77
31331350132848: 48 -62
27279809849: 21 -89
152088853522: 66 -44
31601194165454: 65 -45
70465911891574: 55 -55
104046342248: 59 -51
61073128139: 60 -50
75484162752: 58 -52
148997885746: 39 -71
31331350135108: 49 -61
31331350135252: 40 -70
82795547636: 20 -90
93541518640: 35 -75
164729952490: 33 -77
31331350132848: 48 -62
27279809849: 21 -89
152088853522: 68 -42
31601194165454: 65 -45
70465911891574: 55 -55
104046342248: 59 -51
61073128139: 60 -50
75484162752: 58 -52
148997885746: 39 -71
31331350135108: 49 -61
31331350135252: 40 -70
82795547636: 20 -90
93541518640: 35 -75
31331350132848: 48 -62
27279809849: 21 -89
152088853522: 70 -40
31601194165454: 65 -45
70465911891574: 55 -55
104046342248: 59 -51
61073128139: 60 -50
75484162752: 58 -52
148997885746: 39 -71
31331350135108: 49 -61
31331350135252: 40 -70
82795547636: 20 -90
93541518640: 35 -75
31331350132848: 48 -62
27279809849: 21 -89
152088853522: 63 -47
31601194165454: 65 -45
70465911891574: 55 -55
104046342248: 59 -51
61073128139: 60 -50
75484162752: 58 -52
148997885746: 39 -71
31331350135108: 49 -61
31331350135252: 40 -70
82795547636: 20 -90
93541518640: 35 -75
31331350132848: 48 -62
27279809849: 21 -89
152088853522: 70 -39
31601194165454: 65 -45
70465911891574: 55 -55
104046342248: 59 -51
61073128139: 60 -50
75484162752: 58 -52
148997885746: 39 -71
31331350135108: 49 -61
31331350135252: 40 -70
82795547636: 20 -90
93541518640: 35 -75
31331350132848: 48 -62
27279809849: 21 -89
152088853522: 70 -39
31601194165454: 65 -45
70465911891574: 55 -55
104046342248: 59 -51
61073128139: 60 -50
75484162752: 58 -52
148997885746: 39 -71
31331350135108: 49 -61
31331350135252: 40 -70
82795547636: 20 -90
93541518640: 35 -75
31331350132848: 48 -62
27279809849: 21 -89
152088853522: 66 -44
31601194165454: 65 -45
70465911891574: 55 -55
104046342248: 59 -51
61073128139: 60 -50
75484162752: 58 -52
148997885746: 39 -71
31331350135108: 49 -61
31331350135252: 40 -70
82795547636: 20 -90
93541518640: 35 -75
31331350132848: 48 -62
27279809849: 21 -89
152088853522: 63 -47
31601194165454: 63 -47
70465911891574: 58 -52
104046342248: 53 -57
61073128139: 65 -45
75484162752: 59 -51
148997885746: 43 -67
31331350135108: 50 -60
31331350135252: 40 -70
82795547636: 20 -90
93541518640: 35 -75
31331350132848: 48 -62
27279809849: 21 -89
164729952490: 38 -72
152088853522: 63 -47
31601194165454: 63 -47
70465911891574: 58 -52
104046342248: 53 -57
61073128139: 65 -45
75484162752: 59 -51
148997885746: 43 -67
31331350135108: 50 -60
31331350135252: 40 -70
82795547636: 20 -90
93541518640: 35 -75
31331350132848: 48 -62
27279809849: 21 -89
164729952490: 38 -72
152088853522: 69 -41
31601194165454: 63 -47
70465911891574: 58 -52
104046342248: 53 -57
61073128139: 65 -45
75484162752: 59 -51
148997885746: 43 -67
31331350135108: 50 -60
31331350135252: 40 -70
82795547636: 20 -90
93541518640: 35 -75
31331350132848: 48 -62
27279809849: 21 -89
164729952490: 38 -72
152088853522: 66 -44
31601194165454: 63 -47
70465911891574: 58 -52
104046342248: 53 -57
61073128139: 65 -45
75484162752: 59 -51
148997885746: 43 -67
31331350135108: 50 -60
31331350135252: 40 -70
82795547636: 20 -90
93541518640: 35 -75
31331350132848: 48 -62
27279809849: 21 -89
164729952490: 38 -72
152088853522: 66 -44
31601194165454: 63 -47
70465911891574: 58 -52
104046342248: 53 -57
61073128139: 65 -45
75484162752: 59 -51
148997885746: 43 -67
31331350135108: 50 -60
31331350135252: 40 -70
82795547636: 20 -90
93541518640: 35 -75
31331350132848: 48 -62
27279809849: 21 -89
164729952490: 38 -72
152088853522: 68 -42
31601194165454: 63 -47
70465911891574: 58 -52
104046342248: 53 -57
61073128139: 65 -45
75484162752: 59 -51
148997885746: 43 -67
31331350135108: 50 -60
31331350135252: 40 -70
82795547636: 20 -90
93541518640: 35 -75
31331350132848: 48 -62
27279809849: 21 -89
164729952490: 38 -72
152088853522: 64 -46
31601194165454: 63 -47
70465911891574: 58 -52
104046342248: 53 -57
61073128139: 65 -45
75484162752: 59 -51
148997885746: 43 -67
31331350135108: 50 -60
31331350135252: 40 -70
82795547636: 20 -90
93541518640: 35 -75
31331350132848: 48 -62
27279809849: 21 -89
164729952490: 38 -72
152088853522: 67 -43
31601194165454: 63 -47
70465911891574: 58 -52
104046342248: 53 -57
61073128139: 65 -45
75484162752: 59 -51
148997885746: 43 -67
31331350135108: 50 -60
31331350135252: 40 -70
82795547636: 20 -90
93541518640: 35 -75
31331350132848: 48 -62
27279809849: 21 -89
164729952490: 38 -72
152088853522: 67 -43
31601194165454: 63 -47
70465911891574: 58 -52
104046342248: 53 -57
61073128139: 65 -45
75484162752: 59 -51
148997885746: 43 -67
31331350135108: 50 -60
31331350135252: 40 -70
82795547636: 20 -90
93541518640: 35 -75
31331350132848: 48 -62
27279809849: 21 -89
164729952490: 38 -72
152088853522: 69 -41
31601194165454: 23 -87
70465911891574: 50 -60
104046342248: 62 -48
61073128139: 63 -47
75484162752: 64 -46
148997885746: 39 -71
31331350135108: 29 -81
31331350135252: 40 -70
82795547636: 21 -89
93541518640: 35 -75
31331350132848: 55 -55
27279809849: 20 -90
164729952490: 37 -73
152088853522: 70 -38
31601194165454: 23 -87
70465911891574: 50 -60
104046342248: 62 -48
61073128139: 63 -47
75484162752: 64 -46
148997885746: 39 -71
31331350135108: 29 -81
31331350135252: 40 -70
82795547636: 21 -89
93541518640: 35 -75
31331350132848: 55 -55
27279809849: 20 -90
164729952490: 37 -73
152088853522: 70 -37
31601194165454: 23 -87
70465911891574: 50 -60
104046342248: 62 -48
61073128139: 63 -47
75484162752: 64 -46
148997885746: 39 -71
31331350135108: 29 -81
82795547636: 21 -89
93541518640: 35 -75
31331350132848: 55 -55
27279809849: 20 -90
164729952490: 37 -73
152088853522: 66 -44
31601194165454: 23 -87
70465911891574: 50 -60
104046342248: 62 -48
61073128139: 63 -47
75484162752: 64 -46
148997885746: 39 -71
31331350135108: 29 -81
82795547636: 21 -89
93541518640: 35 -75
31331350132848: 55 -55
27279809849: 20 -90
164729952490: 37 -73
152088853522: 70 -39
31601194165454: 23 -87
70465911891574: 50 -60
104046342248: 62 -48
61073128139: 63 -47
75484162752: 64 -46
148997885746: 39 -71
31331350135108: 29 -81
82795547636: 21 -89
93541518640: 35 -75
31331350132848: 55 -55
27279809849: 20 -90
164729952490: 37 -73
152088853522: 70 -39
31601194165454: 23 -87
70465911891574: 50 -60
104046342248: 62 -48
61073128139: 63 -47
75484162752: 64 -46
148997885746: 39 -71
31331350135108: 29 -81
82795547636: 21 -89
93541518640: 35 -75
31331350132848: 55 -55
27279809849: 20 -90
164729952490: 37 -73
152088853522: 70 -33
31601194165454: 23 -87
70465911891574: 50 -60
104046342248: 62 -48
61073128139: 63 -47
75484162752: 64 -46
148997885746: 39 -71
31331350135108: 29 -81
82795547636: 21 -89
93541518640: 35 -75
31331350132848: 55 -55
27279809849: 20 -90
164729952490: 37 -73
152088853522: 70 -33
31601194165454: 23 -87
70465911891574: 50 -60
104046342248: 62 -48
61073128139: 63 -47
75484162752: 64 -46
148997885746: 39 -71
31331350135108: 29 -81
82795547636: 21 -89
93541518640: 35 -75
31331350132848: 55 -55
27279809849: 20 -90
164729952490: 37 -73
152088853522: 70 -40
31601194165454: 23 -87
70465911891574: 50 -60
104046342248: 62 -48
61073128139: 63 -47
75484162752: 64 -46
148997885746: 39 -71
31331350135108: 29 -81
82795547636: 21 -89
93541518640: 35 -75
31331350132848: 55 -55
27279809849: 20 -90
164729952490: 37 -73
152088853522: 63 -47
31601194165454: 70 -39
70465911891574: 20 -90
104046342248: 54 -56
61073128139: 30 -80
75484162752: 67 -43
148997885746: 46 -64
31331350135108: 40 -70
82795547636: 21 -89
93541518640: 35 -75
31331350132848: 46 -64
27279809849: 20 -90
164729952490: 37 -73
152088853522: 62 -48
31601194165454: 70 -39
70465911891574: 20 -90
104046342248: 54 -56
61073128139: 30 -80
75484162752: 67 -43
148997885746: 46 -64
31331350135108: 40 -70
82795547636: 21 -89
93541518640: 35 -75
31331350132848: 46 -64
27279809849: 20 -90
164729952490: 37 -73
152088853522: 69 -41
31601194165454: 70 -39
70465911891574: 20 -90
104046342248: 54 -56
61073128139: 30 -80
75484162752: 67 -43
148997885746: 46 -64
31331350135108: 40 -70
82795547636: 21 -89
93541518640: 35 -75
31331350132848: 46 -64
27279809849: 20 -90
164729952490: 37 -73
152088853522: 70 -38
31601194165454: 70 -39
70465911891574: 20 -90
104046342248: 54 -56
61073128139: 30 -80
75484162752: 67 -43
148997885746: 46 -64
31331350135108: 40 -70
82795547636: 21 -89
93541518640: 35 -75
31331350132848: 46 -64
27279809849: 20 -90
164729952490: 37 -73
152088853522: 70 -39
31601194165454: 70 -39
70465911891574: 20 -90
104046342248: 54 -56
61073128139: 30 -80
75484162752: 67 -43
148997885746: 46 -64
31331350135108: 40 -70
82795547636: 21 -89
93541518640: 35 -75
31331350132848: 46 -64
27279809849: 20 -90
164729952490: 37 -73
152088853522: 70 -39
31601194165454: 70 -39
70465911891574: 20 -90
104046342248: 54 -56
61073128139: 30 -80
75484162752: 67 -43
148997885746: 46 -64
31331350135108: 40 -70
82795547636: 21 -89
93541518640: 35 -75
31331350132848: 46 -64
27279809849: 20 -90
164729952490: 37 -73
152088853522: 69 -41
31601194165454: 70 -39
70465911891574: 20 -90
104046342248: 54 -56
61073128139: 30 -80
75484162752: 67 -43
148997885746: 46 -64
31331350135108: 40 -70
82795547636: 21 -89
93541518640: 35 -75
31331350132848: 46 -64
27279809849: 20 -90
164729952490: 37 -73
152088853522: 66 -44
31601194165454: 70 -39
70465911891574: 20 -90
104046342248: 54 -56
61073128139: 30 -80
75484162752: 67 -43
148997885746: 46 -64
31331350135108: 40 -70
82795547636: 21 -89
93541518640: 35 -75
31331350132848: 46 -64
27279809849: 20 -90
164729952490: 37 -73
152088853522: 68 -42
31601194165454: 70 -39
70465911891574: 20 -90
104046342248: 54 -56
61073128139: 30 -80
75484162752: 67 -43
148997885746: 46 -64
31331350135108: 40 -70
82795547636: 21 -89
93541518640: 35 -75
31331350132848: 46 -64
27279809849: 20 -90
164729952490: 37 -73
152088853522: 67 -43
31601194165454: 61 -49
70465911891574: 56 -54
104046342248: 54 -56
61073128139: 62 -48
75484162752: 64 -46
148997885746: 45 -65
31331350135108: 45 -65
82795547636: 23 -87
93541518640: 35 -75
31331350132848: 49 -61
27279809849: 20 -90
164729952490: 38 -72
152088853522: 70 -40
31601194165454: 61 -49
70465911891574: 56 -54
104046342248: 54 -56
61073128139: 62 -48
75484162752: 64 -46
148997885746: 45 -65
31331350135108: 45 -65
82795547636: 23 -87
93541518640: 35 -75
31331350132848: 49 -61
27279809849: 20 -90
164729952490: 38 -72
152088853522: 67 -43
31601194165454: 61 -49
70465911891574: 56 -54
104046342248: 54 -56
61073128139: 62 -48
75484162752: 64 -46
148997885746: 45 -65
31331350135108: 45 -65
82795547636: 23 -87
31331350132848: 49 -61
27279809849: 20 -90
164729952490: 38 -72
152088853522: 69 -41
31601194165454: 61 -49
70465911891574: 56 -54
104046342248: 54 -56
61073128139: 62 -48
75484162752: 64 -46
148997885746: 45 -65
31331350135108: 45 -65
82795547636: 23 -87
31331350132848: 49 -61
27279809849: 20 -90
164729952490: 38 -72
152088853522: 67 -43
31601194165454: 61 -49
70465911891574: 56 -54
104046342248: 54 -56
61073128139: 62 -48
75484162752: 64 -46
148997885746: 45 -65
31331350135108: 45 -65
82795547636: 23 -87
31331350132848: 49 -61
27279809849: 20 -90
164729952490: 38 -72
152088853522: 67 -43
31601194165454: 61 -49
70465911891574: 56 -54
104046342248: 54 -56
61073128139: 62 -48
75484162752: 64 -46
148997885746: 45 -65
31331350135108: 45 -65
82795547636: 23 -87
31331350132848: 49 -61
27279809849: 20 -90
164729952490: 38 -72
152088853522: 69 -41
31601194165454: 61 -49
70465911891574: 56 -54
104046342248: 54 -56
61073128139: 62 -48
75484162752: 64 -46
148997885746: 45 -65
31331350135108: 45 -65
82795547636: 23 -87
31331350132848: 49 -61
27279809849: 20 -90
164729952490: 38 -72
152088853522: 66 -44
31601194165454: 61 -49
70465911891574: 56 -54
104046342248: 54 -56
61073128139: 62 -48
75484162752: 64 -46
148997885746: 45 -65
31331350135108: 45 -65
82795547636: 23 -87
31331350132848: 49 -61
27279809849: 20 -90
164729952490: 38 -72
152088853522: 67 -43
31601194165454: 61 -49
70465911891574: 56 -54
104046342248: 54 -56
61073128139: 62 -48
75484162752: 64 -46
148997885746: 45 -65
31331350135108: 45 -65
82795547636: 23 -87
31331350132848: 49 -61
27279809849: 20 -90
164729952490: 38 -72
152088853522: 67 -43
31601194165454: 23 -87
70465911891574: 53 -57
104046342248: 54 -56
61073128139: 70 -39
75484162752: 65 -45
148997885746: 40 -70
31331350135108: 40 -70
82795547636: 23 -87
31331350132848: 50 -60
27279809849: 20 -90
164729952490: 36 -74
93541518640: 34 -76
31331350135252: 42 -68
