152088853522: 67 -43
31601194165454: 22 -88
70465911891574: 23 -87
104046342248: 57 -53
61073128139: 55 -55
75484162752: 60 -50
148997885746: 38 -72
31331350135108: 53 -57
31331350135252: 37 -73
31331350132848: 19 -91
164729952490: 39 -71
82795547636: 20 -90
93541518640: 31 -79
21777614035: 24 -86
6618847380691: 23 -87
152088853522: 68 -42
31601194165454: 22 -88
70465911891574: 23 -87
104046342248: 57 -53
61073128139: 55 -55
75484162752: 60 -50
148997885746: 38 -72
31331350135108: 53 -57
31331350135252: 37 -73
31331350132848: 19 -91
164729952490: 39 -71
82795547636: 20 -90
93541518640: 31 -79
21777614035: 24 -86
6618847380691: 23 -87
152088853522: 69 -41
31601194165454: 22 -88
70465911891574: 23 -87
104046342248: 57 -53
61073128139: 55 -55
75484162752: 60 -50
148997885746: 38 -72
31331350135108: 53 -57
31331350135252: 37 -73
31331350132848: 19 -91
164729952490: 39 -71
82795547636: 20 -90
93541518640: 31 -79
21777614035: 24 -86
6618847380691: 23 -87
152088853522: 70 -39
31601194165454: 22 -88
70465911891574: 23 -87
104046342248: 57 -53
61073128139: 55 -55
75484162752: 60 -50
148997885746: 38 -72
31331350135108: 53 -57
31331350135252: 37 -73
31331350132848: 19 -91
164729952490: 39 -71
82795547636: 20 -90
93541518640: 31 -79
21777614035: 24 -86
6618847380691: 23 -87
152088853522: 62 -48
31601194165454: 22 -88
70465911891574: 23 -87
104046342248: 57 -53
61073128139: 55 -55
75484162752: 60 -50
148997885746: 38 -72
31331350135108: 53 -57
31331350135252: 37 -73
31331350132848: 19 -91
164729952490: 39 -71
82795547636: 20 -90
93541518640: 31 -79
21777614035: 24 -86
6618847380691: 23 -87
152088853522: 70 -40
31601194165454: 22 -88
70465911891574: 23 -87
104046342248: 57 -53
61073128139: 55 -55
75484162752: 60 -50
148997885746: 38 -72
31331350135108: 53 -57
31331350135252: 37 -73
31331350132848: 19 -91
164729952490: 39 -71
82795547636: 20 -90
93541518640: 31 -79
21777614035: 24 -86
6618847380691: 23 -87
152088853522: 68 -42
31601194165454: 22 -88
70465911891574: 23 -87
104046342248: 57 -53
61073128139: 55 -55
75484162752: 60 -50
148997885746: 38 -72
31331350135108: 53 -57
31331350135252: 37 -73
31331350132848: 19 -91
164729952490: 39 -71
82795547636: 20 -90
21777614035: 24 -86
6618847380691: 23 -87
152088853522: 63 -47
31601194165454: 22 -88
70465911891574: 23 -87
104046342248: 57 -53
61073128139: 55 -55
75484162752: 60 -50
148997885746: 38 -72
31331350135108: 53 -57
31331350135252: 37 -73
31331350132848: 19 -91
82795547636: 20 -90
21777614035: 24 -86
6618847380691: 23 -87
152088853522: 63 -47
31601194165454: 22 -88
70465911891574: 23 -87
104046342248: 57 -53
61073128139: 55 -55
75484162752: 60 -50
148997885746: 38 -72
31331350135108: 53 -57
31331350135252: 37 -73
31331350132848: 19 -91
82795547636: 20 -90
21777614035: 24 -86
6618847380691: 23 -87
152088853522: 63 -47
31601194165454: 55 -55
70465911891574: 57 -53
104046342248: 51 -59
61073128139: 21 -89
75484162752: 57 -53
148997885746: 46 -64
31331350135108: 54 -56
31331350135252: 37 -73
31331350132848: 47 -63
82795547636: 21 -89
21777614035: 24 -86
6618847380691: 23 -87
152088853522: 66 -44
31601194165454: 55 -55
70465911891574: 57 -53
104046342248: 51 -59
61073128139: 21 -89
75484162752: 57 -53
148997885746: 46 -64
31331350135108: 54 -56
31331350135252: 37 -73
31331350132848: 47 -63
82795547636: 21 -89
21777614035: 24 -86
6618847380691: 23 -87
152088853522: 65 -45
31601194165454: 55 -55
70465911891574: 57 -53
104046342248: 51 -59
61073128139: 21 -89
75484162752: 57 -53
148997885746: 46 -64
31331350135108: 54 -56
31331350135252: 37 -73
31331350132848: 47 -63
82795547636: 21 -89
21777614035: 24 -86
6618847380691: 23 -87
152088853522: 66 -44
31601194165454: 55 -55
70465911891574: 57 -53
104046342248: 51 -59
61073128139: 21 -89
75484162752: 57 -53
148997885746: 46 -64
31331350135108: 54 -56
31331350135252: 37 -73
31331350132848: 47 -63
82795547636: 21 -89
21777614035: 24 -86
6618847380691: 23 -87
152088853522: 70 -40
31601194165454: 55 -55
70465911891574: 57 -53
104046342248: 51 -59
61073128139: 21 -89
75484162752: 57 -53
148997885746: 46 -64
31331350135108: 54 -56
31331350135252: 37 -73
31331350132848: 47 -63
82795547636: 21 -89
21777614035: 24 -86
6618847380691: 23 -87
152088853522: 70 -40
31601194165454: 55 -55
70465911891574: 57 -53
104046342248: 51 -59
61073128139: 21 -89
75484162752: 57 -53
148997885746: 46 -64
31331350135108: 54 -56
31331350135252: 37 -73
31331350132848: 47 -63
82795547636: 21 -89
21777614035: 24 -86
6618847380691: 23 -87
152088853522: 65 -45
31601194165454: 55 -55
70465911891574: 57 -53
104046342248: 51 -59
61073128139: 21 -89
75484162752: 57 -53
148997885746: 46 -64
31331350135108: 54 -56
31331350135252: 37 -73
31331350132848: 47 -63
82795547636: 21 -89
21777614035: 24 -86
6618847380691: 23 -87
152088853522: 64 -46
31601194165454: 55 -55
70465911891574: 57 -53
104046342248: 51 -59
61073128139: 21 -89
75484162752: 57 -53
148997885746: 46 -64
31331350135108: 54 -56
31331350135252: 37 -73
31331350132848: 47 -63
82795547636: 21 -89
21777614035: 24 -86
6618847380691: 23 -87
152088853522: 66 -44
31601194165454: 55 -55
70465911891574: 57 -53
104046342248: 51 -59
61073128139: 21 -89
75484162752: 57 -53
148997885746: 46 -64
31331350135108: 54 -56
31331350135252: 37 -73
31331350132848: 47 -63
82795547636: 21 -89
21777614035: 24 -86
6618847380691: 23 -87
152088853522: 70 -40
31601194165454: 61 -49
70465911891574: 54 -56
104046342248: 48 -62
61073128139: 62 -48
75484162752: 67 -43
148997885746: 34 -76
31331350135108: 49 -61
31331350135252: 39 -71
31331350132848: 43 -67
82795547636: 20 -90
21777614035: 24 -86
6618847380691: 23 -87
152088853522: 67 -43
31601194165454: 61 -49
70465911891574: 54 -56
104046342248: 48 -62
61073128139: 62 -48
75484162752: 67 -43
148997885746: 34 -76
31331350135108: 49 -61
31331350135252: 39 -71
31331350132848: 43 -67
82795547636: 20 -90
21777614035: 24 -86
6618847380691: 23 -87
152088853522: 67 -43
31601194165454: 61 -49
70465911891574: 54 -56
104046342248: 48 -62
61073128139: 62 -48
75484162752: 67 -43
148997885746: 34 -76
31331350135108: 49 -61
31331350135252: 39 -71
31331350132848: 43 -67
82795547636: 20 -90
21777614035: 24 -86
6618847380691: 23 -87
152088853522: 68 -42
31601194165454: 61 -49
70465911891574: 54 -56
104046342248: 48 -62
61073128139: 62 -48
75484162752: 67 -43
148997885746: 34 -76
31331350135108: 49 -61
31331350135252: 39 -71
31331350132848: 43 -67
82795547636: 20 -90
21777614035: 24 -86
6618847380691: 23 -87
152088853522: 68 -42
31601194165454: 61 -49
70465911891574: 54 -56
104046342248: 48 -62
61073128139: 62 -48
75484162752: 67 -43
148997885746: 34 -76
31331350135108: 49 -61
31331350135252: 39 -71
31331350132848: 43 -67
82795547636: 20 -90
21777614035: 24 -86
6618847380691: 23 -87
152088853522: 68 -42
31601194165454: 61 -49
70465911891574: 54 -56
104046342248: 48 -62
61073128139: 62 -48
75484162752: 67 -43
148997885746: 34 -76
31331350135108: 49 -61
31331350135252: 39 -71
31331350132848: 43 -67
82795547636: 20 -90
21777614035: 24 -86
6618847380691: 23 -87
152088853522: 68 -42
31601194165454: 61 -49
70465911891574: 54 -56
104046342248: 48 -62
61073128139: 62 -48
75484162752: 67 -43
148997885746: 34 -76
31331350135108: 49 -61
31331350135252: 39 -71
31331350132848: 43 -67
82795547636: 20 -90
21777614035: 24 -86
6618847380691: 23 -87
152088853522: 67 -43
31601194165454: 61 -49
70465911891574: 54 -56
104046342248: 48 -62
61073128139: 62 -48
75484162752: 67 -43
148997885746: 34 -76
31331350135108: 49 -61
31331350135252: 39 -71
31331350132848: 43 -67
82795547636: 20 -90
21777614035: 24 -86
6618847380691: 23 -87
152088853522: 68 -42
31601194165454: 61 -49
70465911891574: 54 -56
104046342248: 48 -62
61073128139: 62 -48
75484162752: 67 -43
148997885746: 34 -76
31331350135108: 49 -61
31331350135252: 39 -71
31331350132848: 43 -67
82795547636: 20 -90
21777614035: 24 -86
6618847380691: 23 -87
152088853522: 61 -49
31601194165454: 60 -50
70465911891574: 22 -88
104046342248: 48 -62
61073128139: 58 -52
75484162752: 66 -44
148997885746: 42 -68
31331350135108: 45 -65
31331350135252: 29 -81
31331350132848: 44 -66
82795547636: 22 -88
21777614035: 24 -86
6618847380691: 23 -87
93541518640: 27 -83
164729952490: 35 -75
152088853522: 59 -51
31601194165454: 60 -50
70465911891574: 22 -88
104046342248: 48 -62
61073128139: 58 -52
75484162752: 66 -44
148997885746: 42 -68
31331350135108: 45 -65
31331350135252: 29 -81
31331350132848: 44 -66
82795547636: 22 -88
21777614035: 24 -86
6618847380691: 23 -87
93541518640: 27 -83
164729952490: 35 -75
152088853522: 62 -48
31601194165454: 60 -50
70465911891574: 22 -88
104046342248: 48 -62
61073128139: 58 -52
75484162752: 66 -44
148997885746: 42 -68
31331350135108: 45 -65
31331350135252: 29 -81
31331350132848: 44 -66
82795547636: 22 -88
21777614035: 24 -86
6618847380691: 23 -87
93541518640: 27 -83
164729952490: 35 -75
152088853522: 68 -42
31601194165454: 60 -50
70465911891574: 22 -88
104046342248: 48 -62
61073128139: 58 -52
75484162752: 66 -44
148997885746: 42 -68
31331350135108: 45 -65
31331350135252: 29 -81
31331350132848: 44 -66
82795547636: 22 -88
21777614035: 24 -86
6618847380691: 23 -87
93541518640: 27 -83
164729952490: 35 -75
152088853522: 68 -42
31601194165454: 60 -50
70465911891574: 22 -88
104046342248: 48 -62
61073128139: 58 -52
75484162752: 66 -44
148997885746: 42 -68
31331350135108: 45 -65
31331350135252: 29 -81
31331350132848: 44 -66
82795547636: 22 -88
21777614035: 24 -86
6618847380691: 23 -87
93541518640: 27 -83
164729952490: 35 -75
152088853522: 68 -42
31601194165454: 60 -50
70465911891574: 22 -88
104046342248: 48 -62
61073128139: 58 -52
75484162752: 66 -44
148997885746: 42 -68
31331350135108: 45 -65
31331350135252: 29 -81
31331350132848: 44 -66
82795547636: 22 -88
21777614035: 24 -86
6618847380691: 23 -87
93541518640: 27 -83
164729952490: 35 -75
152088853522: 65 -45
31601194165454: 60 -50
70465911891574: 22 -88
104046342248: 48 -62
61073128139: 58 -52
75484162752: 66 -44
148997885746: 42 -68
31331350135108: 45 -65
31331350135252: 29 -81
31331350132848: 44 -66
82795547636: 22 -88
21777614035: 24 -86
6618847380691: 23 -87
93541518640: 27 -83
164729952490: 35 -75
152088853522: 60 -50
31601194165454: 60 -50
70465911891574: 22 -88
104046342248: 48 -62
61073128139: 58 -52
75484162752: 66 -44
148997885746: 42 -68
31331350135108: 45 -65
31331350135252: 29 -81
31331350132848: 44 -66
82795547636: 22 -88
21777614035: 24 -86
6618847380691: 23 -87
93541518640: 27 -83
164729952490: 35 -75
152088853522: 62 -48
31601194165454: 60 -50
70465911891574: 22 -88
104046342248: 48 -62
61073128139: 58 -52
75484162752: 66 -44
148997885746: 42 -68
31331350135108: 45 -65
31331350135252: 29 -81
31331350132848: 44 -66
82795547636: 22 -88
21777614035: 24 -86
6618847380691: 23 -87
93541518640: 27 -83
164729952490: 35 -75
152088853522: 66 -44
31601194165454: 52 -58
70465911891574: 50 -60
104046342248: 49 -61
61073128139: 38 -72
75484162752: 64 -46
148997885746: 31 -79
31331350135108: 44 -66
31331350135252: 29 -81
31331350132848: 44 -66
82795547636: 22 -88
21777614035: 24 -86
6618847380691: 23 -87
93541518640: 27 -83
164729952490: 35 -75
152088853522: 68 -42
31601194165454: 52 -58
70465911891574: 50 -60
104046342248: 49 -61
61073128139: 38 -72
75484162752: 64 -46
148997885746: 31 -79
31331350135108: 44 -66
31331350135252: 29 -81
31331350132848: 44 -66
82795547636: 22 -88
21777614035: 24 -86
6618847380691: 23 -87
93541518640: 27 -83
164729952490: 35 -75
152088853522: 65 -45
31601194165454: 52 -58
70465911891574: 50 -60
104046342248: 49 -61
61073128139: 38 -72
75484162752: 64 -46
148997885746: 31 -79
31331350135108: 44 -66
31331350135252: 29 -81
31331350132848: 44 -66
82795547636: 22 -88
21777614035: 24 -86
6618847380691: 23 -87
93541518640: 27 -83
164729952490: 35 -75
152088853522: 70 -40
31601194165454: 52 -58
70465911891574: 50 -60
104046342248: 49 -61
61073128139: 38 -72
75484162752: 64 -46
148997885746: 31 -79
31331350135108: 44 -66
31331350135252: 29 -81
31331350132848: 44 -66
82795547636: 22 -88
93541518640: 27 -83
164729952490: 35 -75
152088853522: 66 -44
31601194165454: 52 -58
70465911891574: 50 -60
104046342248: 49 -61
61073128139: 38 -72
75484162752: 64 -46
148997885746: 31 -79
31331350135108: 44 -66
31331350135252: 29 -81
31331350132848: 44 -66
82795547636: 22 -88
93541518640: 27 -83
164729952490: 35 -75
152088853522: 66 -44
31601194165454: 52 -58
70465911891574: 50 -60
104046342248: 49 -61
61073128139: 38 -72
75484162752: 64 -46
148997885746: 31 -79
31331350135108: 44 -66
31331350135252: 29 -81
31331350132848: 44 -66
82795547636: 22 -88
93541518640: 27 -83
164729952490: 35 -75
152088853522: 68 -42
31601194165454: 52 -58
70465911891574: 50 -60
104046342248: 49 -61
61073128139: 38 -72
75484162752: 64 -46
148997885746: 31 -79
31331350135108: 44 -66
31331350135252: 29 -81
31331350132848: 44 -66
82795547636: 22 -88
93541518640: 27 -83
164729952490: 35 -75
152088853522: 69 -41
31601194165454: 52 -58
70465911891574: 50 -60
104046342248: 49 -61
61073128139: 38 -72
75484162752: 64 -46
148997885746: 31 -79
31331350135108: 44 -66
31331350135252: 29 -81
31331350132848: 44 -66
82795547636: 22 -88
93541518640: 27 -83
164729952490: 35 -75
152088853522: 65 -45
31601194165454: 52 -58
70465911891574: 50 -60
104046342248: 49 -61
61073128139: 38 -72
75484162752: 64 -46
148997885746: 31 -79
31331350135108: 44 -66
31331350135252: 29 -81
31331350132848: 44 -66
82795547636: 22 -88
93541518640: 27 -83
164729952490: 35 -75
152088853522: 63 -47
31601194165454: 58 -52
70465911891574: 63 -47
104046342248: 60 -50
61073128139: 57 -53
75484162752: 55 -55
148997885746: 33 -77
31331350135108: 45 -65
31331350135252: 36 -74
31331350132848: 46 -64
82795547636: 22 -88
93541518640: 34 -76
164729952490: 35 -75
152088853522: 60 -50
31601194165454: 58 -52
70465911891574: 63 -47
104046342248: 60 -50
61073128139: 57 -53
75484162752: 55 -55
148997885746: 33 -77
31331350135108: 45 -65
31331350135252: 36 -74
31331350132848: 46 -64
82795547636: 22 -88
93541518640: 34 -76
164729952490: 35 -75
152088853522: 70 -39
31601194165454: 58 -52
70465911891574: 63 -47
104046342248: 60 -50
61073128139: 57 -53
75484162752: 55 -55
148997885746: 33 -77
31331350135108: 45 -65
31331350135252: 36 -74
31331350132848: 46 -64
82795547636: 22 -88
93541518640: 34 -76
164729952490: 35 -75
152088853522: 67 -43
31601194165454: 58 -52
70465911891574: 63 -47
104046342248: 60 -50
61073128139: 57 -53
75484162752: 55 -55
148997885746: 33 -77
31331350135108: 45 -65
31331350135252: 36 -74
31331350132848: 46 -64
82795547636: 22 -88
93541518640: 34 -76
164729952490: 35 -75
152088853522: 70 -39
31601194165454: 58 -52
70465911891574: 63 -47
104046342248: 60 -50
61073128139: 57 -53
75484162752: 55 -55
148997885746: 33 -77
31331350135108: 45 -65
31331350135252: 36 -74
31331350132848: 46 -64
82795547636: 22 -88
93541518640: 34 -76
164729952490: 35 -75
152088853522: 66 -44
31601194165454: 58 -52
70465911891574: 63 -47
104046342248: 60 -50
61073128139: 57 -53
75484162752: 55 -55
148997885746: 33 -77
31331350135108: 45 -65
31331350135252: 36 -74
31331350132848: 46 -64
82795547636: 22 -88
93541518640: 34 -76
164729952490: 35 -75
152088853522: 68 -42
31601194165454: 58 -52
70465911891574: 63 -47
104046342248: 60 -50
61073128139: 57 -53
75484162752: 55 -55
148997885746: 33 -77
31331350135108: 45 -65
31331350135252: 36 -74
31331350132848: 46 -64
82795547636: 22 -88
93541518640: 34 -76
164729952490: 35 -75
152088853522: 66 -44
31601194165454: 58 -52
70465911891574: 63 -47
104046342248: 60 -50
61073128139: 57 -53
75484162752: 55 -55
148997885746: 33 -77
31331350135108: 45 -65
31331350135252: 36 -74
31331350132848: 46 -64
82795547636: 22 -88
93541518640: 34 -76
164729952490: 35 -75
152088853522: 65 -45
31601194165454: 58 -52
70465911891574: 63 -47
104046342248: 60 -50
61073128139: 57 -53
75484162752: 55 -55
148997885746: 33 -77
31331350135108: 45 -65
31331350135252: 36 -74
31331350132848: 46 -64
82795547636: 22 -88
93541518640: 34 -76
164729952490: 35 -75
152088853522: 66 -44
31601194165454: 58 -52
70465911891574: 56 -54
104046342248: 50 -60
61073128139: 26 -84
75484162752: 56 -54
148997885746: 30 -80
31331350135108: 43 -67
31331350135252: 36 -74
31331350132848: 55 -55
82795547636: 22 -88
93541518640: 34 -76
164729952490: 39 -71
152088853522: 66 -44
31601194165454: 58 -52
70465911891574: 56 -54
104046342248: 50 -60
61073128139: 26 -84
75484162752: 56 -54
148997885746: 30 -80
31331350135108: 43 -67
31331350135252: 36 -74
31331350132848: 55 -55
82795547636: 22 -88
93541518640: 34 -76
164729952490: 39 -71
152088853522: 66 -44
31601194165454: 58 -52
70465911891574: 56 -54
104046342248: 50 -60
61073128139: 26 -84
75484162752: 56 -54
148997885746: 30 -80
31331350135108: 43 -67
31331350135252: 36 -74
31331350132848: 55 -55
82795547636: 22 -88
93541518640: 34 -76
164729952490: 39 -71
152088853522: 70 -39
31601194165454: 58 -52
70465911891574: 56 -54
104046342248: 50 -60
61073128139: 26 -84
75484162752: 56 -54
148997885746: 30 -80
31331350135108: 43 -67
31331350135252: 36 -74
31331350132848: 55 -55
82795547636: 22 -88
93541518640: 34 -76
164729952490: 39 -71
152088853522: 68 -42
31601194165454: 58 -52
70465911891574: 56 -54
104046342248: 50 -60
61073128139: 26 -84
75484162752: 56 -54
148997885746: 30 -80
31331350135108: 43 -67
31331350135252: 36 -74
31331350132848: 55 -55
82795547636: 22 -88
93541518640: 34 -76
164729952490: 39 -71
152088853522: 69 -41
31601194165454: 58 -52
70465911891574: 56 -54
104046342248: 50 -60
61073128139: 26 -84
75484162752: 56 -54
148997885746: 30 -80
31331350135108: 43 -67
31331350135252: 36 -74
31331350132848: 55 -55
82795547636: 22 -88
93541518640: 34 -76
164729952490: 39 -71
152088853522: 65 -45
31601194165454: 58 -52
70465911891574: 56 -54
104046342248: 50 -60
61073128139: 26 -84
75484162752: 56 -54
148997885746: 30 -80
31331350135108: 43 -67
31331350135252: 36 -74
31331350132848: 55 -55
82795547636: 22 -88
93541518640: 34 -76
164729952490: 39 -71
152088853522: 70 -39
31601194165454: 58 -52
70465911891574: 56 -54
104046342248: 50 -60
61073128139: 26 -84
75484162752: 56 -54
148997885746: 30 -80
31331350135108: 43 -67
31331350135252: 36 -74
31331350132848: 55 -55
82795547636: 22 -88
93541518640: 34 -76
164729952490: 39 -71
152088853522: 70 -39
31601194165454: 58 -52
70465911891574: 56 -54
104046342248: 50 -60
61073128139: 26 -84
75484162752: 56 -54
148997885746: 30 -80
31331350135108: 43 -67
31331350135252: 36 -74
31331350132848: 55 -55
82795547636: 22 -88
93541518640: 34 -76
164729952490: 39 -71
152088853522: 67 -43
31601194165454: 57 -53
70465911891574: 23 -87
104046342248: 56 -54
61073128139: 21 -89
75484162752: 64 -46
148997885746: 39 -71
31331350135108: 34 -76
31331350135252: 36 -74
31331350132848: 51 -59
82795547636: 22 -88
93541518640: 34 -76
164729952490: 39 -71
152088853522: 66 -44
31601194165454: 57 -53
70465911891574: 23 -87
104046342248: 56 -54
61073128139: 21 -89
75484162752: 64 -46
148997885746: 39 -71
31331350135108: 34 -76
31331350135252: 36 -74
31331350132848: 51 -59
82795547636: 22 -88
93541518640: 34 -76
164729952490: 39 -71
152088853522: 70 -40
31601194165454: 57 -53
70465911891574: 23 -87
104046342248: 56 -54
61073128139: 21 -89
75484162752: 64 -46
148997885746: 39 -71
31331350135108: 34 -76
31331350135252: 36 -74
31331350132848: 51 -59
82795547636: 22 -88
93541518640: 34 -76
164729952490: 39 -71
152088853522: 70 -40
31601194165454: 57 -53
70465911891574: 23 -87
104046342248: 56 -54
61073128139: 21 -89
75484162752: 64 -46
148997885746: 39 -71
31331350135108: 34 -76
31331350135252: 36 -74
31331350132848: 51 -59
82795547636: 22 -88
93541518640: 34 -76
164729952490: 39 -71
152088853522: 70 -40
31601194165454: 57 -53
70465911891574: 23 -87
104046342248: 56 -54
61073128139: 21 -89
75484162752: 64 -46
148997885746: 39 -71
31331350135108: 34 -76
31331350135252: 36 -74
31331350132848: 51 -59
82795547636: 22 -88
93541518640: 34 -76
164729952490: 39 -71
152088853522: 70 -17
31601194165454: 57 -53
70465911891574: 23 -87
104046342248: 56 -54
61073128139: 21 -89
75484162752: 64 -46
148997885746: 39 -71
31331350135108: 34 -76
31331350135252: 36 -74
31331350132848: 51 -59
82795547636: 22 -88
93541518640: 34 -76
164729952490: 39 -71
152088853522: 69 -41
31601194165454: 57 -53
70465911891574: 23 -87
104046342248: 56 -54
61073128139: 21 -89
75484162752: 64 -46
148997885746: 39 -71
31331350135108: 34 -76
31331350135252: 36 -74
31331350132848: 51 -59
82795547636: 22 -88
93541518640: 34 -76
164729952490: 39 -71
152088853522: 67 -43
31601194165454: 57 -53
70465911891574: 23 -87
104046342248: 56 -54
61073128139: 21 -89
75484162752: 64 -46
148997885746: 39 -71
31331350135108: 34 -76
31331350135252: 36 -74
31331350132848: 51 -59
82795547636: 22 -88
93541518640: 34 -76
164729952490: 39 -71
152088853522: 65 -45
31601194165454: 57 -53
70465911891574: 23 -87
104046342248: 56 -54
61073128139: 21 -89
75484162752: 64 -46
148997885746: 39 -71
31331350135108: 34 -76
31331350135252: 36 -74
31331350132848: 51 -59
82795547636: 22 -88
93541518640: 34 -76
164729952490: 39 -71
152088853522: 68 -42
31601194165454: 63 -47
70465911891574: 56 -54
104046342248: 55 -55
61073128139: 26 -84
75484162752: 61 -49
148997885746: 28 -82
31331350135108: 39 -71
31331350135252: 39 -71
31331350132848: 54 -56
82795547636: 19 -91
93541518640: 34 -76
164729952490: 32 -78
152088853522: 70 -39
31601194165454: 63 -47
70465911891574: 56 -54
104046342248: 55 -55
61073128139: 26 -84
75484162752: 61 -49
148997885746: 28 -82
31331350135108: 39 -71
31331350135252: 39 -71
31331350132848: 54 -56
82795547636: 19 -91
93541518640: 34 -76
164729952490: 32 -78
152088853522: 67 -43
31601194165454: 63 -47
70465911891574: 56 -54
104046342248: 55 -55
61073128139: 26 -84
75484162752: 61 -49
148997885746: 28 -82
31331350135108: 39 -71
31331350135252: 39 -71
31331350132848: 54 -56
82795547636: 19 -91
93541518640: 34 -76
164729952490: 32 -78
152088853522: 70 -40
31601194165454: 63 -47
70465911891574: 56 -54
104046342248: 55 -55
61073128139: 26 -84
75484162752: 61 -49
148997885746: 28 -82
31331350135108: 39 -71
31331350135252: 39 -71
31331350132848: 54 -56
82795547636: 19 -91
93541518640: 34 -76
164729952490: 32 -78
152088853522: 68 -42
31601194165454: 63 -47
70465911891574: 56 -54
104046342248: 55 -55
61073128139: 26 -84
75484162752: 61 -49
148997885746: 28 -82
31331350135108: 39 -71
31331350135252: 39 -71
31331350132848: 54 -56
82795547636: 19 -91
93541518640: 34 -76
164729952490: 32 -78
152088853522: 60 -50
31601194165454: 63 -47
70465911891574: 56 -54
104046342248: 55 -55
61073128139: 26 -84
75484162752: 61 -49
148997885746: 28 -82
31331350135108: 39 -71
31331350135252: 39 -71
31331350132848: 54 -56
82795547636: 19 -91
93541518640: 34 -76
164729952490: 32 -78
152088853522: 67 -43
31601194165454: 63 -47
70465911891574: 56 -54
104046342248: 55 -55
61073128139: 26 -84
75484162752: 61 -49
148997885746: 28 -82
31331350135108: 39 -71
31331350135252: 39 -71
31331350132848: 54 -56
82795547636: 19 -91
93541518640: 34 -76
164729952490: 32 -78
152088853522: 66 -44
31601194165454: 63 -47
70465911891574: 56 -54
104046342248: 55 -55
61073128139: 26 -84
75484162752: 61 -49
148997885746: 28 -82
31331350135108: 39 -71
31331350135252: 39 -71
31331350132848: 54 -56
82795547636: 19 -91
93541518640: 34 -76
164729952490: 32 -78
152088853522: 66 -44
31601194165454: 63 -47
70465911891574: 56 -54
104046342248: 55 -55
61073128139: 26 -84
75484162752: 61 -49
148997885746: 28 -82
31331350135108: 39 -71
31331350135252: 39 -71
31331350132848: 54 -56
82795547636: 19 -91
93541518640: 34 -76
164729952490: 32 -78
152088853522: 63 -47
31601194165454: 63 -47
70465911891574: 48 -62
104046342248: 51 -59
61073128139: 61 -49
75484162752: 63 -47
148997885746: 28 -82
31331350135108: 31 -79
31331350135252: 28 -82
31331350132848: 54 -56
82795547636: 19 -91
93541518640: 34 -76
164729952490: 32 -78
152088853522: 65 -45
31601194165454: 63 -47
70465911891574: 48 -62
104046342248: 51 -59
61073128139: 61 -49
75484162752: 63 -47
148997885746: 28 -82
31331350135108: 31 -79
31331350135252: 28 -82
31331350132848: 54 -56
82795547636: 19 -91
164729952490: 32 -78
152088853522: 68 -42
31601194165454: 63 -47
70465911891574: 48 -62
104046342248: 51 -59
61073128139: 61 -49
75484162752: 63 -47
148997885746: 28 -82
31331350135108: 31 -79
31331350135252: 28 -82
31331350132848: 54 -56
82795547636: 19 -91
164729952490: 32 -78
152088853522: 67 -43
31601194165454: 63 -47
70465911891574: 48 -62
104046342248: 51 -59
61073128139: 61 -49
75484162752: 63 -47
148997885746: 28 -82
31331350135108: 31 -79
31331350135252: 28 -82
31331350132848: 54 -56
82795547636: 19 -91
164729952490: 32 -78
152088853522: 70 -33
31601194165454: 63 -47
70465911891574: 48 -62
104046342248: 51 -59
61073128139: 61 -49
75484162752: 63 -47
148997885746: 28 -82
31331350135108: 31 -79
31331350135252: 28 -82
31331350132848: 54 -56
82795547636: 19 -91
164729952490: 32 -78
152088853522: 68 -42
31601194165454: 63 -47
70465911891574: 48 -62
104046342248: 51 -59
61073128139: 61 -49
75484162752: 63 -47
148997885746: 28 -82
31331350135108: 31 -79
31331350135252: 28 -82
31331350132848: 54 -56
82795547636: 19 -91
164729952490: 32 -78
152088853522: 67 -43
31601194165454: 63 -47
70465911891574: 48 -62
104046342248: 51 -59
61073128139: 61 -49
75484162752: 63 -47
148997885746: 28 -82
31331350135108: 31 -79
31331350135252: 28 -82
31331350132848: 54 -56
82795547636: 19 -91
164729952490: 32 -78
152088853522: 60 -50
31601194165454: 63 -47
70465911891574: 48 -62
104046342248: 51 -59
61073128139: 61 -49
75484162752: 63 -47
148997885746: 28 -82
31331350135108: 31 -79
31331350135252: 28 -82
31331350132848: 54 -56
82795547636: 19 -91
164729952490: 32 -78
152088853522: 67 -43
31601194165454: 63 -47
70465911891574: 48 -62
104046342248: 51 -59
61073128139: 61 -49
75484162752: 63 -47
148997885746: 28 -82
31331350135108: 31 -79
31331350135252: 28 -82
31331350132848: 54 -56
82795547636: 19 -91
164729952490: 32 -78
152088853522: 68 -42
31601194165454: 64 -46
70465911891574: 60 -50
104046342248: 51 -59
61073128139: 57 -53
75484162752: 64 -46
148997885746: 19 -91
31331350135108: 44 -66
31331350135252: 47 -63
31331350132848: 54 -56
82795547636: 20 -90
164729952490: 32 -78
152088853522: 70 -40
31601194165454: 64 -46
70465911891574: 60 -50
104046342248: 51 -59
61073128139: 57 -53
75484162752: 64 -46
148997885746: 19 -91
31331350135108: 44 -66
31331350135252: 47 -63
31331350132848: 54 -56
82795547636: 20 -90
164729952490: 32 -78
152088853522: 65 -45
31601194165454: 64 -46
70465911891574: 60 -50
104046342248: 51 -59
61073128139: 57 -53
75484162752: 64 -46
148997885746: 19 -91
31331350135108: 44 -66
31331350135252: 47 -63
31331350132848: 54 -56
82795547636: 20 -90
164729952490: 32 -78
152088853522: 70 -39
31601194165454: 64 -46
70465911891574: 60 -50
104046342248: 51 -59
61073128139: 57 -53
75484162752: 64 -46
148997885746: 19 -91
31331350135108: 44 -66
31331350135252: 47 -63
31331350132848: 54 -56
82795547636: 20 -90
164729952490: 32 -78
152088853522: 69 -41
31601194165454: 64 -46
70465911891574: 60 -50
104046342248: 51 -59
61073128139: 57 -53
75484162752: 64 -46
148997885746: 19 -91
31331350135108: 44 -66
31331350135252: 47 -63
31331350132848: 54 -56
82795547636: 20 -90
164729952490: 32 -78
152088853522: 69 -41
31601194165454: 64 -46
70465911891574: 60 -50
104046342248: 51 -59
61073128139: 57 -53
75484162752: 64 -46
148997885746: 19 -91
31331350135108: 44 -66
31331350135252: 47 -63
31331350132848: 54 -56
82795547636: 20 -90
164729952490: 32 -78
152088853522: 68 -42
31601194165454: 64 -46
70465911891574: 60 -50
104046342248: 51 -59
61073128139: 57 -53
75484162752: 64 -46
148997885746: 19 -91
31331350135108: 44 -66
31331350135252: 47 -63
31331350132848: 54 -56
82795547636: 20 -90
164729952490: 32 -78
152088853522: 65 -45
31601194165454: 64 -46
70465911891574: 60 -50
104046342248: 51 -59
61073128139: 57 -53
75484162752: 64 -46
148997885746: 19 -91
31331350135108: 44 -66
31331350135252: 47 -63
31331350132848: 54 -56
82795547636: 20 -90
164729952490: 32 -78
152088853522: 63 -47
31601194165454: 64 -46
70465911891574: 60 -50
104046342248: 51 -59
61073128139: 57 -53
75484162752: 64 -46
148997885746: 19 -91
31331350135108: 44 -66
31331350135252: 47 -63
31331350132848: 54 -56
82795547636: 20 -90
164729952490: 32 -78
152088853522: 63 -47
31601194165454: 56 -54
70465911891574: 19 -91
104046342248: 52 -58
61073128139: 29 -81
75484162752: 53 -57
148997885746: 37 -73
31331350135108: 43 -67
31331350135252: 26 -84
31331350132848: 46 -64
82795547636: 19 -91
164729952490: 32 -78
93541518640: 32 -78
