152088853522: 70 -40
31601194165454: 22 -88
70465911891574: 51 -59
104046342248: 52 -58
61073128139: 25 -85
75484162752: 61 -49
148997885746: 27 -83
31331350135108: 46 -64
31331350135252: 28 -82
31331350132848: 40 -70
101271176480: 30 -80
152088853522: 68 -42
31601194165454: 22 -88
70465911891574: 51 -59
104046342248: 52 -58
61073128139: 25 -85
75484162752: 61 -49
148997885746: 27 -83
31331350135108: 46 -64
31331350135252: 28 -82
31331350132848: 40 -70
101271176480: 30 -80
152088853522: 70 -37
31601194165454: 22 -88
70465911891574: 51 -59
104046342248: 52 -58
61073128139: 25 -85
75484162752: 61 -49
148997885746: 27 -83
31331350135108: 46 -64
31331350135252: 28 -82
31331350132848: 40 -70
101271176480: 30 -80
152088853522: 70 -33
31601194165454: 22 -88
70465911891574: 51 -59
104046342248: 52 -58
61073128139: 25 -85
75484162752: 61 -49
148997885746: 27 -83
31331350135108: 46 -64
31331350135252: 28 -82
31331350132848: 40 -70
101271176480: 30 -80
152088853522: 70 -40
31601194165454: 22 -88
70465911891574: 51 -59
104046342248: 52 -58
61073128139: 25 -85
75484162752: 61 -49
148997885746: 27 -83
31331350135108: 46 -64
31331350132848: 40 -70
152088853522: 67 -43
31601194165454: 22 -88
70465911891574: 51 -59
104046342248: 52 -58
61073128139: 25 -85
75484162752: 61 -49
148997885746: 27 -83
31331350135108: 46 -64
31331350132848: 40 -70
152088853522: 70 -40
31601194165454: 22 -88
70465911891574: 51 -59
104046342248: 52 -58
61073128139: 25 -85
75484162752: 61 -49
148997885746: 27 -83
31331350135108: 46 -64
31331350132848: 40 -70
152088853522: 68 -42
31601194165454: 22 -88
70465911891574: 51 -59
104046342248: 52 -58
61073128139: 25 -85
75484162752: 61 -49
148997885746: 27 -83
31331350135108: 46 -64
31331350132848: 40 -70
152088853522: 70 -38
31601194165454: 22 -88
70465911891574: 51 -59
104046342248: 52 -58
61073128139: 25 -85
75484162752: 61 -49
148997885746: 27 -83
31331350135108: 46 -64
31331350132848: 40 -70
152088853522: 68 -42
31601194165454: 51 -59
70465911891574: 52 -58
104046342248: 49 -61
61073128139: 57 -53
75484162752: 59 -51
148997885746: 33 -77
31331350135108: 52 -58
31331350132848: 40 -70
152088853522: 69 -41
31601194165454: 51 -59
70465911891574: 52 -58
104046342248: 49 -61
61073128139: 57 -53
75484162752: 59 -51
148997885746: 33 -77
31331350135108: 52 -58
31331350132848: 40 -70
152088853522: 70 -39
31601194165454: 51 -59
70465911891574: 52 -58
104046342248: 49 -61
61073128139: 57 -53
75484162752: 59 -51
148997885746: 33 -77
31331350135108: 52 -58
152088853522: 67 -43
31601194165454: 51 -59
70465911891574: 52 -58
104046342248: 49 -61
61073128139: 57 -53
75484162752: 59 -51
148997885746: 33 -77
31331350135108: 52 -58
152088853522: 70 -39
31601194165454: 51 -59
70465911891574: 52 -58
104046342248: 49 -61
61073128139: 57 -53
75484162752: 59 -51
148997885746: 33 -77
31331350135108: 52 -58
152088853522: 63 -47
31601194165454: 51 -59
70465911891574: 52 -58
104046342248: 49 -61
61073128139: 57 -53
75484162752: 59 -51
148997885746: 33 -77
31331350135108: 52 -58
152088853522: 67 -43
31601194165454: 51 -59
70465911891574: 52 -58
104046342248: 49 -61
61073128139: 57 -53
75484162752: 59 -51
148997885746: 33 -77
31331350135108: 52 -58
152088853522: 70 -32
31601194165454: 51 -59
70465911891574: 52 -58
104046342248: 49 -61
61073128139: 57 -53
75484162752: 59 -51
148997885746: 33 -77
31331350135108: 52 -58
152088853522: 70 -34
31601194165454: 51 -59
70465911891574: 52 -58
104046342248: 49 -61
61073128139: 57 -53
75484162752: 59 -51
148997885746: 33 -77
31331350135108: 52 -58
152088853522: 60 -50
31601194165454: 51 -59
70465911891574: 54 -56
104046342248: 52 -58
61073128139: 61 -49
75484162752: 65 -45
148997885746: 28 -82
31331350135108: 50 -60
31331350135252: 37 -73
152088853522: 61 -49
31601194165454: 51 -59
70465911891574: 54 -56
104046342248: 52 -58
61073128139: 61 -49
75484162752: 65 -45
148997885746: 28 -82
31331350135108: 50 -60
31331350135252: 37 -73
152088853522: 70 -40
31601194165454: 51 -59
70465911891574: 54 -56
104046342248: 52 -58
61073128139: 61 -49
75484162752: 65 -45
148997885746: 28 -82
31331350135108: 50 -60
31331350135252: 37 -73
152088853522: 41 -69
31601194165454: 51 -59
70465911891574: 54 -56
104046342248: 52 -58
61073128139: 61 -49
75484162752: 65 -45
148997885746: 28 -82
31331350135108: 50 -60
31331350135252: 37 -73
152088853522: 68 -42
31601194165454: 51 -59
70465911891574: 54 -56
104046342248: 52 -58
61073128139: 61 -49
75484162752: 65 -45
148997885746: 28 -82
31331350135108: 50 -60
31331350135252: 37 -73
152088853522: 70 -34
31601194165454: 51 -59
70465911891574: 54 -56
104046342248: 52 -58
61073128139: 61 -49
75484162752: 65 -45
148997885746: 28 -82
31331350135108: 50 -60
31331350135252: 37 -73
152088853522: 63 -47
31601194165454: 51 -59
70465911891574: 54 -56
104046342248: 52 -58
61073128139: 61 -49
75484162752: 65 -45
148997885746: 28 -82
31331350135108: 50 -60
31331350135252: 37 -73
152088853522: 67 -43
31601194165454: 51 -59
70465911891574: 54 -56
104046342248: 52 -58
61073128139: 61 -49
75484162752: 65 -45
148997885746: 28 -82
31331350135108: 50 -60
31331350135252: 37 -73
152088853522: 66 -44
31601194165454: 51 -59
70465911891574: 54 -56
104046342248: 52 -58
61073128139: 61 -49
75484162752: 65 -45
148997885746: 28 -82
31331350135108: 50 -60
31331350135252: 37 -73
152088853522: 62 -48
31601194165454: 61 -49
70465911891574: 21 -89
104046342248: 60 -50
61073128139: 26 -84
75484162752: 58 -52
148997885746: 25 -85
31331350135108: 45 -65
31331350135252: 27 -83
21777614035: 21 -89
101271176480: 22 -88
93541518640: 30 -80
152088853522: 66 -44
31601194165454: 61 -49
70465911891574: 21 -89
104046342248: 60 -50
61073128139: 26 -84
75484162752: 58 -52
148997885746: 25 -85
31331350135108: 45 -65
31331350135252: 27 -83
21777614035: 21 -89
101271176480: 22 -88
93541518640: 30 -80
152088853522: 67 -43
31601194165454: 61 -49
70465911891574: 21 -89
104046342248: 60 -50
61073128139: 26 -84
75484162752: 58 -52
148997885746: 25 -85
31331350135108: 45 -65
31331350135252: 27 -83
21777614035: 21 -89
101271176480: 22 -88
93541518640: 30 -80
152088853522: 65 -45
31601194165454: 61 -49
70465911891574: 21 -89
104046342248: 60 -50
61073128139: 26 -84
75484162752: 58 -52
148997885746: 25 -85
31331350135108: 45 -65
31331350135252: 27 -83
21777614035: 21 -89
101271176480: 22 -88
93541518640: 30 -80
152088853522: 69 -41
31601194165454: 61 -49
70465911891574: 21 -89
104046342248: 60 -50
61073128139: 26 -84
75484162752: 58 -52
148997885746: 25 -85
31331350135108: 45 -65
31331350135252: 27 -83
21777614035: 21 -89
101271176480: 22 -88
93541518640: 30 -80
152088853522: 66 -44
31601194165454: 61 -49
70465911891574: 21 -89
104046342248: 60 -50
61073128139: 26 -84
75484162752: 58 -52
148997885746: 25 -85
31331350135108: 45 -65
31331350135252: 27 -83
21777614035: 21 -89
101271176480: 22 -88
93541518640: 30 -80
152088853522: 69 -41
31601194165454: 61 -49
70465911891574: 21 -89
104046342248: 60 -50
61073128139: 26 -84
75484162752: 58 -52
148997885746: 25 -85
31331350135108: 45 -65
31331350135252: 27 -83
21777614035: 21 -89
101271176480: 22 -88
93541518640: 30 -80
152088853522: 67 -43
31601194165454: 61 -49
70465911891574: 21 -89
104046342248: 60 -50
61073128139: 26 -84
75484162752: 58 -52
148997885746: 25 -85
31331350135108: 45 -65
31331350135252: 27 -83
21777614035: 21 -89
101271176480: 22 -88
93541518640: 30 -80
152088853522: 70 -40
31601194165454: 61 -49
70465911891574: 21 -89
104046342248: 60 -50
61073128139: 26 -84
75484162752: 58 -52
148997885746: 25 -85
31331350135108: 45 -65
31331350135252: 27 -83
21777614035: 21 -89
101271176480: 22 -88
93541518640: 30 -80
152088853522: 70 -39
31601194165454: 49 -61
70465911891574: 52 -58
104046342248: 61 -49
61073128139: 60 -50
75484162752: 56 -54
148997885746: 29 -81
31331350135108: 49 -61
31331350135252: 43 -67
21777614035: 21 -89
101271176480: 22 -88
93541518640: 30 -80
31331350132848: 46 -64
152088853522: 70 -39
31601194165454: 49 -61
70465911891574: 52 -58
104046342248: 61 -49
61073128139: 60 -50
75484162752: 56 -54
148997885746: 29 -81
31331350135108: 49 -61
31331350135252: 43 -67
21777614035: 21 -89
101271176480: 22 -88
93541518640: 30 -80
31331350132848: 46 -64
152088853522: 63 -47
31601194165454: 49 -61
70465911891574: 52 -58
104046342248: 61 -49
61073128139: 60 -50
75484162752: 56 -54
148997885746: 29 -81
31331350135108: 49 -61
31331350135252: 43 -67
21777614035: 21 -89
101271176480: 22 -88
93541518640: 30 -80
31331350132848: 46 -64
152088853522: 66 -44
31601194165454: 49 -61
70465911891574: 52 -58
104046342248: 61 -49
61073128139: 60 -50
75484162752: 56 -54
148997885746: 29 -81
31331350135108: 49 -61
31331350135252: 43 -67
21777614035: 21 -89
101271176480: 22 -88
93541518640: 30 -80
31331350132848: 46 -64
152088853522: 65 -45
31601194165454: 49 -61
70465911891574: 52 -58
104046342248: 61 -49
61073128139: 60 -50
75484162752: 56 -54
148997885746: 29 -81
31331350135108: 49 -61
31331350135252: 43 -67
21777614035: 21 -89
101271176480: 22 -88
93541518640: 30 -80
31331350132848: 46 -64
152088853522: 63 -47
31601194165454: 49 -61
70465911891574: 52 -58
104046342248: 61 -49
61073128139: 60 -50
75484162752: 56 -54
148997885746: 29 -81
31331350135108: 49 -61
31331350135252: 43 -67
21777614035: 21 -89
101271176480: 22 -88
93541518640: 30 -80
31331350132848: 46 -64
152088853522: 58 -52
31601194165454: 49 -61
70465911891574: 52 -58
104046342248: 61 -49
61073128139: 60 -50
75484162752: 56 -54
148997885746: 29 -81
31331350135108: 49 -61
31331350135252: 43 -67
21777614035: 21 -89
101271176480: 22 -88
93541518640: 30 -80
31331350132848: 46 -64
152088853522: 70 -37
31601194165454: 49 -61
70465911891574: 52 -58
104046342248: 61 -49
61073128139: 60 -50
75484162752: 56 -54
148997885746: 29 -81
31331350135108: 49 -61
31331350135252: 43 -67
21777614035: 21 -89
101271176480: 22 -88
93541518640: 30 -80
31331350132848: 46 -64
152088853522: 68 -42
31601194165454: 49 -61
70465911891574: 52 -58
104046342248: 61 -49
61073128139: 60 -50
75484162752: 56 -54
148997885746: 29 -81
31331350135108: 49 -61
31331350135252: 43 -67
21777614035: 21 -89
101271176480: 22 -88
93541518640: 30 -80
31331350132848: 46 -64
152088853522: 69 -41
31601194165454: 62 -48
70465911891574: 54 -56
104046342248: 47 -63
61073128139: 59 -51
75484162752: 56 -54
148997885746: 25 -85
31331350135108: 48 -62
31331350135252: 31 -79
21777614035: 21 -89
101271176480: 22 -88
93541518640: 30 -80
31331350132848: 48 -62
164729952490: 34 -76
152088853522: 69 -41
31601194165454: 62 -48
70465911891574: 54 -56
104046342248: 47 -63
61073128139: 59 -51
75484162752: 56 -54
148997885746: 25 -85
31331350135108: 48 -62
31331350135252: 31 -79
21777614035: 21 -89
101271176480: 22 -88
93541518640: 30 -80
31331350132848: 48 -62
164729952490: 34 -76
152088853522: 67 -43
31601194165454: 62 -48
70465911891574: 54 -56
104046342248: 47 -63
61073128139: 59 -51
75484162752: 56 -54
148997885746: 25 -85
31331350135108: 48 -62
31331350135252: 31 -79
21777614035: 21 -89
101271176480: 22 -88
93541518640: 30 -80
31331350132848: 48 -62
164729952490: 34 -76
152088853522: 62 -48
31601194165454: 62 -48
70465911891574: 54 -56
104046342248: 47 -63
61073128139: 59 -51
75484162752: 56 -54
148997885746: 25 -85
31331350135108: 48 -62
31331350135252: 31 -79
21777614035: 21 -89
101271176480: 22 -88
93541518640: 30 -80
31331350132848: 48 -62
164729952490: 34 -76
152088853522: 66 -44
31601194165454: 62 -48
70465911891574: 54 -56
104046342248: 47 -63
61073128139: 59 -51
75484162752: 56 -54
148997885746: 25 -85
31331350135108: 48 -62
31331350135252: 31 -79
21777614035: 21 -89
101271176480: 22 -88
93541518640: 30 -80
31331350132848: 48 -62
164729952490: 34 -76
152088853522: 66 -44
31601194165454: 62 -48
70465911891574: 54 -56
104046342248: 47 -63
61073128139: 59 -51
75484162752: 56 -54
148997885746: 25 -85
31331350135108: 48 -62
31331350135252: 31 -79
21777614035: 21 -89
101271176480: 22 -88
93541518640: 30 -80
31331350132848: 48 -62
164729952490: 34 -76
152088853522: 70 -40
31601194165454: 62 -48
70465911891574: 54 -56
104046342248: 47 -63
61073128139: 59 -51
75484162752: 56 -54
148997885746: 25 -85
31331350135108: 48 -62
31331350135252: 31 -79
21777614035: 21 -89
101271176480: 22 -88
93541518640: 30 -80
31331350132848: 48 -62
164729952490: 34 -76
152088853522: 70 -40
31601194165454: 62 -48
70465911891574: 54 -56
104046342248: 47 -63
61073128139: 59 -51
75484162752: 56 -54
148997885746: 25 -85
31331350135108: 48 -62
31331350135252: 31 -79
21777614035: 21 -89
101271176480: 22 -88
93541518640: 30 -80
31331350132848: 48 -62
164729952490: 34 -76
152088853522: 63 -47
31601194165454: 62 -48
70465911891574: 54 -56
104046342248: 47 -63
61073128139: 59 -51
75484162752: 56 -54
148997885746: 25 -85
31331350135108: 48 -62
31331350135252: 31 -79
21777614035: 21 -89
101271176480: 22 -88
93541518640: 30 -80
31331350132848: 48 -62
164729952490: 34 -76
152088853522: 69 -41
31601194165454: 55 -55
70465911891574: 58 -52
104046342248: 52 -58
61073128139: 60 -50
75484162752: 59 -51
148997885746: 34 -76
31331350135108: 54 -56
31331350135252: 31 -79
21777614035: 21 -89
101271176480: 22 -88
93541518640: 30 -80
31331350132848: 48 -62
164729952490: 34 -76
152088853522: 66 -44
31601194165454: 55 -55
70465911891574: 58 -52
104046342248: 52 -58
61073128139: 60 -50
75484162752: 59 -51
148997885746: 34 -76
31331350135108: 54 -56
31331350135252: 31 -79
21777614035: 21 -89
101271176480: 22 -88
93541518640: 30 -80
31331350132848: 48 -62
164729952490: 34 -76
152088853522: 65 -45
31601194165454: 55 -55
70465911891574: 58 -52
104046342248: 52 -58
61073128139: 60 -50
75484162752: 59 -51
148997885746: 34 -76
31331350135108: 54 -56
31331350135252: 31 -79
21777614035: 21 -89
101271176480: 22 -88
93541518640: 30 -80
31331350132848: 48 -62
164729952490: 34 -76
152088853522: 63 -47
31601194165454: 55 -55
70465911891574: 58 -52
104046342248: 52 -58
61073128139: 60 -50
75484162752: 59 -51
148997885746: 34 -76
31331350135108: 54 -56
31331350135252: 31 -79
21777614035: 21 -89
101271176480: 22 -88
93541518640: 30 -80
31331350132848: 48 -62
164729952490: 34 -76
152088853522: 66 -44
31601194165454: 55 -55
70465911891574: 58 -52
104046342248: 52 -58
61073128139: 60 -50
75484162752: 59 -51
148997885746: 34 -76
31331350135108: 54 -56
31331350135252: 31 -79
21777614035: 21 -89
101271176480: 22 -88
93541518640: 30 -80
31331350132848: 48 -62
164729952490: 34 -76
152088853522: 63 -47
31601194165454: 55 -55
70465911891574: 58 -52
104046342248: 52 -58
61073128139: 60 -50
75484162752: 59 -51
148997885746: 34 -76
31331350135108: 54 -56
31331350135252: 31 -79
21777614035: 21 -89
101271176480: 22 -88
93541518640: 30 -80
31331350132848: 48 -62
164729952490: 34 -76
152088853522: 69 -41
31601194165454: 55 -55
70465911891574: 58 -52
104046342248: 52 -58
61073128139: 60 -50
75484162752: 59 -51
148997885746: 34 -76
31331350135108: 54 -56
31331350135252: 31 -79
21777614035: 21 -89
101271176480: 22 -88
93541518640: 30 -80
31331350132848: 48 -62
164729952490: 34 -76
152088853522: 70 -37
31601194165454: 55 -55
70465911891574: 58 -52
104046342248: 52 -58
61073128139: 60 -50
75484162752: 59 -51
148997885746: 34 -76
31331350135108: 54 -56
31331350135252: 31 -79
21777614035: 21 -89
101271176480: 22 -88
93541518640: 30 -80
31331350132848: 48 -62
164729952490: 34 -76
152088853522: 70 -38
31601194165454: 55 -55
70465911891574: 58 -52
104046342248: 52 -58
61073128139: 60 -50
75484162752: 59 -51
148997885746: 34 -76
31331350135108: 54 -56
31331350135252: 31 -79
21777614035: 21 -89
101271176480: 22 -88
93541518640: 30 -80
31331350132848: 48 -62
164729952490: 34 -76
152088853522: 69 -41
31601194165454: 59 -51
70465911891574: 20 -90
104046342248: 57 -53
61073128139: 59 -51
75484162752: 57 -53
148997885746: 23 -87
31331350135108: 51 -59
31331350135252: 38 -72
21777614035: 21 -89
101271176480: 22 -88
93541518640: 30 -80
31331350132848: 50 -60
164729952490: 34 -76
82795547636: 19 -91
152088853522: 68 -42
31601194165454: 59 -51
70465911891574: 20 -90
104046342248: 57 -53
61073128139: 59 -51
75484162752: 57 -53
148997885746: 23 -87
31331350135108: 51 -59
31331350135252: 38 -72
21777614035: 21 -89
101271176480: 22 -88
93541518640: 30 -80
31331350132848: 50 -60
164729952490: 34 -76
82795547636: 19 -91
152088853522: 70 -39
31601194165454: 59 -51
70465911891574: 20 -90
104046342248: 57 -53
61073128139: 59 -51
75484162752: 57 -53
148997885746: 23 -87
31331350135108: 51 -59
31331350135252: 38 -72
21777614035: 21 -89
101271176480: 22 -88
93541518640: 30 -80
31331350132848: 50 -60
164729952490: 34 -76
82795547636: 19 -91
152088853522: 70 -40
31601194165454: 59 -51
70465911891574: 20 -90
104046342248: 57 -53
61073128139: 59 -51
75484162752: 57 -53
148997885746: 23 -87
31331350135108: 51 -59
31331350135252: 38 -72
21777614035: 21 -89
101271176480: 22 -88
93541518640: 30 -80
31331350132848: 50 -60
164729952490: 34 -76
82795547636: 19 -91
152088853522: 69 -41
31601194165454: 59 -51
70465911891574: 20 -90
104046342248: 57 -53
61073128139: 59 -51
75484162752: 57 -53
148997885746: 23 -87
31331350135108: 51 -59
31331350135252: 38 -72
31331350132848: 50 -60
164729952490: 34 -76
82795547636: 19 -91
152088853522: 68 -42
31601194165454: 59 -51
70465911891574: 20 -90
104046342248: 57 -53
61073128139: 59 -51
75484162752: 57 -53
148997885746: 23 -87
31331350135108: 51 -59
31331350135252: 38 -72
31331350132848: 50 -60
164729952490: 34 -76
82795547636: 19 -91
152088853522: 70 -37
31601194165454: 59 -51
70465911891574: 20 -90
104046342248: 57 -53
61073128139: 59 -51
75484162752: 57 -53
148997885746: 23 -87
31331350135108: 51 -59
31331350135252: 38 -72
31331350132848: 50 -60
164729952490: 34 -76
82795547636: 19 -91
152088853522: 69 -41
31601194165454: 59 -51
70465911891574: 20 -90
104046342248: 57 -53
61073128139: 59 -51
75484162752: 57 -53
148997885746: 23 -87
31331350135108: 51 -59
31331350135252: 38 -72
31331350132848: 50 -60
164729952490: 34 -76
82795547636: 19 -91
152088853522: 70 -36
31601194165454: 59 -51
70465911891574: 20 -90
104046342248: 57 -53
61073128139: 59 -51
75484162752: 57 -53
148997885746: 23 -87
31331350135108: 51 -59
31331350135252: 38 -72
31331350132848: 50 -60
164729952490: 34 -76
82795547636: 19 -91
152088853522: 68 -42
31601194165454: 64 -46
70465911891574: 52 -58
104046342248: 52 -58
61073128139: 58 -52
75484162752: 66 -44
148997885746: 25 -85
31331350135108: 48 -62
31331350135252: 33 -77
31331350132848: 48 -62
164729952490: 37 -73
82795547636: 19 -91
152088853522: 66 -44
31601194165454: 64 -46
70465911891574: 52 -58
104046342248: 52 -58
61073128139: 58 -52
75484162752: 66 -44
148997885746: 25 -85
31331350135108: 48 -62
31331350135252: 33 -77
31331350132848: 48 -62
164729952490: 37 -73
82795547636: 19 -91
152088853522: 63 -47
31601194165454: 64 -46
70465911891574: 52 -58
104046342248: 52 -58
61073128139: 58 -52
75484162752: 66 -44
148997885746: 25 -85
31331350135108: 48 -62
31331350135252: 33 -77
31331350132848: 48 -62
164729952490: 37 -73
82795547636: 19 -91
152088853522: 63 -47
31601194165454: 64 -46
70465911891574: 52 -58
104046342248: 52 -58
61073128139: 58 -52
75484162752: 66 -44
148997885746: 25 -85
31331350135108: 48 -62
31331350135252: 33 -77
31331350132848: 48 -62
164729952490: 37 -73
82795547636: 19 -91
152088853522: 63 -47
31601194165454: 64 -46
70465911891574: 52 -58
104046342248: 52 -58
61073128139: 58 -52
75484162752: 66 -44
148997885746: 25 -85
31331350135108: 48 -62
31331350135252: 33 -77
31331350132848: 48 -62
164729952490: 37 -73
82795547636: 19 -91
152088853522: 65 -45
31601194165454: 64 -46
70465911891574: 52 -58
104046342248: 52 -58
61073128139: 58 -52
75484162752: 66 -44
148997885746: 25 -85
31331350135108: 48 -62
31331350135252: 33 -77
31331350132848: 48 -62
164729952490: 37 -73
82795547636: 19 -91
152088853522: 59 -51
31601194165454: 64 -46
70465911891574: 52 -58
104046342248: 52 -58
61073128139: 58 -52
75484162752: 66 -44
148997885746: 25 -85
31331350135108: 48 -62
31331350135252: 33 -77
31331350132848: 48 -62
164729952490: 37 -73
82795547636: 19 -91
152088853522: 63 -47
31601194165454: 64 -46
70465911891574: 52 -58
104046342248: 52 -58
61073128139: 58 -52
75484162752: 66 -44
148997885746: 25 -85
31331350135108: 48 -62
31331350135252: 33 -77
31331350132848: 48 -62
164729952490: 37 -73
82795547636: 19 -91
152088853522: 70 -36
31601194165454: 64 -46
70465911891574: 52 -58
104046342248: 52 -58
61073128139: 58 -52
75484162752: 66 -44
148997885746: 25 -85
31331350135108: 48 -62
31331350135252: 33 -77
31331350132848: 48 -62
164729952490: 37 -73
82795547636: 19 -91
152088853522: 69 -41
31601194165454: 55 -55
70465911891574: 58 -52
104046342248: 52 -58
61073128139: 56 -54
75484162752: 57 -53
148997885746: 31 -79
31331350135108: 48 -62
31331350135252: 33 -77
31331350132848: 51 -59
164729952490: 37 -73
82795547636: 19 -91
93541518640: 24 -86
152088853522: 70 -40
31601194165454: 55 -55
70465911891574: 58 -52
104046342248: 52 -58
61073128139: 56 -54
75484162752: 57 -53
148997885746: 31 -79
31331350135108: 48 -62
31331350135252: 33 -77
31331350132848: 51 -59
164729952490: 37 -73
82795547636: 19 -91
93541518640: 24 -86
152088853522: 69 -41
31601194165454: 55 -55
70465911891574: 58 -52
104046342248: 52 -58
61073128139: 56 -54
75484162752: 57 -53
148997885746: 31 -79
31331350135108: 48 -62
31331350135252: 33 -77
31331350132848: 51 -59
164729952490: 37 -73
82795547636: 19 -91
93541518640: 24 -86
152088853522: 66 -44
31601194165454: 55 -55
70465911891574: 58 -52
104046342248: 52 -58
61073128139: 56 -54
75484162752: 57 -53
148997885746: 31 -79
31331350135108: 48 -62
31331350135252: 33 -77
31331350132848: 51 -59
164729952490: 37 -73
82795547636: 19 -91
93541518640: 24 -86
152088853522: 63 -47
31601194165454: 55 -55
70465911891574: 58 -52
104046342248: 52 -58
61073128139: 56 -54
75484162752: 57 -53
148997885746: 31 -79
31331350135108: 48 -62
31331350135252: 33 -77
31331350132848: 51 -59
164729952490: 37 -73
82795547636: 19 -91
93541518640: 24 -86
152088853522: 64 -46
31601194165454: 55 -55
70465911891574: 58 -52
104046342248: 52 -58
61073128139: 56 -54
75484162752: 57 -53
148997885746: 31 -79
31331350135108: 48 -62
31331350135252: 33 -77
31331350132848: 51 -59
164729952490: 37 -73
82795547636: 19 -91
93541518640: 24 -86
152088853522: 68 -42
31601194165454: 55 -55
70465911891574: 58 -52
104046342248: 52 -58
61073128139: 56 -54
75484162752: 57 -53
148997885746: 31 -79
31331350135108: 48 -62
31331350135252: 33 -77
31331350132848: 51 -59
164729952490: 37 -73
82795547636: 19 -91
93541518640: 24 -86
152088853522: 65 -45
31601194165454: 55 -55
70465911891574: 58 -52
104046342248: 52 -58
61073128139: 56 -54
75484162752: 57 -53
148997885746: 31 -79
31331350135108: 48 -62
31331350135252: 33 -77
31331350132848: 51 -59
164729952490: 37 -73
82795547636: 19 -91
93541518640: 24 -86
152088853522: 66 -44
31601194165454: 55 -55
70465911891574: 58 -52
104046342248: 52 -58
61073128139: 56 -54
75484162752: 57 -53
148997885746: 31 -79
31331350135108: 48 -62
31331350135252: 33 -77
31331350132848: 51 -59
164729952490: 37 -73
82795547636: 19 -91
93541518640: 24 -86
152088853522: 59 -51
31601194165454: 55 -55
70465911891574: 53 -57
104046342248: 53 -57
61073128139: 61 -49
75484162752: 61 -49
148997885746: 25 -85
31331350135108: 53 -57
31331350135252: 33 -77
31331350132848: 43 -67
164729952490: 37 -73
82795547636: 19 -91
93541518640: 24 -86
152088853522: 59 -51
31601194165454: 55 -55
70465911891574: 53 -57
104046342248: 53 -57
61073128139: 61 -49
75484162752: 61 -49
148997885746: 25 -85
31331350135108: 53 -57
31331350135252: 33 -77
31331350132848: 43 -67
164729952490: 37 -73
82795547636: 19 -91
93541518640: 24 -86
152088853522: 70 -40
31601194165454: 55 -55
70465911891574: 53 -57
104046342248: 53 -57
61073128139: 61 -49
75484162752: 61 -49
148997885746: 25 -85
31331350135108: 53 -57
31331350135252: 33 -77
31331350132848: 43 -67
164729952490: 37 -73
82795547636: 19 -91
93541518640: 24 -86
152088853522: 70 -40
31601194165454: 55 -55
70465911891574: 53 -57
104046342248: 53 -57
61073128139: 61 -49
75484162752: 61 -49
148997885746: 25 -85
31331350135108: 53 -57
31331350135252: 33 -77
31331350132848: 43 -67
164729952490: 37 -73
82795547636: 19 -91
93541518640: 24 -86
152088853522: 69 -41
31601194165454: 55 -55
70465911891574: 53 -57
104046342248: 53 -57
61073128139: 61 -49
75484162752: 61 -49
148997885746: 25 -85
31331350135108: 53 -57
31331350135252: 33 -77
31331350132848: 43 -67
164729952490: 37 -73
82795547636: 19 -91
93541518640: 24 -86
152088853522: 69 -41
31601194165454: 55 -55
70465911891574: 53 -57
104046342248: 53 -57
61073128139: 61 -49
75484162752: 61 -49
148997885746: 25 -85
31331350135108: 53 -57
31331350135252: 33 -77
31331350132848: 43 -67
164729952490: 37 -73
82795547636: 19 -91
93541518640: 24 -86
152088853522: 70 -38
31601194165454: 55 -55
70465911891574: 53 -57
104046342248: 53 -57
61073128139: 61 -49
75484162752: 61 -49
148997885746: 25 -85
31331350135108: 53 -57
31331350135252: 33 -77
31331350132848: 43 -67
164729952490: 37 -73
82795547636: 19 -91
93541518640: 24 -86
152088853522: 69 -41
31601194165454: 55 -55
70465911891574: 53 -57
104046342248: 53 -57
61073128139: 61 -49
75484162752: 61 -49
148997885746: 25 -85
31331350135108: 53 -57
31331350135252: 33 -77
31331350132848: 43 -67
164729952490: 37 -73
82795547636: 19 -91
93541518640: 24 -86
152088853522: 70 -39
31601194165454: 55 -55
70465911891574: 53 -57
104046342248: 53 -57
61073128139: 61 -49
75484162752: 61 -49
148997885746: 25 -85
31331350135108: 53 -57
31331350135252: 33 -77
31331350132848: 43 -67
164729952490: 37 -73
82795547636: 19 -91
93541518640: 24 -86
152088853522: 63 -47
31601194165454: 58 -52
70465911891574: 59 -51
104046342248: 56 -54
61073128139: 63 -47
75484162752: 58 -52
148997885746: 33 -77
31331350135108: 47 -63
31331350135252: 33 -77
31331350132848: 19 -91
164729952490: 39 -71
82795547636: 19 -91
93541518640: 31 -79
