152088853522: 70 -34
31601194165454: 53 -57
70465911891574: 54 -56
104046342248: 43 -67
61073128139: 70 -35
75484162752: 57 -53
148997885746: 27 -83
31331350135108: 49 -61
164729952490: 33 -77
93541518640: 35 -75
152088853522: 70 -34
31601194165454: 53 -57
70465911891574: 54 -56
104046342248: 43 -67
61073128139: 70 -35
75484162752: 57 -53
148997885746: 27 -83
31331350135108: 49 -61
164729952490: 33 -77
93541518640: 35 -75
152088853522: 70 -31
31601194165454: 53 -57
70465911891574: 54 -56
104046342248: 43 -67
61073128139: 70 -35
75484162752: 57 -53
148997885746: 27 -83
31331350135108: 49 -61
164729952490: 33 -77
93541518640: 35 -75
152088853522: 70 -33
31601194165454: 53 -57
70465911891574: 54 -56
104046342248: 43 -67
61073128139: 70 -35
75484162752: 57 -53
148997885746: 27 -83
31331350135108: 49 -61
164729952490: 33 -77
93541518640: 35 -75
152088853522: 70 -33
31601194165454: 53 -57
70465911891574: 54 -56
104046342248: 43 -67
61073128139: 70 -35
75484162752: 57 -53
148997885746: 27 -83
31331350135108: 49 -61
164729952490: 33 -77
93541518640: 35 -75
152088853522: 69 -41
31601194165454: 53 -57
70465911891574: 54 -56
104046342248: 43 -67
61073128139: 70 -35
75484162752: 57 -53
148997885746: 27 -83
31331350135108: 49 -61
164729952490: 33 -77
93541518640: 35 -75
152088853522: 70 -39
31601194165454: 53 -57
70465911891574: 54 -56
104046342248: 43 -67
61073128139: 70 -35
75484162752: 57 -53
148997885746: 27 -83
31331350135108: 49 -61
164729952490: 33 -77
93541518640: 35 -75
152088853522: 70 -36
31601194165454: 53 -57
70465911891574: 54 -56
104046342248: 43 -67
61073128139: 70 -35
75484162752: 57 -53
148997885746: 27 -83
31331350135108: 49 -61
164729952490: 33 -77
93541518640: 35 -75
152088853522: 70 -33
31601194165454: 53 -57
70465911891574: 54 -56
104046342248: 43 -67
61073128139: 70 -35
75484162752: 57 -53
148997885746: 27 -83
31331350135108: 49 -61
164729952490: 33 -77
93541518640: 35 -75
152088853522: 66 -44
31601194165454: 51 -59
70465911891574: 68 -42
104046342248: 57 -53
61073128139: 52 -58
75484162752: 65 -45
148997885746: 25 -85
31331350135108: 48 -62
164729952490: 33 -77
93541518640: 35 -75
31331350135252: 27 -83
152088853522: 67 -43
31601194165454: 51 -59
70465911891574: 68 -42
104046342248: 57 -53
61073128139: 52 -58
75484162752: 65 -45
148997885746: 25 -85
31331350135108: 48 -62
164729952490: 33 -77
93541518640: 35 -75
31331350135252: 27 -83
152088853522: 69 -41
31601194165454: 51 -59
70465911891574: 68 -42
104046342248: 57 -53
61073128139: 52 -58
75484162752: 65 -45
148997885746: 25 -85
31331350135108: 48 -62
164729952490: 33 -77
93541518640: 35 -75
31331350135252: 27 -83
152088853522: 68 -42
31601194165454: 51 -59
70465911891574: 68 -42
104046342248: 57 -53
61073128139: 52 -58
75484162752: 65 -45
148997885746: 25 -85
31331350135108: 48 -62
164729952490: 33 -77
93541518640: 35 -75
31331350135252: 27 -83
152088853522: 70 -38
31601194165454: 51 -59
70465911891574: 68 -42
104046342248: 57 -53
61073128139: 52 -58
75484162752: 65 -45
148997885746: 25 -85
31331350135108: 48 -62
164729952490: 33 -77
93541518640: 35 -75
31331350135252: 27 -83
152088853522: 67 -43
31601194165454: 51 -59
70465911891574: 68 -42
104046342248: 57 -53
61073128139: 52 -58
75484162752: 65 -45
148997885746: 25 -85
31331350135108: 48 -62
164729952490: 33 -77
93541518640: 35 -75
31331350135252: 27 -83
152088853522: 68 -42
31601194165454: 51 -59
70465911891574: 68 -42
104046342248: 57 -53
61073128139: 52 -58
75484162752: 65 -45
148997885746: 25 -85
31331350135108: 48 -62
164729952490: 33 -77
93541518640: 35 -75
31331350135252: 27 -83
152088853522: 64 -46
31601194165454: 51 -59
70465911891574: 68 -42
104046342248: 57 -53
61073128139: 52 -58
75484162752: 65 -45
148997885746: 25 -85
31331350135108: 48 -62
164729952490: 33 -77
93541518640: 35 -75
31331350135252: 27 -83
152088853522: 65 -45
31601194165454: 51 -59
70465911891574: 68 -42
104046342248: 57 -53
61073128139: 52 -58
75484162752: 65 -45
148997885746: 25 -85
31331350135108: 48 -62
164729952490: 33 -77
93541518640: 35 -75
31331350135252: 27 -83
152088853522: 66 -44
31601194165454: 60 -50
70465911891574: 63 -47
104046342248: 52 -58
61073128139: 59 -51
75484162752: 61 -49
148997885746: 32 -78
31331350135108: 47 -63
164729952490: 33 -77
93541518640: 35 -75
31331350135252: 27 -83
101271176480: 22 -88
82795547636: 18 -92
152088853522: 66 -44
31601194165454: 60 -50
70465911891574: 63 -47
104046342248: 52 -58
61073128139: 59 -51
75484162752: 61 -49
148997885746: 32 -78
31331350135108: 47 -63
164729952490: 33 -77
93541518640: 35 -75
31331350135252: 27 -83
101271176480: 22 -88
82795547636: 18 -92
152088853522: 63 -47
31601194165454: 60 -50
70465911891574: 63 -47
104046342248: 52 -58
61073128139: 59 -51
75484162752: 61 -49
148997885746: 32 -78
31331350135108: 47 -63
164729952490: 33 -77
93541518640: 35 -75
31331350135252: 27 -83
101271176480: 22 -88
82795547636: 18 -92
152088853522: 67 -43
31601194165454: 60 -50
70465911891574: 63 -47
104046342248: 52 -58
61073128139: 59 -51
75484162752: 61 -49
148997885746: 32 -78
31331350135108: 47 -63
164729952490: 33 -77
93541518640: 35 -75
31331350135252: 27 -83
101271176480: 22 -88
82795547636: 18 -92
152088853522: 70 -38
31601194165454: 60 -50
70465911891574: 63 -47
104046342248: 52 -58
61073128139: 59 -51
75484162752: 61 -49
148997885746: 32 -78
31331350135108: 47 -63
164729952490: 33 -77
93541518640: 35 -75
31331350135252: 27 -83
101271176480: 22 -88
82795547636: 18 -92
152088853522: 65 -45
31601194165454: 60 -50
70465911891574: 63 -47
104046342248: 52 -58
61073128139: 59 -51
75484162752: 61 -49
148997885746: 32 -78
31331350135108: 47 -63
164729952490: 33 -77
93541518640: 35 -75
31331350135252: 27 -83
101271176480: 22 -88
82795547636: 18 -92
152088853522: 68 -42
31601194165454: 60 -50
70465911891574: 63 -47
104046342248: 52 -58
61073128139: 59 -51
75484162752: 61 -49
148997885746: 32 -78
31331350135108: 47 -63
164729952490: 33 -77
93541518640: 35 -75
31331350135252: 27 -83
101271176480: 22 -88
82795547636: 18 -92
152088853522: 64 -46
31601194165454: 60 -50
70465911891574: 63 -47
104046342248: 52 -58
61073128139: 59 -51
75484162752: 61 -49
148997885746: 32 -78
31331350135108: 47 -63
164729952490: 33 -77
93541518640: 35 -75
31331350135252: 27 -83
101271176480: 22 -88
82795547636: 18 -92
152088853522: 64 -46
31601194165454: 60 -50
70465911891574: 63 -47
104046342248: 52 -58
61073128139: 59 -51
75484162752: 61 -49
148997885746: 32 -78
31331350135108: 47 -63
164729952490: 33 -77
93541518640: 35 -75
31331350135252: 27 -83
101271176480: 22 -88
82795547636: 18 -92
152088853522: 62 -48
31601194165454: 45 -65
70465911891574: 70 -34
104046342248: 56 -54
61073128139: 19 -91
75484162752: 57 -53
148997885746: 28 -82
31331350135108: 43 -67
164729952490: 33 -77
93541518640: 35 -75
31331350135252: 27 -83
101271176480: 22 -88
82795547636: 18 -92
152088853522: 65 -45
31601194165454: 45 -65
70465911891574: 70 -34
104046342248: 56 -54
61073128139: 19 -91
75484162752: 57 -53
148997885746: 28 -82
31331350135108: 43 -67
164729952490: 33 -77
93541518640: 35 -75
31331350135252: 27 -83
101271176480: 22 -88
82795547636: 18 -92
152088853522: 68 -42
31601194165454: 45 -65
70465911891574: 70 -34
104046342248: 56 -54
61073128139: 19 -91
75484162752: 57 -53
148997885746: 28 -82
31331350135108: 43 -67
164729952490: 33 -77
93541518640: 35 -75
31331350135252: 27 -83
101271176480: 22 -88
82795547636: 18 -92
152088853522: 61 -49
31601194165454: 45 -65
70465911891574: 70 -34
104046342248: 56 -54
61073128139: 19 -91
75484162752: 57 -53
148997885746: 28 -82
31331350135108: 43 -67
164729952490: 33 -77
93541518640: 35 -75
31331350135252: 27 -83
101271176480: 22 -88
82795547636: 18 -92
152088853522: 63 -47
31601194165454: 45 -65
70465911891574: 70 -34
104046342248: 56 -54
61073128139: 19 -91
75484162752: 57 -53
148997885746: 28 -82
31331350135108: 43 -67
164729952490: 33 -77
93541518640: 35 -75
31331350135252: 27 -83
101271176480: 22 -88
82795547636: 18 -92
152088853522: 61 -49
31601194165454: 45 -65
70465911891574: 70 -34
104046342248: 56 -54
61073128139: 19 -91
75484162752: 57 -53
148997885746: 28 -82
31331350135108: 43 -67
164729952490: 33 -77
93541518640: 35 -75
31331350135252: 27 -83
101271176480: 22 -88
82795547636: 18 -92
152088853522: 64 -46
31601194165454: 45 -65
70465911891574: 70 -34
104046342248: 56 -54
61073128139: 19 -91
75484162752: 57 -53
148997885746: 28 -82
31331350135108: 43 -67
164729952490: 33 -77
93541518640: 35 -75
31331350135252: 27 -83
101271176480: 22 -88
82795547636: 18 -92
152088853522: 64 -46
31601194165454: 45 -65
70465911891574: 70 -34
104046342248: 56 -54
61073128139: 19 -91
75484162752: 57 -53
148997885746: 28 -82
31331350135108: 43 -67
164729952490: 33 -77
93541518640: 35 -75
31331350135252: 27 -83
101271176480: 22 -88
82795547636: 18 -92
152088853522: 59 -51
31601194165454: 45 -65
70465911891574: 70 -34
104046342248: 56 -54
61073128139: 19 -91
75484162752: 57 -53
148997885746: 28 -82
31331350135108: 43 -67
164729952490: 33 -77
93541518640: 35 -75
31331350135252: 27 -83
101271176480: 22 -88
82795547636: 18 -92
152088853522: 70 -36
31601194165454: 36 -74
70465911891574: 51 -59
104046342248: 59 -51
61073128139: 28 -82
75484162752: 61 -49
148997885746: 35 -75
31331350135108: 31 -79
164729952490: 33 -77
93541518640: 35 -75
31331350135252: 27 -83
101271176480: 22 -88
82795547636: 18 -92
152088853522: 70 -40
31601194165454: 36 -74
70465911891574: 51 -59
104046342248: 59 -51
61073128139: 28 -82
75484162752: 61 -49
148997885746: 35 -75
31331350135108: 31 -79
164729952490: 33 -77
93541518640: 35 -75
31331350135252: 27 -83
101271176480: 22 -88
82795547636: 18 -92
152088853522: 70 -40
31601194165454: 36 -74
70465911891574: 51 -59
104046342248: 59 -51
61073128139: 28 -82
75484162752: 61 -49
148997885746: 35 -75
31331350135108: 31 -79
93541518640: 35 -75
31331350135252: 27 -83
101271176480: 22 -88
82795547636: 18 -92
152088853522: 63 -47
31601194165454: 36 -74
70465911891574: 51 -59
104046342248: 59 -51
61073128139: 28 -82
75484162752: 61 -49
148997885746: 35 -75
31331350135108: 31 -79
93541518640: 35 -75
31331350135252: 27 -83
101271176480: 22 -88
82795547636: 18 -92
152088853522: 65 -45
31601194165454: 36 -74
70465911891574: 51 -59
104046342248: 59 -51
61073128139: 28 -82
75484162752: 61 -49
148997885746: 35 -75
31331350135108: 31 -79
93541518640: 35 -75
31331350135252: 27 -83
101271176480: 22 -88
82795547636: 18 -92
152088853522: 65 -45
31601194165454: 36 -74
70465911891574: 51 -59
104046342248: 59 -51
61073128139: 28 -82
75484162752: 61 -49
148997885746: 35 -75
31331350135108: 31 -79
93541518640: 35 -75
31331350135252: 27 -83
101271176480: 22 -88
82795547636: 18 -92
152088853522: 69 -41
31601194165454: 36 -74
70465911891574: 51 -59
104046342248: 59 -51
61073128139: 28 -82
75484162752: 61 -49
148997885746: 35 -75
31331350135108: 31 -79
93541518640: 35 -75
31331350135252: 27 -83
101271176480: 22 -88
82795547636: 18 -92
152088853522: 62 -48
31601194165454: 36 -74
70465911891574: 51 -59
104046342248: 59 -51
61073128139: 28 -82
75484162752: 61 -49
148997885746: 35 -75
31331350135108: 31 -79
93541518640: 35 -75
31331350135252: 27 -83
101271176480: 22 -88
82795547636: 18 -92
152088853522: 66 -44
31601194165454: 36 -74
70465911891574: 51 -59
104046342248: 59 -51
61073128139: 28 -82
75484162752: 61 -49
148997885746: 35 -75
31331350135108: 31 -79
93541518640: 35 -75
31331350135252: 27 -83
101271176480: 22 -88
82795547636: 18 -92
152088853522: 65 -45
31601194165454: 58 -52
70465911891574: 50 -60
104046342248: 52 -58
61073128139: 67 -43
75484162752: 67 -43
148997885746: 24 -86
31331350135108: 49 -61
93541518640: 35 -75
31331350135252: 35 -75
101271176480: 22 -88
82795547636: 18 -92
152088853522: 65 -45
31601194165454: 58 -52
70465911891574: 50 -60
104046342248: 52 -58
61073128139: 67 -43
75484162752: 67 -43
148997885746: 24 -86
31331350135108: 49 -61
93541518640: 35 -75
31331350135252: 35 -75
101271176480: 22 -88
82795547636: 18 -92
152088853522: 68 -42
31601194165454: 58 -52
70465911891574: 50 -60
104046342248: 52 -58
61073128139: 67 -43
75484162752: 67 -43
148997885746: 24 -86
31331350135108: 49 -61
93541518640: 35 -75
31331350135252: 35 -75
101271176480: 22 -88
82795547636: 18 -92
152088853522: 61 -49
31601194165454: 58 -52
70465911891574: 50 -60
104046342248: 52 -58
61073128139: 67 -43
75484162752: 67 -43
148997885746: 24 -86
31331350135108: 49 -61
93541518640: 35 -75
31331350135252: 35 -75
101271176480: 22 -88
82795547636: 18 -92
152088853522: 70 -39
31601194165454: 58 -52
70465911891574: 50 -60
104046342248: 52 -58
61073128139: 67 -43
75484162752: 67 -43
148997885746: 24 -86
31331350135108: 49 -61
93541518640: 35 -75
31331350135252: 35 -75
101271176480: 22 -88
82795547636: 18 -92
152088853522: 63 -47
31601194165454: 58 -52
70465911891574: 50 -60
104046342248: 52 -58
61073128139: 67 -43
75484162752: 67 -43
148997885746: 24 -86
31331350135108: 49 -61
93541518640: 35 -75
31331350135252: 35 -75
101271176480: 22 -88
82795547636: 18 -92
152088853522: 64 -46
31601194165454: 58 -52
70465911891574: 50 -60
104046342248: 52 -58
61073128139: 67 -43
75484162752: 67 -43
148997885746: 24 -86
31331350135108: 49 -61
93541518640: 35 -75
31331350135252: 35 -75
101271176480: 22 -88
82795547636: 18 -92
152088853522: 66 -44
31601194165454: 58 -52
70465911891574: 50 -60
104046342248: 52 -58
61073128139: 67 -43
75484162752: 67 -43
148997885746: 24 -86
31331350135108: 49 -61
93541518640: 35 -75
31331350135252: 35 -75
101271176480: 22 -88
82795547636: 18 -92
152088853522: 59 -51
31601194165454: 58 -52
70465911891574: 50 -60
104046342248: 52 -58
61073128139: 67 -43
75484162752: 67 -43
148997885746: 24 -86
31331350135108: 49 -61
93541518640: 35 -75
31331350135252: 35 -75
101271176480: 22 -88
82795547636: 18 -92
152088853522: 62 -48
31601194165454: 51 -59
70465911891574: 51 -59
104046342248: 59 -51
61073128139: 57 -53
75484162752: 64 -46
148997885746: 24 -86
31331350135108: 52 -58
93541518640: 24 -86
31331350135252: 35 -75
101271176480: 22 -88
82795547636: 18 -92
31331350132848: 37 -73
152088853522: 60 -50
31601194165454: 51 -59
70465911891574: 51 -59
104046342248: 59 -51
61073128139: 57 -53
75484162752: 64 -46
148997885746: 24 -86
31331350135108: 52 -58
93541518640: 24 -86
31331350135252: 35 -75
101271176480: 22 -88
82795547636: 18 -92
31331350132848: 37 -73
152088853522: 63 -47
31601194165454: 51 -59
70465911891574: 51 -59
104046342248: 59 -51
61073128139: 57 -53
75484162752: 64 -46
148997885746: 24 -86
31331350135108: 52 -58
93541518640: 24 -86
31331350135252: 35 -75
101271176480: 22 -88
82795547636: 18 -92
31331350132848: 37 -73
152088853522: 62 -48
31601194165454: 51 -59
70465911891574: 51 -59
104046342248: 59 -51
61073128139: 57 -53
75484162752: 64 -46
148997885746: 24 -86
31331350135108: 52 -58
93541518640: 24 -86
31331350135252: 35 -75
82795547636: 18 -92
31331350132848: 37 -73
152088853522: 65 -45
31601194165454: 51 -59
70465911891574: 51 -59
104046342248: 59 -51
61073128139: 57 -53
75484162752: 64 -46
148997885746: 24 -86
31331350135108: 52 -58
93541518640: 24 -86
31331350135252: 35 -75
82795547636: 18 -92
31331350132848: 37 -73
152088853522: 63 -47
31601194165454: 51 -59
70465911891574: 51 -59
104046342248: 59 -51
61073128139: 57 -53
75484162752: 64 -46
148997885746: 24 -86
31331350135108: 52 -58
93541518640: 24 -86
31331350135252: 35 -75
82795547636: 18 -92
31331350132848: 37 -73
152088853522: 59 -51
31601194165454: 51 -59
70465911891574: 51 -59
104046342248: 59 -51
61073128139: 57 -53
75484162752: 64 -46
148997885746: 24 -86
31331350135108: 52 -58
93541518640: 24 -86
31331350135252: 35 -75
82795547636: 18 -92
31331350132848: 37 -73
152088853522: 63 -47
31601194165454: 51 -59
70465911891574: 51 -59
104046342248: 59 -51
61073128139: 57 -53
75484162752: 64 -46
148997885746: 24 -86
31331350135108: 52 -58
93541518640: 24 -86
31331350135252: 35 -75
31331350132848: 37 -73
152088853522: 57 -53
31601194165454: 51 -59
70465911891574: 51 -59
104046342248: 59 -51
61073128139: 57 -53
75484162752: 64 -46
148997885746: 24 -86
31331350135108: 52 -58
93541518640: 24 -86
31331350135252: 35 -75
31331350132848: 37 -73
152088853522: 66 -44
31601194165454: 57 -53
70465911891574: 67 -43
104046342248: 22 -88
61073128139: 48 -62
75484162752: 62 -48
148997885746: 31 -79
31331350135108: 42 -68
93541518640: 24 -86
31331350135252: 35 -75
31331350132848: 37 -73
152088853522: 70 -39
31601194165454: 57 -53
70465911891574: 67 -43
104046342248: 22 -88
61073128139: 48 -62
75484162752: 62 -48
148997885746: 31 -79
31331350135108: 42 -68
93541518640: 24 -86
31331350135252: 35 -75
31331350132848: 37 -73
152088853522: 60 -50
31601194165454: 57 -53
70465911891574: 67 -43
104046342248: 22 -88
61073128139: 48 -62
75484162752: 62 -48
148997885746: 31 -79
31331350135108: 42 -68
93541518640: 24 -86
31331350135252: 35 -75
31331350132848: 37 -73
152088853522: 67 -43
31601194165454: 57 -53
70465911891574: 67 -43
104046342248: 22 -88
61073128139: 48 -62
75484162752: 62 -48
148997885746: 31 -79
31331350135108: 42 -68
93541518640: 24 -86
31331350135252: 35 -75
31331350132848: 37 -73
152088853522: 61 -49
31601194165454: 57 -53
70465911891574: 67 -43
104046342248: 22 -88
61073128139: 48 -62
75484162752: 62 -48
148997885746: 31 -79
31331350135108: 42 -68
93541518640: 24 -86
31331350135252: 35 -75
31331350132848: 37 -73
152088853522: 60 -50
31601194165454: 57 -53
70465911891574: 67 -43
104046342248: 22 -88
61073128139: 48 -62
75484162752: 62 -48
148997885746: 31 -79
31331350135108: 42 -68
93541518640: 24 -86
31331350135252: 35 -75
31331350132848: 37 -73
152088853522: 65 -45
31601194165454: 57 -53
70465911891574: 67 -43
104046342248: 22 -88
61073128139: 48 -62
75484162752: 62 -48
148997885746: 31 -79
31331350135108: 42 -68
93541518640: 24 -86
31331350135252: 35 -75
31331350132848: 37 -73
152088853522: 62 -48
31601194165454: 57 -53
70465911891574: 67 -43
104046342248: 22 -88
61073128139: 48 -62
75484162752: 62 -48
148997885746: 31 -79
31331350135108: 42 -68
93541518640: 24 -86
31331350135252: 35 -75
31331350132848: 37 -73
152088853522: 62 -48
31601194165454: 57 -53
70465911891574: 67 -43
104046342248: 22 -88
61073128139: 48 -62
75484162752: 62 -48
148997885746: 31 -79
31331350135108: 42 -68
93541518640: 24 -86
31331350135252: 35 -75
31331350132848: 37 -73
152088853522: 66 -44
31601194165454: 58 -52
70465911891574: 52 -58
104046342248: 63 -47
61073128139: 48 -62
75484162752: 64 -46
148997885746: 22 -88
31331350135108: 53 -57
93541518640: 24 -86
31331350135252: 35 -75
31331350132848: 37 -73
152088853522: 66 -44
31601194165454: 58 -52
70465911891574: 52 -58
104046342248: 63 -47
61073128139: 48 -62
75484162752: 64 -46
148997885746: 22 -88
31331350135108: 53 -57
93541518640: 24 -86
31331350135252: 35 -75
31331350132848: 37 -73
152088853522: 65 -45
31601194165454: 58 -52
70465911891574: 52 -58
104046342248: 63 -47
61073128139: 48 -62
75484162752: 64 -46
148997885746: 22 -88
31331350135108: 53 -57
93541518640: 24 -86
31331350135252: 35 -75
31331350132848: 37 -73
152088853522: 65 -45
31601194165454: 58 -52
70465911891574: 52 -58
104046342248: 63 -47
61073128139: 48 -62
75484162752: 64 -46
148997885746: 22 -88
31331350135108: 53 -57
93541518640: 24 -86
31331350135252: 35 -75
31331350132848: 37 -73
152088853522: 62 -48
31601194165454: 58 -52
70465911891574: 52 -58
104046342248: 63 -47
61073128139: 48 -62
75484162752: 64 -46
148997885746: 22 -88
31331350135108: 53 -57
93541518640: 24 -86
31331350135252: 35 -75
31331350132848: 37 -73
152088853522: 60 -50
31601194165454: 58 -52
70465911891574: 52 -58
104046342248: 63 -47
61073128139: 48 -62
75484162752: 64 -46
148997885746: 22 -88
31331350135108: 53 -57
93541518640: 24 -86
31331350135252: 35 -75
31331350132848: 37 -73
152088853522: 63 -47
31601194165454: 58 -52
70465911891574: 52 -58
104046342248: 63 -47
61073128139: 48 -62
75484162752: 64 -46
148997885746: 22 -88
31331350135108: 53 -57
93541518640: 24 -86
31331350135252: 35 -75
31331350132848: 37 -73
152088853522: 61 -49
31601194165454: 58 -52
70465911891574: 52 -58
104046342248: 63 -47
61073128139: 48 -62
75484162752: 64 -46
148997885746: 22 -88
31331350135108: 53 -57
93541518640: 24 -86
31331350135252: 35 -75
31331350132848: 37 -73
152088853522: 60 -50
31601194165454: 58 -52
70465911891574: 52 -58
104046342248: 63 -47
61073128139: 48 -62
75484162752: 64 -46
148997885746: 22 -88
31331350135108: 53 -57
93541518640: 24 -86
31331350135252: 35 -75
31331350132848: 37 -73
152088853522: 66 -44
31601194165454: 19 -91
70465911891574: 53 -57
104046342248: 59 -51
61073128139: 24 -86
75484162752: 60 -50
148997885746: 22 -88
31331350135108: 69 -41
93541518640: 24 -86
31331350135252: 25 -85
31331350132848: 45 -65
152088853522: 68 -42
31601194165454: 19 -91
70465911891574: 53 -57
104046342248: 59 -51
61073128139: 24 -86
75484162752: 60 -50
148997885746: 22 -88
31331350135108: 69 -41
93541518640: 24 -86
31331350135252: 25 -85
31331350132848: 45 -65
152088853522: 60 -50
31601194165454: 19 -91
70465911891574: 53 -57
104046342248: 59 -51
61073128139: 24 -86
75484162752: 60 -50
148997885746: 22 -88
31331350135108: 69 -41
93541518640: 24 -86
31331350135252: 25 -85
31331350132848: 45 -65
152088853522: 65 -45
31601194165454: 19 -91
70465911891574: 53 -57
104046342248: 59 -51
61073128139: 24 -86
75484162752: 60 -50
148997885746: 22 -88
31331350135108: 69 -41
93541518640: 24 -86
31331350135252: 25 -85
31331350132848: 45 -65
152088853522: 62 -48
31601194165454: 19 -91
70465911891574: 53 -57
104046342248: 59 -51
61073128139: 24 -86
75484162752: 60 -50
148997885746: 22 -88
31331350135108: 69 -41
93541518640: 24 -86
31331350135252: 25 -85
31331350132848: 45 -65
152088853522: 66 -44
31601194165454: 19 -91
70465911891574: 53 -57
104046342248: 59 -51
61073128139: 24 -86
75484162752: 60 -50
148997885746: 22 -88
31331350135108: 69 -41
93541518640: 24 -86
31331350135252: 25 -85
31331350132848: 45 -65
152088853522: 64 -46
31601194165454: 19 -91
70465911891574: 53 -57
104046342248: 59 -51
61073128139: 24 -86
75484162752: 60 -50
148997885746: 22 -88
31331350135108: 69 -41
93541518640: 24 -86
31331350135252: 25 -85
31331350132848: 45 -65
152088853522: 70 -40
31601194165454: 19 -91
70465911891574: 53 -57
104046342248: 59 -51
61073128139: 24 -86
75484162752: 60 -50
148997885746: 22 -88
31331350135108: 69 -41
93541518640: 24 -86
31331350135252: 25 -85
31331350132848: 45 -65
152088853522: 68 -42
31601194165454: 19 -91
70465911891574: 53 -57
104046342248: 59 -51
61073128139: 24 -86
75484162752: 60 -50
148997885746: 22 -88
31331350135108: 69 -41
93541518640: 24 -86
31331350135252: 25 -85
31331350132848: 45 -65
152088853522: 70 -40
31601194165454: 55 -55
70465911891574: 53 -57
104046342248: 57 -53
61073128139: 54 -56
75484162752: 64 -46
148997885746: 23 -87
31331350135108: 48 -62
93541518640: 24 -86
31331350135252: 28 -82
31331350132848: 49 -61
101271176480: 30 -80
152088853522: 70 -37
31601194165454: 55 -55
70465911891574: 53 -57
104046342248: 57 -53
61073128139: 54 -56
75484162752: 64 -46
148997885746: 23 -87
31331350135108: 48 -62
93541518640: 24 -86
31331350135252: 28 -82
31331350132848: 49 -61
101271176480: 30 -80
152088853522: 68 -42
31601194165454: 55 -55
70465911891574: 53 -57
104046342248: 57 -53
61073128139: 54 -56
75484162752: 64 -46
148997885746: 23 -87
31331350135108: 48 -62
31331350135252: 28 -82
31331350132848: 49 -61
101271176480: 30 -80
152088853522: 62 -48
31601194165454: 55 -55
70465911891574: 53 -57
104046342248: 57 -53
61073128139: 54 -56
75484162752: 64 -46
148997885746: 23 -87
31331350135108: 48 -62
31331350135252: 28 -82
31331350132848: 49 -61
101271176480: 30 -80
152088853522: 60 -50
31601194165454: 55 -55
70465911891574: 53 -57
104046342248: 57 -53
61073128139: 54 -56
75484162752: 64 -46
148997885746: 23 -87
31331350135108: 48 -62
31331350135252: 28 -82
31331350132848: 49 -61
101271176480: 30 -80
152088853522: 59 -51
31601194165454: 55 -55
70465911891574: 53 -57
104046342248: 57 -53
61073128139: 54 -56
75484162752: 64 -46
148997885746: 23 -87
31331350135108: 48 -62
31331350135252: 28 -82
31331350132848: 49 -61
101271176480: 30 -80
152088853522: 62 -48
31601194165454: 55 -55
70465911891574: 53 -57
104046342248: 57 -53
61073128139: 54 -56
75484162752: 64 -46
148997885746: 23 -87
31331350135108: 48 -62
31331350135252: 28 -82
31331350132848: 49 -61
101271176480: 30 -80
152088853522: 63 -47
31601194165454: 55 -55
70465911891574: 53 -57
104046342248: 57 -53
61073128139: 54 -56
75484162752: 64 -46
148997885746: 23 -87
31331350135108: 48 -62
31331350135252: 28 -82
31331350132848: 49 -61
101271176480: 30 -80
152088853522: 62 -48
31601194165454: 55 -55
70465911891574: 53 -57
104046342248: 57 -53
61073128139: 54 -56
75484162752: 64 -46
148997885746: 23 -87
31331350135108: 48 -62
31331350135252: 28 -82
31331350132848: 49 -61
101271176480: 30 -80
152088853522: 66 -44
31601194165454: 56 -54
70465911891574: 55 -55
104046342248: 41 -69
61073128139: 22 -88
75484162752: 63 -47
148997885746: 23 -87
31331350135108: 50 -60
31331350135252: 28 -82
31331350132848: 40 -70
101271176480: 30 -80
