152088853522: 68 -42
31601194165454: 63 -47
70465911891574: 63 -47
104046342248: 51 -59
61073128139: 25 -85
75484162752: 70 -38
148997885746: 22 -88
31331350135108: 45 -65
31331350132848: 49 -61
93541518640: 29 -81
152088853522: 67 -43
31601194165454: 63 -47
70465911891574: 63 -47
104046342248: 51 -59
61073128139: 25 -85
75484162752: 70 -38
148997885746: 22 -88
31331350135108: 45 -65
31331350132848: 49 -61
93541518640: 29 -81
152088853522: 66 -44
31601194165454: 63 -47
70465911891574: 63 -47
104046342248: 51 -59
61073128139: 25 -85
75484162752: 70 -38
148997885746: 22 -88
31331350135108: 45 -65
31331350132848: 49 -61
93541518640: 29 -81
152088853522: 66 -44
31601194165454: 63 -47
70465911891574: 63 -47
104046342248: 51 -59
61073128139: 25 -85
75484162752: 70 -38
148997885746: 22 -88
31331350135108: 45 -65
31331350132848: 49 -61
93541518640: 29 -81
152088853522: 68 -42
31601194165454: 63 -47
70465911891574: 63 -47
104046342248: 51 -59
61073128139: 25 -85
75484162752: 70 -38
148997885746: 22 -88
31331350135108: 45 -65
31331350132848: 49 -61
93541518640: 29 -81
152088853522: 67 -43
31601194165454: 63 -47
70465911891574: 63 -47
104046342248: 51 -59
61073128139: 25 -85
75484162752: 70 -38
148997885746: 22 -88
31331350135108: 45 -65
31331350132848: 49 -61
93541518640: 29 -81
152088853522: 69 -41
31601194165454: 63 -47
70465911891574: 63 -47
104046342248: 51 -59
61073128139: 25 -85
75484162752: 70 -38
148997885746: 22 -88
31331350135108: 45 -65
31331350132848: 49 -61
93541518640: 29 -81
152088853522: 67 -43
31601194165454: 63 -47
70465911891574: 63 -47
104046342248: 51 -59
61073128139: 25 -85
75484162752: 70 -38
148997885746: 22 -88
31331350135108: 45 -65
31331350132848: 49 -61
93541518640: 29 -81
152088853522: 68 -42
31601194165454: 63 -47
70465911891574: 63 -47
104046342248: 51 -59
61073128139: 25 -85
75484162752: 70 -38
148997885746: 22 -88
31331350135108: 45 -65
31331350132848: 49 -61
93541518640: 29 -81
152088853522: 67 -43
31601194165454: 57 -53
70465911891574: 56 -54
104046342248: 57 -53
61073128139: 24 -86
75484162752: 67 -43
148997885746: 22 -88
31331350135108: 39 -71
31331350132848: 49 -61
93541518640: 34 -76
82795547636: 20 -90
152088853522: 63 -47
31601194165454: 57 -53
70465911891574: 56 -54
104046342248: 57 -53
61073128139: 24 -86
75484162752: 67 -43
148997885746: 22 -88
31331350135108: 39 -71
31331350132848: 49 -61
93541518640: 34 -76
82795547636: 20 -90
152088853522: 70 -38
31601194165454: 57 -53
70465911891574: 56 -54
104046342248: 57 -53
61073128139: 24 -86
75484162752: 67 -43
148997885746: 22 -88
31331350135108: 39 -71
31331350132848: 49 -61
93541518640: 34 -76
82795547636: 20 -90
152088853522: 69 -41
31601194165454: 57 -53
70465911891574: 56 -54
104046342248: 57 -53
61073128139: 24 -86
75484162752: 67 -43
148997885746: 22 -88
31331350135108: 39 -71
31331350132848: 49 -61
93541518640: 34 -76
82795547636: 20 -90
152088853522: 70 -39
31601194165454: 57 -53
70465911891574: 56 -54
104046342248: 57 -53
61073128139: 24 -86
75484162752: 67 -43
148997885746: 22 -88
31331350135108: 39 -71
31331350132848: 49 -61
93541518640: 34 -76
82795547636: 20 -90
152088853522: 68 -42
31601194165454: 57 -53
70465911891574: 56 -54
104046342248: 57 -53
61073128139: 24 -86
75484162752: 67 -43
148997885746: 22 -88
31331350135108: 39 -71
31331350132848: 49 -61
93541518640: 34 -76
82795547636: 20 -90
152088853522: 63 -47
31601194165454: 57 -53
70465911891574: 56 -54
104046342248: 57 -53
61073128139: 24 -86
75484162752: 67 -43
148997885746: 22 -88
31331350135108: 39 -71
31331350132848: 49 -61
93541518640: 34 -76
82795547636: 20 -90
152088853522: 66 -44
31601194165454: 57 -53
70465911891574: 56 -54
104046342248: 57 -53
61073128139: 24 -86
75484162752: 67 -43
148997885746: 22 -88
31331350135108: 39 -71
31331350132848: 49 -61
93541518640: 34 -76
82795547636: 20 -90
152088853522: 69 -41
31601194165454: 57 -53
70465911891574: 56 -54
104046342248: 57 -53
61073128139: 24 -86
75484162752: 67 -43
148997885746: 22 -88
31331350135108: 39 -71
31331350132848: 49 -61
93541518640: 34 -76
82795547636: 20 -90
152088853522: 66 -44
31601194165454: 59 -51
70465911891574: 59 -51
104046342248: 65 -45
61073128139: 29 -81
75484162752: 67 -43
148997885746: 28 -82
31331350135108: 42 -68
31331350132848: 57 -53
93541518640: 34 -76
82795547636: 20 -90
152088853522: 67 -43
31601194165454: 59 -51
70465911891574: 59 -51
104046342248: 65 -45
61073128139: 29 -81
75484162752: 67 -43
148997885746: 28 -82
31331350135108: 42 -68
31331350132848: 57 -53
93541518640: 34 -76
82795547636: 20 -90
152088853522: 68 -42
31601194165454: 59 -51
70465911891574: 59 -51
104046342248: 65 -45
61073128139: 29 -81
75484162752: 67 -43
148997885746: 28 -82
31331350135108: 42 -68
31331350132848: 57 -53
93541518640: 34 -76
82795547636: 20 -90
152088853522: 63 -47
31601194165454: 59 -51
70465911891574: 59 -51
104046342248: 65 -45
61073128139: 29 -81
75484162752: 67 -43
148997885746: 28 -82
31331350135108: 42 -68
31331350132848: 57 -53
93541518640: 34 -76
82795547636: 20 -90
152088853522: 62 -48
31601194165454: 59 -51
70465911891574: 59 -51
104046342248: 65 -45
61073128139: 29 -81
75484162752: 67 -43
148997885746: 28 -82
31331350135108: 42 -68
31331350132848: 57 -53
93541518640: 34 -76
82795547636: 20 -90
152088853522: 64 -46
31601194165454: 59 -51
70465911891574: 59 -51
104046342248: 65 -45
61073128139: 29 -81
75484162752: 67 -43
148997885746: 28 -82
31331350135108: 42 -68
31331350132848: 57 -53
93541518640: 34 -76
82795547636: 20 -90
152088853522: 63 -47
31601194165454: 59 -51
70465911891574: 59 -51
104046342248: 65 -45
61073128139: 29 -81
75484162752: 67 -43
148997885746: 28 -82
31331350135108: 42 -68
31331350132848: 57 -53
93541518640: 34 -76
82795547636: 20 -90
152088853522: 70 -40
31601194165454: 59 -51
70465911891574: 59 -51
104046342248: 65 -45
61073128139: 29 -81
75484162752: 67 -43
148997885746: 28 -82
31331350135108: 42 -68
31331350132848: 57 -53
93541518640: 34 -76
82795547636: 20 -90
152088853522: 67 -43
31601194165454: 59 -51
70465911891574: 59 -51
104046342248: 65 -45
61073128139: 29 -81
75484162752: 67 -43
148997885746: 28 -82
31331350135108: 42 -68
31331350132848: 57 -53
93541518640: 34 -76
82795547636: 20 -90
152088853522: 67 -43
31601194165454: 58 -52
70465911891574: 20 -90
104046342248: 51 -59
61073128139: 55 -55
75484162752: 68 -42
148997885746: 24 -86
31331350135108: 27 -83
31331350132848: 55 -55
93541518640: 32 -78
82795547636: 20 -90
31331350135252: 26 -84
152088853522: 66 -44
31601194165454: 58 -52
70465911891574: 20 -90
104046342248: 51 -59
61073128139: 55 -55
75484162752: 68 -42
148997885746: 24 -86
31331350135108: 27 -83
31331350132848: 55 -55
93541518640: 32 -78
82795547636: 20 -90
31331350135252: 26 -84
152088853522: 69 -41
31601194165454: 58 -52
70465911891574: 20 -90
104046342248: 51 -59
61073128139: 55 -55
75484162752: 68 -42
148997885746: 24 -86
31331350135108: 27 -83
31331350132848: 55 -55
93541518640: 32 -78
82795547636: 20 -90
31331350135252: 26 -84
152088853522: 69 -41
31601194165454: 58 -52
70465911891574: 20 -90
104046342248: 51 -59
61073128139: 55 -55
75484162752: 68 -42
148997885746: 24 -86
31331350135108: 27 -83
31331350132848: 55 -55
93541518640: 32 -78
82795547636: 20 -90
31331350135252: 26 -84
152088853522: 67 -43
31601194165454: 58 -52
70465911891574: 20 -90
104046342248: 51 -59
61073128139: 55 -55
75484162752: 68 -42
148997885746: 24 -86
31331350135108: 27 -83
31331350132848: 55 -55
93541518640: 32 -78
82795547636: 20 -90
31331350135252: 26 -84
152088853522: 67 -43
31601194165454: 58 -52
70465911891574: 20 -90
104046342248: 51 -59
61073128139: 55 -55
75484162752: 68 -42
148997885746: 24 -86
31331350135108: 27 -83
31331350132848: 55 -55
93541518640: 32 -78
82795547636: 20 -90
31331350135252: 26 -84
152088853522: 65 -45
31601194165454: 58 -52
70465911891574: 20 -90
104046342248: 51 -59
61073128139: 55 -55
75484162752: 68 -42
148997885746: 24 -86
31331350135108: 27 -83
31331350132848: 55 -55
93541518640: 32 -78
82795547636: 20 -90
31331350135252: 26 -84
152088853522: 67 -43
31601194165454: 58 -52
70465911891574: 20 -90
104046342248: 51 -59
61073128139: 55 -55
75484162752: 68 -42
148997885746: 24 -86
31331350135108: 27 -83
31331350132848: 55 -55
93541518640: 32 -78
82795547636: 20 -90
31331350135252: 26 -84
152088853522: 65 -45
31601194165454: 58 -52
70465911891574: 20 -90
104046342248: 51 -59
61073128139: 55 -55
75484162752: 68 -42
148997885746: 24 -86
31331350135108: 27 -83
31331350132848: 55 -55
93541518640: 32 -78
82795547636: 20 -90
31331350135252: 26 -84
152088853522: 67 -43
31601194165454: 52 -58
70465911891574: 16 -94
104046342248: 64 -46
61073128139: 23 -87
75484162752: 70 -40
148997885746: 25 -85
31331350135108: 34 -76
31331350132848: 55 -55
93541518640: 33 -77
82795547636: 20 -90
31331350135252: 26 -84
164729952490: 33 -77
152088853522: 67 -43
31601194165454: 52 -58
70465911891574: 16 -94
104046342248: 64 -46
61073128139: 23 -87
75484162752: 70 -40
148997885746: 25 -85
31331350135108: 34 -76
31331350132848: 55 -55
93541518640: 33 -77
82795547636: 20 -90
31331350135252: 26 -84
164729952490: 33 -77
152088853522: 67 -43
31601194165454: 52 -58
70465911891574: 16 -94
104046342248: 64 -46
61073128139: 23 -87
75484162752: 70 -40
148997885746: 25 -85
31331350135108: 34 -76
31331350132848: 55 -55
93541518640: 33 -77
82795547636: 20 -90
31331350135252: 26 -84
164729952490: 33 -77
152088853522: 65 -45
31601194165454: 52 -58
70465911891574: 16 -94
104046342248: 64 -46
61073128139: 23 -87
75484162752: 70 -40
148997885746: 25 -85
31331350135108: 34 -76
31331350132848: 55 -55
93541518640: 33 -77
82795547636: 20 -90
31331350135252: 26 -84
164729952490: 33 -77
152088853522: 67 -43
31601194165454: 52 -58
70465911891574: 16 -94
104046342248: 64 -46
61073128139: 23 -87
75484162752: 70 -40
148997885746: 25 -85
31331350135108: 34 -76
31331350132848: 55 -55
93541518640: 33 -77
82795547636: 20 -90
31331350135252: 26 -84
164729952490: 33 -77
152088853522: 64 -46
31601194165454: 52 -58
70465911891574: 16 -94
104046342248: 64 -46
61073128139: 23 -87
75484162752: 70 -40
148997885746: 25 -85
31331350135108: 34 -76
31331350132848: 55 -55
93541518640: 33 -77
82795547636: 20 -90
31331350135252: 26 -84
164729952490: 33 -77
152088853522: 64 -46
31601194165454: 52 -58
70465911891574: 16 -94
104046342248: 64 -46
61073128139: 23 -87
75484162752: 70 -40
148997885746: 25 -85
31331350135108: 34 -76
31331350132848: 55 -55
93541518640: 33 -77
82795547636: 20 -90
31331350135252: 26 -84
164729952490: 33 -77
152088853522: 66 -44
31601194165454: 52 -58
70465911891574: 16 -94
104046342248: 64 -46
61073128139: 23 -87
75484162752: 70 -40
148997885746: 25 -85
31331350135108: 34 -76
31331350132848: 55 -55
93541518640: 33 -77
82795547636: 20 -90
31331350135252: 26 -84
164729952490: 33 -77
152088853522: 66 -44
31601194165454: 52 -58
70465911891574: 16 -94
104046342248: 64 -46
61073128139: 23 -87
75484162752: 70 -40
148997885746: 25 -85
31331350135108: 34 -76
31331350132848: 55 -55
93541518640: 33 -77
82795547636: 20 -90
31331350135252: 26 -84
164729952490: 33 -77
152088853522: 62 -48
31601194165454: 65 -45
70465911891574: 62 -48
104046342248: 59 -51
61073128139: 59 -51
75484162752: 70 -37
148997885746: 30 -80
31331350135108: 48 -62
31331350132848: 49 -61
93541518640: 29 -81
82795547636: 20 -90
31331350135252: 26 -84
164729952490: 38 -72
152088853522: 61 -49
31601194165454: 65 -45
70465911891574: 62 -48
104046342248: 59 -51
61073128139: 59 -51
75484162752: 70 -37
148997885746: 30 -80
31331350135108: 48 -62
31331350132848: 49 -61
93541518640: 29 -81
82795547636: 20 -90
31331350135252: 26 -84
164729952490: 38 -72
152088853522: 68 -42
31601194165454: 65 -45
70465911891574: 62 -48
104046342248: 59 -51
61073128139: 59 -51
75484162752: 70 -37
148997885746: 30 -80
31331350135108: 48 -62
31331350132848: 49 -61
93541518640: 29 -81
82795547636: 20 -90
31331350135252: 26 -84
164729952490: 38 -72
152088853522: 59 -51
31601194165454: 65 -45
70465911891574: 62 -48
104046342248: 59 -51
61073128139: 59 -51
75484162752: 70 -37
148997885746: 30 -80
31331350135108: 48 -62
31331350132848: 49 -61
93541518640: 29 -81
82795547636: 20 -90
31331350135252: 26 -84
164729952490: 38 -72
152088853522: 67 -43
31601194165454: 65 -45
70465911891574: 62 -48
104046342248: 59 -51
61073128139: 59 -51
75484162752: 70 -37
148997885746: 30 -80
31331350135108: 48 -62
31331350132848: 49 -61
93541518640: 29 -81
82795547636: 20 -90
31331350135252: 26 -84
164729952490: 38 -72
152088853522: 66 -44
31601194165454: 65 -45
70465911891574: 62 -48
104046342248: 59 -51
61073128139: 59 -51
75484162752: 70 -37
148997885746: 30 -80
31331350135108: 48 -62
31331350132848: 49 -61
93541518640: 29 -81
82795547636: 20 -90
31331350135252: 26 -84
164729952490: 38 -72
152088853522: 61 -49
31601194165454: 65 -45
70465911891574: 62 -48
104046342248: 59 -51
61073128139: 59 -51
75484162752: 70 -37
148997885746: 30 -80
31331350135108: 48 -62
31331350132848: 49 -61
93541518640: 29 -81
82795547636: 20 -90
31331350135252: 26 -84
164729952490: 38 -72
152088853522: 69 -41
31601194165454: 65 -45
70465911891574: 62 -48
104046342248: 59 -51
61073128139: 59 -51
75484162752: 70 -37
148997885746: 30 -80
31331350135108: 48 -62
31331350132848: 49 -61
93541518640: 29 -81
82795547636: 20 -90
31331350135252: 26 -84
164729952490: 38 -72
152088853522: 70 -40
31601194165454: 65 -45
70465911891574: 62 -48
104046342248: 59 -51
61073128139: 59 -51
75484162752: 70 -37
148997885746: 30 -80
31331350135108: 48 -62
31331350132848: 49 -61
93541518640: 29 -81
82795547636: 20 -90
31331350135252: 26 -84
164729952490: 38 -72
152088853522: 66 -44
31601194165454: 59 -51
70465911891574: 56 -54
104046342248: 59 -51
61073128139: 64 -46
75484162752: 61 -49
148997885746: 37 -73
31331350135108: 42 -68
31331350132848: 49 -61
93541518640: 29 -81
82795547636: 20 -90
31331350135252: 26 -84
164729952490: 38 -72
152088853522: 66 -44
31601194165454: 59 -51
70465911891574: 56 -54
104046342248: 59 -51
61073128139: 64 -46
75484162752: 61 -49
148997885746: 37 -73
31331350135108: 42 -68
31331350132848: 49 -61
93541518640: 29 -81
82795547636: 20 -90
31331350135252: 26 -84
164729952490: 38 -72
152088853522: 66 -44
31601194165454: 59 -51
70465911891574: 56 -54
104046342248: 59 -51
61073128139: 64 -46
75484162752: 61 -49
148997885746: 37 -73
31331350135108: 42 -68
31331350132848: 49 -61
93541518640: 29 -81
82795547636: 20 -90
31331350135252: 26 -84
164729952490: 38 -72
152088853522: 66 -44
31601194165454: 59 -51
70465911891574: 56 -54
104046342248: 59 -51
61073128139: 64 -46
75484162752: 61 -49
148997885746: 37 -73
31331350135108: 42 -68
31331350132848: 49 -61
93541518640: 29 -81
82795547636: 20 -90
31331350135252: 26 -84
164729952490: 38 -72
152088853522: 65 -45
31601194165454: 59 -51
70465911891574: 56 -54
104046342248: 59 -51
61073128139: 64 -46
75484162752: 61 -49
148997885746: 37 -73
31331350135108: 42 -68
31331350132848: 49 -61
93541518640: 29 -81
82795547636: 20 -90
31331350135252: 26 -84
164729952490: 38 -72
152088853522: 66 -44
31601194165454: 59 -51
70465911891574: 56 -54
104046342248: 59 -51
61073128139: 64 -46
75484162752: 61 -49
148997885746: 37 -73
31331350135108: 42 -68
31331350132848: 49 -61
93541518640: 29 -81
82795547636: 20 -90
31331350135252: 26 -84
164729952490: 38 -72
152088853522: 70 -39
31601194165454: 59 -51
70465911891574: 56 -54
104046342248: 59 -51
61073128139: 64 -46
75484162752: 61 -49
148997885746: 37 -73
31331350135108: 42 -68
31331350132848: 49 -61
93541518640: 29 -81
82795547636: 20 -90
31331350135252: 26 -84
164729952490: 38 -72
152088853522: 69 -41
31601194165454: 59 -51
70465911891574: 56 -54
104046342248: 59 -51
61073128139: 64 -46
75484162752: 61 -49
148997885746: 37 -73
31331350135108: 42 -68
31331350132848: 49 -61
93541518640: 29 -81
82795547636: 20 -90
31331350135252: 26 -84
164729952490: 38 -72
152088853522: 70 -39
31601194165454: 59 -51
70465911891574: 56 -54
104046342248: 59 -51
61073128139: 64 -46
75484162752: 61 -49
148997885746: 37 -73
31331350135108: 42 -68
31331350132848: 49 -61
93541518640: 29 -81
82795547636: 20 -90
31331350135252: 26 -84
164729952490: 38 -72
152088853522: 68 -42
31601194165454: 52 -58
70465911891574: 60 -50
104046342248: 46 -64
61073128139: 26 -84
75484162752: 66 -44
148997885746: 41 -69
31331350135108: 29 -81
31331350132848: 49 -61
93541518640: 33 -77
82795547636: 20 -90
31331350135252: 30 -80
164729952490: 38 -72
152088853522: 69 -41
31601194165454: 52 -58
70465911891574: 60 -50
104046342248: 46 -64
61073128139: 26 -84
75484162752: 66 -44
148997885746: 41 -69
31331350135108: 29 -81
31331350132848: 49 -61
93541518640: 33 -77
82795547636: 20 -90
31331350135252: 30 -80
164729952490: 38 -72
152088853522: 70 -39
31601194165454: 52 -58
70465911891574: 60 -50
104046342248: 46 -64
61073128139: 26 -84
75484162752: 66 -44
148997885746: 41 -69
31331350135108: 29 -81
31331350132848: 49 -61
93541518640: 33 -77
82795547636: 20 -90
31331350135252: 30 -80
164729952490: 38 -72
152088853522: 70 -39
31601194165454: 52 -58
70465911891574: 60 -50
104046342248: 46 -64
61073128139: 26 -84
75484162752: 66 -44
148997885746: 41 -69
31331350135108: 29 -81
31331350132848: 49 -61
93541518640: 33 -77
82795547636: 20 -90
31331350135252: 30 -80
164729952490: 38 -72
152088853522: 70 -39
31601194165454: 52 -58
70465911891574: 60 -50
104046342248: 46 -64
61073128139: 26 -84
75484162752: 66 -44
148997885746: 41 -69
31331350135108: 29 -81
31331350132848: 49 -61
93541518640: 33 -77
82795547636: 20 -90
31331350135252: 30 -80
164729952490: 38 -72
152088853522: 68 -42
31601194165454: 52 -58
70465911891574: 60 -50
104046342248: 46 -64
61073128139: 26 -84
75484162752: 66 -44
148997885746: 41 -69
31331350135108: 29 -81
31331350132848: 49 -61
93541518640: 33 -77
82795547636: 20 -90
31331350135252: 30 -80
164729952490: 38 -72
152088853522: 69 -41
31601194165454: 52 -58
70465911891574: 60 -50
104046342248: 46 -64
61073128139: 26 -84
75484162752: 66 -44
148997885746: 41 -69
31331350135108: 29 -81
31331350132848: 49 -61
93541518640: 33 -77
82795547636: 20 -90
31331350135252: 30 -80
164729952490: 38 -72
152088853522: 21 -89
31601194165454: 52 -58
70465911891574: 60 -50
104046342248: 46 -64
61073128139: 26 -84
75484162752: 66 -44
148997885746: 41 -69
31331350135108: 29 -81
31331350132848: 49 -61
93541518640: 33 -77
82795547636: 20 -90
31331350135252: 30 -80
164729952490: 38 -72
152088853522: 68 -42
31601194165454: 52 -58
70465911891574: 60 -50
104046342248: 46 -64
61073128139: 26 -84
75484162752: 66 -44
148997885746: 41 -69
31331350135108: 29 -81
31331350132848: 49 -61
93541518640: 33 -77
82795547636: 20 -90
31331350135252: 30 -80
164729952490: 38 -72
152088853522: 70 -39
31601194165454: 51 -59
70465911891574: 61 -49
104046342248: 52 -58
61073128139: 60 -50
75484162752: 62 -48
148997885746: 39 -71
31331350135108: 29 -81
31331350132848: 49 -61
93541518640: 35 -75
82795547636: 20 -90
31331350135252: 30 -80
164729952490: 37 -73
152088853522: 69 -41
31601194165454: 51 -59
70465911891574: 61 -49
104046342248: 52 -58
61073128139: 60 -50
75484162752: 62 -48
148997885746: 39 -71
31331350135108: 29 -81
31331350132848: 49 -61
93541518640: 35 -75
82795547636: 20 -90
31331350135252: 30 -80
164729952490: 37 -73
152088853522: 70 -36
31601194165454: 51 -59
70465911891574: 61 -49
104046342248: 52 -58
61073128139: 60 -50
75484162752: 62 -48
148997885746: 39 -71
31331350135108: 29 -81
31331350132848: 49 -61
93541518640: 35 -75
82795547636: 20 -90
31331350135252: 30 -80
164729952490: 37 -73
152088853522: 70 -39
31601194165454: 51 -59
70465911891574: 61 -49
104046342248: 52 -58
61073128139: 60 -50
75484162752: 62 -48
148997885746: 39 -71
31331350135108: 29 -81
31331350132848: 49 -61
93541518640: 35 -75
82795547636: 20 -90
31331350135252: 30 -80
164729952490: 37 -73
152088853522: 70 -40
31601194165454: 51 -59
70465911891574: 61 -49
104046342248: 52 -58
61073128139: 60 -50
75484162752: 62 -48
148997885746: 39 -71
31331350135108: 29 -81
31331350132848: 49 -61
93541518640: 35 -75
82795547636: 20 -90
31331350135252: 30 -80
164729952490: 37 -73
152088853522: 70 -39
31601194165454: 51 -59
70465911891574: 61 -49
104046342248: 52 -58
61073128139: 60 -50
75484162752: 62 -48
148997885746: 39 -71
31331350135108: 29 -81
31331350132848: 49 -61
93541518640: 35 -75
82795547636: 20 -90
31331350135252: 30 -80
164729952490: 37 -73
152088853522: 70 -40
31601194165454: 51 -59
70465911891574: 61 -49
104046342248: 52 -58
61073128139: 60 -50
75484162752: 62 -48
148997885746: 39 -71
31331350135108: 29 -81
31331350132848: 49 -61
93541518640: 35 -75
82795547636: 20 -90
31331350135252: 30 -80
164729952490: 37 -73
152088853522: 70 -40
31601194165454: 51 -59
70465911891574: 61 -49
104046342248: 52 -58
61073128139: 60 -50
75484162752: 62 -48
148997885746: 39 -71
31331350135108: 29 -81
31331350132848: 49 -61
93541518640: 35 -75
82795547636: 20 -90
31331350135252: 30 -80
164729952490: 37 -73
152088853522: 69 -41
31601194165454: 51 -59
70465911891574: 61 -49
104046342248: 52 -58
61073128139: 60 -50
75484162752: 62 -48
148997885746: 39 -71
31331350135108: 29 -81
31331350132848: 49 -61
93541518640: 35 -75
82795547636: 20 -90
31331350135252: 30 -80
164729952490: 37 -73
152088853522: 70 -39
31601194165454: 55 -55
70465911891574: 21 -89
104046342248: 60 -50
61073128139: 59 -51
75484162752: 58 -52
148997885746: 39 -71
31331350135108: 42 -68
31331350132848: 49 -61
93541518640: 35 -75
82795547636: 20 -90
31331350135252: 30 -80
164729952490: 37 -73
152088853522: 70 -39
31601194165454: 55 -55
70465911891574: 21 -89
104046342248: 60 -50
61073128139: 59 -51
75484162752: 58 -52
148997885746: 39 -71
31331350135108: 42 -68
31331350132848: 49 -61
93541518640: 35 -75
82795547636: 20 -90
31331350135252: 30 -80
164729952490: 37 -73
152088853522: 69 -41
31601194165454: 55 -55
70465911891574: 21 -89
104046342248: 60 -50
61073128139: 59 -51
75484162752: 58 -52
148997885746: 39 -71
31331350135108: 42 -68
31331350132848: 49 -61
93541518640: 35 -75
82795547636: 20 -90
31331350135252: 30 -80
164729952490: 37 -73
152088853522: 70 -40
31601194165454: 55 -55
70465911891574: 21 -89
104046342248: 60 -50
61073128139: 59 -51
75484162752: 58 -52
148997885746: 39 -71
31331350135108: 42 -68
31331350132848: 49 -61
93541518640: 35 -75
31331350135252: 30 -80
164729952490: 37 -73
152088853522: 70 -38
31601194165454: 55 -55
70465911891574: 21 -89
104046342248: 60 -50
61073128139: 59 -51
75484162752: 58 -52
148997885746: 39 -71
31331350135108: 42 -68
31331350132848: 49 -61
93541518640: 35 -75
31331350135252: 30 -80
164729952490: 37 -73
152088853522: 69 -41
31601194165454: 55 -55
70465911891574: 21 -89
104046342248: 60 -50
61073128139: 59 -51
75484162752: 58 -52
148997885746: 39 -71
31331350135108: 42 -68
31331350132848: 49 -61
93541518640: 35 -75
31331350135252: 30 -80
164729952490: 37 -73
152088853522: 70 -39
31601194165454: 55 -55
70465911891574: 21 -89
104046342248: 60 -50
61073128139: 59 -51
75484162752: 58 -52
148997885746: 39 -71
31331350135108: 42 -68
31331350132848: 49 -61
93541518640: 35 -75
31331350135252: 30 -80
164729952490: 37 -73
152088853522: 70 -39
31601194165454: 55 -55
70465911891574: 21 -89
104046342248: 60 -50
61073128139: 59 -51
75484162752: 58 -52
148997885746: 39 -71
31331350135108: 42 -68
31331350132848: 49 -61
93541518640: 35 -75
31331350135252: 30 -80
164729952490: 37 -73
152088853522: 70 -39
31601194165454: 55 -55
70465911891574: 21 -89
104046342248: 60 -50
61073128139: 59 -51
75484162752: 58 -52
148997885746: 39 -71
31331350135108: 42 -68
31331350132848: 49 -61
93541518640: 35 -75
31331350135252: 30 -80
164729952490: 37 -73
152088853522: 70 -37
31601194165454: 54 -56
70465911891574: 30 -80
104046342248: 64 -46
61073128139: 22 -88
75484162752: 59 -51
148997885746: 33 -77
31331350135108: 37 -73
31331350132848: 49 -61
93541518640: 35 -75
31331350135252: 30 -80
164729952490: 37 -73
152088853522: 69 -41
31601194165454: 54 -56
70465911891574: 30 -80
104046342248: 64 -46
61073128139: 22 -88
75484162752: 59 -51
148997885746: 33 -77
31331350135108: 37 -73
31331350132848: 49 -61
93541518640: 35 -75
31331350135252: 30 -80
164729952490: 37 -73
152088853522: 69 -41
31601194165454: 54 -56
70465911891574: 30 -80
104046342248: 64 -46
61073128139: 22 -88
75484162752: 59 -51
148997885746: 33 -77
31331350135108: 37 -73
31331350132848: 49 -61
93541518640: 35 -75
31331350135252: 30 -80
164729952490: 37 -73
152088853522: 70 -38
31601194165454: 54 -56
70465911891574: 30 -80
104046342248: 64 -46
61073128139: 22 -88
75484162752: 59 -51
148997885746: 33 -77
31331350135108: 37 -73
31331350132848: 49 -61
93541518640: 35 -75
31331350135252: 30 -80
164729952490: 37 -73
152088853522: 69 -41
31601194165454: 54 -56
70465911891574: 30 -80
104046342248: 64 -46
61073128139: 22 -88
75484162752: 59 -51
148997885746: 33 -77
31331350135108: 37 -73
31331350132848: 49 -61
93541518640: 35 -75
31331350135252: 30 -80
164729952490: 37 -73
152088853522: 69 -41
31601194165454: 54 -56
70465911891574: 30 -80
104046342248: 64 -46
61073128139: 22 -88
75484162752: 59 -51
148997885746: 33 -77
31331350135108: 37 -73
31331350132848: 49 -61
93541518640: 35 -75
31331350135252: 30 -80
164729952490: 37 -73
152088853522: 69 -41
31601194165454: 54 -56
70465911891574: 30 -80
104046342248: 64 -46
61073128139: 22 -88
75484162752: 59 -51
148997885746: 33 -77
31331350135108: 37 -73
31331350132848: 49 -61
93541518640: 35 -75
31331350135252: 30 -80
164729952490: 37 -73
152088853522: 70 -38
31601194165454: 54 -56
70465911891574: 30 -80
104046342248: 64 -46
61073128139: 22 -88
75484162752: 59 -51
148997885746: 33 -77
31331350135108: 37 -73
31331350132848: 49 -61
93541518640: 35 -75
31331350135252: 30 -80
164729952490: 37 -73
152088853522: 65 -45
31601194165454: 54 -56
70465911891574: 30 -80
104046342248: 64 -46
61073128139: 22 -88
75484162752: 59 -51
148997885746: 33 -77
31331350135108: 37 -73
31331350132848: 49 -61
93541518640: 35 -75
31331350135252: 30 -80
164729952490: 37 -73
152088853522: 69 -41
31601194165454: 56 -54
70465911891574: 70 -36
104046342248: 52 -58
61073128139: 63 -47
75484162752: 70 -40
148997885746: 40 -70
31331350135108: 41 -69
31331350132848: 41 -69
93541518640: 35 -75
31331350135252: 30 -80
164729952490: 37 -73
