152088853522: 70 -33
31601194165454: 49 -61
70465911891574: 58 -52
104046342248: 55 -55
61073128139: 63 -47
75484162752: 70 -40
148997885746: 45 -65
31331350135108: 37 -73
31331350135252: 34 -76
82795547636: 20 -90
31331350132848: 49 -61
93541518640: 28 -82
164729952490: 36 -74
6618847380691: 23 -87
152088853522: 70 -34
31601194165454: 49 -61
70465911891574: 58 -52
104046342248: 55 -55
61073128139: 63 -47
75484162752: 70 -40
148997885746: 45 -65
31331350135108: 37 -73
31331350135252: 34 -76
82795547636: 20 -90
31331350132848: 49 -61
93541518640: 28 -82
164729952490: 36 -74
6618847380691: 23 -87
152088853522: 69 -41
31601194165454: 49 -61
70465911891574: 58 -52
104046342248: 55 -55
61073128139: 63 -47
75484162752: 70 -40
148997885746: 45 -65
31331350135108: 37 -73
31331350135252: 34 -76
82795547636: 20 -90
31331350132848: 49 -61
93541518640: 28 -82
164729952490: 36 -74
6618847380691: 23 -87
152088853522: 67 -43
31601194165454: 49 -61
70465911891574: 58 -52
104046342248: 55 -55
61073128139: 63 -47
75484162752: 70 -40
148997885746: 45 -65
31331350135108: 37 -73
31331350135252: 34 -76
82795547636: 20 -90
31331350132848: 49 -61
93541518640: 28 -82
164729952490: 36 -74
6618847380691: 23 -87
152088853522: 67 -43
31601194165454: 49 -61
70465911891574: 58 -52
104046342248: 55 -55
61073128139: 63 -47
75484162752: 70 -40
148997885746: 45 -65
31331350135108: 37 -73
31331350135252: 34 -76
82795547636: 20 -90
31331350132848: 49 -61
93541518640: 28 -82
164729952490: 36 -74
6618847380691: 23 -87
152088853522: 66 -44
31601194165454: 49 -61
70465911891574: 58 -52
104046342248: 55 -55
61073128139: 63 -47
75484162752: 70 -40
148997885746: 45 -65
31331350135108: 37 -73
31331350135252: 34 -76
82795547636: 20 -90
31331350132848: 49 -61
93541518640: 28 -82
164729952490: 36 -74
6618847380691: 23 -87
152088853522: 70 -40
31601194165454: 49 -61
70465911891574: 58 -52
104046342248: 55 -55
61073128139: 63 -47
75484162752: 70 -40
148997885746: 45 -65
31331350135108: 37 -73
31331350135252: 34 -76
82795547636: 20 -90
31331350132848: 49 -61
93541518640: 28 -82
164729952490: 36 -74
152088853522: 68 -42
31601194165454: 49 -61
70465911891574: 58 -52
104046342248: 55 -55
61073128139: 63 -47
75484162752: 70 -40
148997885746: 45 -65
31331350135108: 37 -73
31331350135252: 34 -76
82795547636: 20 -90
164729952490: 36 -74
152088853522: 67 -43
31601194165454: 49 -61
70465911891574: 58 -52
104046342248: 55 -55
61073128139: 63 -47
75484162752: 70 -40
148997885746: 45 -65
31331350135108: 37 -73
82795547636: 20 -90
164729952490: 36 -74
152088853522: 60 -50
31601194165454: 54 -56
70465911891574: 60 -50
104046342248: 54 -56
61073128139: 65 -45
75484162752: 58 -52
148997885746: 42 -68
31331350135108: 42 -68
82795547636: 19 -91
164729952490: 36 -74
31331350135252: 38 -72
152088853522: 59 -51
31601194165454: 54 -56
70465911891574: 60 -50
104046342248: 54 -56
61073128139: 65 -45
75484162752: 58 -52
148997885746: 42 -68
31331350135108: 42 -68
82795547636: 19 -91
164729952490: 36 -74
31331350135252: 38 -72
152088853522: 66 -44
31601194165454: 54 -56
70465911891574: 60 -50
104046342248: 54 -56
61073128139: 65 -45
75484162752: 58 -52
148997885746: 42 -68
31331350135108: 42 -68
82795547636: 19 -91
164729952490: 36 -74
31331350135252: 38 -72
152088853522: 66 -44
31601194165454: 54 -56
70465911891574: 60 -50
104046342248: 54 -56
61073128139: 65 -45
75484162752: 58 -52
148997885746: 42 -68
31331350135108: 42 -68
82795547636: 19 -91
164729952490: 36 -74
31331350135252: 0 246255
152088853522: 63 -47
31601194165454: 54 -56
70465911891574: 60 -50
104046342248: 54 -56
61073128139: 65 -45
75484162752: 58 -52
148997885746: 42 -68
31331350135108: 42 -68
82795547636: 19 -91
164729952490: 36 -74
31331350135252: 0 246255
152088853522: 69 -41
31601194165454: 54 -56
70465911891574: 60 -50
104046342248: 54 -56
61073128139: 65 -45
75484162752: 58 -52
148997885746: 42 -68
31331350135108: 42 -68
82795547636: 19 -91
164729952490: 36 -74
31331350135252: 0 246255
152088853522: 69 -41
31601194165454: 54 -56
70465911891574: 60 -50
104046342248: 54 -56
61073128139: 65 -45
75484162752: 58 -52
148997885746: 42 -68
31331350135108: 42 -68
82795547636: 19 -91
164729952490: 36 -74
31331350135252: 0 246255
152088853522: 61 -49
31601194165454: 54 -56
70465911891574: 60 -50
104046342248: 54 -56
61073128139: 65 -45
75484162752: 58 -52
148997885746: 42 -68
31331350135108: 42 -68
82795547636: 19 -91
164729952490: 36 -74
31331350135252: 0 246255
152088853522: 70 -37
31601194165454: 54 -56
70465911891574: 60 -50
104046342248: 54 -56
61073128139: 65 -45
75484162752: 58 -52
148997885746: 42 -68
31331350135108: 42 -68
82795547636: 19 -91
164729952490: 36 -74
31331350135252: 0 246255
152088853522: 66 -44
31601194165454: 49 -61
70465911891574: 49 -61
104046342248: 61 -49
61073128139: 63 -47
75484162752: 62 -48
148997885746: 42 -68
31331350135108: 39 -71
82795547636: 19 -91
164729952490: 40 -70
31331350135252: 38 -72
152088853522: 70 -37
31601194165454: 49 -61
70465911891574: 49 -61
104046342248: 61 -49
61073128139: 63 -47
75484162752: 62 -48
148997885746: 42 -68
31331350135108: 39 -71
82795547636: 19 -91
164729952490: 40 -70
31331350135252: 38 -72
152088853522: 70 -40
31601194165454: 49 -61
70465911891574: 49 -61
104046342248: 61 -49
61073128139: 63 -47
75484162752: 62 -48
148997885746: 42 -68
31331350135108: 39 -71
82795547636: 19 -91
164729952490: 40 -70
31331350135252: 38 -72
152088853522: 70 -40
31601194165454: 49 -61
70465911891574: 49 -61
104046342248: 61 -49
61073128139: 63 -47
75484162752: 62 -48
148997885746: 42 -68
31331350135108: 39 -71
82795547636: 19 -91
164729952490: 40 -70
31331350135252: 0 246255
152088853522: 68 -42
31601194165454: 49 -61
70465911891574: 49 -61
104046342248: 61 -49
61073128139: 63 -47
75484162752: 62 -48
148997885746: 42 -68
31331350135108: 39 -71
82795547636: 19 -91
164729952490: 40 -70
31331350135252: 0 246255
152088853522: 69 -41
31601194165454: 49 -61
70465911891574: 49 -61
104046342248: 61 -49
61073128139: 63 -47
75484162752: 62 -48
148997885746: 42 -68
31331350135108: 39 -71
82795547636: 19 -91
164729952490: 40 -70
31331350135252: 0 246255
152088853522: 67 -43
31601194165454: 49 -61
70465911891574: 49 -61
104046342248: 61 -49
61073128139: 63 -47
75484162752: 62 -48
148997885746: 42 -68
31331350135108: 39 -71
82795547636: 19 -91
164729952490: 40 -70
31331350135252: 0 246255
152088853522: 70 -40
31601194165454: 49 -61
70465911891574: 49 -61
104046342248: 61 -49
61073128139: 63 -47
75484162752: 62 -48
148997885746: 42 -68
31331350135108: 39 -71
82795547636: 19 -91
164729952490: 40 -70
31331350135252: 0 246255
152088853522: 69 -41
31601194165454: 49 -61
70465911891574: 49 -61
104046342248: 61 -49
61073128139: 63 -47
75484162752: 62 -48
148997885746: 42 -68
31331350135108: 39 -71
82795547636: 19 -91
164729952490: 40 -70
31331350135252: 0 246255
152088853522: 68 -42
31601194165454: 58 -52
70465911891574: 57 -53
104046342248: 59 -51
61073128139: 69 -41
75484162752: 64 -46
148997885746: 44 -66
31331350135108: 44 -66
82795547636: 19 -91
164729952490: 40 -70
31331350135252: 40 -70
31331350132848: 54 -56
152088853522: 68 -42
31601194165454: 58 -52
70465911891574: 57 -53
104046342248: 59 -51
61073128139: 69 -41
75484162752: 64 -46
148997885746: 44 -66
31331350135108: 44 -66
82795547636: 19 -91
164729952490: 40 -70
31331350135252: 40 -70
31331350132848: 54 -56
152088853522: 68 -42
31601194165454: 58 -52
70465911891574: 57 -53
104046342248: 59 -51
61073128139: 69 -41
75484162752: 64 -46
148997885746: 44 -66
31331350135108: 44 -66
82795547636: 19 -91
164729952490: 40 -70
31331350135252: 40 -70
31331350132848: 54 -56
152088853522: 67 -43
31601194165454: 58 -52
70465911891574: 57 -53
104046342248: 59 -51
61073128139: 69 -41
75484162752: 64 -46
148997885746: 44 -66
31331350135108: 44 -66
82795547636: 19 -91
164729952490: 40 -70
31331350135252: 40 -70
31331350132848: 54 -56
152088853522: 68 -42
31601194165454: 58 -52
70465911891574: 57 -53
104046342248: 59 -51
61073128139: 69 -41
75484162752: 64 -46
148997885746: 44 -66
31331350135108: 44 -66
82795547636: 19 -91
164729952490: 40 -70
31331350135252: 40 -70
31331350132848: 54 -56
152088853522: 69 -41
31601194165454: 58 -52
70465911891574: 57 -53
104046342248: 59 -51
61073128139: 69 -41
75484162752: 64 -46
148997885746: 44 -66
31331350135108: 44 -66
82795547636: 19 -91
164729952490: 40 -70
31331350135252: 40 -70
31331350132848: 54 -56
152088853522: 69 -41
31601194165454: 58 -52
70465911891574: 57 -53
104046342248: 59 -51
61073128139: 69 -41
75484162752: 64 -46
148997885746: 44 -66
31331350135108: 44 -66
82795547636: 19 -91
164729952490: 40 -70
31331350135252: 40 -70
31331350132848: 54 -56
152088853522: 66 -44
31601194165454: 58 -52
70465911891574: 57 -53
104046342248: 59 -51
61073128139: 69 -41
75484162752: 64 -46
148997885746: 44 -66
31331350135108: 44 -66
82795547636: 19 -91
164729952490: 40 -70
31331350135252: 40 -70
31331350132848: 54 -56
152088853522: 66 -44
31601194165454: 58 -52
70465911891574: 57 -53
104046342248: 59 -51
61073128139: 69 -41
75484162752: 64 -46
148997885746: 44 -66
31331350135108: 44 -66
82795547636: 19 -91
164729952490: 40 -70
31331350135252: 40 -70
31331350132848: 54 -56
152088853522: 67 -43
31601194165454: 55 -55
70465911891574: 58 -52
104046342248: 64 -46
61073128139: 60 -50
75484162752: 65 -45
148997885746: 44 -66
31331350135108: 47 -63
82795547636: 19 -91
164729952490: 34 -76
31331350135252: 40 -70
31331350132848: 50 -60
93541518640: 29 -81
152088853522: 70 -40
31601194165454: 55 -55
70465911891574: 58 -52
104046342248: 64 -46
61073128139: 60 -50
75484162752: 65 -45
148997885746: 44 -66
31331350135108: 47 -63
82795547636: 19 -91
164729952490: 34 -76
31331350135252: 40 -70
31331350132848: 50 -60
93541518640: 29 -81
152088853522: 66 -44
31601194165454: 55 -55
70465911891574: 58 -52
104046342248: 64 -46
61073128139: 60 -50
75484162752: 65 -45
148997885746: 44 -66
31331350135108: 47 -63
82795547636: 19 -91
164729952490: 34 -76
31331350135252: 40 -70
31331350132848: 50 -60
93541518640: 29 -81
152088853522: 68 -42
31601194165454: 55 -55
70465911891574: 58 -52
104046342248: 64 -46
61073128139: 60 -50
75484162752: 65 -45
148997885746: 44 -66
31331350135108: 47 -63
82795547636: 19 -91
164729952490: 34 -76
31331350135252: 40 -70
31331350132848: 50 -60
93541518640: 29 -81
152088853522: 68 -42
31601194165454: 55 -55
70465911891574: 58 -52
104046342248: 64 -46
61073128139: 60 -50
75484162752: 65 -45
148997885746: 44 -66
31331350135108: 47 -63
82795547636: 19 -91
164729952490: 34 -76
31331350135252: 40 -70
31331350132848: 50 -60
93541518640: 29 -81
152088853522: 67 -43
31601194165454: 55 -55
70465911891574: 58 -52
104046342248: 64 -46
61073128139: 60 -50
75484162752: 65 -45
148997885746: 44 -66
31331350135108: 47 -63
82795547636: 19 -91
164729952490: 34 -76
31331350135252: 40 -70
31331350132848: 50 -60
93541518640: 29 -81
152088853522: 68 -42
31601194165454: 55 -55
70465911891574: 58 -52
104046342248: 64 -46
61073128139: 60 -50
75484162752: 65 -45
148997885746: 44 -66
31331350135108: 47 -63
82795547636: 19 -91
164729952490: 34 -76
31331350135252: 40 -70
31331350132848: 50 -60
93541518640: 29 -81
152088853522: 68 -42
31601194165454: 55 -55
70465911891574: 58 -52
104046342248: 64 -46
61073128139: 60 -50
75484162752: 65 -45
148997885746: 44 -66
31331350135108: 47 -63
82795547636: 19 -91
164729952490: 34 -76
31331350135252: 40 -70
31331350132848: 50 -60
93541518640: 29 -81
152088853522: 68 -42
31601194165454: 55 -55
70465911891574: 58 -52
104046342248: 64 -46
61073128139: 60 -50
75484162752: 65 -45
148997885746: 44 -66
31331350135108: 47 -63
82795547636: 19 -91
164729952490: 34 -76
31331350135252: 40 -70
31331350132848: 50 -60
93541518640: 29 -81
152088853522: 65 -45
31601194165454: 50 -60
70465911891574: 20 -90
104046342248: 54 -56
61073128139: 67 -43
75484162752: 70 -40
148997885746: 44 -66
31331350135108: 45 -65
82795547636: 19 -91
164729952490: 34 -76
31331350135252: 43 -67
31331350132848: 57 -53
93541518640: 35 -75
152088853522: 67 -43
31601194165454: 50 -60
70465911891574: 20 -90
104046342248: 54 -56
61073128139: 67 -43
75484162752: 70 -40
148997885746: 44 -66
31331350135108: 45 -65
82795547636: 19 -91
164729952490: 34 -76
31331350135252: 43 -67
31331350132848: 57 -53
93541518640: 35 -75
152088853522: 67 -43
31601194165454: 50 -60
70465911891574: 20 -90
104046342248: 54 -56
61073128139: 67 -43
75484162752: 70 -40
148997885746: 44 -66
31331350135108: 45 -65
82795547636: 19 -91
164729952490: 34 -76
31331350135252: 43 -67
31331350132848: 57 -53
93541518640: 35 -75
152088853522: 69 -41
31601194165454: 50 -60
70465911891574: 20 -90
104046342248: 54 -56
61073128139: 67 -43
75484162752: 70 -40
148997885746: 44 -66
31331350135108: 45 -65
82795547636: 19 -91
164729952490: 34 -76
31331350135252: 43 -67
31331350132848: 57 -53
93541518640: 35 -75
152088853522: 69 -41
31601194165454: 50 -60
70465911891574: 20 -90
104046342248: 54 -56
61073128139: 67 -43
75484162752: 70 -40
148997885746: 44 -66
31331350135108: 45 -65
82795547636: 19 -91
164729952490: 34 -76
31331350135252: 43 -67
31331350132848: 57 -53
93541518640: 35 -75
152088853522: 67 -43
31601194165454: 50 -60
70465911891574: 20 -90
104046342248: 54 -56
61073128139: 67 -43
75484162752: 70 -40
148997885746: 44 -66
31331350135108: 45 -65
82795547636: 19 -91
164729952490: 34 -76
31331350135252: 43 -67
31331350132848: 57 -53
93541518640: 35 -75
152088853522: 67 -43
31601194165454: 50 -60
70465911891574: 20 -90
104046342248: 54 -56
61073128139: 67 -43
75484162752: 70 -40
148997885746: 44 -66
31331350135108: 45 -65
82795547636: 19 -91
164729952490: 34 -76
31331350135252: 43 -67
31331350132848: 57 -53
93541518640: 35 -75
152088853522: 67 -43
31601194165454: 50 -60
70465911891574: 20 -90
104046342248: 54 -56
61073128139: 67 -43
75484162752: 70 -40
148997885746: 44 -66
31331350135108: 45 -65
82795547636: 19 -91
164729952490: 34 -76
31331350135252: 43 -67
31331350132848: 57 -53
93541518640: 35 -75
152088853522: 66 -44
31601194165454: 50 -60
70465911891574: 20 -90
104046342248: 54 -56
61073128139: 67 -43
75484162752: 70 -40
148997885746: 44 -66
31331350135108: 45 -65
82795547636: 19 -91
164729952490: 34 -76
31331350135252: 43 -67
31331350132848: 57 -53
93541518640: 35 -75
152088853522: 66 -44
31601194165454: 51 -59
70465911891574: 63 -47
104046342248: 53 -57
61073128139: 59 -51
75484162752: 64 -46
148997885746: 43 -67
31331350135108: 42 -68
82795547636: 19 -91
164729952490: 34 -76
31331350135252: 43 -67
31331350132848: 57 -53
93541518640: 35 -75
152088853522: 67 -43
31601194165454: 51 -59
70465911891574: 63 -47
104046342248: 53 -57
61073128139: 59 -51
75484162752: 64 -46
148997885746: 43 -67
31331350135108: 42 -68
82795547636: 19 -91
164729952490: 34 -76
31331350135252: 43 -67
31331350132848: 57 -53
93541518640: 35 -75
152088853522: 68 -42
31601194165454: 51 -59
70465911891574: 63 -47
104046342248: 53 -57
61073128139: 59 -51
75484162752: 64 -46
148997885746: 43 -67
31331350135108: 42 -68
82795547636: 19 -91
164729952490: 34 -76
31331350135252: 43 -67
31331350132848: 57 -53
93541518640: 35 -75
152088853522: 67 -43
31601194165454: 51 -59
70465911891574: 63 -47
104046342248: 53 -57
61073128139: 59 -51
75484162752: 64 -46
148997885746: 43 -67
31331350135108: 42 -68
82795547636: 19 -91
164729952490: 34 -76
31331350135252: 43 -67
31331350132848: 57 -53
93541518640: 35 -75
152088853522: 66 -44
31601194165454: 51 -59
70465911891574: 63 -47
104046342248: 53 -57
61073128139: 59 -51
75484162752: 64 -46
148997885746: 43 -67
31331350135108: 42 -68
82795547636: 19 -91
164729952490: 34 -76
31331350135252: 43 -67
31331350132848: 57 -53
93541518640: 35 -75
152088853522: 67 -43
31601194165454: 51 -59
70465911891574: 63 -47
104046342248: 53 -57
61073128139: 59 -51
75484162752: 64 -46
148997885746: 43 -67
31331350135108: 42 -68
82795547636: 19 -91
164729952490: 34 -76
31331350135252: 43 -67
31331350132848: 57 -53
93541518640: 35 -75
152088853522: 67 -43
31601194165454: 51 -59
70465911891574: 63 -47
104046342248: 53 -57
61073128139: 59 -51
75484162752: 64 -46
148997885746: 43 -67
31331350135108: 42 -68
82795547636: 19 -91
164729952490: 34 -76
31331350135252: 43 -67
31331350132848: 57 -53
93541518640: 35 -75
152088853522: 65 -45
31601194165454: 51 -59
70465911891574: 63 -47
104046342248: 53 -57
61073128139: 59 -51
75484162752: 64 -46
148997885746: 43 -67
31331350135108: 42 -68
82795547636: 19 -91
164729952490: 34 -76
31331350135252: 43 -67
31331350132848: 57 -53
93541518640: 35 -75
152088853522: 67 -43
31601194165454: 51 -59
70465911891574: 63 -47
104046342248: 53 -57
61073128139: 59 -51
75484162752: 64 -46
148997885746: 43 -67
31331350135108: 42 -68
82795547636: 19 -91
164729952490: 34 -76
31331350135252: 43 -67
31331350132848: 57 -53
93541518640: 35 -75
152088853522: 68 -42
31601194165454: 54 -56
70465911891574: 58 -52
104046342248: 55 -55
61073128139: 70 -38
75484162752: 59 -51
148997885746: 42 -68
31331350135108: 42 -68
82795547636: 19 -91
164729952490: 34 -76
31331350135252: 31 -79
31331350132848: 20 -90
93541518640: 35 -75
152088853522: 65 -45
31601194165454: 54 -56
70465911891574: 58 -52
104046342248: 55 -55
61073128139: 70 -38
75484162752: 59 -51
148997885746: 42 -68
31331350135108: 42 -68
82795547636: 19 -91
164729952490: 34 -76
31331350135252: 31 -79
31331350132848: 20 -90
93541518640: 35 -75
152088853522: 67 -43
31601194165454: 54 -56
70465911891574: 58 -52
104046342248: 55 -55
61073128139: 70 -38
75484162752: 59 -51
148997885746: 42 -68
31331350135108: 42 -68
82795547636: 19 -91
164729952490: 34 -76
31331350135252: 31 -79
31331350132848: 20 -90
93541518640: 35 -75
152088853522: 67 -43
31601194165454: 54 -56
70465911891574: 58 -52
104046342248: 55 -55
61073128139: 70 -38
75484162752: 59 -51
148997885746: 42 -68
31331350135108: 42 -68
82795547636: 19 -91
164729952490: 34 -76
31331350135252: 31 -79
31331350132848: 20 -90
93541518640: 35 -75
152088853522: 66 -44
31601194165454: 54 -56
70465911891574: 58 -52
104046342248: 55 -55
61073128139: 70 -38
75484162752: 59 -51
148997885746: 42 -68
31331350135108: 42 -68
82795547636: 19 -91
164729952490: 34 -76
31331350135252: 31 -79
31331350132848: 20 -90
93541518640: 35 -75
152088853522: 67 -43
31601194165454: 54 -56
70465911891574: 58 -52
104046342248: 55 -55
61073128139: 70 -38
75484162752: 59 -51
148997885746: 42 -68
31331350135108: 42 -68
82795547636: 19 -91
164729952490: 34 -76
31331350135252: 31 -79
31331350132848: 20 -90
93541518640: 35 -75
152088853522: 67 -43
31601194165454: 54 -56
70465911891574: 58 -52
104046342248: 55 -55
61073128139: 70 -38
75484162752: 59 -51
148997885746: 42 -68
31331350135108: 42 -68
82795547636: 19 -91
164729952490: 34 -76
31331350135252: 31 -79
31331350132848: 20 -90
93541518640: 35 -75
152088853522: 67 -43
31601194165454: 54 -56
70465911891574: 58 -52
104046342248: 55 -55
61073128139: 70 -38
75484162752: 59 -51
148997885746: 42 -68
31331350135108: 42 -68
82795547636: 19 -91
164729952490: 34 -76
31331350135252: 31 -79
31331350132848: 20 -90
93541518640: 35 -75
152088853522: 69 -41
31601194165454: 54 -56
70465911891574: 58 -52
104046342248: 55 -55
61073128139: 70 -38
75484162752: 59 -51
148997885746: 42 -68
31331350135108: 42 -68
82795547636: 19 -91
164729952490: 34 -76
31331350135252: 31 -79
31331350132848: 20 -90
93541518640: 35 -75
152088853522: 67 -43
31601194165454: 50 -60
70465911891574: 70 -33
104046342248: 62 -48
61073128139: 63 -47
75484162752: 66 -44
148997885746: 44 -66
31331350135108: 45 -65
82795547636: 20 -90
164729952490: 39 -71
31331350135252: 38 -72
31331350132848: 54 -56
93541518640: 35 -75
152088853522: 65 -45
31601194165454: 50 -60
70465911891574: 70 -33
104046342248: 62 -48
61073128139: 63 -47
75484162752: 66 -44
148997885746: 44 -66
31331350135108: 45 -65
82795547636: 20 -90
164729952490: 39 -71
31331350135252: 38 -72
31331350132848: 54 -56
93541518640: 35 -75
152088853522: 67 -43
31601194165454: 50 -60
70465911891574: 70 -33
104046342248: 62 -48
61073128139: 63 -47
75484162752: 66 -44
148997885746: 44 -66
31331350135108: 45 -65
82795547636: 20 -90
164729952490: 39 -71
31331350135252: 38 -72
31331350132848: 54 -56
93541518640: 35 -75
152088853522: 67 -43
31601194165454: 50 -60
70465911891574: 70 -33
104046342248: 62 -48
61073128139: 63 -47
75484162752: 66 -44
148997885746: 44 -66
31331350135108: 45 -65
82795547636: 20 -90
164729952490: 39 -71
31331350135252: 38 -72
31331350132848: 54 -56
93541518640: 35 -75
152088853522: 67 -43
31601194165454: 50 -60
70465911891574: 70 -33
104046342248: 62 -48
61073128139: 63 -47
75484162752: 66 -44
148997885746: 44 -66
31331350135108: 45 -65
82795547636: 20 -90
164729952490: 39 -71
31331350135252: 38 -72
31331350132848: 54 -56
93541518640: 35 -75
152088853522: 68 -42
31601194165454: 50 -60
70465911891574: 70 -33
104046342248: 62 -48
61073128139: 63 -47
75484162752: 66 -44
148997885746: 44 -66
31331350135108: 45 -65
82795547636: 20 -90
164729952490: 39 -71
31331350135252: 38 -72
31331350132848: 54 -56
93541518640: 35 -75
152088853522: 68 -42
31601194165454: 50 -60
70465911891574: 70 -33
104046342248: 62 -48
61073128139: 63 -47
75484162752: 66 -44
148997885746: 44 -66
31331350135108: 45 -65
82795547636: 20 -90
164729952490: 39 -71
31331350135252: 38 -72
31331350132848: 54 -56
93541518640: 35 -75
152088853522: 67 -43
31601194165454: 50 -60
70465911891574: 70 -33
104046342248: 62 -48
61073128139: 63 -47
75484162752: 66 -44
148997885746: 44 -66
31331350135108: 45 -65
82795547636: 20 -90
164729952490: 39 -71
31331350135252: 38 -72
31331350132848: 54 -56
93541518640: 35 -75
152088853522: 66 -44
31601194165454: 50 -60
70465911891574: 70 -33
104046342248: 62 -48
61073128139: 63 -47
75484162752: 66 -44
148997885746: 44 -66
31331350135108: 45 -65
82795547636: 20 -90
164729952490: 39 -71
31331350135252: 38 -72
31331350132848: 54 -56
93541518640: 35 -75
152088853522: 69 -41
31601194165454: 51 -59
70465911891574: 58 -52
104046342248: 57 -53
61073128139: 61 -49
75484162752: 57 -53
148997885746: 40 -70
31331350135108: 45 -65
82795547636: 20 -90
164729952490: 39 -71
31331350135252: 38 -72
31331350132848: 59 -51
152088853522: 70 -38
31601194165454: 51 -59
70465911891574: 58 -52
104046342248: 57 -53
61073128139: 61 -49
75484162752: 57 -53
148997885746: 40 -70
31331350135108: 45 -65
82795547636: 20 -90
164729952490: 39 -71
31331350135252: 38 -72
31331350132848: 59 -51
152088853522: 69 -41
31601194165454: 51 -59
70465911891574: 58 -52
104046342248: 57 -53
61073128139: 61 -49
75484162752: 57 -53
148997885746: 40 -70
31331350135108: 45 -65
82795547636: 20 -90
164729952490: 39 -71
31331350135252: 38 -72
31331350132848: 59 -51
152088853522: 69 -41
31601194165454: 51 -59
70465911891574: 58 -52
104046342248: 57 -53
61073128139: 61 -49
75484162752: 57 -53
148997885746: 40 -70
31331350135108: 45 -65
82795547636: 20 -90
164729952490: 39 -71
31331350135252: 38 -72
31331350132848: 59 -51
152088853522: 68 -42
31601194165454: 51 -59
70465911891574: 58 -52
104046342248: 57 -53
61073128139: 61 -49
75484162752: 57 -53
148997885746: 40 -70
31331350135108: 45 -65
82795547636: 20 -90
164729952490: 39 -71
31331350135252: 38 -72
31331350132848: 59 -51
152088853522: 70 -38
31601194165454: 51 -59
70465911891574: 58 -52
104046342248: 57 -53
61073128139: 61 -49
75484162752: 57 -53
148997885746: 40 -70
31331350135108: 45 -65
82795547636: 20 -90
164729952490: 39 -71
31331350135252: 38 -72
31331350132848: 59 -51
152088853522: 70 -40
31601194165454: 51 -59
70465911891574: 58 -52
104046342248: 57 -53
61073128139: 61 -49
75484162752: 57 -53
148997885746: 40 -70
31331350135108: 45 -65
82795547636: 20 -90
164729952490: 39 -71
31331350135252: 38 -72
31331350132848: 59 -51
152088853522: 63 -47
31601194165454: 51 -59
70465911891574: 58 -52
104046342248: 57 -53
61073128139: 61 -49
75484162752: 57 -53
148997885746: 40 -70
31331350135108: 45 -65
82795547636: 20 -90
164729952490: 39 -71
31331350135252: 38 -72
31331350132848: 59 -51
152088853522: 66 -44
31601194165454: 51 -59
70465911891574: 58 -52
104046342248: 57 -53
61073128139: 61 -49
75484162752: 57 -53
148997885746: 40 -70
31331350135108: 45 -65
82795547636: 20 -90
164729952490: 39 -71
31331350135252: 38 -72
31331350132848: 59 -51
152088853522: 67 -43
31601194165454: 55 -55
70465911891574: 59 -51
104046342248: 51 -59
61073128139: 65 -45
75484162752: 62 -48
148997885746: 40 -70
31331350135108: 50 -60
82795547636: 20 -90
164729952490: 39 -71
31331350135252: 38 -72
31331350132848: 50 -60
93541518640: 32 -78
152088853522: 66 -44
31601194165454: 55 -55
70465911891574: 59 -51
104046342248: 51 -59
61073128139: 65 -45
75484162752: 62 -48
148997885746: 40 -70
31331350135108: 50 -60
82795547636: 20 -90
164729952490: 39 -71
31331350135252: 38 -72
31331350132848: 50 -60
93541518640: 32 -78
152088853522: 68 -42
31601194165454: 55 -55
70465911891574: 59 -51
104046342248: 51 -59
61073128139: 65 -45
75484162752: 62 -48
148997885746: 40 -70
31331350135108: 50 -60
82795547636: 20 -90
164729952490: 39 -71
31331350135252: 38 -72
31331350132848: 50 -60
93541518640: 32 -78
152088853522: 65 -45
31601194165454: 55 -55
70465911891574: 59 -51
104046342248: 51 -59
61073128139: 65 -45
75484162752: 62 -48
148997885746: 40 -70
31331350135108: 50 -60
82795547636: 20 -90
164729952490: 39 -71
31331350135252: 38 -72
31331350132848: 50 -60
93541518640: 32 -78
152088853522: 63 -47
31601194165454: 55 -55
70465911891574: 59 -51
104046342248: 51 -59
61073128139: 65 -45
75484162752: 62 -48
148997885746: 40 -70
31331350135108: 50 -60
82795547636: 20 -90
164729952490: 39 -71
31331350135252: 38 -72
31331350132848: 50 -60
93541518640: 32 -78
152088853522: 63 -47
31601194165454: 55 -55
70465911891574: 59 -51
104046342248: 51 -59
61073128139: 65 -45
75484162752: 62 -48
148997885746: 40 -70
31331350135108: 50 -60
82795547636: 20 -90
164729952490: 39 -71
31331350135252: 38 -72
31331350132848: 50 -60
93541518640: 32 -78
152088853522: 63 -47
31601194165454: 55 -55
70465911891574: 59 -51
104046342248: 51 -59
61073128139: 65 -45
75484162752: 62 -48
148997885746: 40 -70
31331350135108: 50 -60
82795547636: 20 -90
164729952490: 39 -71
31331350135252: 38 -72
31331350132848: 50 -60
93541518640: 32 -78
152088853522: 66 -44
31601194165454: 55 -55
70465911891574: 59 -51
104046342248: 51 -59
61073128139: 65 -45
75484162752: 62 -48
148997885746: 40 -70
31331350135108: 50 -60
82795547636: 20 -90
164729952490: 39 -71
31331350135252: 38 -72
31331350132848: 50 -60
93541518640: 32 -78
152088853522: 66 -44
31601194165454: 55 -55
70465911891574: 59 -51
104046342248: 51 -59
61073128139: 65 -45
75484162752: 62 -48
148997885746: 40 -70
31331350135108: 50 -60
82795547636: 20 -90
164729952490: 39 -71
31331350135252: 38 -72
31331350132848: 50 -60
93541518640: 32 -78
152088853522: 66 -44
31601194165454: 52 -58
70465911891574: 23 -87
104046342248: 52 -58
61073128139: 55 -55
75484162752: 62 -48
148997885746: 44 -66
31331350135108: 49 -61
82795547636: 20 -90
164729952490: 39 -71
31331350135252: 38 -72
31331350132848: 50 -60
93541518640: 32 -78
