152088853522: 69 -41
31601194165454: 53 -57
70465911891574: 48 -62
104046342248: 61 -49
61073128139: 64 -46
75484162752: 70 -40
148997885746: 34 -76
31331350135108: 44 -66
31331350135252: 34 -76
93541518640: 33 -77
82795547636: 22 -88
31331350132848: 47 -63
152088853522: 69 -41
31601194165454: 53 -57
70465911891574: 48 -62
104046342248: 61 -49
61073128139: 64 -46
75484162752: 70 -40
148997885746: 34 -76
31331350135108: 44 -66
31331350135252: 34 -76
93541518640: 33 -77
82795547636: 22 -88
31331350132848: 47 -63
152088853522: 70 -40
31601194165454: 53 -57
70465911891574: 48 -62
104046342248: 61 -49
61073128139: 64 -46
75484162752: 70 -40
148997885746: 34 -76
31331350135108: 44 -66
31331350135252: 34 -76
93541518640: 33 -77
82795547636: 22 -88
31331350132848: 47 -63
152088853522: 70 -38
31601194165454: 53 -57
70465911891574: 48 -62
104046342248: 61 -49
61073128139: 64 -46
75484162752: 70 -40
148997885746: 34 -76
31331350135108: 44 -66
31331350135252: 34 -76
93541518640: 33 -77
82795547636: 22 -88
31331350132848: 47 -63
152088853522: 70 -39
31601194165454: 53 -57
70465911891574: 48 -62
104046342248: 61 -49
61073128139: 64 -46
75484162752: 70 -40
148997885746: 34 -76
31331350135108: 44 -66
31331350135252: 34 -76
93541518640: 33 -77
82795547636: 22 -88
31331350132848: 47 -63
152088853522: 70 -38
31601194165454: 53 -57
70465911891574: 48 -62
104046342248: 61 -49
61073128139: 64 -46
75484162752: 70 -40
148997885746: 34 -76
31331350135108: 44 -66
31331350135252: 34 -76
93541518640: 33 -77
82795547636: 22 -88
31331350132848: 47 -63
152088853522: 69 -41
31601194165454: 53 -57
70465911891574: 48 -62
104046342248: 61 -49
61073128139: 64 -46
75484162752: 70 -40
148997885746: 34 -76
31331350135108: 44 -66
31331350135252: 34 -76
93541518640: 33 -77
82795547636: 22 -88
31331350132848: 47 -63
152088853522: 64 -46
31601194165454: 53 -57
70465911891574: 48 -62
104046342248: 61 -49
61073128139: 64 -46
75484162752: 70 -40
148997885746: 34 -76
31331350135108: 44 -66
31331350135252: 34 -76
93541518640: 33 -77
82795547636: 22 -88
31331350132848: 47 -63
152088853522: 66 -44
31601194165454: 53 -57
70465911891574: 48 -62
104046342248: 61 -49
61073128139: 64 -46
75484162752: 70 -40
148997885746: 34 -76
31331350135108: 44 -66
31331350135252: 34 -76
93541518640: 33 -77
82795547636: 22 -88
31331350132848: 47 -63
152088853522: 68 -42
31601194165454: 64 -46
70465911891574: 56 -54
104046342248: 59 -51
61073128139: 60 -50
75484162752: 66 -44
148997885746: 32 -78
31331350135108: 40 -70
31331350135252: 34 -76
93541518640: 33 -77
82795547636: 22 -88
31331350132848: 50 -60
152088853522: 66 -44
31601194165454: 64 -46
70465911891574: 56 -54
104046342248: 59 -51
61073128139: 60 -50
75484162752: 66 -44
148997885746: 32 -78
31331350135108: 40 -70
31331350135252: 34 -76
93541518640: 33 -77
82795547636: 22 -88
31331350132848: 50 -60
152088853522: 66 -44
31601194165454: 64 -46
70465911891574: 56 -54
104046342248: 59 -51
61073128139: 60 -50
75484162752: 66 -44
148997885746: 32 -78
31331350135108: 40 -70
31331350135252: 34 -76
93541518640: 33 -77
82795547636: 22 -88
31331350132848: 50 -60
152088853522: 70 -39
31601194165454: 64 -46
70465911891574: 56 -54
104046342248: 59 -51
61073128139: 60 -50
75484162752: 66 -44
148997885746: 32 -78
31331350135108: 40 -70
31331350135252: 34 -76
93541518640: 33 -77
82795547636: 22 -88
31331350132848: 50 -60
152088853522: 68 -42
31601194165454: 64 -46
70465911891574: 56 -54
104046342248: 59 -51
61073128139: 60 -50
75484162752: 66 -44
148997885746: 32 -78
31331350135108: 40 -70
31331350135252: 34 -76
93541518640: 33 -77
82795547636: 22 -88
31331350132848: 50 -60
152088853522: 68 -42
31601194165454: 64 -46
70465911891574: 56 -54
104046342248: 59 -51
61073128139: 60 -50
75484162752: 66 -44
148997885746: 32 -78
31331350135108: 40 -70
31331350135252: 34 -76
93541518640: 33 -77
82795547636: 22 -88
31331350132848: 50 -60
152088853522: 64 -46
31601194165454: 64 -46
70465911891574: 56 -54
104046342248: 59 -51
61073128139: 60 -50
75484162752: 66 -44
148997885746: 32 -78
31331350135108: 40 -70
31331350135252: 34 -76
93541518640: 33 -77
82795547636: 22 -88
31331350132848: 50 -60
152088853522: 68 -42
31601194165454: 64 -46
70465911891574: 56 -54
104046342248: 59 -51
61073128139: 60 -50
75484162752: 66 -44
148997885746: 32 -78
31331350135108: 40 -70
31331350135252: 34 -76
93541518640: 33 -77
82795547636: 22 -88
31331350132848: 50 -60
152088853522: 67 -43
31601194165454: 64 -46
70465911891574: 56 -54
104046342248: 59 -51
61073128139: 60 -50
75484162752: 66 -44
148997885746: 32 -78
31331350135108: 40 -70
31331350135252: 34 -76
93541518640: 33 -77
82795547636: 22 -88
31331350132848: 50 -60
152088853522: 66 -44
31601194165454: 62 -48
70465911891574: 61 -49
104046342248: 19 -91
61073128139: 57 -53
75484162752: 60 -50
148997885746: 32 -78
31331350135108: 45 -65
31331350135252: 39 -71
93541518640: 33 -77
82795547636: 22 -88
31331350132848: 50 -60
152088853522: 66 -44
31601194165454: 62 -48
70465911891574: 61 -49
104046342248: 19 -91
61073128139: 57 -53
75484162752: 60 -50
148997885746: 32 -78
31331350135108: 45 -65
31331350135252: 39 -71
93541518640: 33 -77
82795547636: 22 -88
31331350132848: 50 -60
152088853522: 68 -42
31601194165454: 62 -48
70465911891574: 61 -49
104046342248: 19 -91
61073128139: 57 -53
75484162752: 60 -50
148997885746: 32 -78
31331350135108: 45 -65
31331350135252: 39 -71
93541518640: 33 -77
82795547636: 22 -88
31331350132848: 50 -60
152088853522: 66 -44
31601194165454: 62 -48
70465911891574: 61 -49
104046342248: 19 -91
61073128139: 57 -53
75484162752: 60 -50
148997885746: 32 -78
31331350135108: 45 -65
31331350135252: 39 -71
93541518640: 33 -77
82795547636: 22 -88
31331350132848: 50 -60
152088853522: 64 -46
31601194165454: 62 -48
70465911891574: 61 -49
104046342248: 19 -91
61073128139: 57 -53
75484162752: 60 -50
148997885746: 32 -78
31331350135108: 45 -65
31331350135252: 39 -71
93541518640: 33 -77
82795547636: 22 -88
31331350132848: 50 -60
152088853522: 66 -44
31601194165454: 62 -48
70465911891574: 61 -49
104046342248: 19 -91
61073128139: 57 -53
75484162752: 60 -50
148997885746: 32 -78
31331350135108: 45 -65
31331350135252: 39 -71
93541518640: 33 -77
82795547636: 22 -88
31331350132848: 50 -60
152088853522: 67 -43
31601194165454: 62 -48
70465911891574: 61 -49
104046342248: 19 -91
61073128139: 57 -53
75484162752: 60 -50
148997885746: 32 -78
31331350135108: 45 -65
31331350135252: 39 -71
93541518640: 33 -77
82795547636: 22 -88
31331350132848: 50 -60
152088853522: 64 -46
31601194165454: 62 -48
70465911891574: 61 -49
104046342248: 19 -91
61073128139: 57 -53
75484162752: 60 -50
148997885746: 32 -78
31331350135108: 45 -65
31331350135252: 39 -71
93541518640: 33 -77
82795547636: 22 -88
31331350132848: 50 -60
152088853522: 64 -46
31601194165454: 62 -48
70465911891574: 61 -49
104046342248: 19 -91
61073128139: 57 -53
75484162752: 60 -50
148997885746: 32 -78
31331350135108: 45 -65
31331350135252: 39 -71
93541518640: 33 -77
82795547636: 22 -88
31331350132848: 50 -60
152088853522: 69 -41
31601194165454: 65 -45
70465911891574: 30 -80
104046342248: 53 -57
61073128139: 58 -52
75484162752: 69 -41
148997885746: 40 -70
31331350135108: 28 -82
31331350135252: 39 -71
93541518640: 33 -77
82795547636: 21 -89
31331350132848: 50 -60
152088853522: 69 -41
31601194165454: 65 -45
70465911891574: 30 -80
104046342248: 53 -57
61073128139: 58 -52
75484162752: 69 -41
148997885746: 40 -70
31331350135108: 28 -82
31331350135252: 39 -71
93541518640: 33 -77
82795547636: 21 -89
31331350132848: 50 -60
152088853522: 69 -41
31601194165454: 65 -45
70465911891574: 30 -80
104046342248: 53 -57
61073128139: 58 -52
75484162752: 69 -41
148997885746: 40 -70
31331350135108: 28 -82
31331350135252: 39 -71
93541518640: 33 -77
82795547636: 21 -89
31331350132848: 50 -60
152088853522: 67 -43
31601194165454: 65 -45
70465911891574: 30 -80
104046342248: 53 -57
61073128139: 58 -52
75484162752: 69 -41
148997885746: 40 -70
31331350135108: 28 -82
31331350135252: 39 -71
93541518640: 33 -77
82795547636: 21 -89
31331350132848: 50 -60
152088853522: 66 -44
31601194165454: 65 -45
70465911891574: 30 -80
104046342248: 53 -57
61073128139: 58 -52
75484162752: 69 -41
148997885746: 40 -70
31331350135108: 28 -82
31331350135252: 39 -71
93541518640: 33 -77
82795547636: 21 -89
31331350132848: 50 -60
152088853522: 70 -40
31601194165454: 65 -45
70465911891574: 30 -80
104046342248: 53 -57
61073128139: 58 -52
75484162752: 69 -41
148997885746: 40 -70
31331350135108: 28 -82
31331350135252: 39 -71
93541518640: 33 -77
82795547636: 21 -89
31331350132848: 50 -60
152088853522: 66 -44
31601194165454: 65 -45
70465911891574: 30 -80
104046342248: 53 -57
61073128139: 58 -52
75484162752: 69 -41
148997885746: 40 -70
31331350135108: 28 -82
31331350135252: 39 -71
93541518640: 33 -77
82795547636: 21 -89
31331350132848: 50 -60
152088853522: 70 -40
31601194165454: 65 -45
70465911891574: 30 -80
104046342248: 53 -57
61073128139: 58 -52
75484162752: 69 -41
148997885746: 40 -70
31331350135108: 28 -82
31331350135252: 39 -71
93541518640: 33 -77
82795547636: 21 -89
31331350132848: 50 -60
152088853522: 70 -39
31601194165454: 65 -45
70465911891574: 30 -80
104046342248: 53 -57
61073128139: 58 -52
75484162752: 69 -41
148997885746: 40 -70
31331350135108: 28 -82
31331350135252: 39 -71
93541518640: 33 -77
82795547636: 21 -89
31331350132848: 50 -60
152088853522: 68 -42
31601194165454: 59 -51
70465911891574: 21 -89
104046342248: 52 -58
61073128139: 66 -44
75484162752: 60 -50
148997885746: 45 -65
31331350135108: 42 -68
31331350135252: 30 -80
93541518640: 33 -77
82795547636: 20 -90
31331350132848: 50 -60
152088853522: 70 -39
31601194165454: 59 -51
70465911891574: 21 -89
104046342248: 52 -58
61073128139: 66 -44
75484162752: 60 -50
148997885746: 45 -65
31331350135108: 42 -68
31331350135252: 30 -80
93541518640: 33 -77
82795547636: 20 -90
31331350132848: 50 -60
152088853522: 69 -41
31601194165454: 59 -51
70465911891574: 21 -89
104046342248: 52 -58
61073128139: 66 -44
75484162752: 60 -50
148997885746: 45 -65
31331350135108: 42 -68
31331350135252: 30 -80
93541518640: 33 -77
82795547636: 20 -90
31331350132848: 50 -60
152088853522: 66 -44
31601194165454: 59 -51
70465911891574: 21 -89
104046342248: 52 -58
61073128139: 66 -44
75484162752: 60 -50
148997885746: 45 -65
31331350135108: 42 -68
31331350135252: 30 -80
82795547636: 20 -90
31331350132848: 50 -60
152088853522: 67 -43
31601194165454: 59 -51
70465911891574: 21 -89
104046342248: 52 -58
61073128139: 66 -44
75484162752: 60 -50
148997885746: 45 -65
31331350135108: 42 -68
31331350135252: 30 -80
82795547636: 20 -90
31331350132848: 50 -60
152088853522: 68 -42
31601194165454: 59 -51
70465911891574: 21 -89
104046342248: 52 -58
61073128139: 66 -44
75484162752: 60 -50
148997885746: 45 -65
31331350135108: 42 -68
31331350135252: 30 -80
82795547636: 20 -90
31331350132848: 50 -60
152088853522: 68 -42
31601194165454: 59 -51
70465911891574: 21 -89
104046342248: 52 -58
61073128139: 66 -44
75484162752: 60 -50
148997885746: 45 -65
31331350135108: 42 -68
31331350135252: 30 -80
82795547636: 20 -90
31331350132848: 50 -60
152088853522: 66 -44
31601194165454: 59 -51
70465911891574: 21 -89
104046342248: 52 -58
61073128139: 66 -44
75484162752: 60 -50
148997885746: 45 -65
31331350135108: 42 -68
31331350135252: 30 -80
82795547636: 20 -90
31331350132848: 50 -60
152088853522: 65 -45
31601194165454: 59 -51
70465911891574: 21 -89
104046342248: 52 -58
61073128139: 66 -44
75484162752: 60 -50
148997885746: 45 -65
31331350135108: 42 -68
31331350135252: 30 -80
82795547636: 20 -90
31331350132848: 50 -60
152088853522: 64 -46
31601194165454: 56 -54
70465911891574: 21 -89
104046342248: 56 -54
61073128139: 44 -66
75484162752: 57 -53
148997885746: 45 -65
31331350135108: 45 -65
31331350135252: 30 -80
82795547636: 21 -89
31331350132848: 47 -63
93541518640: 38 -72
27279809849: 20 -90
152088853522: 64 -46
31601194165454: 56 -54
70465911891574: 21 -89
104046342248: 56 -54
61073128139: 44 -66
75484162752: 57 -53
148997885746: 45 -65
31331350135108: 45 -65
31331350135252: 30 -80
82795547636: 21 -89
31331350132848: 47 -63
93541518640: 38 -72
27279809849: 20 -90
152088853522: 64 -46
31601194165454: 56 -54
70465911891574: 21 -89
104046342248: 56 -54
61073128139: 44 -66
75484162752: 57 -53
148997885746: 45 -65
31331350135108: 45 -65
31331350135252: 30 -80
82795547636: 21 -89
31331350132848: 47 -63
93541518640: 38 -72
27279809849: 20 -90
152088853522: 63 -47
31601194165454: 56 -54
70465911891574: 21 -89
104046342248: 56 -54
61073128139: 44 -66
75484162752: 57 -53
148997885746: 45 -65
31331350135108: 45 -65
31331350135252: 30 -80
82795547636: 21 -89
31331350132848: 47 -63
93541518640: 38 -72
27279809849: 20 -90
152088853522: 65 -45
31601194165454: 56 -54
70465911891574: 21 -89
104046342248: 56 -54
61073128139: 44 -66
75484162752: 57 -53
148997885746: 45 -65
31331350135108: 45 -65
31331350135252: 30 -80
82795547636: 21 -89
31331350132848: 47 -63
93541518640: 38 -72
27279809849: 20 -90
152088853522: 64 -46
31601194165454: 56 -54
70465911891574: 21 -89
104046342248: 56 -54
61073128139: 44 -66
75484162752: 57 -53
148997885746: 45 -65
31331350135108: 45 -65
31331350135252: 30 -80
82795547636: 21 -89
31331350132848: 47 -63
93541518640: 38 -72
27279809849: 20 -90
152088853522: 66 -44
31601194165454: 56 -54
70465911891574: 21 -89
104046342248: 56 -54
61073128139: 44 -66
75484162752: 57 -53
148997885746: 45 -65
31331350135108: 45 -65
31331350135252: 30 -80
82795547636: 21 -89
31331350132848: 47 -63
93541518640: 38 -72
27279809849: 20 -90
152088853522: 66 -44
31601194165454: 56 -54
70465911891574: 21 -89
104046342248: 56 -54
61073128139: 44 -66
75484162752: 57 -53
148997885746: 45 -65
31331350135108: 45 -65
31331350135252: 30 -80
82795547636: 21 -89
31331350132848: 47 -63
93541518640: 38 -72
27279809849: 20 -90
152088853522: 63 -47
31601194165454: 56 -54
70465911891574: 21 -89
104046342248: 56 -54
61073128139: 44 -66
75484162752: 57 -53
148997885746: 45 -65
31331350135108: 45 -65
31331350135252: 30 -80
82795547636: 21 -89
31331350132848: 47 -63
93541518640: 38 -72
27279809849: 20 -90
152088853522: 65 -45
31601194165454: 59 -51
70465911891574: 23 -87
104046342248: 49 -61
61073128139: 63 -47
75484162752: 61 -49
148997885746: 42 -68
31331350135108: 47 -63
31331350135252: 30 -80
82795547636: 20 -90
31331350132848: 42 -68
93541518640: 35 -75
27279809849: 20 -90
164729952490: 26 -84
152088853522: 70 -40
31601194165454: 59 -51
70465911891574: 23 -87
104046342248: 49 -61
61073128139: 63 -47
75484162752: 61 -49
148997885746: 42 -68
31331350135108: 47 -63
31331350135252: 30 -80
82795547636: 20 -90
31331350132848: 42 -68
93541518640: 35 -75
27279809849: 20 -90
164729952490: 26 -84
152088853522: 66 -44
31601194165454: 59 -51
70465911891574: 23 -87
104046342248: 49 -61
61073128139: 63 -47
75484162752: 61 -49
148997885746: 42 -68
31331350135108: 47 -63
31331350135252: 30 -80
82795547636: 20 -90
31331350132848: 42 -68
93541518640: 35 -75
27279809849: 20 -90
164729952490: 26 -84
152088853522: 68 -42
31601194165454: 59 -51
70465911891574: 23 -87
104046342248: 49 -61
61073128139: 63 -47
75484162752: 61 -49
148997885746: 42 -68
31331350135108: 47 -63
31331350135252: 30 -80
82795547636: 20 -90
31331350132848: 42 -68
93541518640: 35 -75
27279809849: 20 -90
164729952490: 26 -84
152088853522: 69 -41
31601194165454: 59 -51
70465911891574: 23 -87
104046342248: 49 -61
61073128139: 63 -47
75484162752: 61 -49
148997885746: 42 -68
31331350135108: 47 -63
31331350135252: 30 -80
82795547636: 20 -90
31331350132848: 42 -68
93541518640: 35 -75
27279809849: 20 -90
164729952490: 26 -84
152088853522: 70 -40
31601194165454: 59 -51
70465911891574: 23 -87
104046342248: 49 -61
61073128139: 63 -47
75484162752: 61 -49
148997885746: 42 -68
31331350135108: 47 -63
31331350135252: 30 -80
82795547636: 20 -90
31331350132848: 42 -68
93541518640: 35 -75
27279809849: 20 -90
164729952490: 26 -84
152088853522: 70 -40
31601194165454: 59 -51
70465911891574: 23 -87
104046342248: 49 -61
61073128139: 63 -47
75484162752: 61 -49
148997885746: 42 -68
31331350135108: 47 -63
31331350135252: 30 -80
82795547636: 20 -90
31331350132848: 42 -68
93541518640: 35 -75
27279809849: 20 -90
164729952490: 26 -84
152088853522: 68 -42
31601194165454: 59 -51
70465911891574: 23 -87
104046342248: 49 -61
61073128139: 63 -47
75484162752: 61 -49
148997885746: 42 -68
31331350135108: 47 -63
31331350135252: 30 -80
82795547636: 20 -90
31331350132848: 42 -68
93541518640: 35 -75
27279809849: 20 -90
164729952490: 26 -84
152088853522: 68 -42
31601194165454: 59 -51
70465911891574: 23 -87
104046342248: 49 -61
61073128139: 63 -47
75484162752: 61 -49
148997885746: 42 -68
31331350135108: 47 -63
31331350135252: 30 -80
82795547636: 20 -90
31331350132848: 42 -68
93541518640: 35 -75
27279809849: 20 -90
164729952490: 26 -84
152088853522: 69 -41
31601194165454: 59 -51
70465911891574: 51 -59
104046342248: 63 -47
61073128139: 61 -49
75484162752: 58 -52
148997885746: 42 -68
31331350135108: 46 -64
31331350135252: 32 -78
82795547636: 20 -90
31331350132848: 54 -56
93541518640: 35 -75
27279809849: 20 -90
164729952490: 26 -84
152088853522: 68 -42
31601194165454: 59 -51
70465911891574: 51 -59
104046342248: 63 -47
61073128139: 61 -49
75484162752: 58 -52
148997885746: 42 -68
31331350135108: 46 -64
31331350135252: 32 -78
82795547636: 20 -90
31331350132848: 54 -56
93541518640: 35 -75
27279809849: 20 -90
164729952490: 26 -84
152088853522: 68 -42
31601194165454: 59 -51
70465911891574: 51 -59
104046342248: 63 -47
61073128139: 61 -49
75484162752: 58 -52
148997885746: 42 -68
31331350135108: 46 -64
31331350135252: 32 -78
82795547636: 20 -90
31331350132848: 54 -56
93541518640: 35 -75
27279809849: 20 -90
164729952490: 26 -84
152088853522: 67 -43
31601194165454: 59 -51
70465911891574: 51 -59
104046342248: 63 -47
61073128139: 61 -49
75484162752: 58 -52
148997885746: 42 -68
31331350135108: 46 -64
31331350135252: 32 -78
82795547636: 20 -90
31331350132848: 54 -56
93541518640: 35 -75
27279809849: 20 -90
164729952490: 26 -84
152088853522: 69 -41
31601194165454: 59 -51
70465911891574: 51 -59
104046342248: 63 -47
61073128139: 61 -49
75484162752: 58 -52
148997885746: 42 -68
31331350135108: 46 -64
31331350135252: 32 -78
82795547636: 20 -90
31331350132848: 54 -56
93541518640: 35 -75
27279809849: 20 -90
164729952490: 26 -84
152088853522: 65 -45
31601194165454: 59 -51
70465911891574: 51 -59
104046342248: 63 -47
61073128139: 61 -49
75484162752: 58 -52
148997885746: 42 -68
31331350135108: 46 -64
31331350135252: 32 -78
82795547636: 20 -90
31331350132848: 54 -56
93541518640: 35 -75
27279809849: 20 -90
164729952490: 26 -84
152088853522: 70 -40
31601194165454: 59 -51
70465911891574: 51 -59
104046342248: 63 -47
61073128139: 61 -49
75484162752: 58 -52
148997885746: 42 -68
31331350135108: 46 -64
31331350135252: 32 -78
82795547636: 20 -90
31331350132848: 54 -56
93541518640: 35 -75
27279809849: 20 -90
164729952490: 26 -84
152088853522: 69 -41
31601194165454: 59 -51
70465911891574: 51 -59
104046342248: 63 -47
61073128139: 61 -49
75484162752: 58 -52
148997885746: 42 -68
31331350135108: 46 -64
31331350135252: 32 -78
82795547636: 20 -90
31331350132848: 54 -56
93541518640: 35 -75
27279809849: 20 -90
164729952490: 26 -84
152088853522: 68 -42
31601194165454: 59 -51
70465911891574: 51 -59
104046342248: 63 -47
61073128139: 61 -49
75484162752: 58 -52
148997885746: 42 -68
31331350135108: 46 -64
31331350135252: 32 -78
82795547636: 20 -90
31331350132848: 54 -56
93541518640: 35 -75
27279809849: 20 -90
164729952490: 26 -84
152088853522: 69 -41
31601194165454: 58 -52
70465911891574: 52 -58
104046342248: 63 -47
61073128139: 65 -45
75484162752: 59 -51
148997885746: 38 -72
31331350135108: 47 -63
31331350135252: 35 -75
82795547636: 20 -90
31331350132848: 49 -61
93541518640: 35 -75
27279809849: 20 -90
164729952490: 34 -76
152088853522: 69 -41
31601194165454: 58 -52
70465911891574: 52 -58
104046342248: 63 -47
61073128139: 65 -45
75484162752: 59 -51
148997885746: 38 -72
31331350135108: 47 -63
31331350135252: 35 -75
82795547636: 20 -90
31331350132848: 49 -61
93541518640: 35 -75
27279809849: 20 -90
164729952490: 34 -76
152088853522: 68 -42
31601194165454: 58 -52
70465911891574: 52 -58
104046342248: 63 -47
61073128139: 65 -45
75484162752: 59 -51
148997885746: 38 -72
31331350135108: 47 -63
31331350135252: 35 -75
82795547636: 20 -90
31331350132848: 49 -61
93541518640: 35 -75
27279809849: 20 -90
164729952490: 34 -76
152088853522: 70 -39
31601194165454: 58 -52
70465911891574: 52 -58
104046342248: 63 -47
61073128139: 65 -45
75484162752: 59 -51
148997885746: 38 -72
31331350135108: 47 -63
31331350135252: 35 -75
82795547636: 20 -90
31331350132848: 49 -61
93541518640: 35 -75
27279809849: 20 -90
164729952490: 34 -76
152088853522: 70 -40
31601194165454: 58 -52
70465911891574: 52 -58
104046342248: 63 -47
61073128139: 65 -45
75484162752: 59 -51
148997885746: 38 -72
31331350135108: 47 -63
31331350135252: 35 -75
82795547636: 20 -90
31331350132848: 49 -61
93541518640: 35 -75
27279809849: 20 -90
164729952490: 34 -76
152088853522: 67 -43
31601194165454: 58 -52
70465911891574: 52 -58
104046342248: 63 -47
61073128139: 65 -45
75484162752: 59 -51
148997885746: 38 -72
31331350135108: 47 -63
31331350135252: 35 -75
82795547636: 20 -90
31331350132848: 49 -61
93541518640: 35 -75
27279809849: 20 -90
164729952490: 34 -76
152088853522: 67 -43
31601194165454: 58 -52
70465911891574: 52 -58
104046342248: 63 -47
61073128139: 65 -45
75484162752: 59 -51
148997885746: 38 -72
31331350135108: 47 -63
31331350135252: 35 -75
82795547636: 20 -90
31331350132848: 49 -61
93541518640: 35 -75
27279809849: 20 -90
164729952490: 34 -76
152088853522: 68 -42
31601194165454: 58 -52
70465911891574: 52 -58
104046342248: 63 -47
61073128139: 65 -45
75484162752: 59 -51
148997885746: 38 -72
31331350135108: 47 -63
31331350135252: 35 -75
82795547636: 20 -90
31331350132848: 49 -61
93541518640: 35 -75
27279809849: 20 -90
164729952490: 34 -76
152088853522: 67 -43
31601194165454: 58 -52
70465911891574: 52 -58
104046342248: 63 -47
61073128139: 65 -45
75484162752: 59 -51
148997885746: 38 -72
31331350135108: 47 -63
31331350135252: 35 -75
82795547636: 20 -90
31331350132848: 49 -61
93541518640: 35 -75
27279809849: 20 -90
164729952490: 34 -76
152088853522: 68 -42
31601194165454: 61 -49
70465911891574: 65 -45
104046342248: 48 -62
61073128139: 61 -49
75484162752: 58 -52
148997885746: 42 -68
31331350135108: 49 -61
31331350135252: 35 -75
82795547636: 20 -90
31331350132848: 49 -61
93541518640: 34 -76
27279809849: 20 -90
164729952490: 34 -76
152088853522: 65 -45
31601194165454: 61 -49
70465911891574: 65 -45
104046342248: 48 -62
61073128139: 61 -49
75484162752: 58 -52
148997885746: 42 -68
31331350135108: 49 -61
31331350135252: 35 -75
82795547636: 20 -90
31331350132848: 49 -61
93541518640: 34 -76
27279809849: 20 -90
164729952490: 34 -76
152088853522: 68 -42
31601194165454: 61 -49
70465911891574: 65 -45
104046342248: 48 -62
61073128139: 61 -49
75484162752: 58 -52
148997885746: 42 -68
31331350135108: 49 -61
31331350135252: 35 -75
82795547636: 20 -90
31331350132848: 49 -61
93541518640: 34 -76
27279809849: 20 -90
164729952490: 34 -76
152088853522: 66 -44
31601194165454: 61 -49
70465911891574: 65 -45
104046342248: 48 -62
61073128139: 61 -49
75484162752: 58 -52
148997885746: 42 -68
31331350135108: 49 -61
31331350135252: 35 -75
82795547636: 20 -90
31331350132848: 49 -61
93541518640: 34 -76
27279809849: 20 -90
164729952490: 34 -76
152088853522: 68 -42
31601194165454: 61 -49
70465911891574: 65 -45
104046342248: 48 -62
61073128139: 61 -49
75484162752: 58 -52
148997885746: 42 -68
31331350135108: 49 -61
31331350135252: 35 -75
82795547636: 20 -90
31331350132848: 49 -61
93541518640: 34 -76
164729952490: 34 -76
152088853522: 65 -45
31601194165454: 61 -49
70465911891574: 65 -45
104046342248: 48 -62
61073128139: 61 -49
75484162752: 58 -52
148997885746: 42 -68
31331350135108: 49 -61
31331350135252: 35 -75
82795547636: 20 -90
31331350132848: 49 -61
93541518640: 34 -76
164729952490: 34 -76
152088853522: 68 -42
31601194165454: 61 -49
70465911891574: 65 -45
104046342248: 48 -62
61073128139: 61 -49
75484162752: 58 -52
148997885746: 42 -68
31331350135108: 49 -61
31331350135252: 35 -75
82795547636: 20 -90
31331350132848: 49 -61
93541518640: 34 -76
164729952490: 34 -76
152088853522: 66 -44
31601194165454: 61 -49
70465911891574: 65 -45
104046342248: 48 -62
61073128139: 61 -49
75484162752: 58 -52
148997885746: 42 -68
31331350135108: 49 -61
31331350135252: 35 -75
82795547636: 20 -90
31331350132848: 49 -61
93541518640: 34 -76
164729952490: 34 -76
152088853522: 68 -42
31601194165454: 61 -49
70465911891574: 65 -45
104046342248: 48 -62
61073128139: 61 -49
75484162752: 58 -52
148997885746: 42 -68
31331350135108: 49 -61
31331350135252: 35 -75
82795547636: 20 -90
31331350132848: 49 -61
93541518640: 34 -76
164729952490: 34 -76
152088853522: 68 -42
31601194165454: 60 -50
70465911891574: 54 -56
104046342248: 56 -54
61073128139: 66 -44
75484162752: 59 -51
148997885746: 42 -68
31331350135108: 47 -63
31331350135252: 37 -73
82795547636: 21 -89
31331350132848: 49 -61
93541518640: 38 -72
164729952490: 34 -76
152088853522: 70 -40
31601194165454: 60 -50
70465911891574: 54 -56
104046342248: 56 -54
61073128139: 66 -44
75484162752: 59 -51
148997885746: 42 -68
31331350135108: 47 -63
31331350135252: 37 -73
82795547636: 21 -89
31331350132848: 49 -61
93541518640: 38 -72
164729952490: 34 -76
152088853522: 67 -43
31601194165454: 60 -50
70465911891574: 54 -56
104046342248: 56 -54
61073128139: 66 -44
75484162752: 59 -51
148997885746: 42 -68
31331350135108: 47 -63
31331350135252: 37 -73
82795547636: 21 -89
31331350132848: 49 -61
93541518640: 38 -72
164729952490: 34 -76
152088853522: 67 -43
31601194165454: 60 -50
70465911891574: 54 -56
104046342248: 56 -54
61073128139: 66 -44
75484162752: 59 -51
148997885746: 42 -68
31331350135108: 47 -63
31331350135252: 37 -73
82795547636: 21 -89
31331350132848: 49 -61
93541518640: 38 -72
164729952490: 34 -76
152088853522: 66 -44
31601194165454: 60 -50
70465911891574: 54 -56
104046342248: 56 -54
61073128139: 66 -44
75484162752: 59 -51
148997885746: 42 -68
31331350135108: 47 -63
31331350135252: 37 -73
82795547636: 21 -89
31331350132848: 49 -61
93541518640: 38 -72
164729952490: 34 -76
152088853522: 69 -41
31601194165454: 60 -50
70465911891574: 54 -56
104046342248: 56 -54
61073128139: 66 -44
75484162752: 59 -51
148997885746: 42 -68
31331350135108: 47 -63
31331350135252: 37 -73
82795547636: 21 -89
31331350132848: 49 -61
93541518640: 38 -72
164729952490: 34 -76
152088853522: 66 -44
31601194165454: 60 -50
70465911891574: 54 -56
104046342248: 56 -54
61073128139: 66 -44
75484162752: 59 -51
148997885746: 42 -68
31331350135108: 47 -63
31331350135252: 37 -73
82795547636: 21 -89
31331350132848: 49 -61
93541518640: 38 -72
164729952490: 34 -76
152088853522: 66 -44
31601194165454: 60 -50
70465911891574: 54 -56
104046342248: 56 -54
61073128139: 66 -44
75484162752: 59 -51
148997885746: 42 -68
31331350135108: 47 -63
31331350135252: 37 -73
82795547636: 21 -89
31331350132848: 49 -61
93541518640: 38 -72
164729952490: 34 -76
152088853522: 66 -44
31601194165454: 60 -50
70465911891574: 54 -56
104046342248: 56 -54
61073128139: 66 -44
75484162752: 59 -51
148997885746: 42 -68
31331350135108: 47 -63
31331350135252: 37 -73
82795547636: 21 -89
31331350132848: 49 -61
93541518640: 38 -72
164729952490: 34 -76
152088853522: 67 -43
31601194165454: 55 -55
70465911891574: 22 -88
104046342248: 52 -58
61073128139: 59 -51
75484162752: 64 -46
148997885746: 45 -65
31331350135108: 51 -59
31331350135252: 34 -76
82795547636: 20 -90
31331350132848: 49 -61
93541518640: 28 -82
164729952490: 34 -76
6618847380691: 23 -87
