152088853522: 70 -39
31601194165454: 57 -53
70465911891574: 54 -56
104046342248: 51 -59
61073128139: 57 -53
75484162752: 70 -40
148997885746: 34 -76
31331350135108: 40 -70
31331350135252: 42 -68
152088853522: 70 -37
31601194165454: 57 -53
70465911891574: 54 -56
104046342248: 51 -59
61073128139: 57 -53
75484162752: 70 -40
148997885746: 34 -76
31331350135108: 40 -70
31331350135252: 42 -68
152088853522: 70 -38
31601194165454: 57 -53
70465911891574: 54 -56
104046342248: 51 -59
61073128139: 57 -53
75484162752: 70 -40
148997885746: 34 -76
31331350135108: 40 -70
31331350135252: 42 -68
152088853522: 63 -47
31601194165454: 57 -53
70465911891574: 54 -56
104046342248: 51 -59
61073128139: 57 -53
75484162752: 70 -40
148997885746: 34 -76
31331350135108: 40 -70
31331350135252: 42 -68
152088853522: 69 -41
31601194165454: 57 -53
70465911891574: 54 -56
104046342248: 51 -59
61073128139: 57 -53
75484162752: 70 -40
148997885746: 34 -76
31331350135108: 40 -70
31331350135252: 42 -68
152088853522: 69 -41
31601194165454: 57 -53
70465911891574: 54 -56
104046342248: 51 -59
61073128139: 57 -53
75484162752: 70 -40
148997885746: 34 -76
31331350135108: 40 -70
31331350135252: 42 -68
152088853522: 66 -44
31601194165454: 57 -53
70465911891574: 54 -56
104046342248: 51 -59
61073128139: 57 -53
75484162752: 70 -40
148997885746: 34 -76
31331350135108: 40 -70
31331350135252: 42 -68
152088853522: 70 -38
31601194165454: 57 -53
70465911891574: 54 -56
104046342248: 51 -59
61073128139: 57 -53
75484162752: 70 -40
148997885746: 34 -76
31331350135108: 40 -70
31331350135252: 42 -68
152088853522: 69 -41
31601194165454: 57 -53
70465911891574: 54 -56
104046342248: 51 -59
61073128139: 57 -53
75484162752: 70 -40
148997885746: 34 -76
31331350135108: 40 -70
31331350135252: 42 -68
152088853522: 70 -40
31601194165454: 52 -58
70465911891574: 57 -53
104046342248: 46 -64
61073128139: 55 -55
75484162752: 60 -50
148997885746: 31 -79
31331350135108: 45 -65
31331350135252: 38 -72
93541518640: 32 -78
152088853522: 70 -40
31601194165454: 52 -58
70465911891574: 57 -53
104046342248: 46 -64
61073128139: 55 -55
75484162752: 60 -50
148997885746: 31 -79
31331350135108: 45 -65
31331350135252: 38 -72
93541518640: 32 -78
152088853522: 66 -44
31601194165454: 52 -58
70465911891574: 57 -53
104046342248: 46 -64
61073128139: 55 -55
75484162752: 60 -50
148997885746: 31 -79
31331350135108: 45 -65
31331350135252: 38 -72
93541518640: 32 -78
152088853522: 70 -39
31601194165454: 52 -58
70465911891574: 57 -53
104046342248: 46 -64
61073128139: 55 -55
75484162752: 60 -50
148997885746: 31 -79
31331350135108: 45 -65
31331350135252: 38 -72
93541518640: 32 -78
152088853522: 66 -44
31601194165454: 52 -58
70465911891574: 57 -53
104046342248: 46 -64
61073128139: 55 -55
75484162752: 60 -50
148997885746: 31 -79
31331350135108: 45 -65
31331350135252: 38 -72
93541518640: 32 -78
152088853522: 70 -39
31601194165454: 52 -58
70465911891574: 57 -53
104046342248: 46 -64
61073128139: 55 -55
75484162752: 60 -50
148997885746: 31 -79
31331350135108: 45 -65
31331350135252: 38 -72
93541518640: 32 -78
152088853522: 69 -41
31601194165454: 52 -58
70465911891574: 57 -53
104046342248: 46 -64
61073128139: 55 -55
75484162752: 60 -50
148997885746: 31 -79
31331350135108: 45 -65
31331350135252: 38 -72
93541518640: 32 -78
152088853522: 69 -41
31601194165454: 52 -58
70465911891574: 57 -53
104046342248: 46 -64
61073128139: 55 -55
75484162752: 60 -50
148997885746: 31 -79
31331350135108: 45 -65
31331350135252: 38 -72
93541518640: 32 -78
152088853522: 67 -43
31601194165454: 52 -58
70465911891574: 57 -53
104046342248: 46 -64
61073128139: 55 -55
75484162752: 60 -50
148997885746: 31 -79
31331350135108: 45 -65
31331350135252: 38 -72
93541518640: 32 -78
152088853522: 66 -44
31601194165454: 55 -55
70465911891574: 53 -57
104046342248: 49 -61
61073128139: 61 -49
75484162752: 59 -51
148997885746: 40 -70
31331350135108: 41 -69
31331350135252: 34 -76
93541518640: 32 -78
6618847380691: 21 -89
82795547636: 21 -89
152088853522: 63 -47
31601194165454: 55 -55
70465911891574: 53 -57
104046342248: 49 -61
61073128139: 61 -49
75484162752: 59 -51
148997885746: 40 -70
31331350135108: 41 -69
31331350135252: 34 -76
93541518640: 32 -78
6618847380691: 21 -89
82795547636: 21 -89
152088853522: 66 -44
31601194165454: 55 -55
70465911891574: 53 -57
104046342248: 49 -61
61073128139: 61 -49
75484162752: 59 -51
148997885746: 40 -70
31331350135108: 41 -69
31331350135252: 34 -76
93541518640: 32 -78
6618847380691: 21 -89
82795547636: 21 -89
152088853522: 63 -47
31601194165454: 55 -55
70465911891574: 53 -57
104046342248: 49 -61
61073128139: 61 -49
75484162752: 59 -51
148997885746: 40 -70
31331350135108: 41 -69
31331350135252: 34 -76
93541518640: 32 -78
6618847380691: 21 -89
82795547636: 21 -89
152088853522: 65 -45
31601194165454: 55 -55
70465911891574: 53 -57
104046342248: 49 -61
61073128139: 61 -49
75484162752: 59 -51
148997885746: 40 -70
31331350135108: 41 -69
31331350135252: 34 -76
93541518640: 32 -78
6618847380691: 21 -89
82795547636: 21 -89
152088853522: 62 -48
31601194165454: 55 -55
70465911891574: 53 -57
104046342248: 49 -61
61073128139: 61 -49
75484162752: 59 -51
148997885746: 40 -70
31331350135108: 41 -69
31331350135252: 34 -76
93541518640: 32 -78
6618847380691: 21 -89
82795547636: 21 -89
152088853522: 67 -43
31601194165454: 55 -55
70465911891574: 53 -57
104046342248: 49 -61
61073128139: 61 -49
75484162752: 59 -51
148997885746: 40 -70
31331350135108: 41 -69
31331350135252: 34 -76
93541518640: 32 -78
6618847380691: 21 -89
82795547636: 21 -89
152088853522: 63 -47
31601194165454: 55 -55
70465911891574: 53 -57
104046342248: 49 -61
61073128139: 61 -49
75484162752: 59 -51
148997885746: 40 -70
31331350135108: 41 -69
31331350135252: 34 -76
93541518640: 32 -78
6618847380691: 21 -89
82795547636: 21 -89
152088853522: 63 -47
31601194165454: 55 -55
70465911891574: 53 -57
104046342248: 49 -61
61073128139: 61 -49
75484162752: 59 -51
148997885746: 40 -70
31331350135108: 41 -69
31331350135252: 34 -76
93541518640: 32 -78
6618847380691: 21 -89
82795547636: 21 -89
152088853522: 68 -42
31601194165454: 58 -52
70465911891574: 7 -103
104046342248: 45 -65
61073128139: 59 -51
75484162752: 62 -48
148997885746: 35 -75
31331350135108: 44 -66
31331350135252: 34 -76
93541518640: 35 -75
6618847380691: 21 -89
82795547636: 21 -89
31331350132848: 53 -57
152088853522: 68 -42
31601194165454: 58 -52
70465911891574: 7 -103
104046342248: 45 -65
61073128139: 59 -51
75484162752: 62 -48
148997885746: 35 -75
31331350135108: 44 -66
31331350135252: 34 -76
93541518640: 35 -75
6618847380691: 21 -89
82795547636: 21 -89
31331350132848: 53 -57
152088853522: 66 -44
31601194165454: 58 -52
70465911891574: 7 -103
104046342248: 45 -65
61073128139: 59 -51
75484162752: 62 -48
148997885746: 35 -75
31331350135108: 44 -66
31331350135252: 34 -76
93541518640: 35 -75
6618847380691: 21 -89
82795547636: 21 -89
31331350132848: 53 -57
152088853522: 68 -42
31601194165454: 58 -52
70465911891574: 7 -103
104046342248: 45 -65
61073128139: 59 -51
75484162752: 62 -48
148997885746: 35 -75
31331350135108: 44 -66
31331350135252: 34 -76
93541518640: 35 -75
6618847380691: 21 -89
82795547636: 21 -89
31331350132848: 53 -57
152088853522: 69 -41
31601194165454: 58 -52
70465911891574: 7 -103
104046342248: 45 -65
61073128139: 59 -51
75484162752: 62 -48
148997885746: 35 -75
31331350135108: 44 -66
31331350135252: 34 -76
93541518640: 35 -75
6618847380691: 21 -89
82795547636: 21 -89
31331350132848: 53 -57
152088853522: 65 -45
31601194165454: 58 -52
70465911891574: 7 -103
104046342248: 45 -65
61073128139: 59 -51
75484162752: 62 -48
148997885746: 35 -75
31331350135108: 44 -66
31331350135252: 34 -76
93541518640: 35 -75
6618847380691: 21 -89
82795547636: 21 -89
31331350132848: 53 -57
152088853522: 68 -42
31601194165454: 58 -52
70465911891574: 7 -103
104046342248: 45 -65
61073128139: 59 -51
75484162752: 62 -48
148997885746: 35 -75
31331350135108: 44 -66
31331350135252: 34 -76
93541518640: 35 -75
6618847380691: 21 -89
82795547636: 21 -89
31331350132848: 53 -57
152088853522: 66 -44
31601194165454: 58 -52
70465911891574: 7 -103
104046342248: 45 -65
61073128139: 59 -51
75484162752: 62 -48
148997885746: 35 -75
31331350135108: 44 -66
31331350135252: 34 -76
93541518640: 35 -75
6618847380691: 21 -89
82795547636: 21 -89
31331350132848: 53 -57
152088853522: 66 -44
31601194165454: 58 -52
70465911891574: 7 -103
104046342248: 45 -65
61073128139: 59 -51
75484162752: 62 -48
148997885746: 35 -75
31331350135108: 44 -66
31331350135252: 34 -76
93541518640: 35 -75
6618847380691: 21 -89
82795547636: 21 -89
31331350132848: 53 -57
152088853522: 68 -42
31601194165454: 60 -50
70465911891574: 58 -52
104046342248: 57 -53
61073128139: 60 -50
75484162752: 55 -55
148997885746: 39 -71
31331350135108: 46 -64
31331350135252: 36 -74
93541518640: 35 -75
6618847380691: 21 -89
82795547636: 21 -89
31331350132848: 55 -55
164729952490: 34 -76
152088853522: 65 -45
31601194165454: 60 -50
70465911891574: 58 -52
104046342248: 57 -53
61073128139: 60 -50
75484162752: 55 -55
148997885746: 39 -71
31331350135108: 46 -64
31331350135252: 36 -74
93541518640: 35 -75
6618847380691: 21 -89
82795547636: 21 -89
31331350132848: 55 -55
164729952490: 34 -76
152088853522: 69 -41
31601194165454: 60 -50
70465911891574: 58 -52
104046342248: 57 -53
61073128139: 60 -50
75484162752: 55 -55
148997885746: 39 -71
31331350135108: 46 -64
31331350135252: 36 -74
93541518640: 35 -75
6618847380691: 21 -89
82795547636: 21 -89
31331350132848: 55 -55
164729952490: 34 -76
152088853522: 69 -41
31601194165454: 60 -50
70465911891574: 58 -52
104046342248: 57 -53
61073128139: 60 -50
75484162752: 55 -55
148997885746: 39 -71
31331350135108: 46 -64
31331350135252: 36 -74
93541518640: 35 -75
6618847380691: 21 -89
82795547636: 21 -89
31331350132848: 55 -55
164729952490: 34 -76
152088853522: 66 -44
31601194165454: 60 -50
70465911891574: 58 -52
104046342248: 57 -53
61073128139: 60 -50
75484162752: 55 -55
148997885746: 39 -71
31331350135108: 46 -64
31331350135252: 36 -74
93541518640: 35 -75
6618847380691: 21 -89
82795547636: 21 -89
31331350132848: 55 -55
164729952490: 34 -76
152088853522: 66 -44
31601194165454: 60 -50
70465911891574: 58 -52
104046342248: 57 -53
61073128139: 60 -50
75484162752: 55 -55
148997885746: 39 -71
31331350135108: 46 -64
31331350135252: 36 -74
93541518640: 35 -75
6618847380691: 21 -89
82795547636: 21 -89
31331350132848: 55 -55
164729952490: 34 -76
152088853522: 70 -40
31601194165454: 60 -50
70465911891574: 58 -52
104046342248: 57 -53
61073128139: 60 -50
75484162752: 55 -55
148997885746: 39 -71
31331350135108: 46 -64
31331350135252: 36 -74
93541518640: 35 -75
6618847380691: 21 -89
82795547636: 21 -89
31331350132848: 55 -55
164729952490: 34 -76
152088853522: 68 -42
31601194165454: 60 -50
70465911891574: 58 -52
104046342248: 57 -53
61073128139: 60 -50
75484162752: 55 -55
148997885746: 39 -71
31331350135108: 46 -64
31331350135252: 36 -74
93541518640: 35 -75
6618847380691: 21 -89
82795547636: 21 -89
31331350132848: 55 -55
164729952490: 34 -76
152088853522: 70 -40
31601194165454: 60 -50
70465911891574: 58 -52
104046342248: 57 -53
61073128139: 60 -50
75484162752: 55 -55
148997885746: 39 -71
31331350135108: 46 -64
31331350135252: 36 -74
93541518640: 35 -75
6618847380691: 21 -89
82795547636: 21 -89
31331350132848: 55 -55
164729952490: 34 -76
152088853522: 69 -41
31601194165454: 53 -57
70465911891574: 57 -53
104046342248: 42 -68
61073128139: 56 -54
75484162752: 57 -53
148997885746: 38 -72
31331350135108: 43 -67
31331350135252: 42 -68
93541518640: 30 -80
6618847380691: 21 -89
82795547636: 21 -89
31331350132848: 52 -58
164729952490: 34 -76
152088853522: 67 -43
31601194165454: 53 -57
70465911891574: 57 -53
104046342248: 42 -68
61073128139: 56 -54
75484162752: 57 -53
148997885746: 38 -72
31331350135108: 43 -67
31331350135252: 42 -68
93541518640: 30 -80
6618847380691: 21 -89
82795547636: 21 -89
31331350132848: 52 -58
164729952490: 34 -76
152088853522: 66 -44
31601194165454: 53 -57
70465911891574: 57 -53
104046342248: 42 -68
61073128139: 56 -54
75484162752: 57 -53
148997885746: 38 -72
31331350135108: 43 -67
31331350135252: 42 -68
93541518640: 30 -80
6618847380691: 21 -89
82795547636: 21 -89
31331350132848: 52 -58
164729952490: 34 -76
152088853522: 66 -44
31601194165454: 53 -57
70465911891574: 57 -53
104046342248: 42 -68
61073128139: 56 -54
75484162752: 57 -53
148997885746: 38 -72
31331350135108: 43 -67
31331350135252: 42 -68
93541518640: 30 -80
6618847380691: 21 -89
82795547636: 21 -89
31331350132848: 52 -58
164729952490: 34 -76
152088853522: 66 -44
31601194165454: 53 -57
70465911891574: 57 -53
104046342248: 42 -68
61073128139: 56 -54
75484162752: 57 -53
148997885746: 38 -72
31331350135108: 43 -67
31331350135252: 42 -68
93541518640: 30 -80
6618847380691: 21 -89
82795547636: 21 -89
31331350132848: 52 -58
164729952490: 34 -76
152088853522: 69 -41
31601194165454: 53 -57
70465911891574: 57 -53
104046342248: 42 -68
61073128139: 56 -54
75484162752: 57 -53
148997885746: 38 -72
31331350135108: 43 -67
31331350135252: 42 -68
93541518640: 30 -80
6618847380691: 21 -89
82795547636: 21 -89
31331350132848: 52 -58
164729952490: 34 -76
152088853522: 68 -42
31601194165454: 53 -57
70465911891574: 57 -53
104046342248: 42 -68
61073128139: 56 -54
75484162752: 57 -53
148997885746: 38 -72
31331350135108: 43 -67
31331350135252: 42 -68
93541518640: 30 -80
6618847380691: 21 -89
82795547636: 21 -89
31331350132848: 52 -58
164729952490: 34 -76
152088853522: 65 -45
31601194165454: 53 -57
70465911891574: 57 -53
104046342248: 42 -68
61073128139: 56 -54
75484162752: 57 -53
148997885746: 38 -72
31331350135108: 43 -67
31331350135252: 42 -68
93541518640: 30 -80
6618847380691: 21 -89
82795547636: 21 -89
31331350132848: 52 -58
164729952490: 34 -76
152088853522: 66 -44
31601194165454: 53 -57
70465911891574: 57 -53
104046342248: 42 -68
61073128139: 56 -54
75484162752: 57 -53
148997885746: 38 -72
31331350135108: 43 -67
31331350135252: 42 -68
93541518640: 30 -80
6618847380691: 21 -89
82795547636: 21 -89
31331350132848: 52 -58
164729952490: 34 -76
152088853522: 65 -45
31601194165454: 57 -53
70465911891574: 58 -52
104046342248: 47 -63
61073128139: 52 -58
75484162752: 55 -55
148997885746: 38 -72
31331350135108: 46 -64
31331350135252: 38 -72
93541518640: 30 -80
6618847380691: 21 -89
82795547636: 18 -92
31331350132848: 52 -58
164729952490: 34 -76
152088853522: 65 -45
31601194165454: 57 -53
70465911891574: 58 -52
104046342248: 47 -63
61073128139: 52 -58
75484162752: 55 -55
148997885746: 38 -72
31331350135108: 46 -64
31331350135252: 38 -72
93541518640: 30 -80
6618847380691: 21 -89
82795547636: 18 -92
31331350132848: 52 -58
164729952490: 34 -76
152088853522: 65 -45
31601194165454: 57 -53
70465911891574: 58 -52
104046342248: 47 -63
61073128139: 52 -58
75484162752: 55 -55
148997885746: 38 -72
31331350135108: 46 -64
31331350135252: 38 -72
93541518640: 30 -80
82795547636: 18 -92
31331350132848: 52 -58
164729952490: 34 -76
152088853522: 64 -46
31601194165454: 57 -53
70465911891574: 58 -52
104046342248: 47 -63
61073128139: 52 -58
75484162752: 55 -55
148997885746: 38 -72
31331350135108: 46 -64
31331350135252: 38 -72
93541518640: 30 -80
82795547636: 18 -92
31331350132848: 52 -58
164729952490: 34 -76
152088853522: 66 -44
31601194165454: 57 -53
70465911891574: 58 -52
104046342248: 47 -63
61073128139: 52 -58
75484162752: 55 -55
148997885746: 38 -72
31331350135108: 46 -64
31331350135252: 38 -72
93541518640: 30 -80
82795547636: 18 -92
31331350132848: 52 -58
164729952490: 34 -76
152088853522: 63 -47
31601194165454: 57 -53
70465911891574: 58 -52
104046342248: 47 -63
61073128139: 52 -58
75484162752: 55 -55
148997885746: 38 -72
31331350135108: 46 -64
31331350135252: 38 -72
93541518640: 30 -80
82795547636: 18 -92
31331350132848: 52 -58
164729952490: 34 -76
152088853522: 64 -46
31601194165454: 57 -53
70465911891574: 58 -52
104046342248: 47 -63
61073128139: 52 -58
75484162752: 55 -55
148997885746: 38 -72
31331350135108: 46 -64
31331350135252: 38 -72
93541518640: 30 -80
82795547636: 18 -92
31331350132848: 52 -58
164729952490: 34 -76
152088853522: 65 -45
31601194165454: 57 -53
70465911891574: 58 -52
104046342248: 47 -63
61073128139: 52 -58
75484162752: 55 -55
148997885746: 38 -72
31331350135108: 46 -64
31331350135252: 38 -72
93541518640: 30 -80
82795547636: 18 -92
31331350132848: 52 -58
164729952490: 34 -76
152088853522: 65 -45
31601194165454: 57 -53
70465911891574: 58 -52
104046342248: 47 -63
61073128139: 52 -58
75484162752: 55 -55
148997885746: 38 -72
31331350135108: 46 -64
31331350135252: 38 -72
93541518640: 30 -80
82795547636: 18 -92
31331350132848: 52 -58
164729952490: 34 -76
152088853522: 64 -46
31601194165454: 53 -57
70465911891574: 19 -91
104046342248: 47 -63
61073128139: 57 -53
75484162752: 62 -48
148997885746: 36 -74
31331350135108: 50 -60
31331350135252: 38 -72
93541518640: 30 -80
82795547636: 18 -92
31331350132848: 45 -65
164729952490: 33 -77
152088853522: 65 -45
31601194165454: 53 -57
70465911891574: 19 -91
104046342248: 47 -63
61073128139: 57 -53
75484162752: 62 -48
148997885746: 36 -74
31331350135108: 50 -60
31331350135252: 38 -72
93541518640: 30 -80
82795547636: 18 -92
31331350132848: 45 -65
164729952490: 33 -77
152088853522: 65 -45
31601194165454: 53 -57
70465911891574: 19 -91
104046342248: 47 -63
61073128139: 57 -53
75484162752: 62 -48
148997885746: 36 -74
31331350135108: 50 -60
31331350135252: 38 -72
93541518640: 30 -80
82795547636: 18 -92
31331350132848: 45 -65
164729952490: 33 -77
152088853522: 66 -44
31601194165454: 53 -57
70465911891574: 19 -91
104046342248: 47 -63
61073128139: 57 -53
75484162752: 62 -48
148997885746: 36 -74
31331350135108: 50 -60
31331350135252: 38 -72
93541518640: 30 -80
82795547636: 18 -92
31331350132848: 45 -65
164729952490: 33 -77
152088853522: 69 -41
31601194165454: 53 -57
70465911891574: 19 -91
104046342248: 47 -63
61073128139: 57 -53
75484162752: 62 -48
148997885746: 36 -74
31331350135108: 50 -60
31331350135252: 38 -72
93541518640: 30 -80
82795547636: 18 -92
31331350132848: 45 -65
164729952490: 33 -77
152088853522: 70 -40
31601194165454: 53 -57
70465911891574: 19 -91
104046342248: 47 -63
61073128139: 57 -53
75484162752: 62 -48
148997885746: 36 -74
31331350135108: 50 -60
31331350135252: 38 -72
93541518640: 30 -80
82795547636: 18 -92
31331350132848: 45 -65
164729952490: 33 -77
152088853522: 68 -42
31601194165454: 53 -57
70465911891574: 19 -91
104046342248: 47 -63
61073128139: 57 -53
75484162752: 62 -48
148997885746: 36 -74
31331350135108: 50 -60
31331350135252: 38 -72
93541518640: 30 -80
82795547636: 18 -92
31331350132848: 45 -65
164729952490: 33 -77
152088853522: 69 -41
31601194165454: 53 -57
70465911891574: 19 -91
104046342248: 47 -63
61073128139: 57 -53
75484162752: 62 -48
148997885746: 36 -74
31331350135108: 50 -60
31331350135252: 38 -72
93541518640: 30 -80
82795547636: 18 -92
31331350132848: 45 -65
164729952490: 33 -77
152088853522: 68 -42
31601194165454: 53 -57
70465911891574: 19 -91
104046342248: 47 -63
61073128139: 57 -53
75484162752: 62 -48
148997885746: 36 -74
31331350135108: 50 -60
31331350135252: 38 -72
93541518640: 30 -80
82795547636: 18 -92
31331350132848: 45 -65
164729952490: 33 -77
152088853522: 70 -38
31601194165454: 58 -52
70465911891574: 55 -55
104046342248: 45 -65
61073128139: 58 -52
75484162752: 57 -53
148997885746: 37 -73
31331350135108: 47 -63
31331350135252: 33 -77
93541518640: 30 -80
82795547636: 18 -92
31331350132848: 45 -65
164729952490: 32 -78
152088853522: 67 -43
31601194165454: 58 -52
70465911891574: 55 -55
104046342248: 45 -65
61073128139: 58 -52
75484162752: 57 -53
148997885746: 37 -73
31331350135108: 47 -63
31331350135252: 33 -77
93541518640: 30 -80
82795547636: 18 -92
31331350132848: 45 -65
164729952490: 32 -78
152088853522: 66 -44
31601194165454: 58 -52
70465911891574: 55 -55
104046342248: 45 -65
61073128139: 58 -52
75484162752: 57 -53
148997885746: 37 -73
31331350135108: 47 -63
31331350135252: 33 -77
93541518640: 30 -80
82795547636: 18 -92
31331350132848: 45 -65
164729952490: 32 -78
152088853522: 66 -44
31601194165454: 58 -52
70465911891574: 55 -55
104046342248: 45 -65
61073128139: 58 -52
75484162752: 57 -53
148997885746: 37 -73
31331350135108: 47 -63
31331350135252: 33 -77
93541518640: 30 -80
82795547636: 18 -92
31331350132848: 45 -65
164729952490: 32 -78
152088853522: 69 -41
31601194165454: 58 -52
70465911891574: 55 -55
104046342248: 45 -65
61073128139: 58 -52
75484162752: 57 -53
148997885746: 37 -73
31331350135108: 47 -63
31331350135252: 33 -77
93541518640: 30 -80
82795547636: 18 -92
31331350132848: 45 -65
164729952490: 32 -78
152088853522: 69 -41
31601194165454: 58 -52
70465911891574: 55 -55
104046342248: 45 -65
61073128139: 58 -52
75484162752: 57 -53
148997885746: 37 -73
31331350135108: 47 -63
31331350135252: 33 -77
93541518640: 30 -80
82795547636: 18 -92
31331350132848: 45 -65
164729952490: 32 -78
152088853522: 66 -44
31601194165454: 58 -52
70465911891574: 55 -55
104046342248: 45 -65
61073128139: 58 -52
75484162752: 57 -53
148997885746: 37 -73
31331350135108: 47 -63
31331350135252: 33 -77
93541518640: 30 -80
82795547636: 18 -92
31331350132848: 45 -65
164729952490: 32 -78
152088853522: 67 -43
31601194165454: 58 -52
70465911891574: 55 -55
104046342248: 45 -65
61073128139: 58 -52
75484162752: 57 -53
148997885746: 37 -73
31331350135108: 47 -63
31331350135252: 33 -77
93541518640: 30 -80
82795547636: 18 -92
31331350132848: 45 -65
164729952490: 32 -78
152088853522: 67 -43
31601194165454: 58 -52
70465911891574: 55 -55
104046342248: 45 -65
61073128139: 58 -52
75484162752: 57 -53
148997885746: 37 -73
31331350135108: 47 -63
31331350135252: 33 -77
93541518640: 30 -80
82795547636: 18 -92
31331350132848: 45 -65
164729952490: 32 -78
152088853522: 65 -45
31601194165454: 57 -53
70465911891574: 55 -55
104046342248: 48 -62
61073128139: 57 -53
75484162752: 64 -46
148997885746: 38 -72
31331350135108: 48 -62
31331350135252: 33 -77
93541518640: 33 -77
82795547636: 18 -92
31331350132848: 45 -65
164729952490: 32 -78
152088853522: 67 -43
31601194165454: 57 -53
70465911891574: 55 -55
104046342248: 48 -62
61073128139: 57 -53
75484162752: 64 -46
148997885746: 38 -72
31331350135108: 48 -62
31331350135252: 33 -77
93541518640: 33 -77
82795547636: 18 -92
31331350132848: 45 -65
164729952490: 32 -78
152088853522: 67 -43
31601194165454: 57 -53
70465911891574: 55 -55
104046342248: 48 -62
61073128139: 57 -53
75484162752: 64 -46
148997885746: 38 -72
31331350135108: 48 -62
31331350135252: 33 -77
93541518640: 33 -77
82795547636: 18 -92
31331350132848: 45 -65
164729952490: 32 -78
152088853522: 68 -42
31601194165454: 57 -53
70465911891574: 55 -55
104046342248: 48 -62
61073128139: 57 -53
75484162752: 64 -46
148997885746: 38 -72
31331350135108: 48 -62
31331350135252: 33 -77
93541518640: 33 -77
82795547636: 18 -92
31331350132848: 45 -65
164729952490: 32 -78
152088853522: 68 -42
31601194165454: 57 -53
70465911891574: 55 -55
104046342248: 48 -62
61073128139: 57 -53
75484162752: 64 -46
148997885746: 38 -72
31331350135108: 48 -62
31331350135252: 33 -77
93541518640: 33 -77
82795547636: 18 -92
31331350132848: 45 -65
164729952490: 32 -78
152088853522: 66 -44
31601194165454: 57 -53
70465911891574: 55 -55
104046342248: 48 -62
61073128139: 57 -53
75484162752: 64 -46
148997885746: 38 -72
31331350135108: 48 -62
31331350135252: 33 -77
93541518640: 33 -77
82795547636: 18 -92
31331350132848: 45 -65
164729952490: 32 -78
152088853522: 63 -47
31601194165454: 57 -53
70465911891574: 55 -55
104046342248: 48 -62
61073128139: 57 -53
75484162752: 64 -46
148997885746: 38 -72
31331350135108: 48 -62
31331350135252: 33 -77
93541518640: 33 -77
82795547636: 18 -92
31331350132848: 45 -65
164729952490: 32 -78
152088853522: 67 -43
31601194165454: 57 -53
70465911891574: 55 -55
104046342248: 48 -62
61073128139: 57 -53
75484162752: 64 -46
148997885746: 38 -72
31331350135108: 48 -62
31331350135252: 33 -77
93541518640: 33 -77
82795547636: 18 -92
31331350132848: 45 -65
164729952490: 32 -78
152088853522: 67 -43
31601194165454: 57 -53
70465911891574: 55 -55
104046342248: 48 -62
61073128139: 57 -53
75484162752: 64 -46
148997885746: 38 -72
31331350135108: 48 -62
31331350135252: 33 -77
93541518640: 33 -77
82795547636: 18 -92
31331350132848: 45 -65
164729952490: 32 -78
152088853522: 68 -42
31601194165454: 48 -62
70465911891574: 58 -52
104046342248: 49 -61
61073128139: 60 -50
75484162752: 64 -46
148997885746: 41 -69
31331350135108: 50 -60
31331350135252: 33 -77
93541518640: 30 -80
82795547636: 18 -92
31331350132848: 54 -56
164729952490: 32 -78
152088853522: 67 -43
31601194165454: 48 -62
70465911891574: 58 -52
104046342248: 49 -61
61073128139: 60 -50
75484162752: 64 -46
148997885746: 41 -69
31331350135108: 50 -60
31331350135252: 33 -77
93541518640: 30 -80
82795547636: 18 -92
31331350132848: 54 -56
164729952490: 32 -78
152088853522: 66 -44
31601194165454: 48 -62
70465911891574: 58 -52
104046342248: 49 -61
61073128139: 60 -50
75484162752: 64 -46
148997885746: 41 -69
31331350135108: 50 -60
31331350135252: 33 -77
93541518640: 30 -80
82795547636: 18 -92
31331350132848: 54 -56
164729952490: 32 -78
152088853522: 65 -45
31601194165454: 48 -62
70465911891574: 58 -52
104046342248: 49 -61
61073128139: 60 -50
75484162752: 64 -46
148997885746: 41 -69
31331350135108: 50 -60
31331350135252: 33 -77
93541518640: 30 -80
82795547636: 18 -92
31331350132848: 54 -56
164729952490: 32 -78
152088853522: 66 -44
31601194165454: 48 -62
70465911891574: 58 -52
104046342248: 49 -61
61073128139: 60 -50
75484162752: 64 -46
148997885746: 41 -69
31331350135108: 50 -60
31331350135252: 33 -77
93541518640: 30 -80
82795547636: 18 -92
31331350132848: 54 -56
164729952490: 32 -78
152088853522: 65 -45
31601194165454: 48 -62
70465911891574: 58 -52
104046342248: 49 -61
61073128139: 60 -50
75484162752: 64 -46
148997885746: 41 -69
31331350135108: 50 -60
31331350135252: 33 -77
93541518640: 30 -80
82795547636: 18 -92
31331350132848: 54 -56
164729952490: 32 -78
152088853522: 64 -46
31601194165454: 48 -62
70465911891574: 58 -52
104046342248: 49 -61
61073128139: 60 -50
75484162752: 64 -46
148997885746: 41 -69
31331350135108: 50 -60
31331350135252: 33 -77
93541518640: 30 -80
82795547636: 18 -92
31331350132848: 54 -56
164729952490: 32 -78
152088853522: 65 -45
31601194165454: 48 -62
70465911891574: 58 -52
104046342248: 49 -61
61073128139: 60 -50
75484162752: 64 -46
148997885746: 41 -69
31331350135108: 50 -60
31331350135252: 33 -77
93541518640: 30 -80
82795547636: 18 -92
31331350132848: 54 -56
164729952490: 32 -78
152088853522: 63 -47
31601194165454: 48 -62
70465911891574: 58 -52
104046342248: 49 -61
61073128139: 60 -50
75484162752: 64 -46
148997885746: 41 -69
31331350135108: 50 -60
31331350135252: 33 -77
93541518640: 30 -80
82795547636: 18 -92
31331350132848: 54 -56
164729952490: 32 -78
152088853522: 67 -43
31601194165454: 58 -52
70465911891574: 57 -53
104046342248: 48 -62
61073128139: 22 -88
75484162752: 59 -51
148997885746: 40 -70
31331350135108: 43 -67
31331350135252: 31 -79
93541518640: 33 -77
82795547636: 18 -92
31331350132848: 54 -56
164729952490: 32 -78
