31601194165454: 63 -47
70465911891574: 23 -87
104046342248: 31 -79
75484162752: 70 -35
152088853522: 69 -41
61073128139: 18 -92
148997885746: 49 -61
31331350132848: 58 -52
31331350135108: 29 -81
82795547636: 22 -88
31331350135252: 53 -57
164729952490: 41 -69
31601194165454: 63 -47
70465911891574: 23 -87
104046342248: 31 -79
75484162752: 70 -35
152088853522: 68 -42
61073128139: 18 -92
148997885746: 49 -61
31331350132848: 58 -52
31331350135108: 29 -81
82795547636: 22 -88
31331350135252: 53 -57
164729952490: 41 -69
31601194165454: 63 -47
70465911891574: 23 -87
104046342248: 31 -79
75484162752: 70 -35
152088853522: 70 -39
61073128139: 18 -92
148997885746: 49 -61
31331350132848: 58 -52
31331350135108: 29 -81
82795547636: 22 -88
31331350135252: 53 -57
164729952490: 41 -69
31601194165454: 63 -47
70465911891574: 23 -87
104046342248: 31 -79
75484162752: 70 -35
152088853522: 70 -40
61073128139: 18 -92
148997885746: 49 -61
31331350132848: 58 -52
31331350135108: 29 -81
82795547636: 22 -88
31331350135252: 53 -57
164729952490: 41 -69
31601194165454: 63 -47
70465911891574: 23 -87
104046342248: 31 -79
75484162752: 70 -35
152088853522: 68 -42
61073128139: 18 -92
148997885746: 49 -61
31331350132848: 58 -52
31331350135108: 29 -81
82795547636: 22 -88
31331350135252: 53 -57
164729952490: 41 -69
31601194165454: 63 -47
70465911891574: 23 -87
104046342248: 31 -79
75484162752: 70 -35
152088853522: 69 -41
61073128139: 18 -92
148997885746: 49 -61
31331350132848: 58 -52
31331350135108: 29 -81
82795547636: 22 -88
31331350135252: 53 -57
164729952490: 41 -69
31601194165454: 63 -47
70465911891574: 23 -87
104046342248: 31 -79
75484162752: 70 -35
152088853522: 70 -34
61073128139: 18 -92
148997885746: 49 -61
31331350132848: 58 -52
31331350135108: 29 -81
82795547636: 22 -88
31331350135252: 53 -57
164729952490: 41 -69
31601194165454: 63 -47
70465911891574: 23 -87
104046342248: 31 -79
75484162752: 70 -35
152088853522: 70 -35
61073128139: 18 -92
148997885746: 49 -61
31331350132848: 58 -52
31331350135108: 29 -81
82795547636: 22 -88
31331350135252: 53 -57
164729952490: 41 -69
31601194165454: 63 -47
70465911891574: 23 -87
104046342248: 31 -79
75484162752: 70 -35
152088853522: 70 -32
61073128139: 18 -92
148997885746: 49 -61
31331350132848: 58 -52
31331350135108: 29 -81
82795547636: 22 -88
31331350135252: 53 -57
164729952490: 41 -69
31601194165454: 70 -36
70465911891574: 25 -85
104046342248: 32 -78
75484162752: 70 -39
152088853522: 70 -39
61073128139: 26 -84
148997885746: 35 -75
31331350132848: 57 -53
31331350135108: 43 -67
82795547636: 20 -90
31331350135252: 42 -68
164729952490: 46 -64
100848842504: 23 -87
31601194165454: 70 -36
70465911891574: 25 -85
104046342248: 32 -78
75484162752: 70 -39
152088853522: 70 -36
61073128139: 26 -84
148997885746: 35 -75
31331350132848: 57 -53
31331350135108: 43 -67
82795547636: 20 -90
31331350135252: 42 -68
164729952490: 46 -64
100848842504: 23 -87
31601194165454: 70 -36
70465911891574: 25 -85
104046342248: 32 -78
75484162752: 70 -39
152088853522: 70 -36
61073128139: 26 -84
148997885746: 35 -75
31331350132848: 57 -53
31331350135108: 43 -67
82795547636: 20 -90
31331350135252: 42 -68
164729952490: 46 -64
100848842504: 23 -87
31601194165454: 70 -36
70465911891574: 25 -85
104046342248: 32 -78
75484162752: 70 -39
152088853522: 64 -46
61073128139: 26 -84
148997885746: 35 -75
31331350132848: 57 -53
31331350135108: 43 -67
82795547636: 20 -90
31331350135252: 42 -68
164729952490: 46 -64
100848842504: 23 -87
31601194165454: 70 -36
70465911891574: 25 -85
104046342248: 32 -78
75484162752: 70 -39
152088853522: 68 -42
61073128139: 26 -84
148997885746: 35 -75
31331350132848: 57 -53
31331350135108: 43 -67
82795547636: 20 -90
31331350135252: 42 -68
164729952490: 46 -64
100848842504: 23 -87
31601194165454: 70 -36
70465911891574: 25 -85
104046342248: 32 -78
75484162752: 70 -39
152088853522: 70 -39
61073128139: 26 -84
148997885746: 35 -75
31331350132848: 57 -53
31331350135108: 43 -67
82795547636: 20 -90
31331350135252: 42 -68
164729952490: 46 -64
100848842504: 23 -87
31601194165454: 70 -36
70465911891574: 25 -85
104046342248: 32 -78
75484162752: 70 -39
152088853522: 58 -52
61073128139: 26 -84
148997885746: 35 -75
31331350132848: 57 -53
31331350135108: 43 -67
82795547636: 20 -90
31331350135252: 42 -68
164729952490: 46 -64
100848842504: 23 -87
31601194165454: 70 -36
70465911891574: 25 -85
104046342248: 32 -78
75484162752: 70 -39
152088853522: 70 -39
61073128139: 26 -84
148997885746: 35 -75
31331350132848: 57 -53
31331350135108: 43 -67
82795547636: 20 -90
31331350135252: 42 -68
164729952490: 46 -64
100848842504: 23 -87
31601194165454: 70 -36
70465911891574: 25 -85
104046342248: 32 -78
75484162752: 70 -39
152088853522: 70 -36
61073128139: 26 -84
148997885746: 35 -75
31331350132848: 57 -53
31331350135108: 43 -67
82795547636: 20 -90
31331350135252: 42 -68
164729952490: 46 -64
100848842504: 23 -87
31601194165454: 62 -48
70465911891574: 26 -84
104046342248: 64 -46
75484162752: 70 -34
152088853522: 64 -46
61073128139: 62 -48
148997885746: 42 -68
31331350132848: 45 -65
31331350135108: 37 -73
82795547636: 20 -90
31331350135252: 31 -79
164729952490: 35 -75
100848842504: 23 -87
31601194165454: 62 -48
70465911891574: 26 -84
104046342248: 64 -46
75484162752: 70 -34
152088853522: 66 -44
61073128139: 62 -48
148997885746: 42 -68
31331350132848: 45 -65
31331350135108: 37 -73
82795547636: 20 -90
31331350135252: 31 -79
164729952490: 35 -75
100848842504: 23 -87
31601194165454: 62 -48
70465911891574: 26 -84
104046342248: 64 -46
75484162752: 70 -34
152088853522: 70 -40
61073128139: 62 -48
148997885746: 42 -68
31331350132848: 45 -65
31331350135108: 37 -73
82795547636: 20 -90
31331350135252: 31 -79
164729952490: 35 -75
100848842504: 23 -87
31601194165454: 62 -48
70465911891574: 26 -84
104046342248: 64 -46
75484162752: 70 -34
152088853522: 68 -42
61073128139: 62 -48
148997885746: 42 -68
31331350132848: 45 -65
31331350135108: 37 -73
82795547636: 20 -90
31331350135252: 31 -79
164729952490: 35 -75
100848842504: 23 -87
31601194165454: 62 -48
70465911891574: 26 -84
104046342248: 64 -46
75484162752: 70 -34
152088853522: 70 -39
61073128139: 62 -48
148997885746: 42 -68
31331350132848: 45 -65
31331350135108: 37 -73
82795547636: 20 -90
31331350135252: 31 -79
164729952490: 35 -75
100848842504: 23 -87
31601194165454: 62 -48
70465911891574: 26 -84
104046342248: 64 -46
75484162752: 70 -34
152088853522: 70 -39
61073128139: 62 -48
148997885746: 42 -68
31331350132848: 45 -65
31331350135108: 37 -73
82795547636: 20 -90
31331350135252: 31 -79
164729952490: 35 -75
100848842504: 23 -87
31601194165454: 62 -48
70465911891574: 26 -84
104046342248: 64 -46
75484162752: 70 -34
152088853522: 70 -40
61073128139: 62 -48
148997885746: 42 -68
31331350132848: 45 -65
31331350135108: 37 -73
82795547636: 20 -90
31331350135252: 31 -79
164729952490: 35 -75
100848842504: 23 -87
31601194165454: 62 -48
70465911891574: 26 -84
104046342248: 64 -46
75484162752: 70 -34
152088853522: 70 -40
61073128139: 62 -48
148997885746: 42 -68
31331350132848: 45 -65
31331350135108: 37 -73
82795547636: 20 -90
31331350135252: 31 -79
164729952490: 35 -75
100848842504: 23 -87
31601194165454: 62 -48
70465911891574: 26 -84
104046342248: 64 -46
75484162752: 70 -34
152088853522: 66 -44
61073128139: 62 -48
148997885746: 42 -68
31331350132848: 45 -65
31331350135108: 37 -73
82795547636: 20 -90
31331350135252: 31 -79
164729952490: 35 -75
100848842504: 23 -87
31601194165454: 65 -45
70465911891574: 24 -86
104046342248: 70 -32
75484162752: 63 -47
152088853522: 66 -44
61073128139: 67 -43
148997885746: 36 -74
31331350132848: 57 -53
31331350135108: 37 -73
82795547636: 20 -90
31331350135252: 45 -65
164729952490: 44 -66
100848842504: 23 -87
93541518640: 36 -74
27279809849: 23 -87
31601194165454: 65 -45
70465911891574: 24 -86
104046342248: 70 -32
75484162752: 63 -47
152088853522: 70 -40
61073128139: 67 -43
148997885746: 36 -74
31331350132848: 57 -53
31331350135108: 37 -73
82795547636: 20 -90
31331350135252: 45 -65
164729952490: 44 -66
100848842504: 23 -87
93541518640: 36 -74
27279809849: 23 -87
31601194165454: 65 -45
70465911891574: 24 -86
104046342248: 70 -32
75484162752: 63 -47
152088853522: 69 -41
61073128139: 67 -43
148997885746: 36 -74
31331350132848: 57 -53
31331350135108: 37 -73
82795547636: 20 -90
31331350135252: 45 -65
164729952490: 44 -66
100848842504: 23 -87
93541518640: 36 -74
27279809849: 23 -87
31601194165454: 65 -45
70465911891574: 24 -86
104046342248: 70 -32
75484162752: 63 -47
152088853522: 70 -36
61073128139: 67 -43
148997885746: 36 -74
31331350132848: 57 -53
31331350135108: 37 -73
82795547636: 20 -90
31331350135252: 45 -65
164729952490: 44 -66
100848842504: 23 -87
93541518640: 36 -74
27279809849: 23 -87
31601194165454: 65 -45
70465911891574: 24 -86
104046342248: 70 -32
75484162752: 63 -47
152088853522: 70 -39
61073128139: 67 -43
148997885746: 36 -74
31331350132848: 57 -53
31331350135108: 37 -73
82795547636: 20 -90
31331350135252: 45 -65
164729952490: 44 -66
100848842504: 23 -87
93541518640: 36 -74
27279809849: 23 -87
31601194165454: 65 -45
70465911891574: 24 -86
104046342248: 70 -32
75484162752: 63 -47
152088853522: 67 -43
61073128139: 67 -43
148997885746: 36 -74
31331350132848: 57 -53
31331350135108: 37 -73
82795547636: 20 -90
31331350135252: 45 -65
164729952490: 44 -66
100848842504: 23 -87
93541518640: 36 -74
27279809849: 23 -87
31601194165454: 65 -45
70465911891574: 24 -86
104046342248: 70 -32
75484162752: 63 -47
152088853522: 70 -38
61073128139: 67 -43
148997885746: 36 -74
31331350132848: 57 -53
31331350135108: 37 -73
82795547636: 20 -90
31331350135252: 45 -65
164729952490: 44 -66
100848842504: 23 -87
93541518640: 36 -74
27279809849: 23 -87
31601194165454: 65 -45
70465911891574: 24 -86
104046342248: 70 -32
75484162752: 63 -47
152088853522: 70 -40
61073128139: 67 -43
148997885746: 36 -74
31331350132848: 57 -53
31331350135108: 37 -73
82795547636: 20 -90
31331350135252: 45 -65
164729952490: 44 -66
100848842504: 23 -87
93541518640: 36 -74
27279809849: 23 -87
31601194165454: 65 -45
70465911891574: 24 -86
104046342248: 70 -32
75484162752: 63 -47
152088853522: 70 -36
61073128139: 67 -43
148997885746: 36 -74
31331350132848: 57 -53
31331350135108: 37 -73
82795547636: 20 -90
31331350135252: 45 -65
164729952490: 44 -66
100848842504: 23 -87
93541518640: 36 -74
27279809849: 23 -87
31601194165454: 65 -45
70465911891574: 23 -87
104046342248: 30 -80
75484162752: 69 -41
152088853522: 70 -39
61073128139: 63 -47
148997885746: 39 -71
31331350132848: 25 -85
31331350135108: 37 -73
82795547636: 21 -89
31331350135252: 49 -61
164729952490: 44 -66
100848842504: 23 -87
93541518640: 36 -74
27279809849: 23 -87
31601194165454: 65 -45
70465911891574: 23 -87
104046342248: 30 -80
75484162752: 69 -41
152088853522: 70 -36
61073128139: 63 -47
148997885746: 39 -71
31331350132848: 25 -85
31331350135108: 37 -73
82795547636: 21 -89
31331350135252: 49 -61
164729952490: 44 -66
100848842504: 23 -87
93541518640: 36 -74
27279809849: 23 -87
31601194165454: 65 -45
70465911891574: 23 -87
104046342248: 30 -80
75484162752: 69 -41
152088853522: 70 -39
61073128139: 63 -47
148997885746: 39 -71
31331350132848: 25 -85
31331350135108: 37 -73
82795547636: 21 -89
31331350135252: 49 -61
164729952490: 44 -66
100848842504: 23 -87
93541518640: 36 -74
27279809849: 23 -87
31601194165454: 65 -45
70465911891574: 23 -87
104046342248: 30 -80
75484162752: 69 -41
152088853522: 70 -39
61073128139: 63 -47
148997885746: 39 -71
31331350132848: 25 -85
31331350135108: 37 -73
82795547636: 21 -89
31331350135252: 49 -61
164729952490: 44 -66
100848842504: 23 -87
93541518640: 36 -74
27279809849: 23 -87
31601194165454: 65 -45
70465911891574: 23 -87
104046342248: 30 -80
75484162752: 69 -41
152088853522: 70 -40
61073128139: 63 -47
148997885746: 39 -71
31331350132848: 25 -85
31331350135108: 37 -73
82795547636: 21 -89
31331350135252: 49 -61
164729952490: 44 -66
100848842504: 23 -87
93541518640: 36 -74
27279809849: 23 -87
31601194165454: 65 -45
70465911891574: 23 -87
104046342248: 30 -80
75484162752: 69 -41
152088853522: 68 -42
61073128139: 63 -47
148997885746: 39 -71
31331350132848: 25 -85
31331350135108: 37 -73
82795547636: 21 -89
31331350135252: 49 -61
164729952490: 44 -66
100848842504: 23 -87
93541518640: 36 -74
27279809849: 23 -87
31601194165454: 65 -45
70465911891574: 23 -87
104046342248: 30 -80
75484162752: 69 -41
152088853522: 70 -37
61073128139: 63 -47
148997885746: 39 -71
31331350132848: 25 -85
31331350135108: 37 -73
82795547636: 21 -89
31331350135252: 49 -61
164729952490: 44 -66
100848842504: 23 -87
93541518640: 36 -74
27279809849: 23 -87
31601194165454: 65 -45
70465911891574: 23 -87
104046342248: 30 -80
75484162752: 69 -41
152088853522: 65 -45
61073128139: 63 -47
148997885746: 39 -71
31331350132848: 25 -85
31331350135108: 37 -73
82795547636: 21 -89
31331350135252: 49 -61
164729952490: 44 -66
100848842504: 23 -87
93541518640: 36 -74
27279809849: 23 -87
31601194165454: 65 -45
70465911891574: 23 -87
104046342248: 30 -80
75484162752: 69 -41
152088853522: 69 -41
61073128139: 63 -47
148997885746: 39 -71
31331350132848: 25 -85
31331350135108: 37 -73
82795547636: 21 -89
31331350135252: 49 -61
164729952490: 44 -66
100848842504: 23 -87
93541518640: 36 -74
27279809849: 23 -87
31601194165454: 57 -53
70465911891574: 21 -89
104046342248: 32 -78
75484162752: 63 -47
152088853522: 70 -40
61073128139: 64 -46
148997885746: 48 -62
31331350132848: 55 -55
31331350135108: 32 -78
82795547636: 23 -87
31331350135252: 47 -63
164729952490: 43 -67
100848842504: 20 -90
93541518640: 36 -74
27279809849: 20 -90
31601194165454: 57 -53
70465911891574: 21 -89
104046342248: 32 -78
75484162752: 63 -47
152088853522: 66 -44
61073128139: 64 -46
148997885746: 48 -62
31331350132848: 55 -55
31331350135108: 32 -78
82795547636: 23 -87
31331350135252: 47 -63
164729952490: 43 -67
100848842504: 20 -90
93541518640: 36 -74
27279809849: 20 -90
31601194165454: 57 -53
70465911891574: 21 -89
104046342248: 32 -78
75484162752: 63 -47
152088853522: 66 -44
61073128139: 64 -46
148997885746: 48 -62
31331350132848: 55 -55
31331350135108: 32 -78
82795547636: 23 -87
31331350135252: 47 -63
164729952490: 43 -67
100848842504: 20 -90
93541518640: 36 -74
27279809849: 20 -90
31601194165454: 57 -53
70465911891574: 21 -89
104046342248: 32 -78
75484162752: 63 -47
152088853522: 62 -48
61073128139: 64 -46
148997885746: 48 -62
31331350132848: 55 -55
31331350135108: 32 -78
82795547636: 23 -87
31331350135252: 47 -63
164729952490: 43 -67
100848842504: 20 -90
93541518640: 36 -74
27279809849: 20 -90
31601194165454: 57 -53
70465911891574: 21 -89
104046342248: 32 -78
75484162752: 63 -47
152088853522: 70 -40
61073128139: 64 -46
148997885746: 48 -62
31331350132848: 55 -55
31331350135108: 32 -78
82795547636: 23 -87
31331350135252: 47 -63
164729952490: 43 -67
100848842504: 20 -90
93541518640: 36 -74
27279809849: 20 -90
31601194165454: 57 -53
70465911891574: 21 -89
104046342248: 32 -78
75484162752: 63 -47
152088853522: 69 -41
61073128139: 64 -46
148997885746: 48 -62
31331350132848: 55 -55
31331350135108: 32 -78
82795547636: 23 -87
31331350135252: 47 -63
164729952490: 43 -67
100848842504: 20 -90
93541518640: 36 -74
27279809849: 20 -90
31601194165454: 57 -53
70465911891574: 21 -89
104046342248: 32 -78
75484162752: 63 -47
152088853522: 28 -82
61073128139: 64 -46
148997885746: 48 -62
31331350132848: 55 -55
31331350135108: 32 -78
82795547636: 23 -87
31331350135252: 47 -63
164729952490: 43 -67
100848842504: 20 -90
93541518640: 36 -74
27279809849: 20 -90
31601194165454: 57 -53
70465911891574: 21 -89
104046342248: 32 -78
75484162752: 63 -47
152088853522: 63 -47
61073128139: 64 -46
148997885746: 48 -62
31331350132848: 55 -55
31331350135108: 32 -78
82795547636: 23 -87
31331350135252: 47 -63
164729952490: 43 -67
100848842504: 20 -90
93541518640: 36 -74
27279809849: 20 -90
31601194165454: 57 -53
70465911891574: 21 -89
104046342248: 32 -78
75484162752: 63 -47
152088853522: 70 -36
61073128139: 64 -46
148997885746: 48 -62
31331350132848: 55 -55
31331350135108: 32 -78
82795547636: 23 -87
31331350135252: 47 -63
164729952490: 43 -67
100848842504: 20 -90
93541518640: 36 -74
27279809849: 20 -90
31601194165454: 67 -43
70465911891574: 25 -85
104046342248: 66 -44
75484162752: 68 -42
152088853522: 66 -44
61073128139: 70 -40
148997885746: 34 -76
31331350132848: 49 -61
31331350135108: 35 -75
82795547636: 23 -87
31331350135252: 48 -62
164729952490: 37 -73
100848842504: 20 -90
93541518640: 39 -71
27279809849: 21 -89
31601194165454: 67 -43
70465911891574: 25 -85
104046342248: 66 -44
75484162752: 68 -42
152088853522: 65 -45
61073128139: 70 -40
148997885746: 34 -76
31331350132848: 49 -61
31331350135108: 35 -75
82795547636: 23 -87
31331350135252: 48 -62
164729952490: 37 -73
100848842504: 20 -90
93541518640: 39 -71
27279809849: 21 -89
31601194165454: 67 -43
70465911891574: 25 -85
104046342248: 66 -44
75484162752: 68 -42
152088853522: 70 -37
61073128139: 70 -40
148997885746: 34 -76
31331350132848: 49 -61
31331350135108: 35 -75
82795547636: 23 -87
31331350135252: 48 -62
164729952490: 37 -73
100848842504: 20 -90
93541518640: 39 -71
27279809849: 21 -89
31601194165454: 67 -43
70465911891574: 25 -85
104046342248: 66 -44
75484162752: 68 -42
152088853522: 70 -39
61073128139: 70 -40
148997885746: 34 -76
31331350132848: 49 -61
31331350135108: 35 -75
82795547636: 23 -87
31331350135252: 48 -62
164729952490: 37 -73
100848842504: 20 -90
93541518640: 39 -71
27279809849: 21 -89
31601194165454: 67 -43
70465911891574: 25 -85
104046342248: 66 -44
75484162752: 68 -42
152088853522: 70 -40
61073128139: 70 -40
148997885746: 34 -76
31331350132848: 49 -61
31331350135108: 35 -75
82795547636: 23 -87
31331350135252: 48 -62
164729952490: 37 -73
100848842504: 20 -90
93541518640: 39 -71
27279809849: 21 -89
31601194165454: 67 -43
70465911891574: 25 -85
104046342248: 66 -44
75484162752: 68 -42
152088853522: 70 -34
61073128139: 70 -40
148997885746: 34 -76
31331350132848: 49 -61
31331350135108: 35 -75
82795547636: 23 -87
31331350135252: 48 -62
164729952490: 37 -73
100848842504: 20 -90
93541518640: 39 -71
27279809849: 21 -89
31601194165454: 67 -43
70465911891574: 25 -85
104046342248: 66 -44
75484162752: 68 -42
152088853522: 70 -39
61073128139: 70 -40
148997885746: 34 -76
31331350132848: 49 -61
31331350135108: 35 -75
82795547636: 23 -87
31331350135252: 48 -62
164729952490: 37 -73
100848842504: 20 -90
93541518640: 39 -71
27279809849: 21 -89
31601194165454: 67 -43
70465911891574: 25 -85
104046342248: 66 -44
75484162752: 68 -42
152088853522: 70 -38
61073128139: 70 -40
148997885746: 34 -76
31331350132848: 49 -61
31331350135108: 35 -75
82795547636: 23 -87
31331350135252: 48 -62
164729952490: 37 -73
100848842504: 20 -90
93541518640: 39 -71
27279809849: 21 -89
31601194165454: 67 -43
70465911891574: 25 -85
104046342248: 66 -44
75484162752: 68 -42
152088853522: 70 -35
61073128139: 70 -40
148997885746: 34 -76
31331350132848: 49 -61
31331350135108: 35 -75
82795547636: 23 -87
31331350135252: 48 -62
164729952490: 37 -73
100848842504: 20 -90
93541518640: 39 -71
27279809849: 21 -89
31601194165454: 58 -52
70465911891574: 61 -49
104046342248: 57 -53
75484162752: 18 -92
152088853522: 70 -37
61073128139: 57 -53
148997885746: 40 -70
31331350132848: 48 -62
31331350135108: 31 -79
82795547636: 23 -87
31331350135252: 48 -62
164729952490: 41 -69
100848842504: 20 -90
93541518640: 39 -71
27279809849: 21 -89
31601194165454: 58 -52
70465911891574: 61 -49
104046342248: 57 -53
75484162752: 18 -92
152088853522: 70 -36
61073128139: 57 -53
148997885746: 40 -70
31331350132848: 48 -62
31331350135108: 31 -79
82795547636: 23 -87
31331350135252: 48 -62
164729952490: 41 -69
100848842504: 20 -90
93541518640: 39 -71
27279809849: 21 -89
31601194165454: 58 -52
70465911891574: 61 -49
104046342248: 57 -53
75484162752: 18 -92
152088853522: 70 -39
61073128139: 57 -53
148997885746: 40 -70
31331350132848: 48 -62
31331350135108: 31 -79
82795547636: 23 -87
31331350135252: 48 -62
164729952490: 41 -69
100848842504: 20 -90
93541518640: 39 -71
27279809849: 21 -89
31601194165454: 58 -52
70465911891574: 61 -49
104046342248: 57 -53
75484162752: 18 -92
152088853522: 69 -41
61073128139: 57 -53
148997885746: 40 -70
31331350132848: 48 -62
31331350135108: 31 -79
82795547636: 23 -87
31331350135252: 48 -62
164729952490: 41 -69
100848842504: 20 -90
93541518640: 39 -71
27279809849: 21 -89
31601194165454: 58 -52
70465911891574: 61 -49
104046342248: 57 -53
75484162752: 18 -92
152088853522: 70 -38
61073128139: 57 -53
148997885746: 40 -70
31331350132848: 48 -62
31331350135108: 31 -79
82795547636: 23 -87
31331350135252: 48 -62
164729952490: 41 -69
100848842504: 20 -90
93541518640: 39 -71
27279809849: 21 -89
31601194165454: 58 -52
70465911891574: 61 -49
104046342248: 57 -53
75484162752: 18 -92
152088853522: 70 -38
61073128139: 57 -53
148997885746: 40 -70
31331350132848: 48 -62
31331350135108: 31 -79
82795547636: 23 -87
31331350135252: 48 -62
164729952490: 41 -69
100848842504: 20 -90
93541518640: 39 -71
27279809849: 21 -89
31601194165454: 58 -52
70465911891574: 61 -49
104046342248: 57 -53
75484162752: 18 -92
152088853522: 70 -36
61073128139: 57 -53
148997885746: 40 -70
31331350132848: 48 -62
31331350135108: 31 -79
82795547636: 23 -87
31331350135252: 48 -62
164729952490: 41 -69
100848842504: 20 -90
93541518640: 39 -71
27279809849: 21 -89
31601194165454: 58 -52
70465911891574: 61 -49
104046342248: 57 -53
75484162752: 18 -92
152088853522: 69 -41
61073128139: 57 -53
148997885746: 40 -70
31331350132848: 48 -62
31331350135108: 31 -79
82795547636: 23 -87
31331350135252: 48 -62
164729952490: 41 -69
100848842504: 20 -90
93541518640: 39 -71
27279809849: 21 -89
31601194165454: 58 -52
70465911891574: 61 -49
104046342248: 57 -53
75484162752: 18 -92
152088853522: 70 -35
61073128139: 57 -53
148997885746: 40 -70
31331350132848: 48 -62
31331350135108: 31 -79
82795547636: 23 -87
31331350135252: 48 -62
164729952490: 41 -69
100848842504: 20 -90
93541518640: 39 -71
27279809849: 21 -89
31601194165454: 36 -74
70465911891574: 28 -82
104046342248: 28 -82
75484162752: 69 -41
152088853522: 70 -39
61073128139: 66 -44
148997885746: 43 -67
31331350132848: 70 -40
31331350135108: 36 -74
82795547636: 21 -89
31331350135252: 46 -64
164729952490: 43 -67
100848842504: 19 -91
93541518640: 39 -71
27279809849: 21 -89
31601194165454: 36 -74
70465911891574: 28 -82
104046342248: 28 -82
75484162752: 69 -41
152088853522: 67 -43
61073128139: 66 -44
148997885746: 43 -67
31331350132848: 70 -40
31331350135108: 36 -74
82795547636: 21 -89
31331350135252: 46 -64
164729952490: 43 -67
100848842504: 19 -91
93541518640: 39 -71
27279809849: 21 -89
31601194165454: 36 -74
70465911891574: 28 -82
104046342248: 28 -82
75484162752: 69 -41
152088853522: 70 -40
61073128139: 66 -44
148997885746: 43 -67
31331350132848: 70 -40
31331350135108: 36 -74
82795547636: 21 -89
31331350135252: 46 -64
164729952490: 43 -67
100848842504: 19 -91
93541518640: 39 -71
27279809849: 21 -89
31601194165454: 36 -74
70465911891574: 28 -82
104046342248: 28 -82
75484162752: 69 -41
152088853522: 69 -41
61073128139: 66 -44
148997885746: 43 -67
31331350132848: 70 -40
31331350135108: 36 -74
82795547636: 21 -89
31331350135252: 46 -64
164729952490: 43 -67
100848842504: 19 -91
93541518640: 39 -71
27279809849: 21 -89
31601194165454: 36 -74
70465911891574: 28 -82
104046342248: 28 -82
75484162752: 69 -41
152088853522: 65 -45
61073128139: 66 -44
148997885746: 43 -67
31331350132848: 70 -40
31331350135108: 36 -74
82795547636: 21 -89
31331350135252: 46 -64
164729952490: 43 -67
100848842504: 19 -91
93541518640: 39 -71
27279809849: 21 -89
31601194165454: 36 -74
70465911891574: 28 -82
104046342248: 28 -82
75484162752: 69 -41
152088853522: 70 -36
61073128139: 66 -44
148997885746: 43 -67
31331350132848: 70 -40
31331350135108: 36 -74
82795547636: 21 -89
31331350135252: 46 -64
164729952490: 43 -67
100848842504: 19 -91
93541518640: 39 -71
27279809849: 21 -89
31601194165454: 36 -74
70465911891574: 28 -82
104046342248: 28 -82
75484162752: 69 -41
152088853522: 70 -39
61073128139: 66 -44
148997885746: 43 -67
31331350132848: 70 -40
31331350135108: 36 -74
82795547636: 21 -89
31331350135252: 46 -64
164729952490: 43 -67
100848842504: 19 -91
93541518640: 39 -71
27279809849: 21 -89
31601194165454: 36 -74
70465911891574: 28 -82
104046342248: 28 -82
75484162752: 69 -41
152088853522: 70 -39
61073128139: 66 -44
148997885746: 43 -67
31331350132848: 70 -40
31331350135108: 36 -74
82795547636: 21 -89
31331350135252: 46 -64
164729952490: 43 -67
100848842504: 19 -91
93541518640: 39 -71
27279809849: 21 -89
31601194165454: 36 -74
70465911891574: 28 -82
104046342248: 28 -82
75484162752: 69 -41
152088853522: 70 -38
61073128139: 66 -44
148997885746: 43 -67
31331350132848: 70 -40
31331350135108: 36 -74
82795547636: 21 -89
31331350135252: 46 -64
164729952490: 43 -67
100848842504: 19 -91
93541518640: 39 -71
27279809849: 21 -89
31601194165454: 64 -46
70465911891574: 29 -81
104046342248: 63 -47
75484162752: 70 -39
152088853522: 70 -37
61073128139: 57 -53
148997885746: 30 -80
31331350132848: 70 -40
31331350135108: 29 -81
82795547636: 21 -89
31331350135252: 59 -51
164729952490: 35 -75
100848842504: 19 -91
93541518640: 34 -76
27279809849: 21 -89
31601194165454: 64 -46
70465911891574: 29 -81
104046342248: 63 -47
75484162752: 70 -39
152088853522: 70 -36
61073128139: 57 -53
148997885746: 30 -80
31331350132848: 70 -40
31331350135108: 29 -81
82795547636: 21 -89
31331350135252: 59 -51
164729952490: 35 -75
100848842504: 19 -91
93541518640: 34 -76
27279809849: 21 -89
31601194165454: 64 -46
70465911891574: 29 -81
104046342248: 63 -47
75484162752: 70 -39
152088853522: 70 -39
61073128139: 57 -53
148997885746: 30 -80
31331350132848: 70 -40
31331350135108: 29 -81
82795547636: 21 -89
31331350135252: 59 -51
164729952490: 35 -75
100848842504: 19 -91
93541518640: 34 -76
27279809849: 21 -89
31601194165454: 64 -46
70465911891574: 29 -81
104046342248: 63 -47
75484162752: 70 -39
152088853522: 70 -39
61073128139: 57 -53
148997885746: 30 -80
31331350132848: 70 -40
31331350135108: 29 -81
82795547636: 21 -89
31331350135252: 59 -51
164729952490: 35 -75
100848842504: 19 -91
93541518640: 34 -76
27279809849: 21 -89
31601194165454: 64 -46
70465911891574: 29 -81
104046342248: 63 -47
75484162752: 70 -39
152088853522: 70 -31
61073128139: 57 -53
148997885746: 30 -80
31331350132848: 70 -40
31331350135108: 29 -81
82795547636: 21 -89
31331350135252: 59 -51
164729952490: 35 -75
100848842504: 19 -91
93541518640: 34 -76
27279809849: 21 -89
31601194165454: 64 -46
70465911891574: 29 -81
104046342248: 63 -47
75484162752: 70 -39
152088853522: 70 -34
61073128139: 57 -53
148997885746: 30 -80
31331350132848: 70 -40
31331350135108: 29 -81
82795547636: 21 -89
31331350135252: 59 -51
164729952490: 35 -75
100848842504: 19 -91
93541518640: 34 -76
27279809849: 21 -89
31601194165454: 64 -46
70465911891574: 29 -81
104046342248: 63 -47
75484162752: 70 -39
152088853522: 70 -35
61073128139: 57 -53
148997885746: 30 -80
31331350132848: 70 -40
31331350135108: 29 -81
82795547636: 21 -89
31331350135252: 59 -51
164729952490: 35 -75
100848842504: 19 -91
93541518640: 34 -76
27279809849: 21 -89
31601194165454: 64 -46
70465911891574: 29 -81
104046342248: 63 -47
75484162752: 70 -39
152088853522: 70 -39
61073128139: 57 -53
148997885746: 30 -80
31331350132848: 70 -40
31331350135108: 29 -81
82795547636: 21 -89
31331350135252: 59 -51
164729952490: 35 -75
100848842504: 19 -91
93541518640: 34 -76
27279809849: 21 -89
31601194165454: 64 -46
70465911891574: 29 -81
104046342248: 63 -47
75484162752: 70 -39
152088853522: 69 -41
61073128139: 57 -53
148997885746: 30 -80
31331350132848: 70 -40
31331350135108: 29 -81
82795547636: 21 -89
31331350135252: 59 -51
164729952490: 35 -75
100848842504: 19 -91
93541518640: 34 -76
27279809849: 21 -89
31601194165454: 63 -47
70465911891574: 56 -54
104046342248: 62 -48
75484162752: 70 -34
152088853522: 70 -40
61073128139: 62 -48
148997885746: 37 -73
31331350132848: 58 -52
31331350135108: 29 -81
82795547636: 21 -89
31331350135252: 49 -61
164729952490: 35 -75
100848842504: 19 -91
93541518640: 38 -72
27279809849: 21 -89
31601194165454: 63 -47
70465911891574: 56 -54
104046342248: 62 -48
75484162752: 70 -34
152088853522: 65 -45
61073128139: 62 -48
148997885746: 37 -73
31331350132848: 58 -52
31331350135108: 29 -81
82795547636: 21 -89
31331350135252: 49 -61
164729952490: 35 -75
100848842504: 19 -91
93541518640: 38 -72
27279809849: 21 -89
31601194165454: 63 -47
70465911891574: 56 -54
104046342248: 62 -48
75484162752: 70 -34
152088853522: 70 -36
61073128139: 62 -48
148997885746: 37 -73
31331350132848: 58 -52
31331350135108: 29 -81
82795547636: 21 -89
31331350135252: 49 -61
164729952490: 35 -75
100848842504: 19 -91
93541518640: 38 -72
27279809849: 21 -89
31601194165454: 63 -47
70465911891574: 56 -54
104046342248: 62 -48
75484162752: 70 -34
152088853522: 68 -42
61073128139: 62 -48
148997885746: 37 -73
31331350132848: 58 -52
31331350135108: 29 -81
82795547636: 21 -89
31331350135252: 49 -61
164729952490: 35 -75
100848842504: 19 -91
93541518640: 38 -72
27279809849: 21 -89
31601194165454: 63 -47
70465911891574: 56 -54
104046342248: 62 -48
75484162752: 70 -34
152088853522: 68 -42
61073128139: 62 -48
148997885746: 37 -73
31331350132848: 58 -52
31331350135108: 29 -81
82795547636: 21 -89
31331350135252: 49 -61
164729952490: 35 -75
100848842504: 19 -91
93541518640: 38 -72
27279809849: 21 -89
31601194165454: 63 -47
70465911891574: 56 -54
104046342248: 62 -48
75484162752: 70 -34
152088853522: 67 -43
61073128139: 62 -48
148997885746: 37 -73
31331350132848: 58 -52
31331350135108: 29 -81
82795547636: 21 -89
31331350135252: 49 -61
164729952490: 35 -75
100848842504: 19 -91
93541518640: 38 -72
27279809849: 21 -89
31601194165454: 63 -47
70465911891574: 56 -54
104046342248: 62 -48
75484162752: 70 -34
152088853522: 67 -43
61073128139: 62 -48
148997885746: 37 -73
31331350132848: 58 -52
31331350135108: 29 -81
82795547636: 21 -89
31331350135252: 49 -61
164729952490: 35 -75
100848842504: 19 -91
93541518640: 38 -72
27279809849: 21 -89
31601194165454: 63 -47
70465911891574: 56 -54
104046342248: 62 -48
75484162752: 70 -34
152088853522: 63 -47
61073128139: 62 -48
148997885746: 37 -73
31331350132848: 58 -52
31331350135108: 29 -81
82795547636: 21 -89
31331350135252: 49 -61
164729952490: 35 -75
100848842504: 19 -91
93541518640: 38 -72
27279809849: 21 -89
31601194165454: 63 -47
70465911891574: 56 -54
104046342248: 62 -48
75484162752: 70 -34
152088853522: 65 -45
61073128139: 62 -48
148997885746: 37 -73
31331350132848: 58 -52
31331350135108: 29 -81
82795547636: 21 -89
31331350135252: 49 -61
164729952490: 35 -75
100848842504: 19 -91
93541518640: 38 -72
27279809849: 21 -89
31601194165454: 57 -53
70465911891574: 61 -49
104046342248: 63 -47
75484162752: 70 -40
152088853522: 70 -40
61073128139: 58 -52
148997885746: 44 -66
31331350132848: 56 -54
31331350135108: 45 -65
82795547636: 21 -89
31331350135252: 49 -61
164729952490: 40 -70
100848842504: 22 -88
93541518640: 41 -69
27279809849: 21 -89
