31601194165454: 60 -50
70465911891574: 23 -87
104046342248: 59 -51
75484162752: 70 -39
152088853522: 62 -48
61073128139: 66 -44
148997885746: 45 -65
31331350132848: 56 -54
31331350135108: 40 -70
31331350135252: 38 -72
164729952490: 30 -80
82795547636: 20 -90
31601194165454: 60 -50
70465911891574: 23 -87
104046342248: 59 -51
75484162752: 70 -39
152088853522: 67 -43
61073128139: 66 -44
148997885746: 45 -65
31331350132848: 56 -54
31331350135108: 40 -70
31331350135252: 38 -72
164729952490: 30 -80
82795547636: 20 -90
31601194165454: 60 -50
70465911891574: 23 -87
104046342248: 59 -51
75484162752: 70 -39
152088853522: 70 -39
61073128139: 66 -44
148997885746: 45 -65
31331350132848: 56 -54
31331350135108: 40 -70
31331350135252: 38 -72
164729952490: 30 -80
82795547636: 20 -90
31601194165454: 60 -50
70465911891574: 23 -87
104046342248: 59 -51
75484162752: 70 -39
152088853522: 67 -43
61073128139: 66 -44
148997885746: 45 -65
31331350132848: 56 -54
31331350135108: 40 -70
31331350135252: 38 -72
164729952490: 30 -80
82795547636: 20 -90
31601194165454: 60 -50
70465911891574: 23 -87
104046342248: 59 -51
75484162752: 70 -39
152088853522: 70 -40
61073128139: 66 -44
148997885746: 45 -65
31331350132848: 56 -54
31331350135108: 40 -70
31331350135252: 38 -72
164729952490: 30 -80
82795547636: 20 -90
31601194165454: 60 -50
70465911891574: 23 -87
104046342248: 59 -51
75484162752: 70 -39
152088853522: 70 -35
61073128139: 66 -44
148997885746: 45 -65
31331350132848: 56 -54
31331350135108: 40 -70
164729952490: 30 -80
82795547636: 20 -90
31601194165454: 60 -50
70465911891574: 23 -87
104046342248: 59 -51
75484162752: 70 -39
152088853522: 68 -42
61073128139: 66 -44
148997885746: 45 -65
31331350132848: 56 -54
31331350135108: 40 -70
164729952490: 30 -80
31601194165454: 60 -50
70465911891574: 23 -87
104046342248: 59 -51
75484162752: 70 -39
152088853522: 67 -43
61073128139: 66 -44
148997885746: 45 -65
31331350132848: 56 -54
31331350135108: 40 -70
164729952490: 30 -80
31601194165454: 60 -50
70465911891574: 23 -87
104046342248: 59 -51
75484162752: 70 -39
152088853522: 66 -44
61073128139: 66 -44
148997885746: 45 -65
31331350132848: 56 -54
31331350135108: 40 -70
164729952490: 30 -80
31601194165454: 63 -47
70465911891574: 22 -88
104046342248: 64 -46
75484162752: 67 -43
152088853522: 70 -38
61073128139: 54 -56
148997885746: 31 -79
31331350132848: 53 -57
31331350135108: 40 -70
164729952490: 39 -71
31601194165454: 63 -47
70465911891574: 22 -88
104046342248: 64 -46
75484162752: 67 -43
152088853522: 69 -41
61073128139: 54 -56
148997885746: 31 -79
31331350132848: 53 -57
31331350135108: 40 -70
164729952490: 39 -71
31601194165454: 63 -47
70465911891574: 22 -88
104046342248: 64 -46
75484162752: 67 -43
152088853522: 70 -38
61073128139: 54 -56
148997885746: 31 -79
31331350132848: 53 -57
31331350135108: 40 -70
164729952490: 39 -71
31601194165454: 63 -47
70465911891574: 22 -88
104046342248: 64 -46
75484162752: 67 -43
152088853522: 70 -39
61073128139: 54 -56
148997885746: 31 -79
31331350132848: 53 -57
31331350135108: 40 -70
164729952490: 39 -71
31601194165454: 63 -47
70465911891574: 22 -88
104046342248: 64 -46
75484162752: 67 -43
152088853522: 70 -35
61073128139: 54 -56
148997885746: 31 -79
31331350132848: 53 -57
31331350135108: 40 -70
164729952490: 39 -71
31601194165454: 63 -47
70465911891574: 22 -88
104046342248: 64 -46
75484162752: 67 -43
152088853522: 70 -36
61073128139: 54 -56
148997885746: 31 -79
31331350132848: 53 -57
31331350135108: 40 -70
164729952490: 39 -71
31601194165454: 63 -47
70465911891574: 22 -88
104046342248: 64 -46
75484162752: 67 -43
152088853522: 70 -37
61073128139: 54 -56
148997885746: 31 -79
31331350132848: 53 -57
31331350135108: 40 -70
164729952490: 39 -71
31601194165454: 63 -47
70465911891574: 22 -88
104046342248: 64 -46
75484162752: 67 -43
152088853522: 70 -33
61073128139: 54 -56
148997885746: 31 -79
31331350132848: 53 -57
31331350135108: 40 -70
164729952490: 39 -71
31601194165454: 63 -47
70465911891574: 22 -88
104046342248: 64 -46
75484162752: 67 -43
152088853522: 64 -46
61073128139: 54 -56
148997885746: 31 -79
31331350132848: 53 -57
31331350135108: 40 -70
164729952490: 39 -71
31601194165454: 52 -58
70465911891574: 23 -87
104046342248: 63 -47
75484162752: 70 -40
152088853522: 68 -42
61073128139: 54 -56
148997885746: 32 -78
31331350132848: 58 -52
31331350135108: 35 -75
164729952490: 38 -72
93541518640: 42 -68
18196955425696: 20 -90
31331350135252: 40 -70
82795547636: 20 -90
31601194165454: 52 -58
70465911891574: 23 -87
104046342248: 63 -47
75484162752: 70 -40
152088853522: 70 -40
61073128139: 54 -56
148997885746: 32 -78
31331350132848: 58 -52
31331350135108: 35 -75
164729952490: 38 -72
93541518640: 42 -68
18196955425696: 20 -90
31331350135252: 40 -70
82795547636: 20 -90
31601194165454: 52 -58
70465911891574: 23 -87
104046342248: 63 -47
75484162752: 70 -40
152088853522: 69 -41
61073128139: 54 -56
148997885746: 32 -78
31331350132848: 58 -52
31331350135108: 35 -75
164729952490: 38 -72
93541518640: 42 -68
18196955425696: 20 -90
31331350135252: 40 -70
82795547636: 20 -90
31601194165454: 52 -58
70465911891574: 23 -87
104046342248: 63 -47
75484162752: 70 -40
152088853522: 68 -42
61073128139: 54 -56
148997885746: 32 -78
31331350132848: 58 -52
31331350135108: 35 -75
164729952490: 38 -72
93541518640: 42 -68
18196955425696: 20 -90
31331350135252: 40 -70
82795547636: 20 -90
31601194165454: 52 -58
70465911891574: 23 -87
104046342248: 63 -47
75484162752: 70 -40
152088853522: 62 -48
61073128139: 54 -56
148997885746: 32 -78
31331350132848: 58 -52
31331350135108: 35 -75
164729952490: 38 -72
93541518640: 42 -68
18196955425696: 20 -90
31331350135252: 40 -70
82795547636: 20 -90
31601194165454: 52 -58
70465911891574: 23 -87
104046342248: 63 -47
75484162752: 70 -40
152088853522: 70 -37
61073128139: 54 -56
148997885746: 32 -78
31331350132848: 58 -52
31331350135108: 35 -75
164729952490: 38 -72
93541518640: 42 -68
18196955425696: 20 -90
31331350135252: 40 -70
82795547636: 20 -90
31601194165454: 52 -58
70465911891574: 23 -87
104046342248: 63 -47
75484162752: 70 -40
152088853522: 70 -39
61073128139: 54 -56
148997885746: 32 -78
31331350132848: 58 -52
31331350135108: 35 -75
164729952490: 38 -72
93541518640: 42 -68
18196955425696: 20 -90
31331350135252: 40 -70
82795547636: 20 -90
31601194165454: 52 -58
70465911891574: 23 -87
104046342248: 63 -47
75484162752: 70 -40
152088853522: 70 -39
61073128139: 54 -56
148997885746: 32 -78
31331350132848: 58 -52
31331350135108: 35 -75
164729952490: 38 -72
93541518640: 42 -68
18196955425696: 20 -90
31331350135252: 40 -70
82795547636: 20 -90
31601194165454: 52 -58
70465911891574: 23 -87
104046342248: 63 -47
75484162752: 70 -40
152088853522: 70 -35
61073128139: 54 -56
148997885746: 32 -78
31331350132848: 58 -52
31331350135108: 35 -75
164729952490: 38 -72
93541518640: 42 -68
18196955425696: 20 -90
31331350135252: 40 -70
82795547636: 20 -90
31601194165454: 56 -54
70465911891574: 28 -82
104046342248: 31 -79
75484162752: 67 -43
152088853522: 70 -32
61073128139: 57 -53
148997885746: 32 -78
31331350132848: 53 -57
31331350135108: 30 -80
164729952490: 37 -73
93541518640: 42 -68
18196955425696: 20 -90
31331350135252: 36 -74
82795547636: 22 -88
31601194165454: 56 -54
70465911891574: 28 -82
104046342248: 31 -79
75484162752: 67 -43
152088853522: 70 -34
61073128139: 57 -53
148997885746: 32 -78
31331350132848: 53 -57
31331350135108: 30 -80
164729952490: 37 -73
93541518640: 42 -68
18196955425696: 20 -90
31331350135252: 36 -74
82795547636: 22 -88
31601194165454: 56 -54
70465911891574: 28 -82
104046342248: 31 -79
75484162752: 67 -43
152088853522: 70 -40
61073128139: 57 -53
148997885746: 32 -78
31331350132848: 53 -57
31331350135108: 30 -80
164729952490: 37 -73
93541518640: 42 -68
18196955425696: 20 -90
31331350135252: 36 -74
82795547636: 22 -88
31601194165454: 56 -54
70465911891574: 28 -82
104046342248: 31 -79
75484162752: 67 -43
152088853522: 65 -45
61073128139: 57 -53
148997885746: 32 -78
31331350132848: 53 -57
31331350135108: 30 -80
164729952490: 37 -73
93541518640: 42 -68
18196955425696: 20 -90
31331350135252: 36 -74
82795547636: 22 -88
31601194165454: 56 -54
70465911891574: 28 -82
104046342248: 31 -79
75484162752: 67 -43
152088853522: 66 -44
61073128139: 57 -53
148997885746: 32 -78
31331350132848: 53 -57
31331350135108: 30 -80
164729952490: 37 -73
93541518640: 42 -68
18196955425696: 20 -90
31331350135252: 36 -74
82795547636: 22 -88
31601194165454: 56 -54
70465911891574: 28 -82
104046342248: 31 -79
75484162752: 67 -43
152088853522: 69 -41
61073128139: 57 -53
148997885746: 32 -78
31331350132848: 53 -57
31331350135108: 30 -80
164729952490: 37 -73
93541518640: 42 -68
18196955425696: 20 -90
31331350135252: 36 -74
82795547636: 22 -88
31601194165454: 56 -54
70465911891574: 28 -82
104046342248: 31 -79
75484162752: 67 -43
152088853522: 70 -39
61073128139: 57 -53
148997885746: 32 -78
31331350132848: 53 -57
31331350135108: 30 -80
164729952490: 37 -73
93541518640: 42 -68
18196955425696: 20 -90
31331350135252: 36 -74
82795547636: 22 -88
31601194165454: 56 -54
70465911891574: 28 -82
104046342248: 31 -79
75484162752: 67 -43
152088853522: 63 -47
61073128139: 57 -53
148997885746: 32 -78
31331350132848: 53 -57
31331350135108: 30 -80
164729952490: 37 -73
93541518640: 42 -68
18196955425696: 20 -90
31331350135252: 36 -74
82795547636: 22 -88
31601194165454: 56 -54
70465911891574: 28 -82
104046342248: 31 -79
75484162752: 67 -43
152088853522: 70 -36
61073128139: 57 -53
148997885746: 32 -78
31331350132848: 53 -57
31331350135108: 30 -80
164729952490: 37 -73
93541518640: 42 -68
18196955425696: 20 -90
31331350135252: 36 -74
82795547636: 22 -88
31601194165454: 58 -52
70465911891574: 26 -84
104046342248: 61 -49
75484162752: 70 -34
152088853522: 68 -42
61073128139: 26 -84
148997885746: 41 -69
31331350132848: 60 -50
31331350135108: 36 -74
164729952490: 37 -73
93541518640: 46 -64
18196955425696: 20 -90
31331350135252: 50 -60
82795547636: 20 -90
31601194165454: 58 -52
70465911891574: 26 -84
104046342248: 61 -49
75484162752: 70 -34
152088853522: 69 -41
61073128139: 26 -84
148997885746: 41 -69
31331350132848: 60 -50
31331350135108: 36 -74
164729952490: 37 -73
93541518640: 46 -64
18196955425696: 20 -90
31331350135252: 50 -60
82795547636: 20 -90
31601194165454: 58 -52
70465911891574: 26 -84
104046342248: 61 -49
75484162752: 70 -34
152088853522: 68 -42
61073128139: 26 -84
148997885746: 41 -69
31331350132848: 60 -50
31331350135108: 36 -74
164729952490: 37 -73
93541518640: 46 -64
18196955425696: 20 -90
31331350135252: 50 -60
82795547636: 20 -90
31601194165454: 58 -52
70465911891574: 26 -84
104046342248: 61 -49
75484162752: 70 -34
152088853522: 67 -43
61073128139: 26 -84
148997885746: 41 -69
31331350132848: 60 -50
31331350135108: 36 -74
164729952490: 37 -73
93541518640: 46 -64
18196955425696: 20 -90
31331350135252: 50 -60
82795547636: 20 -90
31601194165454: 58 -52
70465911891574: 26 -84
104046342248: 61 -49
75484162752: 70 -34
152088853522: 69 -41
61073128139: 26 -84
148997885746: 41 -69
31331350132848: 60 -50
31331350135108: 36 -74
164729952490: 37 -73
93541518640: 46 -64
18196955425696: 20 -90
31331350135252: 50 -60
82795547636: 20 -90
31601194165454: 58 -52
70465911891574: 26 -84
104046342248: 61 -49
75484162752: 70 -34
152088853522: 70 -39
61073128139: 26 -84
148997885746: 41 -69
31331350132848: 60 -50
31331350135108: 36 -74
164729952490: 37 -73
93541518640: 46 -64
18196955425696: 20 -90
31331350135252: 50 -60
82795547636: 20 -90
31601194165454: 58 -52
70465911891574: 26 -84
104046342248: 61 -49
75484162752: 70 -34
152088853522: 70 -40
61073128139: 26 -84
148997885746: 41 -69
31331350132848: 60 -50
31331350135108: 36 -74
164729952490: 37 -73
93541518640: 46 -64
18196955425696: 20 -90
31331350135252: 50 -60
82795547636: 20 -90
31601194165454: 58 -52
70465911891574: 26 -84
104046342248: 61 -49
75484162752: 70 -34
152088853522: 70 -36
61073128139: 26 -84
148997885746: 41 -69
31331350132848: 60 -50
31331350135108: 36 -74
164729952490: 37 -73
93541518640: 46 -64
18196955425696: 20 -90
31331350135252: 50 -60
82795547636: 20 -90
31601194165454: 58 -52
70465911891574: 26 -84
104046342248: 61 -49
75484162752: 70 -34
152088853522: 70 -38
61073128139: 26 -84
148997885746: 41 -69
31331350132848: 60 -50
31331350135108: 36 -74
164729952490: 37 -73
93541518640: 46 -64
18196955425696: 20 -90
31331350135252: 50 -60
82795547636: 20 -90
31601194165454: 60 -50
70465911891574: 23 -87
104046342248: 62 -48
75484162752: 64 -46
152088853522: 63 -47
61073128139: 59 -51
148997885746: 34 -76
31331350132848: 55 -55
31331350135108: 35 -75
164729952490: 46 -64
93541518640: 46 -64
18196955425696: 20 -90
31331350135252: 45 -65
82795547636: 20 -90
27279809849: 22 -88
100848842504: 20 -90
31601194165454: 60 -50
70465911891574: 23 -87
104046342248: 62 -48
75484162752: 64 -46
152088853522: 65 -45
61073128139: 59 -51
148997885746: 34 -76
31331350132848: 55 -55
31331350135108: 35 -75
164729952490: 46 -64
93541518640: 46 -64
18196955425696: 20 -90
31331350135252: 45 -65
82795547636: 20 -90
27279809849: 22 -88
100848842504: 20 -90
31601194165454: 60 -50
70465911891574: 23 -87
104046342248: 62 -48
75484162752: 64 -46
152088853522: 69 -41
61073128139: 59 -51
148997885746: 34 -76
31331350132848: 55 -55
31331350135108: 35 -75
164729952490: 46 -64
93541518640: 46 -64
18196955425696: 20 -90
31331350135252: 45 -65
82795547636: 20 -90
27279809849: 22 -88
100848842504: 20 -90
31601194165454: 60 -50
70465911891574: 23 -87
104046342248: 62 -48
75484162752: 64 -46
152088853522: 70 -38
61073128139: 59 -51
148997885746: 34 -76
31331350132848: 55 -55
31331350135108: 35 -75
164729952490: 46 -64
93541518640: 46 -64
18196955425696: 20 -90
31331350135252: 45 -65
82795547636: 20 -90
27279809849: 22 -88
100848842504: 20 -90
31601194165454: 60 -50
70465911891574: 23 -87
104046342248: 62 -48
75484162752: 64 -46
152088853522: 70 -39
61073128139: 59 -51
148997885746: 34 -76
31331350132848: 55 -55
31331350135108: 35 -75
164729952490: 46 -64
93541518640: 46 -64
18196955425696: 20 -90
31331350135252: 45 -65
82795547636: 20 -90
27279809849: 22 -88
100848842504: 20 -90
31601194165454: 60 -50
70465911891574: 23 -87
104046342248: 62 -48
75484162752: 64 -46
152088853522: 70 -37
61073128139: 59 -51
148997885746: 34 -76
31331350132848: 55 -55
31331350135108: 35 -75
164729952490: 46 -64
93541518640: 46 -64
18196955425696: 20 -90
31331350135252: 45 -65
82795547636: 20 -90
27279809849: 22 -88
100848842504: 20 -90
31601194165454: 60 -50
70465911891574: 23 -87
104046342248: 62 -48
75484162752: 64 -46
152088853522: 70 -40
61073128139: 59 -51
148997885746: 34 -76
31331350132848: 55 -55
31331350135108: 35 -75
164729952490: 46 -64
93541518640: 46 -64
18196955425696: 20 -90
31331350135252: 45 -65
82795547636: 20 -90
27279809849: 22 -88
100848842504: 20 -90
31601194165454: 60 -50
70465911891574: 23 -87
104046342248: 62 -48
75484162752: 64 -46
152088853522: 70 -39
61073128139: 59 -51
148997885746: 34 -76
31331350132848: 55 -55
31331350135108: 35 -75
164729952490: 46 -64
93541518640: 46 -64
18196955425696: 20 -90
31331350135252: 45 -65
82795547636: 20 -90
27279809849: 22 -88
100848842504: 20 -90
31601194165454: 60 -50
70465911891574: 23 -87
104046342248: 62 -48
75484162752: 64 -46
152088853522: 70 -36
61073128139: 59 -51
148997885746: 34 -76
31331350132848: 55 -55
31331350135108: 35 -75
164729952490: 46 -64
93541518640: 46 -64
18196955425696: 20 -90
31331350135252: 45 -65
82795547636: 20 -90
27279809849: 22 -88
100848842504: 20 -90
31601194165454: 66 -44
70465911891574: 28 -82
104046342248: 60 -50
75484162752: 66 -44
152088853522: 66 -44
61073128139: 56 -54
148997885746: 22 -88
31331350132848: 55 -55
31331350135108: 36 -74
164729952490: 46 -64
93541518640: 46 -64
18196955425696: 20 -90
31331350135252: 41 -69
82795547636: 20 -90
27279809849: 22 -88
100848842504: 20 -90
31601194165454: 66 -44
70465911891574: 28 -82
104046342248: 60 -50
75484162752: 66 -44
152088853522: 69 -41
61073128139: 56 -54
148997885746: 22 -88
31331350132848: 55 -55
31331350135108: 36 -74
164729952490: 46 -64
93541518640: 46 -64
18196955425696: 20 -90
31331350135252: 41 -69
82795547636: 20 -90
27279809849: 22 -88
100848842504: 20 -90
31601194165454: 66 -44
70465911891574: 28 -82
104046342248: 60 -50
75484162752: 66 -44
152088853522: 68 -42
61073128139: 56 -54
148997885746: 22 -88
31331350132848: 55 -55
31331350135108: 36 -74
164729952490: 46 -64
93541518640: 46 -64
18196955425696: 20 -90
31331350135252: 41 -69
82795547636: 20 -90
27279809849: 22 -88
100848842504: 20 -90
31601194165454: 66 -44
70465911891574: 28 -82
104046342248: 60 -50
75484162752: 66 -44
152088853522: 70 -39
61073128139: 56 -54
148997885746: 22 -88
31331350132848: 55 -55
31331350135108: 36 -74
164729952490: 46 -64
93541518640: 46 -64
18196955425696: 20 -90
31331350135252: 41 -69
82795547636: 20 -90
27279809849: 22 -88
100848842504: 20 -90
31601194165454: 66 -44
70465911891574: 28 -82
104046342248: 60 -50
75484162752: 66 -44
152088853522: 70 -38
61073128139: 56 -54
148997885746: 22 -88
31331350132848: 55 -55
31331350135108: 36 -74
164729952490: 46 -64
93541518640: 46 -64
31331350135252: 41 -69
82795547636: 20 -90
27279809849: 22 -88
100848842504: 20 -90
31601194165454: 66 -44
70465911891574: 28 -82
104046342248: 60 -50
75484162752: 66 -44
152088853522: 65 -45
61073128139: 56 -54
148997885746: 22 -88
31331350132848: 55 -55
31331350135108: 36 -74
164729952490: 46 -64
93541518640: 46 -64
31331350135252: 41 -69
82795547636: 20 -90
27279809849: 22 -88
100848842504: 20 -90
31601194165454: 66 -44
70465911891574: 28 -82
104046342248: 60 -50
75484162752: 66 -44
152088853522: 65 -45
61073128139: 56 -54
148997885746: 22 -88
31331350132848: 55 -55
31331350135108: 36 -74
164729952490: 46 -64
93541518640: 46 -64
31331350135252: 41 -69
82795547636: 20 -90
27279809849: 22 -88
100848842504: 20 -90
31601194165454: 66 -44
70465911891574: 28 -82
104046342248: 60 -50
75484162752: 66 -44
152088853522: 70 -40
61073128139: 56 -54
148997885746: 22 -88
31331350132848: 55 -55
31331350135108: 36 -74
164729952490: 46 -64
93541518640: 46 -64
31331350135252: 41 -69
82795547636: 20 -90
27279809849: 22 -88
100848842504: 20 -90
31601194165454: 66 -44
70465911891574: 28 -82
104046342248: 60 -50
75484162752: 66 -44
152088853522: 70 -38
61073128139: 56 -54
148997885746: 22 -88
31331350132848: 55 -55
31331350135108: 36 -74
164729952490: 46 -64
93541518640: 46 -64
31331350135252: 41 -69
82795547636: 20 -90
27279809849: 22 -88
100848842504: 20 -90
31601194165454: 57 -53
70465911891574: 28 -82
104046342248: 34 -76
75484162752: 70 -34
152088853522: 67 -43
61073128139: 21 -89
148997885746: 44 -66
31331350132848: 55 -55
31331350135108: 41 -69
164729952490: 46 -64
93541518640: 46 -64
31331350135252: 49 -61
82795547636: 20 -90
27279809849: 22 -88
100848842504: 20 -90
31601194165454: 57 -53
70465911891574: 28 -82
104046342248: 34 -76
75484162752: 70 -34
152088853522: 59 -51
61073128139: 21 -89
148997885746: 44 -66
31331350132848: 55 -55
31331350135108: 41 -69
164729952490: 46 -64
93541518640: 46 -64
31331350135252: 49 -61
82795547636: 20 -90
27279809849: 22 -88
100848842504: 20 -90
31601194165454: 57 -53
70465911891574: 28 -82
104046342248: 34 -76
75484162752: 70 -34
152088853522: 63 -47
61073128139: 21 -89
148997885746: 44 -66
31331350132848: 55 -55
31331350135108: 41 -69
164729952490: 46 -64
93541518640: 46 -64
31331350135252: 49 -61
82795547636: 20 -90
27279809849: 22 -88
100848842504: 20 -90
31601194165454: 57 -53
70465911891574: 28 -82
104046342248: 34 -76
75484162752: 70 -34
152088853522: 70 -32
61073128139: 21 -89
148997885746: 44 -66
31331350132848: 55 -55
31331350135108: 41 -69
164729952490: 46 -64
93541518640: 46 -64
31331350135252: 49 -61
82795547636: 20 -90
27279809849: 22 -88
100848842504: 20 -90
31601194165454: 57 -53
70465911891574: 28 -82
104046342248: 34 -76
75484162752: 70 -34
152088853522: 70 -32
61073128139: 21 -89
148997885746: 44 -66
31331350132848: 55 -55
31331350135108: 41 -69
164729952490: 46 -64
93541518640: 46 -64
31331350135252: 49 -61
82795547636: 20 -90
27279809849: 22 -88
100848842504: 20 -90
31601194165454: 57 -53
70465911891574: 28 -82
104046342248: 34 -76
75484162752: 70 -34
152088853522: 69 -41
61073128139: 21 -89
148997885746: 44 -66
31331350132848: 55 -55
31331350135108: 41 -69
164729952490: 46 -64
93541518640: 46 -64
31331350135252: 49 -61
82795547636: 20 -90
27279809849: 22 -88
100848842504: 20 -90
31601194165454: 57 -53
70465911891574: 28 -82
104046342248: 34 -76
75484162752: 70 -34
152088853522: 70 -37
61073128139: 21 -89
148997885746: 44 -66
31331350132848: 55 -55
31331350135108: 41 -69
164729952490: 46 -64
93541518640: 46 -64
31331350135252: 49 -61
82795547636: 20 -90
27279809849: 22 -88
100848842504: 20 -90
31601194165454: 57 -53
70465911891574: 28 -82
104046342248: 34 -76
75484162752: 70 -34
152088853522: 69 -41
61073128139: 21 -89
148997885746: 44 -66
31331350132848: 55 -55
31331350135108: 41 -69
164729952490: 46 -64
93541518640: 46 -64
31331350135252: 49 -61
82795547636: 20 -90
27279809849: 22 -88
100848842504: 20 -90
31601194165454: 57 -53
70465911891574: 28 -82
104046342248: 34 -76
75484162752: 70 -34
152088853522: 68 -42
61073128139: 21 -89
148997885746: 44 -66
31331350132848: 55 -55
31331350135108: 41 -69
164729952490: 46 -64
93541518640: 46 -64
31331350135252: 49 -61
82795547636: 20 -90
27279809849: 22 -88
100848842504: 20 -90
31601194165454: 61 -49
70465911891574: 24 -86
104046342248: 62 -48
75484162752: 70 -37
152088853522: 70 -40
61073128139: 50 -60
148997885746: 39 -71
31331350132848: 61 -49
31331350135108: 29 -81
164729952490: 39 -71
93541518640: 40 -70
31331350135252: 21 -89
82795547636: 24 -86
27279809849: 22 -88
100848842504: 20 -90
31601194165454: 61 -49
70465911891574: 24 -86
104046342248: 62 -48
75484162752: 70 -37
152088853522: 70 -39
61073128139: 50 -60
148997885746: 39 -71
31331350132848: 61 -49
31331350135108: 29 -81
164729952490: 39 -71
93541518640: 40 -70
31331350135252: 21 -89
82795547636: 24 -86
27279809849: 22 -88
100848842504: 20 -90
31601194165454: 61 -49
70465911891574: 24 -86
104046342248: 62 -48
75484162752: 70 -37
152088853522: 68 -42
61073128139: 50 -60
148997885746: 39 -71
31331350132848: 61 -49
31331350135108: 29 -81
164729952490: 39 -71
93541518640: 40 -70
31331350135252: 21 -89
82795547636: 24 -86
27279809849: 22 -88
100848842504: 20 -90
31601194165454: 61 -49
70465911891574: 24 -86
104046342248: 62 -48
75484162752: 70 -37
152088853522: 70 -37
61073128139: 50 -60
148997885746: 39 -71
31331350132848: 61 -49
31331350135108: 29 -81
164729952490: 39 -71
93541518640: 40 -70
31331350135252: 21 -89
82795547636: 24 -86
27279809849: 22 -88
100848842504: 20 -90
31601194165454: 61 -49
70465911891574: 24 -86
104046342248: 62 -48
75484162752: 70 -37
152088853522: 69 -41
61073128139: 50 -60
148997885746: 39 -71
31331350132848: 61 -49
31331350135108: 29 -81
164729952490: 39 -71
93541518640: 40 -70
31331350135252: 21 -89
82795547636: 24 -86
27279809849: 22 -88
100848842504: 20 -90
31601194165454: 61 -49
70465911891574: 24 -86
104046342248: 62 -48
75484162752: 70 -37
152088853522: 70 -38
61073128139: 50 -60
148997885746: 39 -71
31331350132848: 61 -49
31331350135108: 29 -81
164729952490: 39 -71
93541518640: 40 -70
31331350135252: 21 -89
82795547636: 24 -86
27279809849: 22 -88
100848842504: 20 -90
31601194165454: 61 -49
70465911891574: 24 -86
104046342248: 62 -48
75484162752: 70 -37
152088853522: 67 -43
61073128139: 50 -60
148997885746: 39 -71
31331350132848: 61 -49
31331350135108: 29 -81
164729952490: 39 -71
93541518640: 40 -70
31331350135252: 21 -89
82795547636: 24 -86
27279809849: 22 -88
100848842504: 20 -90
31601194165454: 61 -49
70465911891574: 24 -86
104046342248: 62 -48
75484162752: 70 -37
152088853522: 68 -42
61073128139: 50 -60
148997885746: 39 -71
31331350132848: 61 -49
31331350135108: 29 -81
164729952490: 39 -71
93541518640: 40 -70
31331350135252: 21 -89
82795547636: 24 -86
27279809849: 22 -88
100848842504: 20 -90
31601194165454: 61 -49
70465911891574: 24 -86
104046342248: 62 -48
75484162752: 70 -37
152088853522: 70 -39
61073128139: 50 -60
148997885746: 39 -71
31331350132848: 61 -49
31331350135108: 29 -81
164729952490: 39 -71
93541518640: 40 -70
31331350135252: 21 -89
82795547636: 24 -86
27279809849: 22 -88
100848842504: 20 -90
31601194165454: 60 -50
70465911891574: 23 -87
104046342248: 59 -51
75484162752: 68 -42
152088853522: 67 -43
61073128139: 25 -85
148997885746: 27 -83
31331350132848: 53 -57
31331350135108: 40 -70
164729952490: 38 -72
93541518640: 40 -70
31331350135252: 21 -89
82795547636: 20 -90
27279809849: 22 -88
100848842504: 20 -90
31601194165454: 60 -50
70465911891574: 23 -87
104046342248: 59 -51
75484162752: 68 -42
152088853522: 67 -43
61073128139: 25 -85
148997885746: 27 -83
31331350132848: 53 -57
31331350135108: 40 -70
164729952490: 38 -72
93541518640: 40 -70
31331350135252: 21 -89
82795547636: 20 -90
27279809849: 22 -88
100848842504: 20 -90
31601194165454: 60 -50
70465911891574: 23 -87
104046342248: 59 -51
75484162752: 68 -42
152088853522: 65 -45
61073128139: 25 -85
148997885746: 27 -83
31331350132848: 53 -57
31331350135108: 40 -70
164729952490: 38 -72
93541518640: 40 -70
31331350135252: 21 -89
82795547636: 20 -90
27279809849: 22 -88
100848842504: 20 -90
31601194165454: 60 -50
70465911891574: 23 -87
104046342248: 59 -51
75484162752: 68 -42
152088853522: 69 -41
61073128139: 25 -85
148997885746: 27 -83
31331350132848: 53 -57
31331350135108: 40 -70
164729952490: 38 -72
93541518640: 40 -70
31331350135252: 21 -89
82795547636: 20 -90
100848842504: 20 -90
31601194165454: 60 -50
70465911891574: 23 -87
104046342248: 59 -51
75484162752: 68 -42
152088853522: 66 -44
61073128139: 25 -85
148997885746: 27 -83
31331350132848: 53 -57
31331350135108: 40 -70
164729952490: 38 -72
93541518640: 40 -70
31331350135252: 21 -89
82795547636: 20 -90
31601194165454: 60 -50
70465911891574: 23 -87
104046342248: 59 -51
75484162752: 68 -42
152088853522: 64 -46
61073128139: 25 -85
148997885746: 27 -83
31331350132848: 53 -57
31331350135108: 40 -70
164729952490: 38 -72
93541518640: 40 -70
31331350135252: 21 -89
82795547636: 20 -90
31601194165454: 60 -50
70465911891574: 23 -87
104046342248: 59 -51
75484162752: 68 -42
152088853522: 69 -41
61073128139: 25 -85
148997885746: 27 -83
31331350132848: 53 -57
31331350135108: 40 -70
164729952490: 38 -72
93541518640: 40 -70
31331350135252: 21 -89
82795547636: 20 -90
31601194165454: 60 -50
70465911891574: 23 -87
104046342248: 59 -51
75484162752: 68 -42
152088853522: 69 -41
61073128139: 25 -85
148997885746: 27 -83
31331350132848: 53 -57
31331350135108: 40 -70
164729952490: 38 -72
93541518640: 40 -70
31331350135252: 21 -89
82795547636: 20 -90
31601194165454: 60 -50
70465911891574: 23 -87
104046342248: 59 -51
75484162752: 68 -42
152088853522: 69 -41
61073128139: 25 -85
148997885746: 27 -83
31331350132848: 53 -57
31331350135108: 40 -70
164729952490: 38 -72
93541518640: 40 -70
31331350135252: 21 -89
82795547636: 20 -90
31601194165454: 55 -55
70465911891574: 23 -87
104046342248: 62 -48
75484162752: 65 -45
152088853522: 70 -38
61073128139: 61 -49
148997885746: 30 -80
31331350132848: 35 -75
31331350135108: 36 -74
164729952490: 38 -72
93541518640: 40 -70
31331350135252: 43 -67
82795547636: 19 -91
31601194165454: 55 -55
70465911891574: 23 -87
104046342248: 62 -48
75484162752: 65 -45
152088853522: 70 -35
61073128139: 61 -49
148997885746: 30 -80
31331350132848: 35 -75
31331350135108: 36 -74
164729952490: 38 -72
93541518640: 40 -70
31331350135252: 43 -67
82795547636: 19 -91
31601194165454: 55 -55
70465911891574: 23 -87
104046342248: 62 -48
75484162752: 65 -45
152088853522: 70 -33
61073128139: 61 -49
148997885746: 30 -80
31331350132848: 35 -75
31331350135108: 36 -74
164729952490: 38 -72
93541518640: 40 -70
31331350135252: 43 -67
82795547636: 19 -91
31601194165454: 55 -55
70465911891574: 23 -87
104046342248: 62 -48
75484162752: 65 -45
152088853522: 70 -39
61073128139: 61 -49
148997885746: 30 -80
31331350132848: 35 -75
31331350135108: 36 -74
164729952490: 38 -72
93541518640: 40 -70
31331350135252: 43 -67
82795547636: 19 -91
31601194165454: 55 -55
70465911891574: 23 -87
104046342248: 62 -48
75484162752: 65 -45
152088853522: 70 -39
61073128139: 61 -49
148997885746: 30 -80
31331350132848: 35 -75
31331350135108: 36 -74
164729952490: 38 -72
93541518640: 40 -70
31331350135252: 43 -67
82795547636: 19 -91
31601194165454: 55 -55
70465911891574: 23 -87
104046342248: 62 -48
75484162752: 65 -45
152088853522: 65 -45
61073128139: 61 -49
148997885746: 30 -80
31331350132848: 35 -75
31331350135108: 36 -74
164729952490: 38 -72
93541518640: 40 -70
31331350135252: 43 -67
82795547636: 19 -91
31601194165454: 55 -55
70465911891574: 23 -87
104046342248: 62 -48
75484162752: 65 -45
152088853522: 70 -39
61073128139: 61 -49
148997885746: 30 -80
31331350132848: 35 -75
31331350135108: 36 -74
164729952490: 38 -72
93541518640: 40 -70
31331350135252: 43 -67
82795547636: 19 -91
31601194165454: 55 -55
70465911891574: 23 -87
104046342248: 62 -48
75484162752: 65 -45
152088853522: 67 -43
61073128139: 61 -49
148997885746: 30 -80
31331350132848: 35 -75
31331350135108: 36 -74
164729952490: 38 -72
93541518640: 40 -70
31331350135252: 43 -67
82795547636: 19 -91
31601194165454: 55 -55
70465911891574: 23 -87
104046342248: 62 -48
75484162752: 65 -45
152088853522: 64 -46
61073128139: 61 -49
148997885746: 30 -80
31331350132848: 35 -75
31331350135108: 36 -74
164729952490: 38 -72
93541518640: 40 -70
31331350135252: 43 -67
82795547636: 19 -91
31601194165454: 59 -51
70465911891574: 70 -20
104046342248: 38 -72
75484162752: 65 -45
152088853522: 70 -39
61073128139: 65 -45
148997885746: 42 -68
31331350132848: 50 -60
31331350135108: 40 -70
164729952490: 40 -70
93541518640: 40 -70
31331350135252: 26 -84
82795547636: 19 -91
