31601194165454: 50 -60
70465911891574: 24 -86
104046342248: 63 -47
75484162752: 70 -37
152088853522: 70 -36
61073128139: 55 -55
148997885746: 29 -81
31331350132848: 47 -63
31331350135108: 38 -72
31331350135252: 30 -80
100848842504: 20 -90
93541518640: 38 -72
164729952490: 39 -71
82795547636: 21 -89
31601194165454: 50 -60
70465911891574: 24 -86
104046342248: 63 -47
75484162752: 70 -37
152088853522: 70 -40
61073128139: 55 -55
148997885746: 29 -81
31331350132848: 47 -63
31331350135108: 38 -72
31331350135252: 30 -80
100848842504: 20 -90
93541518640: 38 -72
164729952490: 39 -71
82795547636: 21 -89
31601194165454: 50 -60
70465911891574: 24 -86
104046342248: 63 -47
75484162752: 70 -37
152088853522: 70 -33
61073128139: 55 -55
148997885746: 29 -81
31331350132848: 47 -63
31331350135108: 38 -72
31331350135252: 30 -80
100848842504: 20 -90
93541518640: 38 -72
164729952490: 39 -71
82795547636: 21 -89
31601194165454: 50 -60
70465911891574: 24 -86
104046342248: 63 -47
75484162752: 70 -37
152088853522: 70 -34
61073128139: 55 -55
148997885746: 29 -81
31331350132848: 47 -63
31331350135108: 38 -72
31331350135252: 30 -80
100848842504: 20 -90
93541518640: 38 -72
164729952490: 39 -71
82795547636: 21 -89
31601194165454: 50 -60
70465911891574: 24 -86
104046342248: 63 -47
75484162752: 70 -37
152088853522: 70 -33
61073128139: 55 -55
148997885746: 29 -81
31331350132848: 47 -63
31331350135108: 38 -72
31331350135252: 30 -80
100848842504: 20 -90
93541518640: 38 -72
164729952490: 39 -71
82795547636: 21 -89
31601194165454: 50 -60
70465911891574: 24 -86
104046342248: 63 -47
75484162752: 70 -37
152088853522: 67 -43
61073128139: 55 -55
148997885746: 29 -81
31331350132848: 47 -63
31331350135108: 38 -72
31331350135252: 30 -80
100848842504: 20 -90
93541518640: 38 -72
164729952490: 39 -71
82795547636: 21 -89
31601194165454: 50 -60
70465911891574: 24 -86
104046342248: 63 -47
75484162752: 70 -37
152088853522: 68 -42
61073128139: 55 -55
148997885746: 29 -81
31331350132848: 47 -63
31331350135108: 38 -72
31331350135252: 30 -80
100848842504: 20 -90
93541518640: 38 -72
164729952490: 39 -71
82795547636: 21 -89
31601194165454: 50 -60
70465911891574: 24 -86
104046342248: 63 -47
75484162752: 70 -37
152088853522: 68 -42
61073128139: 55 -55
148997885746: 29 -81
31331350132848: 47 -63
31331350135108: 38 -72
31331350135252: 30 -80
100848842504: 20 -90
93541518640: 38 -72
164729952490: 39 -71
82795547636: 21 -89
31601194165454: 50 -60
70465911891574: 24 -86
104046342248: 63 -47
75484162752: 70 -37
152088853522: 70 -40
61073128139: 55 -55
148997885746: 29 -81
31331350132848: 47 -63
31331350135108: 38 -72
31331350135252: 30 -80
100848842504: 20 -90
93541518640: 38 -72
164729952490: 39 -71
82795547636: 21 -89
31601194165454: 58 -52
70465911891574: 58 -52
104046342248: 70 -26
75484162752: 70 -40
152088853522: 70 -33
61073128139: 50 -60
148997885746: 26 -84
31331350132848: 47 -63
31331350135108: 42 -68
31331350135252: 37 -73
100848842504: 20 -90
164729952490: 39 -71
82795547636: 21 -89
31601194165454: 58 -52
70465911891574: 58 -52
104046342248: 70 -26
75484162752: 70 -40
152088853522: 70 -33
61073128139: 50 -60
148997885746: 26 -84
31331350132848: 47 -63
31331350135108: 42 -68
31331350135252: 37 -73
100848842504: 20 -90
164729952490: 39 -71
82795547636: 21 -89
31601194165454: 58 -52
70465911891574: 58 -52
104046342248: 70 -26
75484162752: 70 -40
152088853522: 70 -40
61073128139: 50 -60
148997885746: 26 -84
31331350132848: 47 -63
31331350135108: 42 -68
31331350135252: 37 -73
100848842504: 20 -90
164729952490: 39 -71
82795547636: 21 -89
31601194165454: 58 -52
70465911891574: 58 -52
104046342248: 70 -26
75484162752: 70 -40
152088853522: 70 -36
61073128139: 50 -60
148997885746: 26 -84
31331350132848: 47 -63
31331350135108: 42 -68
31331350135252: 37 -73
100848842504: 20 -90
164729952490: 39 -71
82795547636: 21 -89
31601194165454: 58 -52
70465911891574: 58 -52
104046342248: 70 -26
75484162752: 70 -40
152088853522: 66 -44
61073128139: 50 -60
148997885746: 26 -84
31331350132848: 47 -63
31331350135108: 42 -68
31331350135252: 37 -73
100848842504: 20 -90
164729952490: 39 -71
82795547636: 21 -89
31601194165454: 58 -52
70465911891574: 58 -52
104046342248: 70 -26
75484162752: 70 -40
152088853522: 70 -37
61073128139: 50 -60
148997885746: 26 -84
31331350132848: 47 -63
31331350135108: 42 -68
31331350135252: 37 -73
100848842504: 20 -90
164729952490: 39 -71
82795547636: 21 -89
31601194165454: 58 -52
70465911891574: 58 -52
104046342248: 70 -26
75484162752: 70 -40
152088853522: 70 -39
61073128139: 50 -60
148997885746: 26 -84
31331350132848: 47 -63
31331350135108: 42 -68
31331350135252: 37 -73
100848842504: 20 -90
164729952490: 39 -71
82795547636: 21 -89
31601194165454: 58 -52
70465911891574: 58 -52
104046342248: 70 -26
75484162752: 70 -40
152088853522: 70 -36
61073128139: 50 -60
148997885746: 26 -84
31331350132848: 47 -63
31331350135108: 42 -68
31331350135252: 37 -73
100848842504: 20 -90
164729952490: 39 -71
82795547636: 21 -89
31601194165454: 58 -52
70465911891574: 58 -52
104046342248: 70 -26
75484162752: 70 -40
152088853522: 70 -38
61073128139: 50 -60
148997885746: 26 -84
31331350132848: 47 -63
31331350135108: 42 -68
31331350135252: 37 -73
100848842504: 20 -90
164729952490: 39 -71
82795547636: 21 -89
31601194165454: 54 -56
70465911891574: 24 -86
104046342248: 54 -56
75484162752: 70 -39
152088853522: 69 -41
61073128139: 57 -53
148997885746: 30 -80
31331350132848: 55 -55
31331350135108: 44 -66
31331350135252: 36 -74
100848842504: 20 -90
164729952490: 36 -74
82795547636: 21 -89
8895779566640: 22 -88
31601194165454: 54 -56
70465911891574: 24 -86
104046342248: 54 -56
75484162752: 70 -39
152088853522: 69 -41
61073128139: 57 -53
148997885746: 30 -80
31331350132848: 55 -55
31331350135108: 44 -66
31331350135252: 36 -74
100848842504: 20 -90
164729952490: 36 -74
82795547636: 21 -89
8895779566640: 22 -88
31601194165454: 54 -56
70465911891574: 24 -86
104046342248: 54 -56
75484162752: 70 -39
152088853522: 70 -37
61073128139: 57 -53
148997885746: 30 -80
31331350132848: 55 -55
31331350135108: 44 -66
31331350135252: 36 -74
100848842504: 20 -90
164729952490: 36 -74
82795547636: 21 -89
8895779566640: 22 -88
31601194165454: 54 -56
70465911891574: 24 -86
104046342248: 54 -56
75484162752: 70 -39
152088853522: 62 -48
61073128139: 57 -53
148997885746: 30 -80
31331350132848: 55 -55
31331350135108: 44 -66
31331350135252: 36 -74
100848842504: 20 -90
164729952490: 36 -74
82795547636: 21 -89
8895779566640: 22 -88
31601194165454: 54 -56
70465911891574: 24 -86
104046342248: 54 -56
75484162752: 70 -39
152088853522: 70 -35
61073128139: 57 -53
148997885746: 30 -80
31331350132848: 55 -55
31331350135108: 44 -66
31331350135252: 36 -74
100848842504: 20 -90
164729952490: 36 -74
82795547636: 21 -89
8895779566640: 22 -88
31601194165454: 54 -56
70465911891574: 24 -86
104046342248: 54 -56
75484162752: 70 -39
152088853522: 70 -36
61073128139: 57 -53
148997885746: 30 -80
31331350132848: 55 -55
31331350135108: 44 -66
31331350135252: 36 -74
100848842504: 20 -90
164729952490: 36 -74
82795547636: 21 -89
8895779566640: 22 -88
31601194165454: 54 -56
70465911891574: 24 -86
104046342248: 54 -56
75484162752: 70 -39
152088853522: 70 -33
61073128139: 57 -53
148997885746: 30 -80
31331350132848: 55 -55
31331350135108: 44 -66
31331350135252: 36 -74
100848842504: 20 -90
164729952490: 36 -74
82795547636: 21 -89
8895779566640: 22 -88
31601194165454: 54 -56
70465911891574: 24 -86
104046342248: 54 -56
75484162752: 70 -39
152088853522: 70 -34
61073128139: 57 -53
148997885746: 30 -80
31331350132848: 55 -55
31331350135108: 44 -66
31331350135252: 36 -74
100848842504: 20 -90
164729952490: 36 -74
82795547636: 21 -89
8895779566640: 22 -88
31601194165454: 54 -56
70465911891574: 24 -86
104046342248: 54 -56
75484162752: 70 -39
152088853522: 69 -41
61073128139: 57 -53
148997885746: 30 -80
31331350132848: 55 -55
31331350135108: 44 -66
31331350135252: 36 -74
100848842504: 20 -90
164729952490: 36 -74
82795547636: 21 -89
8895779566640: 22 -88
31601194165454: 57 -53
70465911891574: 28 -82
104046342248: 55 -55
75484162752: 69 -41
152088853522: 68 -42
61073128139: 53 -57
148997885746: 25 -85
31331350132848: 52 -58
31331350135108: 43 -67
31331350135252: 31 -79
100848842504: 20 -90
164729952490: 38 -72
82795547636: 21 -89
8895779566640: 22 -88
31601194165454: 57 -53
70465911891574: 28 -82
104046342248: 55 -55
75484162752: 69 -41
152088853522: 68 -42
61073128139: 53 -57
148997885746: 25 -85
31331350132848: 52 -58
31331350135108: 43 -67
31331350135252: 31 -79
100848842504: 20 -90
164729952490: 38 -72
82795547636: 21 -89
8895779566640: 22 -88
31601194165454: 57 -53
70465911891574: 28 -82
104046342248: 55 -55
75484162752: 69 -41
152088853522: 70 -38
61073128139: 53 -57
148997885746: 25 -85
31331350132848: 52 -58
31331350135108: 43 -67
31331350135252: 31 -79
100848842504: 20 -90
164729952490: 38 -72
82795547636: 21 -89
8895779566640: 22 -88
31601194165454: 57 -53
70465911891574: 28 -82
104046342248: 55 -55
75484162752: 69 -41
152088853522: 69 -41
61073128139: 53 -57
148997885746: 25 -85
31331350132848: 52 -58
31331350135108: 43 -67
31331350135252: 31 -79
100848842504: 20 -90
164729952490: 38 -72
82795547636: 21 -89
8895779566640: 22 -88
31601194165454: 57 -53
70465911891574: 28 -82
104046342248: 55 -55
75484162752: 69 -41
152088853522: 70 -39
61073128139: 53 -57
148997885746: 25 -85
31331350132848: 52 -58
31331350135108: 43 -67
31331350135252: 31 -79
100848842504: 20 -90
164729952490: 38 -72
82795547636: 21 -89
8895779566640: 22 -88
31601194165454: 57 -53
70465911891574: 28 -82
104046342248: 55 -55
75484162752: 69 -41
152088853522: 70 -40
61073128139: 53 -57
148997885746: 25 -85
31331350132848: 52 -58
31331350135108: 43 -67
31331350135252: 31 -79
100848842504: 20 -90
164729952490: 38 -72
82795547636: 21 -89
8895779566640: 22 -88
31601194165454: 57 -53
70465911891574: 28 -82
104046342248: 55 -55
75484162752: 69 -41
152088853522: 70 -37
61073128139: 53 -57
148997885746: 25 -85
31331350132848: 52 -58
31331350135108: 43 -67
31331350135252: 31 -79
100848842504: 20 -90
164729952490: 38 -72
82795547636: 21 -89
8895779566640: 22 -88
31601194165454: 57 -53
70465911891574: 28 -82
104046342248: 55 -55
75484162752: 69 -41
152088853522: 70 -38
61073128139: 53 -57
148997885746: 25 -85
31331350132848: 52 -58
31331350135108: 43 -67
31331350135252: 31 -79
100848842504: 20 -90
164729952490: 38 -72
82795547636: 21 -89
8895779566640: 22 -88
31601194165454: 57 -53
70465911891574: 28 -82
104046342248: 55 -55
75484162752: 69 -41
152088853522: 68 -42
61073128139: 53 -57
148997885746: 25 -85
31331350132848: 52 -58
31331350135108: 43 -67
31331350135252: 31 -79
100848842504: 20 -90
164729952490: 38 -72
82795547636: 21 -89
8895779566640: 22 -88
31601194165454: 56 -54
70465911891574: 22 -88
104046342248: 60 -50
75484162752: 63 -47
152088853522: 70 -36
61073128139: 52 -58
148997885746: 29 -81
31331350132848: 55 -55
31331350135108: 41 -69
31331350135252: 34 -76
100848842504: 20 -90
164729952490: 42 -68
82795547636: 21 -89
8895779566640: 22 -88
93541518640: 45 -65
31601194165454: 56 -54
70465911891574: 22 -88
104046342248: 60 -50
75484162752: 63 -47
152088853522: 70 -35
61073128139: 52 -58
148997885746: 29 -81
31331350132848: 55 -55
31331350135108: 41 -69
31331350135252: 34 -76
100848842504: 20 -90
164729952490: 42 -68
82795547636: 21 -89
8895779566640: 22 -88
93541518640: 45 -65
31601194165454: 56 -54
70465911891574: 22 -88
104046342248: 60 -50
75484162752: 63 -47
152088853522: 70 -37
61073128139: 52 -58
148997885746: 29 -81
31331350132848: 55 -55
31331350135108: 41 -69
31331350135252: 34 -76
100848842504: 20 -90
164729952490: 42 -68
82795547636: 21 -89
8895779566640: 22 -88
93541518640: 45 -65
31601194165454: 56 -54
70465911891574: 22 -88
104046342248: 60 -50
75484162752: 63 -47
152088853522: 70 -37
61073128139: 52 -58
148997885746: 29 -81
31331350132848: 55 -55
31331350135108: 41 -69
31331350135252: 34 -76
100848842504: 20 -90
164729952490: 42 -68
82795547636: 21 -89
8895779566640: 22 -88
93541518640: 45 -65
31601194165454: 56 -54
70465911891574: 22 -88
104046342248: 60 -50
75484162752: 63 -47
152088853522: 70 -35
61073128139: 52 -58
148997885746: 29 -81
31331350132848: 55 -55
31331350135108: 41 -69
31331350135252: 34 -76
100848842504: 20 -90
164729952490: 42 -68
82795547636: 21 -89
8895779566640: 22 -88
93541518640: 45 -65
31601194165454: 56 -54
70465911891574: 22 -88
104046342248: 60 -50
75484162752: 63 -47
152088853522: 70 -40
61073128139: 52 -58
148997885746: 29 -81
31331350132848: 55 -55
31331350135108: 41 -69
31331350135252: 34 -76
164729952490: 42 -68
82795547636: 21 -89
8895779566640: 22 -88
93541518640: 45 -65
31601194165454: 56 -54
70465911891574: 22 -88
104046342248: 60 -50
75484162752: 63 -47
152088853522: 64 -46
61073128139: 52 -58
148997885746: 29 -81
31331350132848: 55 -55
31331350135108: 41 -69
31331350135252: 34 -76
164729952490: 42 -68
82795547636: 21 -89
8895779566640: 22 -88
93541518640: 45 -65
31601194165454: 56 -54
70465911891574: 22 -88
104046342248: 60 -50
75484162752: 63 -47
152088853522: 70 -38
61073128139: 52 -58
148997885746: 29 -81
31331350132848: 55 -55
31331350135108: 41 -69
31331350135252: 34 -76
164729952490: 42 -68
82795547636: 21 -89
8895779566640: 22 -88
93541518640: 45 -65
31601194165454: 56 -54
70465911891574: 22 -88
104046342248: 60 -50
75484162752: 63 -47
152088853522: 70 -38
61073128139: 52 -58
148997885746: 29 -81
31331350132848: 55 -55
31331350135108: 41 -69
31331350135252: 34 -76
164729952490: 42 -68
82795547636: 21 -89
8895779566640: 22 -88
93541518640: 45 -65
31601194165454: 53 -57
70465911891574: 23 -87
104046342248: 62 -48
75484162752: 67 -43
152088853522: 69 -41
61073128139: 26 -84
148997885746: 32 -78
31331350132848: 55 -55
31331350135108: 42 -68
31331350135252: 37 -73
164729952490: 42 -68
82795547636: 19 -91
8895779566640: 22 -88
93541518640: 45 -65
8895779566641: 23 -87
31601194165454: 53 -57
70465911891574: 23 -87
104046342248: 62 -48
75484162752: 67 -43
152088853522: 69 -41
61073128139: 26 -84
148997885746: 32 -78
31331350132848: 55 -55
31331350135108: 42 -68
31331350135252: 37 -73
164729952490: 42 -68
82795547636: 19 -91
8895779566640: 22 -88
93541518640: 45 -65
8895779566641: 23 -87
31601194165454: 53 -57
70465911891574: 23 -87
104046342248: 62 -48
75484162752: 67 -43
152088853522: 69 -41
61073128139: 26 -84
148997885746: 32 -78
31331350132848: 55 -55
31331350135108: 42 -68
31331350135252: 37 -73
164729952490: 42 -68
82795547636: 19 -91
8895779566640: 22 -88
93541518640: 45 -65
8895779566641: 23 -87
31601194165454: 53 -57
70465911891574: 23 -87
104046342248: 62 -48
75484162752: 67 -43
152088853522: 70 -38
61073128139: 26 -84
148997885746: 32 -78
31331350132848: 55 -55
31331350135108: 42 -68
31331350135252: 37 -73
164729952490: 42 -68
82795547636: 19 -91
8895779566640: 22 -88
93541518640: 45 -65
8895779566641: 23 -87
31601194165454: 53 -57
70465911891574: 23 -87
104046342248: 62 -48
75484162752: 67 -43
152088853522: 70 -40
61073128139: 26 -84
148997885746: 32 -78
31331350132848: 55 -55
31331350135108: 42 -68
31331350135252: 37 -73
164729952490: 42 -68
82795547636: 19 -91
8895779566640: 22 -88
93541518640: 45 -65
8895779566641: 23 -87
31601194165454: 53 -57
70465911891574: 23 -87
104046342248: 62 -48
75484162752: 67 -43
152088853522: 69 -41
61073128139: 26 -84
148997885746: 32 -78
31331350132848: 55 -55
31331350135108: 42 -68
31331350135252: 37 -73
164729952490: 42 -68
82795547636: 19 -91
8895779566640: 22 -88
93541518640: 45 -65
8895779566641: 23 -87
31601194165454: 53 -57
70465911891574: 23 -87
104046342248: 62 -48
75484162752: 67 -43
152088853522: 65 -45
61073128139: 26 -84
148997885746: 32 -78
31331350132848: 55 -55
31331350135108: 42 -68
31331350135252: 37 -73
164729952490: 42 -68
82795547636: 19 -91
8895779566640: 22 -88
93541518640: 45 -65
8895779566641: 23 -87
31601194165454: 53 -57
70465911891574: 23 -87
104046342248: 62 -48
75484162752: 67 -43
152088853522: 70 -39
61073128139: 26 -84
148997885746: 32 -78
31331350132848: 55 -55
31331350135108: 42 -68
31331350135252: 37 -73
164729952490: 42 -68
82795547636: 19 -91
8895779566640: 22 -88
93541518640: 45 -65
8895779566641: 23 -87
31601194165454: 53 -57
70465911891574: 23 -87
104046342248: 62 -48
75484162752: 67 -43
152088853522: 70 -38
61073128139: 26 -84
148997885746: 32 -78
31331350132848: 55 -55
31331350135108: 42 -68
31331350135252: 37 -73
164729952490: 42 -68
82795547636: 19 -91
8895779566640: 22 -88
93541518640: 45 -65
8895779566641: 23 -87
31601194165454: 57 -53
70465911891574: 19 -91
104046342248: 61 -49
75484162752: 66 -44
152088853522: 70 -39
61073128139: 23 -87
148997885746: 30 -80
31331350132848: 48 -62
31331350135108: 44 -66
31331350135252: 40 -70
164729952490: 33 -77
82795547636: 19 -91
8895779566640: 22 -88
93541518640: 45 -65
8895779566641: 23 -87
113504983696: 20 -90
31601194165454: 57 -53
70465911891574: 19 -91
104046342248: 61 -49
75484162752: 66 -44
152088853522: 69 -41
61073128139: 23 -87
148997885746: 30 -80
31331350132848: 48 -62
31331350135108: 44 -66
31331350135252: 40 -70
164729952490: 33 -77
82795547636: 19 -91
8895779566640: 22 -88
93541518640: 45 -65
8895779566641: 23 -87
113504983696: 20 -90
31601194165454: 57 -53
70465911891574: 19 -91
104046342248: 61 -49
75484162752: 66 -44
152088853522: 69 -41
61073128139: 23 -87
148997885746: 30 -80
31331350132848: 48 -62
31331350135108: 44 -66
31331350135252: 40 -70
164729952490: 33 -77
82795547636: 19 -91
93541518640: 45 -65
8895779566641: 23 -87
113504983696: 20 -90
31601194165454: 57 -53
70465911891574: 19 -91
104046342248: 61 -49
75484162752: 66 -44
152088853522: 70 -39
61073128139: 23 -87
148997885746: 30 -80
31331350132848: 48 -62
31331350135108: 44 -66
31331350135252: 40 -70
164729952490: 33 -77
82795547636: 19 -91
93541518640: 45 -65
8895779566641: 23 -87
113504983696: 20 -90
31601194165454: 57 -53
70465911891574: 19 -91
104046342248: 61 -49
75484162752: 66 -44
152088853522: 70 -37
61073128139: 23 -87
148997885746: 30 -80
31331350132848: 48 -62
31331350135108: 44 -66
31331350135252: 40 -70
164729952490: 33 -77
82795547636: 19 -91
93541518640: 45 -65
8895779566641: 23 -87
113504983696: 20 -90
31601194165454: 57 -53
70465911891574: 19 -91
104046342248: 61 -49
75484162752: 66 -44
152088853522: 70 -36
61073128139: 23 -87
148997885746: 30 -80
31331350132848: 48 -62
31331350135108: 44 -66
31331350135252: 40 -70
164729952490: 33 -77
82795547636: 19 -91
93541518640: 45 -65
8895779566641: 23 -87
113504983696: 20 -90
31601194165454: 57 -53
70465911891574: 19 -91
104046342248: 61 -49
75484162752: 66 -44
152088853522: 70 -36
61073128139: 23 -87
148997885746: 30 -80
31331350132848: 48 -62
31331350135108: 44 -66
31331350135252: 40 -70
164729952490: 33 -77
82795547636: 19 -91
93541518640: 45 -65
8895779566641: 23 -87
113504983696: 20 -90
31601194165454: 57 -53
70465911891574: 19 -91
104046342248: 61 -49
75484162752: 66 -44
152088853522: 70 -37
61073128139: 23 -87
148997885746: 30 -80
31331350132848: 48 -62
31331350135108: 44 -66
31331350135252: 40 -70
164729952490: 33 -77
82795547636: 19 -91
93541518640: 45 -65
8895779566641: 23 -87
113504983696: 20 -90
31601194165454: 57 -53
70465911891574: 19 -91
104046342248: 61 -49
75484162752: 66 -44
152088853522: 70 -39
61073128139: 23 -87
148997885746: 30 -80
31331350132848: 48 -62
31331350135108: 44 -66
31331350135252: 40 -70
164729952490: 33 -77
82795547636: 19 -91
93541518640: 45 -65
8895779566641: 23 -87
113504983696: 20 -90
31601194165454: 57 -53
70465911891574: 52 -58
104046342248: 26 -84
75484162752: 69 -41
152088853522: 70 -36
61073128139: 60 -50
148997885746: 29 -81
31331350132848: 53 -57
31331350135108: 48 -62
31331350135252: 32 -78
164729952490: 33 -77
82795547636: 19 -91
93541518640: 45 -65
8895779566641: 23 -87
113504983696: 20 -90
84552710298851: 20 -90
31601194165454: 57 -53
70465911891574: 52 -58
104046342248: 26 -84
75484162752: 69 -41
152088853522: 70 -34
61073128139: 60 -50
148997885746: 29 -81
31331350132848: 53 -57
31331350135108: 48 -62
31331350135252: 32 -78
164729952490: 33 -77
82795547636: 19 -91
93541518640: 45 -65
8895779566641: 23 -87
113504983696: 20 -90
84552710298851: 20 -90
31601194165454: 57 -53
70465911891574: 52 -58
104046342248: 26 -84
75484162752: 69 -41
152088853522: 70 -34
61073128139: 60 -50
148997885746: 29 -81
31331350132848: 53 -57
31331350135108: 48 -62
31331350135252: 32 -78
164729952490: 33 -77
82795547636: 19 -91
93541518640: 45 -65
8895779566641: 23 -87
113504983696: 20 -90
84552710298851: 20 -90
31601194165454: 57 -53
70465911891574: 52 -58
104046342248: 26 -84
75484162752: 69 -41
152088853522: 70 -34
61073128139: 60 -50
148997885746: 29 -81
31331350132848: 53 -57
31331350135108: 48 -62
31331350135252: 32 -78
164729952490: 33 -77
82795547636: 19 -91
93541518640: 45 -65
8895779566641: 23 -87
113504983696: 20 -90
84552710298851: 20 -90
31601194165454: 57 -53
70465911891574: 52 -58
104046342248: 26 -84
75484162752: 69 -41
152088853522: 70 -36
61073128139: 60 -50
148997885746: 29 -81
31331350132848: 53 -57
31331350135108: 48 -62
31331350135252: 32 -78
164729952490: 33 -77
82795547636: 19 -91
93541518640: 45 -65
8895779566641: 23 -87
113504983696: 20 -90
84552710298851: 20 -90
31601194165454: 57 -53
70465911891574: 52 -58
104046342248: 26 -84
75484162752: 69 -41
152088853522: 64 -46
61073128139: 60 -50
148997885746: 29 -81
31331350132848: 53 -57
31331350135108: 48 -62
31331350135252: 32 -78
164729952490: 33 -77
82795547636: 19 -91
93541518640: 45 -65
8895779566641: 23 -87
113504983696: 20 -90
84552710298851: 20 -90
31601194165454: 57 -53
70465911891574: 52 -58
104046342248: 26 -84
75484162752: 69 -41
152088853522: 70 -40
61073128139: 60 -50
148997885746: 29 -81
31331350132848: 53 -57
31331350135108: 48 -62
31331350135252: 32 -78
164729952490: 33 -77
82795547636: 19 -91
93541518640: 45 -65
8895779566641: 23 -87
113504983696: 20 -90
84552710298851: 20 -90
31601194165454: 57 -53
70465911891574: 52 -58
104046342248: 26 -84
75484162752: 69 -41
152088853522: 70 -39
61073128139: 60 -50
148997885746: 29 -81
31331350132848: 53 -57
31331350135108: 48 -62
31331350135252: 32 -78
164729952490: 33 -77
82795547636: 19 -91
93541518640: 45 -65
8895779566641: 23 -87
113504983696: 20 -90
84552710298851: 20 -90
31601194165454: 57 -53
70465911891574: 52 -58
104046342248: 26 -84
75484162752: 69 -41
152088853522: 70 -38
61073128139: 60 -50
148997885746: 29 -81
31331350132848: 53 -57
31331350135108: 48 -62
31331350135252: 32 -78
164729952490: 33 -77
82795547636: 19 -91
93541518640: 45 -65
8895779566641: 23 -87
113504983696: 20 -90
84552710298851: 20 -90
31601194165454: 56 -54
70465911891574: 49 -61
104046342248: 48 -62
75484162752: 65 -45
152088853522: 70 -39
61073128139: 20 -90
148997885746: 29 -81
31331350132848: 59 -51
31331350135108: 43 -67
31331350135252: 32 -78
164729952490: 42 -68
82795547636: 19 -91
93541518640: 45 -65
8895779566641: 23 -87
113504983696: 20 -90
84552710298851: 20 -90
153778757226: 19 -91
31601194165454: 56 -54
70465911891574: 49 -61
104046342248: 48 -62
75484162752: 65 -45
152088853522: 70 -39
61073128139: 20 -90
148997885746: 29 -81
31331350132848: 59 -51
31331350135108: 43 -67
31331350135252: 32 -78
164729952490: 42 -68
82795547636: 19 -91
93541518640: 45 -65
8895779566641: 23 -87
113504983696: 20 -90
84552710298851: 20 -90
153778757226: 19 -91
31601194165454: 56 -54
70465911891574: 49 -61
104046342248: 48 -62
75484162752: 65 -45
152088853522: 68 -42
61073128139: 20 -90
148997885746: 29 -81
31331350132848: 59 -51
31331350135108: 43 -67
31331350135252: 32 -78
164729952490: 42 -68
82795547636: 19 -91
8895779566641: 23 -87
113504983696: 20 -90
84552710298851: 20 -90
153778757226: 19 -91
31601194165454: 56 -54
70465911891574: 49 -61
104046342248: 48 -62
75484162752: 65 -45
152088853522: 70 -38
61073128139: 20 -90
148997885746: 29 -81
31331350132848: 59 -51
31331350135108: 43 -67
31331350135252: 32 -78
164729952490: 42 -68
82795547636: 19 -91
8895779566641: 23 -87
113504983696: 20 -90
84552710298851: 20 -90
153778757226: 19 -91
31601194165454: 56 -54
70465911891574: 49 -61
104046342248: 48 -62
75484162752: 65 -45
152088853522: 70 -40
61073128139: 20 -90
148997885746: 29 -81
31331350132848: 59 -51
31331350135108: 43 -67
31331350135252: 32 -78
164729952490: 42 -68
82795547636: 19 -91
8895779566641: 23 -87
113504983696: 20 -90
84552710298851: 20 -90
153778757226: 19 -91
31601194165454: 56 -54
70465911891574: 49 -61
104046342248: 48 -62
75484162752: 65 -45
152088853522: 70 -39
61073128139: 20 -90
148997885746: 29 -81
31331350132848: 59 -51
31331350135108: 43 -67
31331350135252: 32 -78
164729952490: 42 -68
82795547636: 19 -91
8895779566641: 23 -87
113504983696: 20 -90
84552710298851: 20 -90
153778757226: 19 -91
31601194165454: 56 -54
70465911891574: 49 -61
104046342248: 48 -62
75484162752: 65 -45
152088853522: 70 -38
61073128139: 20 -90
148997885746: 29 -81
31331350132848: 59 -51
31331350135108: 43 -67
31331350135252: 32 -78
164729952490: 42 -68
82795547636: 19 -91
8895779566641: 23 -87
113504983696: 20 -90
84552710298851: 20 -90
153778757226: 19 -91
31601194165454: 56 -54
70465911891574: 49 -61
104046342248: 48 -62
75484162752: 65 -45
152088853522: 70 -38
61073128139: 20 -90
148997885746: 29 -81
31331350132848: 59 -51
31331350135108: 43 -67
31331350135252: 32 -78
164729952490: 42 -68
82795547636: 19 -91
8895779566641: 23 -87
113504983696: 20 -90
84552710298851: 20 -90
153778757226: 19 -91
31601194165454: 56 -54
70465911891574: 49 -61
104046342248: 48 -62
75484162752: 65 -45
152088853522: 69 -41
61073128139: 20 -90
148997885746: 29 -81
31331350132848: 59 -51
31331350135108: 43 -67
31331350135252: 32 -78
164729952490: 42 -68
82795547636: 19 -91
8895779566641: 23 -87
113504983696: 20 -90
84552710298851: 20 -90
153778757226: 19 -91
31601194165454: 52 -58
70465911891574: 59 -51
104046342248: 23 -87
75484162752: 67 -43
152088853522: 70 -38
61073128139: 61 -49
148997885746: 32 -78
31331350132848: 48 -62
31331350135108: 45 -65
31331350135252: 35 -75
164729952490: 40 -70
82795547636: 19 -91
8895779566641: 23 -87
113504983696: 20 -90
84552710298851: 20 -90
153778757226: 19 -91
100848856504: 19 -91
93541518640: 40 -70
31601194165454: 52 -58
70465911891574: 59 -51
104046342248: 23 -87
75484162752: 67 -43
152088853522: 70 -37
61073128139: 61 -49
148997885746: 32 -78
31331350132848: 48 -62
31331350135108: 45 -65
31331350135252: 35 -75
164729952490: 40 -70
82795547636: 19 -91
113504983696: 20 -90
84552710298851: 20 -90
153778757226: 19 -91
100848856504: 19 -91
93541518640: 40 -70
31601194165454: 52 -58
70465911891574: 59 -51
104046342248: 23 -87
75484162752: 67 -43
152088853522: 70 -33
61073128139: 61 -49
148997885746: 32 -78
31331350132848: 48 -62
31331350135108: 45 -65
31331350135252: 35 -75
164729952490: 40 -70
82795547636: 19 -91
113504983696: 20 -90
84552710298851: 20 -90
153778757226: 19 -91
100848856504: 19 -91
93541518640: 40 -70
31601194165454: 52 -58
70465911891574: 59 -51
104046342248: 23 -87
75484162752: 67 -43
152088853522: 70 -31
61073128139: 61 -49
148997885746: 32 -78
31331350132848: 48 -62
31331350135108: 45 -65
31331350135252: 35 -75
164729952490: 40 -70
82795547636: 19 -91
113504983696: 20 -90
84552710298851: 20 -90
153778757226: 19 -91
100848856504: 19 -91
93541518640: 40 -70
31601194165454: 52 -58
70465911891574: 59 -51
104046342248: 23 -87
75484162752: 67 -43
152088853522: 70 -38
61073128139: 61 -49
148997885746: 32 -78
31331350132848: 48 -62
31331350135108: 45 -65
31331350135252: 35 -75
164729952490: 40 -70
82795547636: 19 -91
113504983696: 20 -90
84552710298851: 20 -90
153778757226: 19 -91
100848856504: 19 -91
93541518640: 40 -70
31601194165454: 52 -58
70465911891574: 59 -51
104046342248: 23 -87
75484162752: 67 -43
152088853522: 70 -38
61073128139: 61 -49
148997885746: 32 -78
31331350132848: 48 -62
31331350135108: 45 -65
31331350135252: 35 -75
164729952490: 40 -70
113504983696: 20 -90
84552710298851: 20 -90
153778757226: 19 -91
100848856504: 19 -91
93541518640: 40 -70
31601194165454: 52 -58
70465911891574: 59 -51
104046342248: 23 -87
75484162752: 67 -43
152088853522: 70 -40
61073128139: 61 -49
148997885746: 32 -78
31331350132848: 48 -62
31331350135108: 45 -65
31331350135252: 35 -75
164729952490: 40 -70
113504983696: 20 -90
84552710298851: 20 -90
153778757226: 19 -91
100848856504: 19 -91
93541518640: 40 -70
31601194165454: 52 -58
70465911891574: 59 -51
104046342248: 23 -87
75484162752: 67 -43
152088853522: 70 -35
61073128139: 61 -49
148997885746: 32 -78
31331350132848: 48 -62
31331350135108: 45 -65
31331350135252: 35 -75
164729952490: 40 -70
113504983696: 20 -90
84552710298851: 20 -90
153778757226: 19 -91
100848856504: 19 -91
93541518640: 40 -70
31601194165454: 52 -58
70465911891574: 59 -51
104046342248: 23 -87
75484162752: 67 -43
152088853522: 62 -48
61073128139: 61 -49
148997885746: 32 -78
31331350132848: 48 -62
31331350135108: 45 -65
31331350135252: 35 -75
164729952490: 40 -70
113504983696: 20 -90
84552710298851: 20 -90
153778757226: 19 -91
100848856504: 19 -91
93541518640: 40 -70
31601194165454: 53 -57
70465911891574: 22 -88
104046342248: 58 -52
75484162752: 70 -38
152088853522: 66 -44
61073128139: 22 -88
148997885746: 27 -83
31331350132848: 48 -62
31331350135108: 41 -69
31331350135252: 43 -67
164729952490: 36 -74
113504983696: 20 -90
84552710298851: 20 -90
153778757226: 19 -91
100848856504: 19 -91
93541518640: 40 -70
31601194165454: 53 -57
70465911891574: 22 -88
104046342248: 58 -52
75484162752: 70 -38
152088853522: 69 -41
61073128139: 22 -88
148997885746: 27 -83
31331350132848: 48 -62
31331350135108: 41 -69
31331350135252: 43 -67
164729952490: 36 -74
113504983696: 20 -90
84552710298851: 20 -90
153778757226: 19 -91
100848856504: 19 -91
93541518640: 40 -70
31601194165454: 53 -57
70465911891574: 22 -88
104046342248: 58 -52
75484162752: 70 -38
152088853522: 70 -37
61073128139: 22 -88
148997885746: 27 -83
31331350132848: 48 -62
31331350135108: 41 -69
31331350135252: 43 -67
164729952490: 36 -74
113504983696: 20 -90
84552710298851: 20 -90
153778757226: 19 -91
100848856504: 19 -91
93541518640: 40 -70
31601194165454: 53 -57
70465911891574: 22 -88
104046342248: 58 -52
75484162752: 70 -38
152088853522: 70 -34
61073128139: 22 -88
148997885746: 27 -83
31331350132848: 48 -62
31331350135108: 41 -69
31331350135252: 43 -67
164729952490: 36 -74
84552710298851: 20 -90
153778757226: 19 -91
100848856504: 19 -91
93541518640: 40 -70
31601194165454: 53 -57
70465911891574: 22 -88
104046342248: 58 -52
75484162752: 70 -38
152088853522: 70 -39
61073128139: 22 -88
148997885746: 27 -83
31331350132848: 48 -62
31331350135108: 41 -69
31331350135252: 43 -67
164729952490: 36 -74
84552710298851: 20 -90
153778757226: 19 -91
100848856504: 19 -91
93541518640: 40 -70
31601194165454: 53 -57
70465911891574: 22 -88
104046342248: 58 -52
75484162752: 70 -38
152088853522: 69 -41
61073128139: 22 -88
148997885746: 27 -83
31331350132848: 48 -62
31331350135108: 41 -69
31331350135252: 43 -67
164729952490: 36 -74
84552710298851: 20 -90
153778757226: 19 -91
100848856504: 19 -91
93541518640: 40 -70
31601194165454: 53 -57
70465911891574: 22 -88
104046342248: 58 -52
75484162752: 70 -38
152088853522: 68 -42
61073128139: 22 -88
148997885746: 27 -83
31331350132848: 48 -62
31331350135108: 41 -69
31331350135252: 43 -67
164729952490: 36 -74
84552710298851: 20 -90
153778757226: 19 -91
100848856504: 19 -91
93541518640: 40 -70
31601194165454: 53 -57
70465911891574: 22 -88
104046342248: 58 -52
75484162752: 70 -38
152088853522: 70 -40
61073128139: 22 -88
148997885746: 27 -83
31331350132848: 48 -62
31331350135108: 41 -69
31331350135252: 43 -67
164729952490: 36 -74
84552710298851: 20 -90
153778757226: 19 -91
100848856504: 19 -91
93541518640: 40 -70
31601194165454: 53 -57
70465911891574: 22 -88
104046342248: 58 -52
75484162752: 70 -38
152088853522: 69 -41
61073128139: 22 -88
148997885746: 27 -83
31331350132848: 48 -62
31331350135108: 41 -69
31331350135252: 43 -67
164729952490: 36 -74
84552710298851: 20 -90
153778757226: 19 -91
100848856504: 19 -91
93541518640: 40 -70
31601194165454: 57 -53
70465911891574: 56 -54
104046342248: 50 -60
75484162752: 62 -48
152088853522: 69 -41
61073128139: 59 -51
148997885746: 35 -75
31331350132848: 48 -62
31331350135108: 36 -74
31331350135252: 43 -67
164729952490: 38 -72
153778757226: 19 -91
100848856504: 19 -91
93541518640: 36 -74
18196955436064: 20 -90
