31601194165454: 52 -58
70465911891574: 48 -62
104046342248: 50 -60
75484162752: 70 -39
152088853522: 66 -44
61073128139: 53 -57
148997885746: 24 -86
31331350132848: 56 -54
31331350135108: 43 -67
31331350135252: 26 -84
164729952490: 39 -71
31601194165454: 52 -58
70465911891574: 48 -62
104046342248: 50 -60
75484162752: 70 -39
152088853522: 70 -39
61073128139: 53 -57
148997885746: 24 -86
31331350132848: 56 -54
31331350135108: 43 -67
31331350135252: 26 -84
164729952490: 39 -71
31601194165454: 52 -58
70465911891574: 48 -62
104046342248: 50 -60
75484162752: 70 -39
152088853522: 70 -39
61073128139: 53 -57
148997885746: 24 -86
31331350132848: 56 -54
31331350135108: 43 -67
31331350135252: 26 -84
164729952490: 39 -71
31601194165454: 52 -58
70465911891574: 48 -62
104046342248: 50 -60
75484162752: 70 -39
152088853522: 66 -44
61073128139: 53 -57
148997885746: 24 -86
31331350132848: 56 -54
31331350135108: 43 -67
31331350135252: 26 -84
164729952490: 39 -71
31601194165454: 52 -58
70465911891574: 48 -62
104046342248: 50 -60
75484162752: 70 -39
152088853522: 66 -44
61073128139: 53 -57
148997885746: 24 -86
31331350132848: 56 -54
31331350135108: 43 -67
31331350135252: 26 -84
164729952490: 39 -71
31601194165454: 52 -58
70465911891574: 48 -62
104046342248: 50 -60
75484162752: 70 -39
152088853522: 19 -91
61073128139: 53 -57
148997885746: 24 -86
31331350132848: 56 -54
31331350135108: 43 -67
31331350135252: 26 -84
164729952490: 39 -71
31601194165454: 52 -58
70465911891574: 48 -62
104046342248: 50 -60
75484162752: 70 -39
152088853522: 69 -41
61073128139: 53 -57
148997885746: 24 -86
31331350132848: 56 -54
31331350135108: 43 -67
31331350135252: 26 -84
164729952490: 39 -71
31601194165454: 52 -58
70465911891574: 48 -62
104046342248: 50 -60
75484162752: 70 -39
152088853522: 68 -42
61073128139: 53 -57
148997885746: 24 -86
31331350132848: 56 -54
31331350135108: 43 -67
31331350135252: 26 -84
164729952490: 39 -71
31601194165454: 52 -58
70465911891574: 48 -62
104046342248: 50 -60
75484162752: 70 -39
152088853522: 70 -38
61073128139: 53 -57
148997885746: 24 -86
31331350132848: 56 -54
31331350135108: 43 -67
31331350135252: 26 -84
164729952490: 39 -71
31601194165454: 58 -52
70465911891574: 19 -91
104046342248: 49 -61
75484162752: 70 -39
152088853522: 67 -43
61073128139: 54 -56
148997885746: 31 -79
31331350132848: 55 -55
31331350135108: 25 -85
31331350135252: 28 -82
164729952490: 40 -70
31601194165454: 58 -52
70465911891574: 19 -91
104046342248: 49 -61
75484162752: 70 -39
152088853522: 64 -46
61073128139: 54 -56
148997885746: 31 -79
31331350132848: 55 -55
31331350135108: 25 -85
31331350135252: 28 -82
164729952490: 40 -70
31601194165454: 58 -52
70465911891574: 19 -91
104046342248: 49 -61
75484162752: 70 -39
152088853522: 64 -46
61073128139: 54 -56
148997885746: 31 -79
31331350132848: 55 -55
31331350135108: 25 -85
31331350135252: 28 -82
164729952490: 40 -70
31601194165454: 58 -52
70465911891574: 19 -91
104046342248: 49 -61
75484162752: 70 -39
152088853522: 68 -42
61073128139: 54 -56
148997885746: 31 -79
31331350132848: 55 -55
31331350135108: 25 -85
31331350135252: 28 -82
164729952490: 40 -70
31601194165454: 58 -52
70465911891574: 19 -91
104046342248: 49 -61
75484162752: 70 -39
152088853522: 69 -41
61073128139: 54 -56
148997885746: 31 -79
31331350132848: 55 -55
31331350135108: 25 -85
31331350135252: 28 -82
164729952490: 40 -70
31601194165454: 58 -52
70465911891574: 19 -91
104046342248: 49 -61
75484162752: 70 -39
152088853522: 70 -40
61073128139: 54 -56
148997885746: 31 -79
31331350132848: 55 -55
31331350135108: 25 -85
31331350135252: 28 -82
164729952490: 40 -70
31601194165454: 58 -52
70465911891574: 19 -91
104046342248: 49 -61
75484162752: 70 -39
152088853522: 70 -39
61073128139: 54 -56
148997885746: 31 -79
31331350132848: 55 -55
31331350135108: 25 -85
31331350135252: 28 -82
164729952490: 40 -70
31601194165454: 58 -52
70465911891574: 19 -91
104046342248: 49 -61
75484162752: 70 -39
152088853522: 70 -38
61073128139: 54 -56
148997885746: 31 -79
31331350132848: 55 -55
31331350135108: 25 -85
31331350135252: 28 -82
164729952490: 40 -70
31601194165454: 58 -52
70465911891574: 19 -91
104046342248: 49 -61
75484162752: 70 -39
152088853522: 70 -35
61073128139: 54 -56
148997885746: 31 -79
31331350132848: 55 -55
31331350135108: 25 -85
31331350135252: 28 -82
164729952490: 40 -70
31601194165454: 52 -58
70465911891574: 55 -55
104046342248: 59 -51
75484162752: 70 -40
152088853522: 70 -39
61073128139: 58 -52
148997885746: 28 -82
31331350132848: 57 -53
31331350135108: 42 -68
31331350135252: 35 -75
164729952490: 39 -71
113504983696: 17 -93
31601194165454: 52 -58
70465911891574: 55 -55
104046342248: 59 -51
75484162752: 70 -40
152088853522: 69 -41
61073128139: 58 -52
148997885746: 28 -82
31331350132848: 57 -53
31331350135108: 42 -68
31331350135252: 35 -75
164729952490: 39 -71
113504983696: 17 -93
31601194165454: 52 -58
70465911891574: 55 -55
104046342248: 59 -51
75484162752: 70 -40
152088853522: 65 -45
61073128139: 58 -52
148997885746: 28 -82
31331350132848: 57 -53
31331350135108: 42 -68
31331350135252: 35 -75
164729952490: 39 -71
113504983696: 17 -93
31601194165454: 52 -58
70465911891574: 55 -55
104046342248: 59 -51
75484162752: 70 -40
152088853522: 70 -40
61073128139: 58 -52
148997885746: 28 -82
31331350132848: 57 -53
31331350135108: 42 -68
31331350135252: 35 -75
164729952490: 39 -71
113504983696: 17 -93
31601194165454: 52 -58
70465911891574: 55 -55
104046342248: 59 -51
75484162752: 70 -40
152088853522: 68 -42
61073128139: 58 -52
148997885746: 28 -82
31331350132848: 57 -53
31331350135108: 42 -68
31331350135252: 35 -75
164729952490: 39 -71
113504983696: 17 -93
31601194165454: 52 -58
70465911891574: 55 -55
104046342248: 59 -51
75484162752: 70 -40
152088853522: 65 -45
61073128139: 58 -52
148997885746: 28 -82
31331350132848: 57 -53
31331350135108: 42 -68
31331350135252: 35 -75
164729952490: 39 -71
113504983696: 17 -93
31601194165454: 52 -58
70465911891574: 55 -55
104046342248: 59 -51
75484162752: 70 -40
152088853522: 70 -39
61073128139: 58 -52
148997885746: 28 -82
31331350132848: 57 -53
31331350135108: 42 -68
31331350135252: 35 -75
164729952490: 39 -71
113504983696: 17 -93
31601194165454: 52 -58
70465911891574: 55 -55
104046342248: 59 -51
75484162752: 70 -40
152088853522: 68 -42
61073128139: 58 -52
148997885746: 28 -82
31331350132848: 57 -53
31331350135108: 42 -68
31331350135252: 35 -75
164729952490: 39 -71
113504983696: 17 -93
31601194165454: 52 -58
70465911891574: 55 -55
104046342248: 59 -51
75484162752: 70 -40
152088853522: 70 -40
61073128139: 58 -52
148997885746: 28 -82
31331350132848: 57 -53
31331350135108: 42 -68
31331350135252: 35 -75
164729952490: 39 -71
113504983696: 17 -93
31601194165454: 56 -54
70465911891574: 55 -55
104046342248: 60 -50
75484162752: 66 -44
152088853522: 70 -40
61073128139: 58 -52
148997885746: 30 -80
31331350132848: 53 -57
31331350135108: 42 -68
31331350135252: 35 -75
164729952490: 39 -71
113504983696: 17 -93
100848856504: 21 -89
31601194165454: 56 -54
70465911891574: 55 -55
104046342248: 60 -50
75484162752: 66 -44
152088853522: 68 -42
61073128139: 58 -52
148997885746: 30 -80
31331350132848: 53 -57
31331350135108: 42 -68
31331350135252: 35 -75
164729952490: 39 -71
113504983696: 17 -93
100848856504: 21 -89
31601194165454: 56 -54
70465911891574: 55 -55
104046342248: 60 -50
75484162752: 66 -44
152088853522: 68 -42
61073128139: 58 -52
148997885746: 30 -80
31331350132848: 53 -57
31331350135108: 42 -68
31331350135252: 35 -75
164729952490: 39 -71
113504983696: 17 -93
100848856504: 21 -89
31601194165454: 56 -54
70465911891574: 55 -55
104046342248: 60 -50
75484162752: 66 -44
152088853522: 70 -39
61073128139: 58 -52
148997885746: 30 -80
31331350132848: 53 -57
31331350135108: 42 -68
31331350135252: 35 -75
164729952490: 39 -71
113504983696: 17 -93
100848856504: 21 -89
31601194165454: 56 -54
70465911891574: 55 -55
104046342248: 60 -50
75484162752: 66 -44
152088853522: 68 -42
61073128139: 58 -52
148997885746: 30 -80
31331350132848: 53 -57
31331350135108: 42 -68
31331350135252: 35 -75
164729952490: 39 -71
113504983696: 17 -93
100848856504: 21 -89
31601194165454: 56 -54
70465911891574: 55 -55
104046342248: 60 -50
75484162752: 66 -44
152088853522: 70 -39
61073128139: 58 -52
148997885746: 30 -80
31331350132848: 53 -57
31331350135108: 42 -68
31331350135252: 35 -75
164729952490: 39 -71
113504983696: 17 -93
100848856504: 21 -89
31601194165454: 56 -54
70465911891574: 55 -55
104046342248: 60 -50
75484162752: 66 -44
152088853522: 67 -43
61073128139: 58 -52
148997885746: 30 -80
31331350132848: 53 -57
31331350135108: 42 -68
31331350135252: 35 -75
164729952490: 39 -71
113504983696: 17 -93
100848856504: 21 -89
31601194165454: 56 -54
70465911891574: 55 -55
104046342248: 60 -50
75484162752: 66 -44
152088853522: 66 -44
61073128139: 58 -52
148997885746: 30 -80
31331350132848: 53 -57
31331350135108: 42 -68
31331350135252: 35 -75
164729952490: 39 -71
113504983696: 17 -93
100848856504: 21 -89
31601194165454: 56 -54
70465911891574: 55 -55
104046342248: 60 -50
75484162752: 66 -44
152088853522: 70 -40
61073128139: 58 -52
148997885746: 30 -80
31331350132848: 53 -57
31331350135108: 42 -68
31331350135252: 35 -75
164729952490: 39 -71
113504983696: 17 -93
100848856504: 21 -89
31601194165454: 57 -53
70465911891574: 55 -55
104046342248: 60 -50
75484162752: 61 -49
152088853522: 67 -43
61073128139: 63 -47
148997885746: 20 -90
31331350132848: 58 -52
31331350135108: 32 -78
31331350135252: 33 -77
164729952490: 39 -71
113504983696: 17 -93
100848856504: 21 -89
82795547636: 19 -91
31601194165454: 57 -53
70465911891574: 55 -55
104046342248: 60 -50
75484162752: 61 -49
152088853522: 60 -50
61073128139: 63 -47
148997885746: 20 -90
31331350132848: 58 -52
31331350135108: 32 -78
31331350135252: 33 -77
164729952490: 39 -71
113504983696: 17 -93
100848856504: 21 -89
82795547636: 19 -91
31601194165454: 57 -53
70465911891574: 55 -55
104046342248: 60 -50
75484162752: 61 -49
152088853522: 66 -44
61073128139: 63 -47
148997885746: 20 -90
31331350132848: 58 -52
31331350135108: 32 -78
31331350135252: 33 -77
164729952490: 39 -71
113504983696: 17 -93
100848856504: 21 -89
82795547636: 19 -91
31601194165454: 57 -53
70465911891574: 55 -55
104046342248: 60 -50
75484162752: 61 -49
152088853522: 68 -42
61073128139: 63 -47
148997885746: 20 -90
31331350132848: 58 -52
31331350135108: 32 -78
31331350135252: 33 -77
164729952490: 39 -71
113504983696: 17 -93
100848856504: 21 -89
82795547636: 19 -91
31601194165454: 57 -53
70465911891574: 55 -55
104046342248: 60 -50
75484162752: 61 -49
152088853522: 69 -41
61073128139: 63 -47
148997885746: 20 -90
31331350132848: 58 -52
31331350135108: 32 -78
31331350135252: 33 -77
164729952490: 39 -71
113504983696: 17 -93
100848856504: 21 -89
82795547636: 19 -91
31601194165454: 57 -53
70465911891574: 55 -55
104046342248: 60 -50
75484162752: 61 -49
152088853522: 66 -44
61073128139: 63 -47
148997885746: 20 -90
31331350132848: 58 -52
31331350135108: 32 -78
31331350135252: 33 -77
164729952490: 39 -71
113504983696: 17 -93
100848856504: 21 -89
82795547636: 19 -91
31601194165454: 57 -53
70465911891574: 55 -55
104046342248: 60 -50
75484162752: 61 -49
152088853522: 67 -43
61073128139: 63 -47
148997885746: 20 -90
31331350132848: 58 -52
31331350135108: 32 -78
31331350135252: 33 -77
164729952490: 39 -71
113504983696: 17 -93
100848856504: 21 -89
82795547636: 19 -91
31601194165454: 57 -53
70465911891574: 55 -55
104046342248: 60 -50
75484162752: 61 -49
152088853522: 68 -42
61073128139: 63 -47
148997885746: 20 -90
31331350132848: 58 -52
31331350135108: 32 -78
31331350135252: 33 -77
164729952490: 39 -71
113504983696: 17 -93
100848856504: 21 -89
82795547636: 19 -91
31601194165454: 57 -53
70465911891574: 55 -55
104046342248: 60 -50
75484162752: 61 -49
152088853522: 67 -43
61073128139: 63 -47
148997885746: 20 -90
31331350132848: 58 -52
31331350135108: 32 -78
31331350135252: 33 -77
164729952490: 39 -71
113504983696: 17 -93
100848856504: 21 -89
82795547636: 19 -91
31601194165454: 50 -60
70465911891574: 55 -55
104046342248: 52 -58
75484162752: 56 -54
152088853522: 70 -36
61073128139: 51 -59
148997885746: 36 -74
31331350132848: 57 -53
31331350135108: 37 -73
31331350135252: 28 -82
164729952490: 39 -71
113504983696: 17 -93
100848856504: 21 -89
82795547636: 19 -91
93541518640: 37 -73
31601194165454: 50 -60
70465911891574: 55 -55
104046342248: 52 -58
75484162752: 56 -54
152088853522: 68 -42
61073128139: 51 -59
148997885746: 36 -74
31331350132848: 57 -53
31331350135108: 37 -73
31331350135252: 28 -82
164729952490: 39 -71
113504983696: 17 -93
100848856504: 21 -89
82795547636: 19 -91
93541518640: 37 -73
31601194165454: 50 -60
70465911891574: 55 -55
104046342248: 52 -58
75484162752: 56 -54
152088853522: 70 -37
61073128139: 51 -59
148997885746: 36 -74
31331350132848: 57 -53
31331350135108: 37 -73
31331350135252: 28 -82
164729952490: 39 -71
113504983696: 17 -93
100848856504: 21 -89
82795547636: 19 -91
93541518640: 37 -73
31601194165454: 50 -60
70465911891574: 55 -55
104046342248: 52 -58
75484162752: 56 -54
152088853522: 66 -44
61073128139: 51 -59
148997885746: 36 -74
31331350132848: 57 -53
31331350135108: 37 -73
31331350135252: 28 -82
164729952490: 39 -71
113504983696: 17 -93
100848856504: 21 -89
82795547636: 19 -91
93541518640: 37 -73
31601194165454: 50 -60
70465911891574: 55 -55
104046342248: 52 -58
75484162752: 56 -54
152088853522: 70 -37
61073128139: 51 -59
148997885746: 36 -74
31331350132848: 57 -53
31331350135108: 37 -73
31331350135252: 28 -82
164729952490: 39 -71
113504983696: 17 -93
100848856504: 21 -89
82795547636: 19 -91
93541518640: 37 -73
31601194165454: 50 -60
70465911891574: 55 -55
104046342248: 52 -58
75484162752: 56 -54
152088853522: 70 -32
61073128139: 51 -59
148997885746: 36 -74
31331350132848: 57 -53
31331350135108: 37 -73
31331350135252: 28 -82
164729952490: 39 -71
113504983696: 17 -93
100848856504: 21 -89
82795547636: 19 -91
93541518640: 37 -73
31601194165454: 50 -60
70465911891574: 55 -55
104046342248: 52 -58
75484162752: 56 -54
152088853522: 70 -39
61073128139: 51 -59
148997885746: 36 -74
31331350132848: 57 -53
31331350135108: 37 -73
31331350135252: 28 -82
164729952490: 39 -71
113504983696: 17 -93
100848856504: 21 -89
82795547636: 19 -91
93541518640: 37 -73
31601194165454: 50 -60
70465911891574: 55 -55
104046342248: 52 -58
75484162752: 56 -54
152088853522: 70 -33
61073128139: 51 -59
148997885746: 36 -74
31331350132848: 57 -53
31331350135108: 37 -73
31331350135252: 28 -82
164729952490: 39 -71
113504983696: 17 -93
100848856504: 21 -89
82795547636: 19 -91
93541518640: 37 -73
31601194165454: 50 -60
70465911891574: 55 -55
104046342248: 52 -58
75484162752: 56 -54
152088853522: 70 -34
61073128139: 51 -59
148997885746: 36 -74
31331350132848: 57 -53
31331350135108: 37 -73
31331350135252: 28 -82
164729952490: 39 -71
113504983696: 17 -93
100848856504: 21 -89
82795547636: 19 -91
93541518640: 37 -73
31601194165454: 52 -58
70465911891574: 21 -89
104046342248: 57 -53
75484162752: 70 -36
152088853522: 67 -43
61073128139: 57 -53
148997885746: 34 -76
31331350132848: 70 -38
31331350135108: 32 -78
31331350135252: 28 -82
164729952490: 38 -72
113504983696: 17 -93
100848856504: 21 -89
82795547636: 19 -91
93541518640: 33 -77
31601194165454: 52 -58
70465911891574: 21 -89
104046342248: 57 -53
75484162752: 70 -36
152088853522: 65 -45
61073128139: 57 -53
148997885746: 34 -76
31331350132848: 70 -38
31331350135108: 32 -78
31331350135252: 28 -82
164729952490: 38 -72
113504983696: 17 -93
100848856504: 21 -89
82795547636: 19 -91
93541518640: 33 -77
31601194165454: 52 -58
70465911891574: 21 -89
104046342248: 57 -53
75484162752: 70 -36
152088853522: 70 -40
61073128139: 57 -53
148997885746: 34 -76
31331350132848: 70 -38
31331350135108: 32 -78
31331350135252: 28 -82
164729952490: 38 -72
113504983696: 17 -93
100848856504: 21 -89
82795547636: 19 -91
93541518640: 33 -77
31601194165454: 52 -58
70465911891574: 21 -89
104046342248: 57 -53
75484162752: 70 -36
152088853522: 70 -39
61073128139: 57 -53
148997885746: 34 -76
31331350132848: 70 -38
31331350135108: 32 -78
31331350135252: 28 -82
164729952490: 38 -72
113504983696: 17 -93
100848856504: 21 -89
82795547636: 19 -91
93541518640: 33 -77
31601194165454: 52 -58
70465911891574: 21 -89
104046342248: 57 -53
75484162752: 70 -36
152088853522: 66 -44
61073128139: 57 -53
148997885746: 34 -76
31331350132848: 70 -38
31331350135108: 32 -78
31331350135252: 28 -82
164729952490: 38 -72
113504983696: 17 -93
100848856504: 21 -89
82795547636: 19 -91
93541518640: 33 -77
31601194165454: 52 -58
70465911891574: 21 -89
104046342248: 57 -53
75484162752: 70 -36
152088853522: 63 -47
61073128139: 57 -53
148997885746: 34 -76
31331350132848: 70 -38
31331350135108: 32 -78
31331350135252: 28 -82
164729952490: 38 -72
100848856504: 21 -89
82795547636: 19 -91
93541518640: 33 -77
31601194165454: 52 -58
70465911891574: 21 -89
104046342248: 57 -53
75484162752: 70 -36
152088853522: 66 -44
61073128139: 57 -53
148997885746: 34 -76
31331350132848: 70 -38
31331350135108: 32 -78
31331350135252: 28 -82
164729952490: 38 -72
100848856504: 21 -89
82795547636: 19 -91
93541518640: 33 -77
31601194165454: 52 -58
70465911891574: 21 -89
104046342248: 57 -53
75484162752: 70 -36
152088853522: 70 -39
61073128139: 57 -53
148997885746: 34 -76
31331350132848: 70 -38
31331350135108: 32 -78
31331350135252: 28 -82
164729952490: 38 -72
100848856504: 21 -89
82795547636: 19 -91
93541518640: 33 -77
31601194165454: 52 -58
70465911891574: 21 -89
104046342248: 57 -53
75484162752: 70 -36
152088853522: 62 -48
61073128139: 57 -53
148997885746: 34 -76
31331350132848: 70 -38
31331350135108: 32 -78
31331350135252: 28 -82
164729952490: 38 -72
100848856504: 21 -89
82795547636: 19 -91
93541518640: 33 -77
31601194165454: 48 -62
70465911891574: 19 -91
104046342248: 22 -88
75484162752: 62 -48
152088853522: 70 -40
61073128139: 54 -56
148997885746: 38 -72
31331350132848: 50 -60
31331350135108: 41 -69
31331350135252: 28 -82
164729952490: 36 -74
100848856504: 21 -89
82795547636: 19 -91
93541518640: 33 -77
31601194165454: 48 -62
70465911891574: 19 -91
104046342248: 22 -88
75484162752: 62 -48
152088853522: 70 -40
61073128139: 54 -56
148997885746: 38 -72
31331350132848: 50 -60
31331350135108: 41 -69
31331350135252: 28 -82
164729952490: 36 -74
100848856504: 21 -89
82795547636: 19 -91
93541518640: 33 -77
31601194165454: 48 -62
70465911891574: 19 -91
104046342248: 22 -88
75484162752: 62 -48
152088853522: 70 -40
61073128139: 54 -56
148997885746: 38 -72
31331350132848: 50 -60
31331350135108: 41 -69
31331350135252: 28 -82
164729952490: 36 -74
100848856504: 21 -89
82795547636: 19 -91
93541518640: 33 -77
31601194165454: 48 -62
70465911891574: 19 -91
104046342248: 22 -88
75484162752: 62 -48
152088853522: 70 -40
61073128139: 54 -56
148997885746: 38 -72
31331350132848: 50 -60
31331350135108: 41 -69
31331350135252: 28 -82
164729952490: 36 -74
82795547636: 19 -91
93541518640: 33 -77
31601194165454: 48 -62
70465911891574: 19 -91
104046342248: 22 -88
75484162752: 62 -48
152088853522: 68 -42
61073128139: 54 -56
148997885746: 38 -72
31331350132848: 50 -60
31331350135108: 41 -69
31331350135252: 28 -82
164729952490: 36 -74
82795547636: 19 -91
93541518640: 33 -77
31601194165454: 48 -62
70465911891574: 19 -91
104046342248: 22 -88
75484162752: 62 -48
152088853522: 67 -43
61073128139: 54 -56
148997885746: 38 -72
31331350132848: 50 -60
31331350135108: 41 -69
31331350135252: 28 -82
164729952490: 36 -74
82795547636: 19 -91
93541518640: 33 -77
31601194165454: 48 -62
70465911891574: 19 -91
104046342248: 22 -88
75484162752: 62 -48
152088853522: 69 -41
61073128139: 54 -56
148997885746: 38 -72
31331350132848: 50 -60
31331350135108: 41 -69
31331350135252: 28 -82
164729952490: 36 -74
82795547636: 19 -91
93541518640: 33 -77
31601194165454: 48 -62
70465911891574: 19 -91
104046342248: 22 -88
75484162752: 62 -48
152088853522: 66 -44
61073128139: 54 -56
148997885746: 38 -72
31331350132848: 50 -60
31331350135108: 41 -69
31331350135252: 28 -82
164729952490: 36 -74
82795547636: 19 -91
93541518640: 33 -77
31601194165454: 48 -62
70465911891574: 19 -91
104046342248: 22 -88
75484162752: 62 -48
152088853522: 64 -46
61073128139: 54 -56
148997885746: 38 -72
31331350132848: 50 -60
31331350135108: 41 -69
31331350135252: 28 -82
164729952490: 36 -74
82795547636: 19 -91
93541518640: 33 -77
31601194165454: 54 -56
70465911891574: 21 -89
104046342248: 59 -51
75484162752: 58 -52
152088853522: 70 -38
61073128139: 51 -59
148997885746: 22 -88
31331350132848: 51 -59
31331350135108: 30 -80
31331350135252: 28 -82
164729952490: 36 -74
82795547636: 19 -91
93541518640: 33 -77
31601194165454: 54 -56
70465911891574: 21 -89
104046342248: 59 -51
75484162752: 58 -52
152088853522: 70 -40
61073128139: 51 -59
148997885746: 22 -88
31331350132848: 51 -59
31331350135108: 30 -80
31331350135252: 28 -82
164729952490: 36 -74
82795547636: 19 -91
93541518640: 33 -77
31601194165454: 54 -56
70465911891574: 21 -89
104046342248: 59 -51
75484162752: 58 -52
152088853522: 68 -42
61073128139: 51 -59
148997885746: 22 -88
31331350132848: 51 -59
31331350135108: 30 -80
31331350135252: 28 -82
164729952490: 36 -74
82795547636: 19 -91
93541518640: 33 -77
31601194165454: 54 -56
70465911891574: 21 -89
104046342248: 59 -51
75484162752: 58 -52
152088853522: 69 -41
61073128139: 51 -59
148997885746: 22 -88
31331350132848: 51 -59
31331350135108: 30 -80
31331350135252: 28 -82
164729952490: 36 -74
82795547636: 19 -91
93541518640: 33 -77
31601194165454: 54 -56
70465911891574: 21 -89
104046342248: 59 -51
75484162752: 58 -52
152088853522: 66 -44
61073128139: 51 -59
148997885746: 22 -88
31331350132848: 51 -59
31331350135108: 30 -80
31331350135252: 28 -82
164729952490: 36 -74
82795547636: 19 -91
93541518640: 33 -77
31601194165454: 54 -56
70465911891574: 21 -89
104046342248: 59 -51
75484162752: 58 -52
152088853522: 70 -33
61073128139: 51 -59
148997885746: 22 -88
31331350132848: 51 -59
31331350135108: 30 -80
31331350135252: 28 -82
164729952490: 36 -74
82795547636: 19 -91
93541518640: 33 -77
31601194165454: 54 -56
70465911891574: 21 -89
104046342248: 59 -51
75484162752: 58 -52
152088853522: 69 -41
61073128139: 51 -59
148997885746: 22 -88
31331350132848: 51 -59
31331350135108: 30 -80
31331350135252: 28 -82
164729952490: 36 -74
82795547636: 19 -91
93541518640: 33 -77
31601194165454: 54 -56
70465911891574: 21 -89
104046342248: 59 -51
75484162752: 58 -52
152088853522: 70 -39
61073128139: 51 -59
148997885746: 22 -88
31331350132848: 51 -59
31331350135108: 30 -80
31331350135252: 28 -82
164729952490: 36 -74
82795547636: 19 -91
93541518640: 33 -77
31601194165454: 54 -56
70465911891574: 21 -89
104046342248: 59 -51
75484162752: 58 -52
152088853522: 70 -37
61073128139: 51 -59
148997885746: 22 -88
31331350132848: 51 -59
31331350135108: 30 -80
31331350135252: 28 -82
164729952490: 36 -74
82795547636: 19 -91
93541518640: 33 -77
31601194165454: 56 -54
70465911891574: 58 -52
104046342248: 56 -54
75484162752: 65 -45
152088853522: 66 -44
61073128139: 50 -60
148997885746: 23 -87
31331350132848: 50 -60
31331350135108: 32 -78
31331350135252: 28 -82
164729952490: 36 -74
82795547636: 19 -91
93541518640: 41 -69
31601194165454: 56 -54
70465911891574: 58 -52
104046342248: 56 -54
75484162752: 65 -45
152088853522: 68 -42
61073128139: 50 -60
148997885746: 23 -87
31331350132848: 50 -60
31331350135108: 32 -78
31331350135252: 28 -82
164729952490: 36 -74
82795547636: 19 -91
93541518640: 41 -69
31601194165454: 56 -54
70465911891574: 58 -52
104046342248: 56 -54
75484162752: 65 -45
152088853522: 70 -37
61073128139: 50 -60
148997885746: 23 -87
31331350132848: 50 -60
31331350135108: 32 -78
31331350135252: 28 -82
164729952490: 36 -74
82795547636: 19 -91
93541518640: 41 -69
31601194165454: 56 -54
70465911891574: 58 -52
104046342248: 56 -54
75484162752: 65 -45
152088853522: 70 -40
61073128139: 50 -60
148997885746: 23 -87
31331350132848: 50 -60
31331350135108: 32 -78
31331350135252: 28 -82
164729952490: 36 -74
82795547636: 19 -91
93541518640: 41 -69
31601194165454: 56 -54
70465911891574: 58 -52
104046342248: 56 -54
75484162752: 65 -45
152088853522: 69 -41
61073128139: 50 -60
148997885746: 23 -87
31331350132848: 50 -60
31331350135108: 32 -78
164729952490: 36 -74
82795547636: 19 -91
93541518640: 41 -69
31601194165454: 56 -54
70465911891574: 58 -52
104046342248: 56 -54
75484162752: 65 -45
152088853522: 69 -41
61073128139: 50 -60
148997885746: 23 -87
31331350132848: 50 -60
31331350135108: 32 -78
164729952490: 36 -74
82795547636: 19 -91
93541518640: 41 -69
31601194165454: 56 -54
70465911891574: 58 -52
104046342248: 56 -54
75484162752: 65 -45
152088853522: 68 -42
61073128139: 50 -60
148997885746: 23 -87
31331350132848: 50 -60
31331350135108: 32 -78
164729952490: 36 -74
82795547636: 19 -91
93541518640: 41 -69
31601194165454: 56 -54
70465911891574: 58 -52
104046342248: 56 -54
75484162752: 65 -45
152088853522: 67 -43
61073128139: 50 -60
148997885746: 23 -87
31331350132848: 50 -60
31331350135108: 32 -78
164729952490: 36 -74
82795547636: 19 -91
93541518640: 41 -69
31601194165454: 56 -54
70465911891574: 58 -52
104046342248: 56 -54
75484162752: 65 -45
152088853522: 70 -39
61073128139: 50 -60
148997885746: 23 -87
31331350132848: 50 -60
31331350135108: 32 -78
164729952490: 36 -74
82795547636: 19 -91
93541518640: 41 -69
31601194165454: 54 -56
70465911891574: 17 -93
104046342248: 54 -56
75484162752: 61 -49
152088853522: 70 -40
61073128139: 57 -53
148997885746: 31 -79
31331350132848: 54 -56
31331350135108: 39 -71
164729952490: 31 -79
82795547636: 19 -91
93541518640: 41 -69
31331350135252: 29 -81
31601194165454: 54 -56
70465911891574: 17 -93
104046342248: 54 -56
75484162752: 61 -49
152088853522: 65 -45
61073128139: 57 -53
148997885746: 31 -79
31331350132848: 54 -56
31331350135108: 39 -71
164729952490: 31 -79
82795547636: 19 -91
93541518640: 41 -69
31331350135252: 29 -81
31601194165454: 54 -56
70465911891574: 17 -93
104046342248: 54 -56
75484162752: 61 -49
152088853522: 70 -40
61073128139: 57 -53
148997885746: 31 -79
31331350132848: 54 -56
31331350135108: 39 -71
164729952490: 31 -79
82795547636: 19 -91
93541518640: 41 -69
31331350135252: 29 -81
31601194165454: 54 -56
70465911891574: 17 -93
104046342248: 54 -56
75484162752: 61 -49
152088853522: 70 -37
61073128139: 57 -53
148997885746: 31 -79
31331350132848: 54 -56
31331350135108: 39 -71
164729952490: 31 -79
82795547636: 19 -91
93541518640: 41 -69
31331350135252: 29 -81
31601194165454: 54 -56
70465911891574: 17 -93
104046342248: 54 -56
75484162752: 61 -49
152088853522: 70 -32
61073128139: 57 -53
148997885746: 31 -79
31331350132848: 54 -56
31331350135108: 39 -71
164729952490: 31 -79
82795547636: 19 -91
93541518640: 41 -69
31331350135252: 29 -81
31601194165454: 54 -56
70465911891574: 17 -93
104046342248: 54 -56
75484162752: 61 -49
152088853522: 64 -46
61073128139: 57 -53
148997885746: 31 -79
31331350132848: 54 -56
31331350135108: 39 -71
164729952490: 31 -79
82795547636: 19 -91
93541518640: 41 -69
31331350135252: 29 -81
31601194165454: 54 -56
70465911891574: 17 -93
104046342248: 54 -56
75484162752: 61 -49
152088853522: 70 -40
61073128139: 57 -53
148997885746: 31 -79
31331350132848: 54 -56
31331350135108: 39 -71
164729952490: 31 -79
82795547636: 19 -91
93541518640: 41 -69
31331350135252: 29 -81
31601194165454: 54 -56
70465911891574: 17 -93
104046342248: 54 -56
75484162752: 61 -49
152088853522: 70 -35
61073128139: 57 -53
148997885746: 31 -79
31331350132848: 54 -56
31331350135108: 39 -71
164729952490: 31 -79
82795547636: 19 -91
93541518640: 41 -69
31331350135252: 29 -81
31601194165454: 54 -56
70465911891574: 17 -93
104046342248: 54 -56
75484162752: 61 -49
152088853522: 67 -43
61073128139: 57 -53
148997885746: 31 -79
31331350132848: 54 -56
31331350135108: 39 -71
164729952490: 31 -79
82795547636: 19 -91
93541518640: 41 -69
31331350135252: 29 -81
31601194165454: 56 -54
70465911891574: 24 -86
104046342248: 56 -54
75484162752: 62 -48
152088853522: 67 -43
61073128139: 52 -58
148997885746: 24 -86
31331350132848: 48 -62
31331350135108: 42 -68
164729952490: 33 -77
82795547636: 19 -91
93541518640: 41 -69
31331350135252: 34 -76
100848856504: 22 -88
