31601194165454: 63 -47
70465911891574: 23 -87
104046342248: 20 -90
75484162752: 70 -35
152088853522: 69 -41
61073128139: 63 -47
148997885746: 36 -74
31331350132848: 62 -48
31331350135108: 42 -68
31331350135252: 51 -59
93541518640: 40 -70
164729952490: 41 -69
31601194165454: 63 -47
70465911891574: 23 -87
104046342248: 20 -90
75484162752: 70 -35
152088853522: 70 -39
61073128139: 63 -47
148997885746: 36 -74
31331350132848: 62 -48
31331350135108: 42 -68
31331350135252: 51 -59
93541518640: 40 -70
164729952490: 41 -69
31601194165454: 63 -47
70465911891574: 23 -87
104046342248: 20 -90
75484162752: 70 -35
152088853522: 69 -41
61073128139: 63 -47
148997885746: 36 -74
31331350132848: 62 -48
31331350135108: 42 -68
31331350135252: 51 -59
93541518640: 40 -70
164729952490: 41 -69
31601194165454: 63 -47
70465911891574: 23 -87
104046342248: 20 -90
75484162752: 70 -35
152088853522: 67 -43
61073128139: 63 -47
148997885746: 36 -74
31331350132848: 62 -48
31331350135108: 42 -68
31331350135252: 51 -59
93541518640: 40 -70
164729952490: 41 -69
31601194165454: 63 -47
70465911891574: 23 -87
104046342248: 20 -90
75484162752: 70 -35
152088853522: 70 -35
61073128139: 63 -47
148997885746: 36 -74
31331350132848: 62 -48
31331350135108: 42 -68
31331350135252: 51 -59
93541518640: 40 -70
164729952490: 41 -69
31601194165454: 63 -47
70465911891574: 23 -87
104046342248: 20 -90
75484162752: 70 -35
152088853522: 70 -36
61073128139: 63 -47
148997885746: 36 -74
31331350132848: 62 -48
31331350135108: 42 -68
31331350135252: 51 -59
93541518640: 40 -70
164729952490: 41 -69
31601194165454: 63 -47
70465911891574: 23 -87
104046342248: 20 -90
75484162752: 70 -35
152088853522: 70 -32
61073128139: 63 -47
148997885746: 36 -74
31331350132848: 62 -48
31331350135108: 42 -68
31331350135252: 51 -59
93541518640: 40 -70
164729952490: 41 -69
31601194165454: 63 -47
70465911891574: 23 -87
104046342248: 20 -90
75484162752: 70 -35
152088853522: 69 -41
61073128139: 63 -47
148997885746: 36 -74
31331350132848: 62 -48
31331350135108: 42 -68
31331350135252: 51 -59
93541518640: 40 -70
164729952490: 41 -69
31601194165454: 63 -47
70465911891574: 23 -87
104046342248: 20 -90
75484162752: 70 -35
152088853522: 70 -34
61073128139: 63 -47
148997885746: 36 -74
31331350132848: 62 -48
31331350135108: 42 -68
31331350135252: 51 -59
93541518640: 40 -70
164729952490: 41 -69
31601194165454: 68 -42
70465911891574: 30 -80
104046342248: 25 -85
75484162752: 70 -38
152088853522: 70 -38
61073128139: 66 -44
148997885746: 40 -70
31331350132848: 61 -49
31331350135108: 40 -70
31331350135252: 51 -59
93541518640: 40 -70
164729952490: 44 -66
9356718314: 19 -91
31601194165454: 68 -42
70465911891574: 30 -80
104046342248: 25 -85
75484162752: 70 -38
152088853522: 70 -38
61073128139: 66 -44
148997885746: 40 -70
31331350132848: 61 -49
31331350135108: 40 -70
31331350135252: 51 -59
93541518640: 40 -70
164729952490: 44 -66
9356718314: 19 -91
31601194165454: 68 -42
70465911891574: 30 -80
104046342248: 25 -85
75484162752: 70 -38
152088853522: 70 -35
61073128139: 66 -44
148997885746: 40 -70
31331350132848: 61 -49
31331350135108: 40 -70
31331350135252: 51 -59
93541518640: 40 -70
164729952490: 44 -66
9356718314: 19 -91
31601194165454: 68 -42
70465911891574: 30 -80
104046342248: 25 -85
75484162752: 70 -38
152088853522: 69 -41
61073128139: 66 -44
148997885746: 40 -70
31331350132848: 61 -49
31331350135108: 40 -70
31331350135252: 51 -59
93541518640: 40 -70
164729952490: 44 -66
9356718314: 19 -91
31601194165454: 68 -42
70465911891574: 30 -80
104046342248: 25 -85
75484162752: 70 -38
152088853522: 70 -36
61073128139: 66 -44
148997885746: 40 -70
31331350132848: 61 -49
31331350135108: 40 -70
31331350135252: 51 -59
93541518640: 40 -70
164729952490: 44 -66
9356718314: 19 -91
31601194165454: 68 -42
70465911891574: 30 -80
104046342248: 25 -85
75484162752: 70 -38
152088853522: 70 -39
61073128139: 66 -44
148997885746: 40 -70
31331350132848: 61 -49
31331350135108: 40 -70
31331350135252: 51 -59
93541518640: 40 -70
164729952490: 44 -66
9356718314: 19 -91
31601194165454: 68 -42
70465911891574: 30 -80
104046342248: 25 -85
75484162752: 70 -38
152088853522: 70 -34
61073128139: 66 -44
148997885746: 40 -70
31331350132848: 61 -49
31331350135108: 40 -70
31331350135252: 51 -59
93541518640: 40 -70
164729952490: 44 -66
9356718314: 19 -91
31601194165454: 68 -42
70465911891574: 30 -80
104046342248: 25 -85
75484162752: 70 -38
152088853522: 70 -34
61073128139: 66 -44
148997885746: 40 -70
31331350132848: 61 -49
31331350135108: 40 -70
31331350135252: 51 -59
93541518640: 40 -70
164729952490: 44 -66
9356718314: 19 -91
31601194165454: 68 -42
70465911891574: 30 -80
104046342248: 25 -85
75484162752: 70 -38
152088853522: 70 -33
61073128139: 66 -44
148997885746: 40 -70
31331350132848: 61 -49
31331350135108: 40 -70
31331350135252: 51 -59
93541518640: 40 -70
164729952490: 44 -66
9356718314: 19 -91
31601194165454: 60 -50
70465911891574: 30 -80
104046342248: 62 -48
75484162752: 70 -32
152088853522: 70 -34
61073128139: 24 -86
148997885746: 39 -71
31331350132848: 61 -49
31331350135108: 40 -70
31331350135252: 47 -63
93541518640: 40 -70
164729952490: 46 -64
9356718314: 19 -91
82795547636: 26 -84
31601194165454: 60 -50
70465911891574: 30 -80
104046342248: 62 -48
75484162752: 70 -32
152088853522: 70 -32
61073128139: 24 -86
148997885746: 39 -71
31331350132848: 61 -49
31331350135108: 40 -70
31331350135252: 47 -63
93541518640: 40 -70
164729952490: 46 -64
9356718314: 19 -91
82795547636: 26 -84
31601194165454: 60 -50
70465911891574: 30 -80
104046342248: 62 -48
75484162752: 70 -32
152088853522: 70 -34
61073128139: 24 -86
148997885746: 39 -71
31331350132848: 61 -49
31331350135108: 40 -70
31331350135252: 47 -63
93541518640: 40 -70
164729952490: 46 -64
9356718314: 19 -91
82795547636: 26 -84
31601194165454: 60 -50
70465911891574: 30 -80
104046342248: 62 -48
75484162752: 70 -32
152088853522: 70 -33
61073128139: 24 -86
148997885746: 39 -71
31331350132848: 61 -49
31331350135108: 40 -70
31331350135252: 47 -63
93541518640: 40 -70
164729952490: 46 -64
9356718314: 19 -91
82795547636: 26 -84
31601194165454: 60 -50
70465911891574: 30 -80
104046342248: 62 -48
75484162752: 70 -32
152088853522: 69 -41
61073128139: 24 -86
148997885746: 39 -71
31331350132848: 61 -49
31331350135108: 40 -70
31331350135252: 47 -63
93541518640: 40 -70
164729952490: 46 -64
9356718314: 19 -91
82795547636: 26 -84
31601194165454: 60 -50
70465911891574: 30 -80
104046342248: 62 -48
75484162752: 70 -32
152088853522: 70 -31
61073128139: 24 -86
148997885746: 39 -71
31331350132848: 61 -49
31331350135108: 40 -70
31331350135252: 47 -63
93541518640: 40 -70
164729952490: 46 -64
9356718314: 19 -91
82795547636: 26 -84
31601194165454: 60 -50
70465911891574: 30 -80
104046342248: 62 -48
75484162752: 70 -32
152088853522: 70 -39
61073128139: 24 -86
148997885746: 39 -71
31331350132848: 61 -49
31331350135108: 40 -70
31331350135252: 47 -63
93541518640: 40 -70
164729952490: 46 -64
9356718314: 19 -91
82795547636: 26 -84
31601194165454: 60 -50
70465911891574: 30 -80
104046342248: 62 -48
75484162752: 70 -32
152088853522: 70 -37
61073128139: 24 -86
148997885746: 39 -71
31331350132848: 61 -49
31331350135108: 40 -70
31331350135252: 47 -63
93541518640: 40 -70
164729952490: 46 -64
9356718314: 19 -91
82795547636: 26 -84
31601194165454: 60 -50
70465911891574: 30 -80
104046342248: 62 -48
75484162752: 70 -32
152088853522: 70 -34
61073128139: 24 -86
148997885746: 39 -71
31331350132848: 61 -49
31331350135108: 40 -70
31331350135252: 47 -63
93541518640: 40 -70
164729952490: 46 -64
9356718314: 19 -91
82795547636: 26 -84
31601194165454: 62 -48
70465911891574: 34 -76
104046342248: 34 -76
75484162752: 70 -26
152088853522: 70 -33
61073128139: 59 -51
148997885746: 40 -70
31331350132848: 58 -52
31331350135108: 46 -64
31331350135252: 47 -63
93541518640: 40 -70
164729952490: 39 -71
9356718314: 19 -91
82795547636: 20 -90
31601194165454: 62 -48
70465911891574: 34 -76
104046342248: 34 -76
75484162752: 70 -26
152088853522: 70 -34
61073128139: 59 -51
148997885746: 40 -70
31331350132848: 58 -52
31331350135108: 46 -64
31331350135252: 47 -63
93541518640: 40 -70
164729952490: 39 -71
9356718314: 19 -91
82795547636: 20 -90
31601194165454: 62 -48
70465911891574: 34 -76
104046342248: 34 -76
75484162752: 70 -26
152088853522: 70 -36
61073128139: 59 -51
148997885746: 40 -70
31331350132848: 58 -52
31331350135108: 46 -64
31331350135252: 47 -63
93541518640: 40 -70
164729952490: 39 -71
9356718314: 19 -91
82795547636: 20 -90
31601194165454: 62 -48
70465911891574: 34 -76
104046342248: 34 -76
75484162752: 70 -26
152088853522: 70 -36
61073128139: 59 -51
148997885746: 40 -70
31331350132848: 58 -52
31331350135108: 46 -64
31331350135252: 47 -63
93541518640: 40 -70
164729952490: 39 -71
9356718314: 19 -91
82795547636: 20 -90
31601194165454: 62 -48
70465911891574: 34 -76
104046342248: 34 -76
75484162752: 70 -26
152088853522: 70 -37
61073128139: 59 -51
148997885746: 40 -70
31331350132848: 58 -52
31331350135108: 46 -64
31331350135252: 47 -63
93541518640: 40 -70
164729952490: 39 -71
9356718314: 19 -91
82795547636: 20 -90
31601194165454: 62 -48
70465911891574: 34 -76
104046342248: 34 -76
75484162752: 70 -26
152088853522: 70 -36
61073128139: 59 -51
148997885746: 40 -70
31331350132848: 58 -52
31331350135108: 46 -64
31331350135252: 47 -63
93541518640: 40 -70
164729952490: 39 -71
9356718314: 19 -91
82795547636: 20 -90
31601194165454: 62 -48
70465911891574: 34 -76
104046342248: 34 -76
75484162752: 70 -26
152088853522: 70 -33
61073128139: 59 -51
148997885746: 40 -70
31331350132848: 58 -52
31331350135108: 46 -64
31331350135252: 47 -63
93541518640: 40 -70
164729952490: 39 -71
9356718314: 19 -91
82795547636: 20 -90
31601194165454: 62 -48
70465911891574: 34 -76
104046342248: 34 -76
75484162752: 70 -26
152088853522: 70 -35
61073128139: 59 -51
148997885746: 40 -70
31331350132848: 58 -52
31331350135108: 46 -64
31331350135252: 47 -63
93541518640: 40 -70
164729952490: 39 -71
9356718314: 19 -91
82795547636: 20 -90
31601194165454: 62 -48
70465911891574: 34 -76
104046342248: 34 -76
75484162752: 70 -26
152088853522: 70 -36
61073128139: 59 -51
148997885746: 40 -70
31331350132848: 58 -52
31331350135108: 46 -64
31331350135252: 47 -63
93541518640: 40 -70
164729952490: 39 -71
9356718314: 19 -91
82795547636: 20 -90
31601194165454: 58 -52
70465911891574: 26 -84
104046342248: 70 -33
75484162752: 70 -32
152088853522: 69 -41
61073128139: 23 -87
148997885746: 35 -75
31331350132848: 58 -52
31331350135108: 33 -77
31331350135252: 47 -63
164729952490: 44 -66
9356718314: 19 -91
82795547636: 20 -90
31601194165454: 58 -52
70465911891574: 26 -84
104046342248: 70 -33
75484162752: 70 -32
152088853522: 69 -41
61073128139: 23 -87
148997885746: 35 -75
31331350132848: 58 -52
31331350135108: 33 -77
31331350135252: 47 -63
164729952490: 44 -66
9356718314: 19 -91
82795547636: 20 -90
31601194165454: 58 -52
70465911891574: 26 -84
104046342248: 70 -33
75484162752: 70 -32
152088853522: 70 -34
61073128139: 23 -87
148997885746: 35 -75
31331350132848: 58 -52
31331350135108: 33 -77
31331350135252: 47 -63
164729952490: 44 -66
9356718314: 19 -91
82795547636: 20 -90
31601194165454: 58 -52
70465911891574: 26 -84
104046342248: 70 -33
75484162752: 70 -32
152088853522: 70 -34
61073128139: 23 -87
148997885746: 35 -75
31331350132848: 58 -52
31331350135108: 33 -77
31331350135252: 47 -63
164729952490: 44 -66
9356718314: 19 -91
82795547636: 20 -90
31601194165454: 58 -52
70465911891574: 26 -84
104046342248: 70 -33
75484162752: 70 -32
152088853522: 70 -34
61073128139: 23 -87
148997885746: 35 -75
31331350132848: 58 -52
31331350135108: 33 -77
31331350135252: 47 -63
164729952490: 44 -66
9356718314: 19 -91
82795547636: 20 -90
31601194165454: 58 -52
70465911891574: 26 -84
104046342248: 70 -33
75484162752: 70 -32
152088853522: 70 -34
61073128139: 23 -87
148997885746: 35 -75
31331350132848: 58 -52
31331350135108: 33 -77
31331350135252: 47 -63
164729952490: 44 -66
9356718314: 19 -91
82795547636: 20 -90
31601194165454: 58 -52
70465911891574: 26 -84
104046342248: 70 -33
75484162752: 70 -32
152088853522: 70 -33
61073128139: 23 -87
148997885746: 35 -75
31331350132848: 58 -52
31331350135108: 33 -77
31331350135252: 47 -63
164729952490: 44 -66
9356718314: 19 -91
82795547636: 20 -90
31601194165454: 58 -52
70465911891574: 26 -84
104046342248: 70 -33
75484162752: 70 -32
152088853522: 70 -34
61073128139: 23 -87
148997885746: 35 -75
31331350132848: 58 -52
31331350135108: 33 -77
31331350135252: 47 -63
164729952490: 44 -66
9356718314: 19 -91
82795547636: 20 -90
31601194165454: 58 -52
70465911891574: 26 -84
104046342248: 70 -33
75484162752: 70 -32
152088853522: 70 -36
61073128139: 23 -87
148997885746: 35 -75
31331350132848: 58 -52
31331350135108: 33 -77
31331350135252: 47 -63
164729952490: 44 -66
9356718314: 19 -91
82795547636: 20 -90
31601194165454: 58 -52
70465911891574: 25 -85
104046342248: 67 -43
75484162752: 70 -33
152088853522: 64 -46
61073128139: 62 -48
148997885746: 40 -70
31331350132848: 59 -51
31331350135108: 44 -66
31331350135252: 49 -61
164729952490: 64 -46
9356718314: 19 -91
82795547636: 20 -90
31601194165454: 58 -52
70465911891574: 25 -85
104046342248: 67 -43
75484162752: 70 -33
152088853522: 70 -39
61073128139: 62 -48
148997885746: 40 -70
31331350132848: 59 -51
31331350135108: 44 -66
31331350135252: 49 -61
164729952490: 64 -46
9356718314: 19 -91
82795547636: 20 -90
31601194165454: 58 -52
70465911891574: 25 -85
104046342248: 67 -43
75484162752: 70 -33
152088853522: 68 -42
61073128139: 62 -48
148997885746: 40 -70
31331350132848: 59 -51
31331350135108: 44 -66
31331350135252: 49 -61
164729952490: 64 -46
9356718314: 19 -91
82795547636: 20 -90
31601194165454: 58 -52
70465911891574: 25 -85
104046342248: 67 -43
75484162752: 70 -33
152088853522: 70 -39
61073128139: 62 -48
148997885746: 40 -70
31331350132848: 59 -51
31331350135108: 44 -66
31331350135252: 49 -61
164729952490: 64 -46
9356718314: 19 -91
82795547636: 20 -90
31601194165454: 58 -52
70465911891574: 25 -85
104046342248: 67 -43
75484162752: 70 -33
152088853522: 70 -37
61073128139: 62 -48
148997885746: 40 -70
31331350132848: 59 -51
31331350135108: 44 -66
31331350135252: 49 -61
164729952490: 64 -46
82795547636: 20 -90
31601194165454: 58 -52
70465911891574: 25 -85
104046342248: 67 -43
75484162752: 70 -33
152088853522: 70 -33
61073128139: 62 -48
148997885746: 40 -70
31331350132848: 59 -51
31331350135108: 44 -66
31331350135252: 49 -61
164729952490: 64 -46
82795547636: 20 -90
31601194165454: 58 -52
70465911891574: 25 -85
104046342248: 67 -43
75484162752: 70 -33
152088853522: 69 -41
61073128139: 62 -48
148997885746: 40 -70
31331350132848: 59 -51
31331350135108: 44 -66
31331350135252: 49 -61
164729952490: 64 -46
82795547636: 20 -90
31601194165454: 58 -52
70465911891574: 25 -85
104046342248: 67 -43
75484162752: 70 -33
152088853522: 70 -34
61073128139: 62 -48
148997885746: 40 -70
31331350132848: 59 -51
31331350135108: 44 -66
31331350135252: 49 -61
164729952490: 64 -46
82795547636: 20 -90
31601194165454: 58 -52
70465911891574: 25 -85
104046342248: 67 -43
75484162752: 70 -33
152088853522: 70 -35
61073128139: 62 -48
148997885746: 40 -70
31331350132848: 59 -51
31331350135108: 44 -66
31331350135252: 49 -61
164729952490: 64 -46
82795547636: 20 -90
31601194165454: 55 -55
70465911891574: 29 -81
104046342248: 23 -87
75484162752: 70 -39
152088853522: 70 -34
61073128139: 61 -49
148997885746: 39 -71
31331350132848: 59 -51
31331350135108: 35 -75
31331350135252: 39 -71
164729952490: 43 -67
82795547636: 20 -90
31601194165454: 55 -55
70465911891574: 29 -81
104046342248: 23 -87
75484162752: 70 -39
152088853522: 70 -32
61073128139: 61 -49
148997885746: 39 -71
31331350132848: 59 -51
31331350135108: 35 -75
31331350135252: 39 -71
164729952490: 43 -67
82795547636: 20 -90
31601194165454: 55 -55
70465911891574: 29 -81
104046342248: 23 -87
75484162752: 70 -39
152088853522: 70 -33
61073128139: 61 -49
148997885746: 39 -71
31331350132848: 59 -51
31331350135108: 35 -75
31331350135252: 39 -71
164729952490: 43 -67
82795547636: 20 -90
31601194165454: 55 -55
70465911891574: 29 -81
104046342248: 23 -87
75484162752: 70 -39
152088853522: 69 -41
61073128139: 61 -49
148997885746: 39 -71
31331350132848: 59 -51
31331350135108: 35 -75
31331350135252: 39 -71
164729952490: 43 -67
82795547636: 20 -90
31601194165454: 55 -55
70465911891574: 29 -81
104046342248: 23 -87
75484162752: 70 -39
152088853522: 70 -32
61073128139: 61 -49
148997885746: 39 -71
31331350132848: 59 -51
31331350135108: 35 -75
31331350135252: 39 -71
164729952490: 43 -67
82795547636: 20 -90
31601194165454: 55 -55
70465911891574: 29 -81
104046342248: 23 -87
75484162752: 70 -39
152088853522: 70 -32
61073128139: 61 -49
148997885746: 39 -71
31331350132848: 59 -51
31331350135108: 35 -75
31331350135252: 39 -71
164729952490: 43 -67
82795547636: 20 -90
31601194165454: 55 -55
70465911891574: 29 -81
104046342248: 23 -87
75484162752: 70 -39
152088853522: 70 -39
61073128139: 61 -49
148997885746: 39 -71
31331350132848: 59 -51
31331350135108: 35 -75
31331350135252: 39 -71
164729952490: 43 -67
82795547636: 20 -90
31601194165454: 55 -55
70465911891574: 29 -81
104046342248: 23 -87
75484162752: 70 -39
152088853522: 68 -42
61073128139: 61 -49
148997885746: 39 -71
31331350132848: 59 -51
31331350135108: 35 -75
31331350135252: 39 -71
164729952490: 43 -67
82795547636: 20 -90
31601194165454: 55 -55
70465911891574: 29 -81
104046342248: 23 -87
75484162752: 70 -39
152088853522: 70 -40
61073128139: 61 -49
148997885746: 39 -71
31331350132848: 59 -51
31331350135108: 35 -75
31331350135252: 39 -71
164729952490: 43 -67
82795547636: 20 -90
31601194165454: 57 -53
70465911891574: 27 -83
104046342248: 59 -51
75484162752: 65 -45
152088853522: 70 -36
61073128139: 65 -45
148997885746: 40 -70
31331350132848: 56 -54
31331350135108: 29 -81
31331350135252: 49 -61
164729952490: 40 -70
82795547636: 19 -91
100848842504: 21 -89
31601194165454: 57 -53
70465911891574: 27 -83
104046342248: 59 -51
75484162752: 65 -45
152088853522: 70 -38
61073128139: 65 -45
148997885746: 40 -70
31331350132848: 56 -54
31331350135108: 29 -81
31331350135252: 49 -61
164729952490: 40 -70
82795547636: 19 -91
100848842504: 21 -89
31601194165454: 57 -53
70465911891574: 27 -83
104046342248: 59 -51
75484162752: 65 -45
152088853522: 69 -41
61073128139: 65 -45
148997885746: 40 -70
31331350132848: 56 -54
31331350135108: 29 -81
31331350135252: 49 -61
164729952490: 40 -70
82795547636: 19 -91
100848842504: 21 -89
31601194165454: 57 -53
70465911891574: 27 -83
104046342248: 59 -51
75484162752: 65 -45
152088853522: 70 -34
61073128139: 65 -45
148997885746: 40 -70
31331350132848: 56 -54
31331350135108: 29 -81
31331350135252: 49 -61
164729952490: 40 -70
82795547636: 19 -91
100848842504: 21 -89
31601194165454: 57 -53
70465911891574: 27 -83
104046342248: 59 -51
75484162752: 65 -45
152088853522: 70 -34
61073128139: 65 -45
148997885746: 40 -70
31331350132848: 56 -54
31331350135108: 29 -81
31331350135252: 49 -61
164729952490: 40 -70
82795547636: 19 -91
100848842504: 21 -89
31601194165454: 57 -53
70465911891574: 27 -83
104046342248: 59 -51
75484162752: 65 -45
152088853522: 70 -40
61073128139: 65 -45
148997885746: 40 -70
31331350132848: 56 -54
31331350135108: 29 -81
31331350135252: 49 -61
164729952490: 40 -70
82795547636: 19 -91
100848842504: 21 -89
31601194165454: 57 -53
70465911891574: 27 -83
104046342248: 59 -51
75484162752: 65 -45
152088853522: 70 -35
61073128139: 65 -45
148997885746: 40 -70
31331350132848: 56 -54
31331350135108: 29 -81
31331350135252: 49 -61
164729952490: 40 -70
82795547636: 19 -91
100848842504: 21 -89
31601194165454: 57 -53
70465911891574: 27 -83
104046342248: 59 -51
75484162752: 65 -45
152088853522: 70 -39
61073128139: 65 -45
148997885746: 40 -70
31331350132848: 56 -54
31331350135108: 29 -81
31331350135252: 49 -61
164729952490: 40 -70
82795547636: 19 -91
100848842504: 21 -89
31601194165454: 57 -53
70465911891574: 27 -83
104046342248: 59 -51
75484162752: 65 -45
152088853522: 70 -32
61073128139: 65 -45
148997885746: 40 -70
31331350132848: 56 -54
31331350135108: 29 -81
31331350135252: 49 -61
164729952490: 40 -70
82795547636: 19 -91
100848842504: 21 -89
31601194165454: 67 -43
70465911891574: 25 -85
104046342248: 60 -50
75484162752: 70 -34
152088853522: 70 -34
61073128139: 28 -82
148997885746: 41 -69
31331350132848: 58 -52
31331350135108: 41 -69
31331350135252: 43 -67
164729952490: 39 -71
82795547636: 20 -90
100848842504: 18 -92
31601194165454: 67 -43
70465911891574: 25 -85
104046342248: 60 -50
75484162752: 70 -34
152088853522: 70 -36
61073128139: 28 -82
148997885746: 41 -69
31331350132848: 58 -52
31331350135108: 41 -69
31331350135252: 43 -67
164729952490: 39 -71
82795547636: 20 -90
100848842504: 18 -92
31601194165454: 67 -43
70465911891574: 25 -85
104046342248: 60 -50
75484162752: 70 -34
152088853522: 70 -31
61073128139: 28 -82
148997885746: 41 -69
31331350132848: 58 -52
31331350135108: 41 -69
31331350135252: 43 -67
164729952490: 39 -71
82795547636: 20 -90
100848842504: 18 -92
31601194165454: 67 -43
70465911891574: 25 -85
104046342248: 60 -50
75484162752: 70 -34
152088853522: 70 -31
61073128139: 28 -82
148997885746: 41 -69
31331350132848: 58 -52
31331350135108: 41 -69
31331350135252: 43 -67
164729952490: 39 -71
82795547636: 20 -90
100848842504: 18 -92
31601194165454: 67 -43
70465911891574: 25 -85
104046342248: 60 -50
75484162752: 70 -34
152088853522: 70 -34
61073128139: 28 -82
148997885746: 41 -69
31331350132848: 58 -52
31331350135108: 41 -69
31331350135252: 43 -67
164729952490: 39 -71
82795547636: 20 -90
100848842504: 18 -92
31601194165454: 67 -43
70465911891574: 25 -85
104046342248: 60 -50
75484162752: 70 -34
152088853522: 70 -35
61073128139: 28 -82
148997885746: 41 -69
31331350132848: 58 -52
31331350135108: 41 -69
31331350135252: 43 -67
164729952490: 39 -71
82795547636: 20 -90
100848842504: 18 -92
31601194165454: 67 -43
70465911891574: 25 -85
104046342248: 60 -50
75484162752: 70 -34
152088853522: 70 -33
61073128139: 28 -82
148997885746: 41 -69
31331350132848: 58 -52
31331350135108: 41 -69
31331350135252: 43 -67
164729952490: 39 -71
82795547636: 20 -90
100848842504: 18 -92
31601194165454: 67 -43
70465911891574: 25 -85
104046342248: 60 -50
75484162752: 70 -34
152088853522: 70 -35
61073128139: 28 -82
148997885746: 41 -69
31331350132848: 58 -52
31331350135108: 41 -69
31331350135252: 43 -67
164729952490: 39 -71
82795547636: 20 -90
100848842504: 18 -92
31601194165454: 67 -43
70465911891574: 25 -85
104046342248: 60 -50
75484162752: 70 -34
152088853522: 70 -32
61073128139: 28 -82
148997885746: 41 -69
31331350132848: 58 -52
31331350135108: 41 -69
31331350135252: 43 -67
164729952490: 39 -71
82795547636: 20 -90
100848842504: 18 -92
31601194165454: 50 -60
70465911891574: 68 -42
104046342248: 62 -48
75484162752: 70 -38
152088853522: 70 -37
61073128139: 70 -23
148997885746: 41 -69
31331350132848: 58 -52
31331350135108: 38 -72
31331350135252: 38 -72
164729952490: 39 -71
82795547636: 19 -91
100848842504: 18 -92
31601194165454: 50 -60
70465911891574: 68 -42
104046342248: 62 -48
75484162752: 70 -38
152088853522: 70 -38
61073128139: 70 -23
148997885746: 41 -69
31331350132848: 58 -52
31331350135108: 38 -72
31331350135252: 38 -72
164729952490: 39 -71
82795547636: 19 -91
100848842504: 18 -92
31601194165454: 50 -60
70465911891574: 68 -42
104046342248: 62 -48
75484162752: 70 -38
152088853522: 70 -32
61073128139: 70 -23
148997885746: 41 -69
31331350132848: 58 -52
31331350135108: 38 -72
31331350135252: 38 -72
164729952490: 39 -71
82795547636: 19 -91
100848842504: 18 -92
31601194165454: 50 -60
70465911891574: 68 -42
104046342248: 62 -48
75484162752: 70 -38
152088853522: 70 -35
61073128139: 70 -23
148997885746: 41 -69
31331350132848: 58 -52
31331350135108: 38 -72
31331350135252: 38 -72
164729952490: 39 -71
82795547636: 19 -91
100848842504: 18 -92
31601194165454: 50 -60
70465911891574: 68 -42
104046342248: 62 -48
75484162752: 70 -38
152088853522: 70 -38
61073128139: 70 -23
148997885746: 41 -69
31331350132848: 58 -52
31331350135108: 38 -72
31331350135252: 38 -72
164729952490: 39 -71
82795547636: 19 -91
100848842504: 18 -92
31601194165454: 50 -60
70465911891574: 68 -42
104046342248: 62 -48
75484162752: 70 -38
152088853522: 70 -34
61073128139: 70 -23
148997885746: 41 -69
31331350132848: 58 -52
31331350135108: 38 -72
31331350135252: 38 -72
164729952490: 39 -71
82795547636: 19 -91
100848842504: 18 -92
31601194165454: 50 -60
70465911891574: 68 -42
104046342248: 62 -48
75484162752: 70 -38
152088853522: 70 -40
61073128139: 70 -23
148997885746: 41 -69
31331350132848: 58 -52
31331350135108: 38 -72
31331350135252: 38 -72
164729952490: 39 -71
82795547636: 19 -91
100848842504: 18 -92
31601194165454: 50 -60
70465911891574: 68 -42
104046342248: 62 -48
75484162752: 70 -38
152088853522: 70 -33
61073128139: 70 -23
148997885746: 41 -69
31331350132848: 58 -52
31331350135108: 38 -72
31331350135252: 38 -72
164729952490: 39 -71
82795547636: 19 -91
100848842504: 18 -92
31601194165454: 50 -60
70465911891574: 68 -42
104046342248: 62 -48
75484162752: 70 -38
152088853522: 70 -35
61073128139: 70 -23
148997885746: 41 -69
31331350132848: 58 -52
31331350135108: 38 -72
31331350135252: 38 -72
164729952490: 39 -71
82795547636: 19 -91
100848842504: 18 -92
31601194165454: 59 -51
70465911891574: 30 -80
104046342248: 65 -45
75484162752: 70 -34
152088853522: 70 -38
61073128139: 54 -56
148997885746: 37 -73
31331350132848: 62 -48
31331350135108: 28 -82
31331350135252: 43 -67
164729952490: 44 -66
82795547636: 24 -86
100848842504: 18 -92
31601194165454: 59 -51
70465911891574: 30 -80
104046342248: 65 -45
75484162752: 70 -34
152088853522: 70 -36
61073128139: 54 -56
148997885746: 37 -73
31331350132848: 62 -48
31331350135108: 28 -82
31331350135252: 43 -67
164729952490: 44 -66
82795547636: 24 -86
100848842504: 18 -92
31601194165454: 59 -51
70465911891574: 30 -80
104046342248: 65 -45
75484162752: 70 -34
152088853522: 70 -39
61073128139: 54 -56
148997885746: 37 -73
31331350132848: 62 -48
31331350135108: 28 -82
31331350135252: 43 -67
164729952490: 44 -66
82795547636: 24 -86
100848842504: 18 -92
31601194165454: 59 -51
70465911891574: 30 -80
104046342248: 65 -45
75484162752: 70 -34
152088853522: 70 -32
61073128139: 54 -56
148997885746: 37 -73
31331350132848: 62 -48
31331350135108: 28 -82
31331350135252: 43 -67
164729952490: 44 -66
82795547636: 24 -86
100848842504: 18 -92
31601194165454: 59 -51
70465911891574: 30 -80
104046342248: 65 -45
75484162752: 70 -34
152088853522: 70 -38
61073128139: 54 -56
148997885746: 37 -73
31331350132848: 62 -48
31331350135108: 28 -82
31331350135252: 43 -67
164729952490: 44 -66
82795547636: 24 -86
100848842504: 18 -92
31601194165454: 59 -51
70465911891574: 30 -80
104046342248: 65 -45
75484162752: 70 -34
152088853522: 70 -34
61073128139: 54 -56
148997885746: 37 -73
31331350132848: 62 -48
31331350135108: 28 -82
31331350135252: 43 -67
164729952490: 44 -66
82795547636: 24 -86
100848842504: 18 -92
31601194165454: 59 -51
70465911891574: 30 -80
104046342248: 65 -45
75484162752: 70 -34
152088853522: 70 -39
61073128139: 54 -56
148997885746: 37 -73
31331350132848: 62 -48
31331350135108: 28 -82
31331350135252: 43 -67
164729952490: 44 -66
82795547636: 24 -86
100848842504: 18 -92
31601194165454: 59 -51
70465911891574: 30 -80
104046342248: 65 -45
75484162752: 70 -34
152088853522: 70 -36
61073128139: 54 -56
148997885746: 37 -73
31331350132848: 62 -48
31331350135108: 28 -82
31331350135252: 43 -67
164729952490: 44 -66
82795547636: 24 -86
100848842504: 18 -92
31601194165454: 59 -51
70465911891574: 30 -80
104046342248: 65 -45
75484162752: 70 -34
152088853522: 70 -37
61073128139: 54 -56
148997885746: 37 -73
31331350132848: 62 -48
31331350135108: 28 -82
31331350135252: 43 -67
164729952490: 44 -66
82795547636: 24 -86
100848842504: 18 -92
31601194165454: 63 -47
70465911891574: 27 -83
104046342248: 70 -31
75484162752: 70 -39
152088853522: 70 -35
61073128139: 64 -46
148997885746: 37 -73
31331350132848: 62 -48
31331350135108: 41 -69
31331350135252: 38 -72
164729952490: 46 -64
82795547636: 20 -90
100848842504: 18 -92
