152088853522: 70 -33
31601194165454: 52 -58
31331350132848: 60 -50
70465911891574: 21 -89
164729952490: 44 -66
104046342248: 59 -51
31331350135252: 27 -83
61073128139: 57 -53
75484162752: 68 -42
31331350135108: 37 -73
148997885746: 26 -84
152088853522: 70 -34
31601194165454: 52 -58
31331350132848: 60 -50
70465911891574: 21 -89
164729952490: 44 -66
104046342248: 59 -51
31331350135252: 27 -83
61073128139: 57 -53
75484162752: 68 -42
31331350135108: 37 -73
148997885746: 26 -84
152088853522: 70 -33
31601194165454: 52 -58
31331350132848: 60 -50
70465911891574: 21 -89
164729952490: 44 -66
104046342248: 59 -51
31331350135252: 27 -83
61073128139: 57 -53
75484162752: 68 -42
31331350135108: 37 -73
148997885746: 26 -84
152088853522: 70 -33
31601194165454: 52 -58
31331350132848: 60 -50
70465911891574: 21 -89
164729952490: 44 -66
104046342248: 59 -51
31331350135252: 27 -83
61073128139: 57 -53
75484162752: 68 -42
31331350135108: 37 -73
148997885746: 26 -84
152088853522: 70 -33
31601194165454: 52 -58
31331350132848: 60 -50
70465911891574: 21 -89
164729952490: 44 -66
104046342248: 59 -51
31331350135252: 27 -83
61073128139: 57 -53
75484162752: 68 -42
31331350135108: 37 -73
148997885746: 26 -84
152088853522: 70 -33
31601194165454: 52 -58
31331350132848: 60 -50
70465911891574: 21 -89
164729952490: 44 -66
104046342248: 59 -51
31331350135252: 27 -83
61073128139: 57 -53
75484162752: 68 -42
31331350135108: 37 -73
148997885746: 26 -84
152088853522: 70 -33
31601194165454: 52 -58
31331350132848: 60 -50
70465911891574: 21 -89
164729952490: 44 -66
104046342248: 59 -51
31331350135252: 27 -83
61073128139: 57 -53
75484162752: 68 -42
31331350135108: 37 -73
148997885746: 26 -84
152088853522: 70 -34
31601194165454: 52 -58
31331350132848: 60 -50
70465911891574: 21 -89
164729952490: 44 -66
104046342248: 59 -51
31331350135252: 27 -83
61073128139: 57 -53
75484162752: 68 -42
31331350135108: 37 -73
148997885746: 26 -84
152088853522: 70 -32
31601194165454: 52 -58
31331350132848: 60 -50
70465911891574: 21 -89
164729952490: 44 -66
104046342248: 59 -51
31331350135252: 27 -83
61073128139: 57 -53
75484162752: 68 -42
31331350135108: 37 -73
148997885746: 26 -84
152088853522: 70 -33
31601194165454: 49 -61
31331350132848: 60 -50
70465911891574: 66 -44
164729952490: 41 -69
104046342248: 61 -49
31331350135252: 21 -89
61073128139: 63 -47
75484162752: 61 -49
31331350135108: 32 -78
148997885746: 26 -84
93541518640: 46 -64
152088853522: 70 -32
31601194165454: 49 -61
31331350132848: 60 -50
70465911891574: 66 -44
164729952490: 41 -69
104046342248: 61 -49
31331350135252: 21 -89
61073128139: 63 -47
75484162752: 61 -49
31331350135108: 32 -78
148997885746: 26 -84
93541518640: 46 -64
152088853522: 70 -34
31601194165454: 49 -61
31331350132848: 60 -50
70465911891574: 66 -44
164729952490: 41 -69
104046342248: 61 -49
31331350135252: 21 -89
61073128139: 63 -47
75484162752: 61 -49
31331350135108: 32 -78
148997885746: 26 -84
93541518640: 46 -64
152088853522: 70 -32
31601194165454: 49 -61
31331350132848: 60 -50
70465911891574: 66 -44
164729952490: 41 -69
104046342248: 61 -49
31331350135252: 21 -89
61073128139: 63 -47
75484162752: 61 -49
31331350135108: 32 -78
148997885746: 26 -84
93541518640: 46 -64
152088853522: 70 -33
31601194165454: 49 -61
31331350132848: 60 -50
70465911891574: 66 -44
164729952490: 41 -69
104046342248: 61 -49
31331350135252: 21 -89
61073128139: 63 -47
75484162752: 61 -49
31331350135108: 32 -78
148997885746: 26 -84
93541518640: 46 -64
152088853522: 70 -32
31601194165454: 49 -61
31331350132848: 60 -50
70465911891574: 66 -44
164729952490: 41 -69
104046342248: 61 -49
31331350135252: 21 -89
61073128139: 63 -47
75484162752: 61 -49
31331350135108: 32 -78
148997885746: 26 -84
93541518640: 46 -64
152088853522: 70 -32
31601194165454: 49 -61
31331350132848: 60 -50
70465911891574: 66 -44
164729952490: 41 -69
104046342248: 61 -49
31331350135252: 21 -89
61073128139: 63 -47
75484162752: 61 -49
31331350135108: 32 -78
148997885746: 26 -84
93541518640: 46 -64
152088853522: 70 -33
31601194165454: 49 -61
31331350132848: 60 -50
70465911891574: 66 -44
164729952490: 41 -69
104046342248: 61 -49
31331350135252: 21 -89
61073128139: 63 -47
75484162752: 61 -49
31331350135108: 32 -78
148997885746: 26 -84
93541518640: 46 -64
152088853522: 70 -33
31601194165454: 49 -61
31331350132848: 60 -50
70465911891574: 66 -44
164729952490: 41 -69
104046342248: 61 -49
31331350135252: 21 -89
61073128139: 63 -47
75484162752: 61 -49
31331350135108: 32 -78
148997885746: 26 -84
93541518640: 46 -64
152088853522: 70 -35
31601194165454: 53 -57
31331350132848: 60 -50
70465911891574: 64 -46
164729952490: 41 -69
104046342248: 63 -47
31331350135252: 21 -89
61073128139: 59 -51
75484162752: 70 -38
31331350135108: 26 -84
148997885746: 26 -84
93541518640: 46 -64
152088853522: 70 -36
31601194165454: 53 -57
31331350132848: 60 -50
70465911891574: 64 -46
164729952490: 41 -69
104046342248: 63 -47
31331350135252: 21 -89
61073128139: 59 -51
75484162752: 70 -38
31331350135108: 26 -84
148997885746: 26 -84
93541518640: 46 -64
152088853522: 70 -36
31601194165454: 53 -57
31331350132848: 60 -50
70465911891574: 64 -46
164729952490: 41 -69
104046342248: 63 -47
31331350135252: 21 -89
61073128139: 59 -51
75484162752: 70 -38
31331350135108: 26 -84
148997885746: 26 -84
93541518640: 46 -64
152088853522: 70 -34
31601194165454: 53 -57
31331350132848: 60 -50
70465911891574: 64 -46
164729952490: 41 -69
104046342248: 63 -47
31331350135252: 21 -89
61073128139: 59 -51
75484162752: 70 -38
31331350135108: 26 -84
148997885746: 26 -84
93541518640: 46 -64
152088853522: 70 -33
31601194165454: 53 -57
31331350132848: 60 -50
70465911891574: 64 -46
164729952490: 41 -69
104046342248: 63 -47
31331350135252: 21 -89
61073128139: 59 -51
75484162752: 70 -38
31331350135108: 26 -84
148997885746: 26 -84
93541518640: 46 -64
152088853522: 70 -32
31601194165454: 53 -57
31331350132848: 60 -50
70465911891574: 64 -46
164729952490: 41 -69
104046342248: 63 -47
31331350135252: 21 -89
61073128139: 59 -51
75484162752: 70 -38
31331350135108: 26 -84
148997885746: 26 -84
93541518640: 46 -64
152088853522: 70 -34
31601194165454: 53 -57
31331350132848: 60 -50
70465911891574: 64 -46
164729952490: 41 -69
104046342248: 63 -47
31331350135252: 21 -89
61073128139: 59 -51
75484162752: 70 -38
31331350135108: 26 -84
148997885746: 26 -84
93541518640: 46 -64
152088853522: 70 -33
31601194165454: 53 -57
31331350132848: 60 -50
70465911891574: 64 -46
164729952490: 41 -69
104046342248: 63 -47
31331350135252: 21 -89
61073128139: 59 -51
75484162752: 70 -38
31331350135108: 26 -84
148997885746: 26 -84
93541518640: 46 -64
152088853522: 70 -33
31601194165454: 53 -57
31331350132848: 60 -50
70465911891574: 64 -46
164729952490: 41 -69
104046342248: 63 -47
31331350135252: 21 -89
61073128139: 59 -51
75484162752: 70 -38
31331350135108: 26 -84
148997885746: 26 -84
93541518640: 46 -64
152088853522: 70 -32
31601194165454: 55 -55
31331350132848: 63 -47
70465911891574: 40 -70
164729952490: 46 -64
104046342248: 54 -56
31331350135252: 27 -83
61073128139: 16 -94
75484162752: 70 -40
31331350135108: 30 -80
148997885746: 26 -84
93541518640: 46 -64
152088853522: 70 -34
31601194165454: 55 -55
31331350132848: 63 -47
70465911891574: 40 -70
164729952490: 46 -64
104046342248: 54 -56
31331350135252: 27 -83
61073128139: 16 -94
75484162752: 70 -40
31331350135108: 30 -80
148997885746: 26 -84
93541518640: 46 -64
152088853522: 70 -33
31601194165454: 55 -55
31331350132848: 63 -47
70465911891574: 40 -70
164729952490: 46 -64
104046342248: 54 -56
31331350135252: 27 -83
61073128139: 16 -94
75484162752: 70 -40
31331350135108: 30 -80
148997885746: 26 -84
93541518640: 46 -64
152088853522: 70 -33
31601194165454: 55 -55
31331350132848: 63 -47
70465911891574: 40 -70
164729952490: 46 -64
104046342248: 54 -56
31331350135252: 27 -83
61073128139: 16 -94
75484162752: 70 -40
31331350135108: 30 -80
148997885746: 26 -84
93541518640: 46 -64
152088853522: 70 -33
31601194165454: 55 -55
31331350132848: 63 -47
70465911891574: 40 -70
164729952490: 46 -64
104046342248: 54 -56
31331350135252: 27 -83
61073128139: 16 -94
75484162752: 70 -40
31331350135108: 30 -80
148997885746: 26 -84
93541518640: 46 -64
152088853522: 70 -32
31601194165454: 55 -55
31331350132848: 63 -47
70465911891574: 40 -70
164729952490: 46 -64
104046342248: 54 -56
31331350135252: 27 -83
61073128139: 16 -94
75484162752: 70 -40
31331350135108: 30 -80
148997885746: 26 -84
93541518640: 46 -64
152088853522: 70 -33
31601194165454: 55 -55
31331350132848: 63 -47
70465911891574: 40 -70
164729952490: 46 -64
104046342248: 54 -56
31331350135252: 27 -83
61073128139: 16 -94
75484162752: 70 -40
31331350135108: 30 -80
148997885746: 26 -84
93541518640: 46 -64
152088853522: 70 -33
31601194165454: 55 -55
31331350132848: 63 -47
70465911891574: 40 -70
164729952490: 46 -64
104046342248: 54 -56
31331350135252: 27 -83
61073128139: 16 -94
75484162752: 70 -40
31331350135108: 30 -80
148997885746: 26 -84
93541518640: 46 -64
152088853522: 70 -32
31601194165454: 55 -55
31331350132848: 63 -47
70465911891574: 40 -70
164729952490: 46 -64
104046342248: 54 -56
31331350135252: 27 -83
61073128139: 16 -94
75484162752: 70 -40
31331350135108: 30 -80
148997885746: 26 -84
93541518640: 46 -64
152088853522: 70 -36
31601194165454: 57 -53
31331350132848: 65 -45
70465911891574: 65 -45
164729952490: 35 -75
104046342248: 51 -59
31331350135252: 27 -83
61073128139: 59 -51
75484162752: 70 -40
31331350135108: 28 -82
148997885746: 27 -83
93541518640: 46 -64
152088853522: 70 -33
31601194165454: 57 -53
31331350132848: 65 -45
70465911891574: 65 -45
164729952490: 35 -75
104046342248: 51 -59
31331350135252: 27 -83
61073128139: 59 -51
75484162752: 70 -40
31331350135108: 28 -82
148997885746: 27 -83
93541518640: 46 -64
152088853522: 70 -34
31601194165454: 57 -53
31331350132848: 65 -45
70465911891574: 65 -45
164729952490: 35 -75
104046342248: 51 -59
31331350135252: 27 -83
61073128139: 59 -51
75484162752: 70 -40
31331350135108: 28 -82
148997885746: 27 -83
93541518640: 46 -64
152088853522: 70 -33
31601194165454: 57 -53
31331350132848: 65 -45
70465911891574: 65 -45
164729952490: 35 -75
104046342248: 51 -59
31331350135252: 27 -83
61073128139: 59 -51
75484162752: 70 -40
31331350135108: 28 -82
148997885746: 27 -83
93541518640: 46 -64
152088853522: 70 -33
31601194165454: 57 -53
31331350132848: 65 -45
70465911891574: 65 -45
164729952490: 35 -75
104046342248: 51 -59
31331350135252: 27 -83
61073128139: 59 -51
75484162752: 70 -40
31331350135108: 28 -82
148997885746: 27 -83
93541518640: 46 -64
152088853522: 70 -32
31601194165454: 57 -53
31331350132848: 65 -45
70465911891574: 65 -45
164729952490: 35 -75
104046342248: 51 -59
31331350135252: 27 -83
61073128139: 59 -51
75484162752: 70 -40
31331350135108: 28 -82
148997885746: 27 -83
93541518640: 46 -64
152088853522: 70 -32
31601194165454: 57 -53
31331350132848: 65 -45
70465911891574: 65 -45
164729952490: 35 -75
104046342248: 51 -59
31331350135252: 27 -83
61073128139: 59 -51
75484162752: 70 -40
31331350135108: 28 -82
148997885746: 27 -83
93541518640: 46 -64
152088853522: 70 -34
31601194165454: 57 -53
31331350132848: 65 -45
70465911891574: 65 -45
164729952490: 35 -75
104046342248: 51 -59
31331350135252: 27 -83
61073128139: 59 -51
75484162752: 70 -40
31331350135108: 28 -82
148997885746: 27 -83
93541518640: 46 -64
152088853522: 70 -34
31601194165454: 57 -53
31331350132848: 65 -45
70465911891574: 65 -45
164729952490: 35 -75
104046342248: 51 -59
31331350135252: 27 -83
61073128139: 59 -51
75484162752: 70 -40
31331350135108: 28 -82
148997885746: 27 -83
93541518640: 46 -64
152088853522: 70 -32
31601194165454: 57 -53
31331350132848: 64 -46
70465911891574: 65 -45
164729952490: 39 -71
104046342248: 56 -54
31331350135252: 27 -83
61073128139: 61 -49
75484162752: 68 -42
31331350135108: 26 -84
148997885746: 25 -85
93541518640: 46 -64
152088853522: 70 -32
31601194165454: 57 -53
31331350132848: 64 -46
70465911891574: 65 -45
164729952490: 39 -71
104046342248: 56 -54
31331350135252: 27 -83
61073128139: 61 -49
75484162752: 68 -42
31331350135108: 26 -84
148997885746: 25 -85
93541518640: 46 -64
152088853522: 70 -36
31601194165454: 57 -53
31331350132848: 64 -46
70465911891574: 65 -45
164729952490: 39 -71
104046342248: 56 -54
31331350135252: 27 -83
61073128139: 61 -49
75484162752: 68 -42
31331350135108: 26 -84
148997885746: 25 -85
93541518640: 46 -64
152088853522: 70 -32
31601194165454: 57 -53
31331350132848: 64 -46
70465911891574: 65 -45
164729952490: 39 -71
104046342248: 56 -54
31331350135252: 27 -83
61073128139: 61 -49
75484162752: 68 -42
31331350135108: 26 -84
148997885746: 25 -85
93541518640: 46 -64
152088853522: 70 -32
31601194165454: 57 -53
31331350132848: 64 -46
70465911891574: 65 -45
164729952490: 39 -71
104046342248: 56 -54
31331350135252: 27 -83
61073128139: 61 -49
75484162752: 68 -42
31331350135108: 26 -84
148997885746: 25 -85
93541518640: 46 -64
152088853522: 70 -33
31601194165454: 57 -53
31331350132848: 64 -46
70465911891574: 65 -45
164729952490: 39 -71
104046342248: 56 -54
31331350135252: 27 -83
61073128139: 61 -49
75484162752: 68 -42
31331350135108: 26 -84
148997885746: 25 -85
93541518640: 46 -64
152088853522: 70 -32
31601194165454: 57 -53
31331350132848: 64 -46
70465911891574: 65 -45
164729952490: 39 -71
104046342248: 56 -54
31331350135252: 27 -83
61073128139: 61 -49
75484162752: 68 -42
31331350135108: 26 -84
148997885746: 25 -85
93541518640: 46 -64
152088853522: 70 -31
31601194165454: 57 -53
31331350132848: 64 -46
70465911891574: 65 -45
164729952490: 39 -71
104046342248: 56 -54
31331350135252: 27 -83
61073128139: 61 -49
75484162752: 68 -42
31331350135108: 26 -84
148997885746: 25 -85
93541518640: 46 -64
152088853522: 70 -33
31601194165454: 57 -53
31331350132848: 64 -46
70465911891574: 65 -45
164729952490: 39 -71
104046342248: 56 -54
31331350135252: 27 -83
61073128139: 61 -49
75484162752: 68 -42
31331350135108: 26 -84
148997885746: 25 -85
93541518640: 46 -64
152088853522: 70 -35
31601194165454: 53 -57
31331350132848: 62 -48
70465911891574: 65 -45
164729952490: 41 -69
104046342248: 61 -49
31331350135252: 27 -83
61073128139: 59 -51
75484162752: 66 -44
31331350135108: 39 -71
148997885746: 25 -85
93541518640: 46 -64
152088853522: 70 -33
31601194165454: 53 -57
31331350132848: 62 -48
70465911891574: 65 -45
164729952490: 41 -69
104046342248: 61 -49
31331350135252: 27 -83
61073128139: 59 -51
75484162752: 66 -44
31331350135108: 39 -71
148997885746: 25 -85
93541518640: 46 -64
152088853522: 70 -32
31601194165454: 53 -57
31331350132848: 62 -48
70465911891574: 65 -45
164729952490: 41 -69
104046342248: 61 -49
31331350135252: 27 -83
61073128139: 59 -51
75484162752: 66 -44
31331350135108: 39 -71
148997885746: 25 -85
93541518640: 46 -64
152088853522: 70 -32
31601194165454: 53 -57
31331350132848: 62 -48
70465911891574: 65 -45
164729952490: 41 -69
104046342248: 61 -49
31331350135252: 27 -83
61073128139: 59 -51
75484162752: 66 -44
31331350135108: 39 -71
148997885746: 25 -85
93541518640: 46 -64
152088853522: 70 -31
31601194165454: 53 -57
31331350132848: 62 -48
70465911891574: 65 -45
164729952490: 41 -69
104046342248: 61 -49
31331350135252: 27 -83
61073128139: 59 -51
75484162752: 66 -44
31331350135108: 39 -71
148997885746: 25 -85
93541518640: 46 -64
152088853522: 70 -32
31601194165454: 53 -57
31331350132848: 62 -48
70465911891574: 65 -45
164729952490: 41 -69
104046342248: 61 -49
31331350135252: 27 -83
61073128139: 59 -51
75484162752: 66 -44
31331350135108: 39 -71
148997885746: 25 -85
93541518640: 46 -64
152088853522: 70 -33
31601194165454: 53 -57
31331350132848: 62 -48
70465911891574: 65 -45
164729952490: 41 -69
104046342248: 61 -49
31331350135252: 27 -83
61073128139: 59 -51
75484162752: 66 -44
31331350135108: 39 -71
148997885746: 25 -85
93541518640: 46 -64
152088853522: 70 -33
31601194165454: 53 -57
31331350132848: 62 -48
70465911891574: 65 -45
164729952490: 41 -69
104046342248: 61 -49
31331350135252: 27 -83
61073128139: 59 -51
75484162752: 66 -44
31331350135108: 39 -71
148997885746: 25 -85
93541518640: 46 -64
152088853522: 70 -35
31601194165454: 53 -57
31331350132848: 62 -48
70465911891574: 65 -45
164729952490: 41 -69
104046342248: 61 -49
31331350135252: 27 -83
61073128139: 59 -51
75484162752: 66 -44
31331350135108: 39 -71
148997885746: 25 -85
93541518640: 46 -64
152088853522: 70 -34
31601194165454: 55 -55
31331350132848: 62 -48
70465911891574: 63 -47
164729952490: 41 -69
104046342248: 56 -54
31331350135252: 27 -83
61073128139: 67 -43
75484162752: 70 -37
31331350135108: 38 -72
148997885746: 30 -80
93541518640: 46 -64
152088853522: 70 -36
31601194165454: 55 -55
31331350132848: 62 -48
70465911891574: 63 -47
164729952490: 41 -69
104046342248: 56 -54
31331350135252: 27 -83
61073128139: 67 -43
75484162752: 70 -37
31331350135108: 38 -72
148997885746: 30 -80
93541518640: 46 -64
152088853522: 70 -34
31601194165454: 55 -55
31331350132848: 62 -48
70465911891574: 63 -47
164729952490: 41 -69
104046342248: 56 -54
31331350135252: 27 -83
61073128139: 67 -43
75484162752: 70 -37
31331350135108: 38 -72
148997885746: 30 -80
93541518640: 46 -64
152088853522: 70 -34
31601194165454: 55 -55
31331350132848: 62 -48
70465911891574: 63 -47
164729952490: 41 -69
104046342248: 56 -54
31331350135252: 27 -83
61073128139: 67 -43
75484162752: 70 -37
31331350135108: 38 -72
148997885746: 30 -80
93541518640: 46 -64
152088853522: 70 -33
31601194165454: 55 -55
31331350132848: 62 -48
70465911891574: 63 -47
164729952490: 41 -69
104046342248: 56 -54
31331350135252: 27 -83
61073128139: 67 -43
75484162752: 70 -37
31331350135108: 38 -72
148997885746: 30 -80
93541518640: 46 -64
152088853522: 70 -33
31601194165454: 55 -55
31331350132848: 62 -48
70465911891574: 63 -47
164729952490: 41 -69
104046342248: 56 -54
31331350135252: 27 -83
61073128139: 67 -43
75484162752: 70 -37
31331350135108: 38 -72
148997885746: 30 -80
93541518640: 46 -64
152088853522: 70 -34
31601194165454: 55 -55
31331350132848: 62 -48
70465911891574: 63 -47
164729952490: 41 -69
104046342248: 56 -54
31331350135252: 27 -83
61073128139: 67 -43
75484162752: 70 -37
31331350135108: 38 -72
148997885746: 30 -80
93541518640: 46 -64
152088853522: 70 -35
31601194165454: 55 -55
31331350132848: 62 -48
70465911891574: 63 -47
164729952490: 41 -69
104046342248: 56 -54
31331350135252: 27 -83
61073128139: 67 -43
75484162752: 70 -37
31331350135108: 38 -72
148997885746: 30 -80
93541518640: 46 -64
152088853522: 70 -36
31601194165454: 55 -55
31331350132848: 62 -48
70465911891574: 63 -47
164729952490: 41 -69
104046342248: 56 -54
31331350135252: 27 -83
61073128139: 67 -43
75484162752: 70 -37
31331350135108: 38 -72
148997885746: 30 -80
93541518640: 46 -64
152088853522: 70 -36
31601194165454: 54 -56
31331350132848: 62 -48
70465911891574: 21 -89
164729952490: 38 -72
104046342248: 54 -56
31331350135252: 27 -83
61073128139: 59 -51
75484162752: 62 -48
31331350135108: 38 -72
148997885746: 22 -88
93541518640: 46 -64
152088853522: 70 -34
31601194165454: 54 -56
31331350132848: 62 -48
70465911891574: 21 -89
164729952490: 38 -72
104046342248: 54 -56
31331350135252: 27 -83
61073128139: 59 -51
75484162752: 62 -48
31331350135108: 38 -72
148997885746: 22 -88
93541518640: 46 -64
152088853522: 70 -34
31601194165454: 54 -56
31331350132848: 62 -48
70465911891574: 21 -89
164729952490: 38 -72
104046342248: 54 -56
31331350135252: 27 -83
61073128139: 59 -51
75484162752: 62 -48
31331350135108: 38 -72
148997885746: 22 -88
93541518640: 46 -64
152088853522: 70 -34
31601194165454: 54 -56
31331350132848: 62 -48
70465911891574: 21 -89
164729952490: 38 -72
104046342248: 54 -56
31331350135252: 27 -83
61073128139: 59 -51
75484162752: 62 -48
31331350135108: 38 -72
148997885746: 22 -88
93541518640: 46 -64
152088853522: 70 -33
31601194165454: 54 -56
31331350132848: 62 -48
70465911891574: 21 -89
164729952490: 38 -72
104046342248: 54 -56
31331350135252: 27 -83
61073128139: 59 -51
75484162752: 62 -48
31331350135108: 38 -72
148997885746: 22 -88
93541518640: 46 -64
152088853522: 70 -37
31601194165454: 54 -56
31331350132848: 62 -48
70465911891574: 21 -89
164729952490: 38 -72
104046342248: 54 -56
31331350135252: 27 -83
61073128139: 59 -51
75484162752: 62 -48
31331350135108: 38 -72
148997885746: 22 -88
93541518640: 46 -64
152088853522: 70 -36
31601194165454: 54 -56
31331350132848: 62 -48
70465911891574: 21 -89
164729952490: 38 -72
104046342248: 54 -56
31331350135252: 27 -83
61073128139: 59 -51
75484162752: 62 -48
31331350135108: 38 -72
148997885746: 22 -88
93541518640: 46 -64
152088853522: 70 -33
31601194165454: 54 -56
31331350132848: 62 -48
70465911891574: 21 -89
164729952490: 38 -72
104046342248: 54 -56
31331350135252: 27 -83
61073128139: 59 -51
75484162752: 62 -48
31331350135108: 38 -72
148997885746: 22 -88
93541518640: 46 -64
152088853522: 70 -37
31601194165454: 54 -56
31331350132848: 62 -48
70465911891574: 21 -89
164729952490: 38 -72
104046342248: 54 -56
31331350135252: 27 -83
61073128139: 59 -51
75484162752: 62 -48
31331350135108: 38 -72
148997885746: 22 -88
93541518640: 46 -64
152088853522: 70 -36
31601194165454: 51 -59
31331350132848: 59 -51
70465911891574: 21 -89
164729952490: 38 -72
104046342248: 59 -51
31331350135252: 30 -80
61073128139: 62 -48
75484162752: 70 -38
31331350135108: 32 -78
148997885746: 31 -79
152088853522: 70 -32
31601194165454: 51 -59
31331350132848: 59 -51
70465911891574: 21 -89
164729952490: 38 -72
104046342248: 59 -51
31331350135252: 30 -80
61073128139: 62 -48
75484162752: 70 -38
31331350135108: 32 -78
148997885746: 31 -79
152088853522: 70 -36
31601194165454: 51 -59
31331350132848: 59 -51
70465911891574: 21 -89
164729952490: 38 -72
104046342248: 59 -51
31331350135252: 30 -80
61073128139: 62 -48
75484162752: 70 -38
31331350135108: 32 -78
148997885746: 31 -79
152088853522: 70 -35
31601194165454: 51 -59
31331350132848: 59 -51
70465911891574: 21 -89
164729952490: 38 -72
104046342248: 59 -51
31331350135252: 30 -80
61073128139: 62 -48
75484162752: 70 -38
31331350135108: 32 -78
148997885746: 31 -79
152088853522: 70 -33
31601194165454: 51 -59
31331350132848: 59 -51
70465911891574: 21 -89
164729952490: 38 -72
104046342248: 59 -51
31331350135252: 30 -80
61073128139: 62 -48
75484162752: 70 -38
31331350135108: 32 -78
148997885746: 31 -79
152088853522: 70 -33
31601194165454: 51 -59
31331350132848: 59 -51
70465911891574: 21 -89
164729952490: 38 -72
104046342248: 59 -51
31331350135252: 30 -80
61073128139: 62 -48
75484162752: 70 -38
31331350135108: 32 -78
148997885746: 31 -79
152088853522: 70 -35
31601194165454: 51 -59
31331350132848: 59 -51
70465911891574: 21 -89
164729952490: 38 -72
104046342248: 59 -51
31331350135252: 30 -80
61073128139: 62 -48
75484162752: 70 -38
31331350135108: 32 -78
148997885746: 31 -79
152088853522: 70 -38
31601194165454: 51 -59
31331350132848: 59 -51
70465911891574: 21 -89
164729952490: 38 -72
104046342248: 59 -51
31331350135252: 30 -80
61073128139: 62 -48
75484162752: 70 -38
31331350135108: 32 -78
148997885746: 31 -79
152088853522: 70 -33
31601194165454: 51 -59
31331350132848: 59 -51
70465911891574: 21 -89
164729952490: 38 -72
104046342248: 59 -51
31331350135252: 30 -80
61073128139: 62 -48
75484162752: 70 -38
31331350135108: 32 -78
148997885746: 31 -79
152088853522: 70 -33
31601194165454: 48 -62
31331350132848: 62 -48
70465911891574: 65 -45
164729952490: 43 -67
104046342248: 54 -56
31331350135252: 30 -80
61073128139: 59 -51
75484162752: 68 -42
31331350135108: 29 -81
148997885746: 35 -75
152088853522: 70 -35
31601194165454: 48 -62
31331350132848: 62 -48
70465911891574: 65 -45
164729952490: 43 -67
104046342248: 54 -56
31331350135252: 30 -80
61073128139: 59 -51
75484162752: 68 -42
31331350135108: 29 -81
148997885746: 35 -75
152088853522: 70 -33
31601194165454: 48 -62
31331350132848: 62 -48
70465911891574: 65 -45
164729952490: 43 -67
104046342248: 54 -56
31331350135252: 30 -80
61073128139: 59 -51
75484162752: 68 -42
31331350135108: 29 -81
148997885746: 35 -75
152088853522: 70 -36
31601194165454: 48 -62
31331350132848: 62 -48
70465911891574: 65 -45
164729952490: 43 -67
104046342248: 54 -56
31331350135252: 30 -80
61073128139: 59 -51
75484162752: 68 -42
31331350135108: 29 -81
148997885746: 35 -75
152088853522: 70 -33
31601194165454: 48 -62
31331350132848: 62 -48
70465911891574: 65 -45
164729952490: 43 -67
104046342248: 54 -56
31331350135252: 30 -80
61073128139: 59 -51
75484162752: 68 -42
31331350135108: 29 -81
148997885746: 35 -75
152088853522: 70 -35
31601194165454: 48 -62
31331350132848: 62 -48
70465911891574: 65 -45
164729952490: 43 -67
104046342248: 54 -56
31331350135252: 30 -80
61073128139: 59 -51
75484162752: 68 -42
31331350135108: 29 -81
148997885746: 35 -75
152088853522: 70 -35
31601194165454: 48 -62
31331350132848: 62 -48
70465911891574: 65 -45
164729952490: 43 -67
104046342248: 54 -56
31331350135252: 30 -80
61073128139: 59 -51
75484162752: 68 -42
31331350135108: 29 -81
148997885746: 35 -75
152088853522: 70 -34
31601194165454: 48 -62
31331350132848: 62 -48
70465911891574: 65 -45
164729952490: 43 -67
104046342248: 54 -56
31331350135252: 30 -80
61073128139: 59 -51
75484162752: 68 -42
31331350135108: 29 -81
148997885746: 35 -75
152088853522: 70 -33
31601194165454: 48 -62
31331350132848: 62 -48
70465911891574: 65 -45
164729952490: 43 -67
104046342248: 54 -56
31331350135252: 30 -80
61073128139: 59 -51
75484162752: 68 -42
31331350135108: 29 -81
148997885746: 35 -75
152088853522: 69 -41
31601194165454: 55 -55
31331350132848: 61 -49
70465911891574: 63 -47
164729952490: 46 -64
104046342248: 53 -57
31331350135252: 30 -80
61073128139: 57 -53
75484162752: 69 -41
31331350135108: 34 -76
148997885746: 27 -83
