31601194165454: 58 -52
70465911891574: 23 -87
104046342248: 59 -51
75484162752: 70 -32
152088853522: 70 -32
61073128139: 40 -70
148997885746: 24 -86
31331350132848: 59 -51
31331350135108: 41 -69
164729952490: 39 -71
93541518640: 41 -69
31331350135252: 35 -75
100848856504: 23 -87
21777614035: 32 -78
31601194165454: 58 -52
70465911891574: 23 -87
104046342248: 59 -51
75484162752: 70 -32
152088853522: 70 -35
61073128139: 40 -70
148997885746: 24 -86
31331350132848: 59 -51
31331350135108: 41 -69
164729952490: 39 -71
93541518640: 41 -69
31331350135252: 35 -75
100848856504: 23 -87
21777614035: 32 -78
31601194165454: 58 -52
70465911891574: 23 -87
104046342248: 59 -51
75484162752: 70 -32
152088853522: 70 -36
61073128139: 40 -70
148997885746: 24 -86
31331350132848: 59 -51
31331350135108: 41 -69
164729952490: 39 -71
93541518640: 41 -69
31331350135252: 35 -75
100848856504: 23 -87
21777614035: 32 -78
31601194165454: 58 -52
70465911891574: 23 -87
104046342248: 59 -51
75484162752: 70 -32
152088853522: 70 -34
61073128139: 40 -70
148997885746: 24 -86
31331350132848: 59 -51
31331350135108: 41 -69
164729952490: 39 -71
93541518640: 41 -69
31331350135252: 35 -75
100848856504: 23 -87
21777614035: 32 -78
31601194165454: 58 -52
70465911891574: 23 -87
104046342248: 59 -51
75484162752: 70 -32
152088853522: 70 -35
61073128139: 40 -70
148997885746: 24 -86
31331350132848: 59 -51
31331350135108: 41 -69
164729952490: 39 -71
93541518640: 41 -69
31331350135252: 35 -75
100848856504: 23 -87
21777614035: 32 -78
31601194165454: 58 -52
70465911891574: 23 -87
104046342248: 59 -51
75484162752: 70 -32
152088853522: 70 -38
61073128139: 40 -70
148997885746: 24 -86
31331350132848: 59 -51
31331350135108: 41 -69
164729952490: 39 -71
93541518640: 41 -69
31331350135252: 35 -75
100848856504: 23 -87
21777614035: 32 -78
31601194165454: 58 -52
70465911891574: 23 -87
104046342248: 59 -51
75484162752: 70 -32
152088853522: 70 -35
61073128139: 40 -70
148997885746: 24 -86
31331350132848: 59 -51
31331350135108: 41 -69
164729952490: 39 -71
93541518640: 41 -69
31331350135252: 35 -75
100848856504: 23 -87
21777614035: 32 -78
31601194165454: 58 -52
70465911891574: 23 -87
104046342248: 59 -51
75484162752: 70 -32
152088853522: 70 -38
61073128139: 40 -70
148997885746: 24 -86
31331350132848: 59 -51
31331350135108: 41 -69
164729952490: 39 -71
93541518640: 41 -69
31331350135252: 35 -75
100848856504: 23 -87
21777614035: 32 -78
31601194165454: 58 -52
70465911891574: 23 -87
104046342248: 59 -51
75484162752: 70 -32
152088853522: 70 -35
61073128139: 40 -70
148997885746: 24 -86
31331350132848: 59 -51
31331350135108: 41 -69
164729952490: 39 -71
93541518640: 41 -69
31331350135252: 35 -75
100848856504: 23 -87
21777614035: 32 -78
31601194165454: 54 -56
70465911891574: 23 -87
104046342248: 55 -55
75484162752: 69 -41
152088853522: 70 -37
61073128139: 49 -61
148997885746: 30 -80
31331350132848: 59 -51
31331350135108: 45 -65
164729952490: 44 -66
93541518640: 36 -74
31331350135252: 35 -75
100848856504: 23 -87
21777614035: 32 -78
31601194165454: 54 -56
70465911891574: 23 -87
104046342248: 55 -55
75484162752: 69 -41
152088853522: 70 -37
61073128139: 49 -61
148997885746: 30 -80
31331350132848: 59 -51
31331350135108: 45 -65
164729952490: 44 -66
93541518640: 36 -74
31331350135252: 35 -75
100848856504: 23 -87
21777614035: 32 -78
31601194165454: 54 -56
70465911891574: 23 -87
104046342248: 55 -55
75484162752: 69 -41
152088853522: 70 -33
61073128139: 49 -61
148997885746: 30 -80
31331350132848: 59 -51
31331350135108: 45 -65
164729952490: 44 -66
93541518640: 36 -74
31331350135252: 35 -75
100848856504: 23 -87
21777614035: 32 -78
31601194165454: 54 -56
70465911891574: 23 -87
104046342248: 55 -55
75484162752: 69 -41
152088853522: 70 -33
61073128139: 49 -61
148997885746: 30 -80
31331350132848: 59 -51
31331350135108: 45 -65
164729952490: 44 -66
93541518640: 36 -74
31331350135252: 35 -75
100848856504: 23 -87
21777614035: 32 -78
31601194165454: 54 -56
70465911891574: 23 -87
104046342248: 55 -55
75484162752: 69 -41
152088853522: 70 -36
61073128139: 49 -61
148997885746: 30 -80
31331350132848: 59 -51
31331350135108: 45 -65
164729952490: 44 -66
93541518640: 36 -74
31331350135252: 35 -75
100848856504: 23 -87
21777614035: 32 -78
31601194165454: 54 -56
70465911891574: 23 -87
104046342248: 55 -55
75484162752: 69 -41
152088853522: 70 -37
61073128139: 49 -61
148997885746: 30 -80
31331350132848: 59 -51
31331350135108: 45 -65
164729952490: 44 -66
93541518640: 36 -74
31331350135252: 35 -75
100848856504: 23 -87
21777614035: 32 -78
31601194165454: 54 -56
70465911891574: 23 -87
104046342248: 55 -55
75484162752: 69 -41
152088853522: 70 -35
61073128139: 49 -61
148997885746: 30 -80
31331350132848: 59 -51
31331350135108: 45 -65
164729952490: 44 -66
93541518640: 36 -74
31331350135252: 35 -75
100848856504: 23 -87
21777614035: 32 -78
31601194165454: 54 -56
70465911891574: 23 -87
104046342248: 55 -55
75484162752: 69 -41
152088853522: 70 -36
61073128139: 49 -61
148997885746: 30 -80
31331350132848: 59 -51
31331350135108: 45 -65
164729952490: 44 -66
93541518640: 36 -74
31331350135252: 35 -75
100848856504: 23 -87
21777614035: 32 -78
31601194165454: 54 -56
70465911891574: 23 -87
104046342248: 55 -55
75484162752: 69 -41
152088853522: 70 -38
61073128139: 49 -61
148997885746: 30 -80
31331350132848: 59 -51
31331350135108: 45 -65
164729952490: 44 -66
93541518640: 36 -74
31331350135252: 35 -75
100848856504: 23 -87
21777614035: 32 -78
31601194165454: 54 -56
70465911891574: 26 -84
104046342248: 65 -45
75484162752: 70 -34
152088853522: 70 -33
61073128139: 57 -53
148997885746: 32 -78
31331350132848: 57 -53
31331350135108: 45 -65
164729952490: 46 -64
93541518640: 41 -69
31331350135252: 40 -70
100848856504: 23 -87
21777614035: 32 -78
31601194165454: 54 -56
70465911891574: 26 -84
104046342248: 65 -45
75484162752: 70 -34
152088853522: 70 -35
61073128139: 57 -53
148997885746: 32 -78
31331350132848: 57 -53
31331350135108: 45 -65
164729952490: 46 -64
93541518640: 41 -69
31331350135252: 40 -70
100848856504: 23 -87
21777614035: 32 -78
31601194165454: 54 -56
70465911891574: 26 -84
104046342248: 65 -45
75484162752: 70 -34
152088853522: 70 -32
61073128139: 57 -53
148997885746: 32 -78
31331350132848: 57 -53
31331350135108: 45 -65
164729952490: 46 -64
93541518640: 41 -69
31331350135252: 40 -70
100848856504: 23 -87
21777614035: 32 -78
31601194165454: 54 -56
70465911891574: 26 -84
104046342248: 65 -45
75484162752: 70 -34
152088853522: 70 -30
61073128139: 57 -53
148997885746: 32 -78
31331350132848: 57 -53
31331350135108: 45 -65
164729952490: 46 -64
93541518640: 41 -69
31331350135252: 40 -70
100848856504: 23 -87
21777614035: 32 -78
31601194165454: 54 -56
70465911891574: 26 -84
104046342248: 65 -45
75484162752: 70 -34
152088853522: 70 -38
61073128139: 57 -53
148997885746: 32 -78
31331350132848: 57 -53
31331350135108: 45 -65
164729952490: 46 -64
93541518640: 41 -69
31331350135252: 40 -70
100848856504: 23 -87
21777614035: 32 -78
31601194165454: 54 -56
70465911891574: 26 -84
104046342248: 65 -45
75484162752: 70 -34
152088853522: 70 -40
61073128139: 57 -53
148997885746: 32 -78
31331350132848: 57 -53
31331350135108: 45 -65
164729952490: 46 -64
93541518640: 41 -69
31331350135252: 40 -70
100848856504: 23 -87
21777614035: 32 -78
31601194165454: 54 -56
70465911891574: 26 -84
104046342248: 65 -45
75484162752: 70 -34
152088853522: 70 -36
61073128139: 57 -53
148997885746: 32 -78
31331350132848: 57 -53
31331350135108: 45 -65
164729952490: 46 -64
93541518640: 41 -69
31331350135252: 40 -70
100848856504: 23 -87
21777614035: 32 -78
31601194165454: 54 -56
70465911891574: 26 -84
104046342248: 65 -45
75484162752: 70 -34
152088853522: 70 -35
61073128139: 57 -53
148997885746: 32 -78
31331350132848: 57 -53
31331350135108: 45 -65
164729952490: 46 -64
93541518640: 41 -69
31331350135252: 40 -70
100848856504: 23 -87
21777614035: 32 -78
31601194165454: 54 -56
70465911891574: 26 -84
104046342248: 65 -45
75484162752: 70 -34
152088853522: 70 -34
61073128139: 57 -53
148997885746: 32 -78
31331350132848: 57 -53
31331350135108: 45 -65
164729952490: 46 -64
93541518640: 41 -69
31331350135252: 40 -70
100848856504: 23 -87
21777614035: 32 -78
31601194165454: 49 -61
70465911891574: 58 -52
104046342248: 63 -47
75484162752: 70 -34
152088853522: 70 -36
61073128139: 55 -55
148997885746: 36 -74
31331350132848: 63 -47
31331350135108: 45 -65
164729952490: 42 -68
93541518640: 41 -69
31331350135252: 40 -70
100848856504: 23 -87
21777614035: 32 -78
82795547636: 19 -91
31601194165454: 49 -61
70465911891574: 58 -52
104046342248: 63 -47
75484162752: 70 -34
152088853522: 70 -36
61073128139: 55 -55
148997885746: 36 -74
31331350132848: 63 -47
31331350135108: 45 -65
164729952490: 42 -68
93541518640: 41 -69
31331350135252: 40 -70
100848856504: 23 -87
21777614035: 32 -78
82795547636: 19 -91
31601194165454: 49 -61
70465911891574: 58 -52
104046342248: 63 -47
75484162752: 70 -34
152088853522: 70 -40
61073128139: 55 -55
148997885746: 36 -74
31331350132848: 63 -47
31331350135108: 45 -65
164729952490: 42 -68
93541518640: 41 -69
31331350135252: 40 -70
100848856504: 23 -87
21777614035: 32 -78
82795547636: 19 -91
31601194165454: 49 -61
70465911891574: 58 -52
104046342248: 63 -47
75484162752: 70 -34
152088853522: 70 -38
61073128139: 55 -55
148997885746: 36 -74
31331350132848: 63 -47
31331350135108: 45 -65
164729952490: 42 -68
93541518640: 41 -69
31331350135252: 40 -70
100848856504: 23 -87
21777614035: 32 -78
82795547636: 19 -91
31601194165454: 49 -61
70465911891574: 58 -52
104046342248: 63 -47
75484162752: 70 -34
152088853522: 70 -33
61073128139: 55 -55
148997885746: 36 -74
31331350132848: 63 -47
31331350135108: 45 -65
164729952490: 42 -68
93541518640: 41 -69
31331350135252: 40 -70
100848856504: 23 -87
21777614035: 32 -78
82795547636: 19 -91
31601194165454: 49 -61
70465911891574: 58 -52
104046342248: 63 -47
75484162752: 70 -34
152088853522: 70 -35
61073128139: 55 -55
148997885746: 36 -74
31331350132848: 63 -47
31331350135108: 45 -65
164729952490: 42 -68
93541518640: 41 -69
31331350135252: 40 -70
100848856504: 23 -87
21777614035: 32 -78
82795547636: 19 -91
31601194165454: 49 -61
70465911891574: 58 -52
104046342248: 63 -47
75484162752: 70 -34
152088853522: 70 -38
61073128139: 55 -55
148997885746: 36 -74
31331350132848: 63 -47
31331350135108: 45 -65
164729952490: 42 -68
93541518640: 41 -69
31331350135252: 40 -70
100848856504: 23 -87
21777614035: 32 -78
82795547636: 19 -91
31601194165454: 49 -61
70465911891574: 58 -52
104046342248: 63 -47
75484162752: 70 -34
152088853522: 70 -38
61073128139: 55 -55
148997885746: 36 -74
31331350132848: 63 -47
31331350135108: 45 -65
164729952490: 42 -68
93541518640: 41 -69
31331350135252: 40 -70
100848856504: 23 -87
21777614035: 32 -78
82795547636: 19 -91
31601194165454: 49 -61
70465911891574: 58 -52
104046342248: 63 -47
75484162752: 70 -34
152088853522: 70 -36
61073128139: 55 -55
148997885746: 36 -74
31331350132848: 63 -47
31331350135108: 45 -65
164729952490: 42 -68
93541518640: 41 -69
31331350135252: 40 -70
100848856504: 23 -87
21777614035: 32 -78
82795547636: 19 -91
31601194165454: 58 -52
70465911891574: 22 -88
104046342248: 56 -54
75484162752: 63 -47
152088853522: 70 -38
61073128139: 57 -53
148997885746: 36 -74
31331350132848: 57 -53
31331350135108: 44 -66
164729952490: 42 -68
93541518640: 41 -69
31331350135252: 43 -67
100848856504: 23 -87
21777614035: 32 -78
82795547636: 19 -91
31601194165454: 58 -52
70465911891574: 22 -88
104046342248: 56 -54
75484162752: 63 -47
152088853522: 70 -39
61073128139: 57 -53
148997885746: 36 -74
31331350132848: 57 -53
31331350135108: 44 -66
164729952490: 42 -68
93541518640: 41 -69
31331350135252: 43 -67
100848856504: 23 -87
21777614035: 32 -78
82795547636: 19 -91
31601194165454: 58 -52
70465911891574: 22 -88
104046342248: 56 -54
75484162752: 63 -47
152088853522: 67 -43
61073128139: 57 -53
148997885746: 36 -74
31331350132848: 57 -53
31331350135108: 44 -66
164729952490: 42 -68
93541518640: 41 -69
31331350135252: 43 -67
82795547636: 19 -91
31601194165454: 58 -52
70465911891574: 22 -88
104046342248: 56 -54
75484162752: 63 -47
152088853522: 70 -38
61073128139: 57 -53
148997885746: 36 -74
31331350132848: 57 -53
31331350135108: 44 -66
164729952490: 42 -68
93541518640: 41 -69
31331350135252: 43 -67
82795547636: 19 -91
31601194165454: 58 -52
70465911891574: 22 -88
104046342248: 56 -54
75484162752: 63 -47
152088853522: 70 -36
61073128139: 57 -53
148997885746: 36 -74
31331350132848: 57 -53
31331350135108: 44 -66
164729952490: 42 -68
93541518640: 41 -69
31331350135252: 43 -67
82795547636: 19 -91
31601194165454: 58 -52
70465911891574: 22 -88
104046342248: 56 -54
75484162752: 63 -47
152088853522: 70 -40
61073128139: 57 -53
148997885746: 36 -74
31331350132848: 57 -53
31331350135108: 44 -66
164729952490: 42 -68
93541518640: 41 -69
31331350135252: 43 -67
82795547636: 19 -91
31601194165454: 58 -52
70465911891574: 22 -88
104046342248: 56 -54
75484162752: 63 -47
152088853522: 70 -39
61073128139: 57 -53
148997885746: 36 -74
31331350132848: 57 -53
31331350135108: 44 -66
164729952490: 42 -68
93541518640: 41 -69
31331350135252: 43 -67
82795547636: 19 -91
31601194165454: 58 -52
70465911891574: 22 -88
104046342248: 56 -54
75484162752: 63 -47
152088853522: 70 -38
61073128139: 57 -53
148997885746: 36 -74
31331350132848: 57 -53
31331350135108: 44 -66
164729952490: 42 -68
93541518640: 41 -69
31331350135252: 43 -67
82795547636: 19 -91
31601194165454: 58 -52
70465911891574: 22 -88
104046342248: 56 -54
75484162752: 63 -47
152088853522: 70 -35
61073128139: 57 -53
148997885746: 36 -74
31331350132848: 57 -53
31331350135108: 44 -66
164729952490: 42 -68
93541518640: 41 -69
31331350135252: 43 -67
82795547636: 19 -91
31601194165454: 52 -58
70465911891574: 32 -78
104046342248: 63 -47
75484162752: 69 -41
152088853522: 70 -31
61073128139: 55 -55
148997885746: 22 -88
31331350132848: 57 -53
31331350135108: 45 -65
164729952490: 40 -70
93541518640: 39 -71
31331350135252: 43 -67
82795547636: 19 -91
31601194165454: 52 -58
70465911891574: 32 -78
104046342248: 63 -47
75484162752: 69 -41
152088853522: 66 -44
61073128139: 55 -55
148997885746: 22 -88
31331350132848: 57 -53
31331350135108: 45 -65
164729952490: 40 -70
93541518640: 39 -71
31331350135252: 43 -67
82795547636: 19 -91
31601194165454: 52 -58
70465911891574: 32 -78
104046342248: 63 -47
75484162752: 69 -41
152088853522: 70 -34
61073128139: 55 -55
148997885746: 22 -88
31331350132848: 57 -53
31331350135108: 45 -65
164729952490: 40 -70
93541518640: 39 -71
31331350135252: 43 -67
82795547636: 19 -91
31601194165454: 52 -58
70465911891574: 32 -78
104046342248: 63 -47
75484162752: 69 -41
152088853522: 70 -31
61073128139: 55 -55
148997885746: 22 -88
31331350132848: 57 -53
31331350135108: 45 -65
164729952490: 40 -70
93541518640: 39 -71
31331350135252: 43 -67
82795547636: 19 -91
31601194165454: 52 -58
70465911891574: 32 -78
104046342248: 63 -47
75484162752: 69 -41
152088853522: 70 -30
61073128139: 55 -55
148997885746: 22 -88
31331350132848: 57 -53
31331350135108: 45 -65
164729952490: 40 -70
93541518640: 39 -71
31331350135252: 43 -67
82795547636: 19 -91
31601194165454: 52 -58
70465911891574: 32 -78
104046342248: 63 -47
75484162752: 69 -41
152088853522: 70 -35
61073128139: 55 -55
148997885746: 22 -88
31331350132848: 57 -53
31331350135108: 45 -65
164729952490: 40 -70
93541518640: 39 -71
31331350135252: 43 -67
82795547636: 19 -91
31601194165454: 52 -58
70465911891574: 32 -78
104046342248: 63 -47
75484162752: 69 -41
152088853522: 70 -30
61073128139: 55 -55
148997885746: 22 -88
31331350132848: 57 -53
31331350135108: 45 -65
164729952490: 40 -70
93541518640: 39 -71
31331350135252: 43 -67
82795547636: 19 -91
31601194165454: 52 -58
70465911891574: 32 -78
104046342248: 63 -47
75484162752: 69 -41
152088853522: 70 -33
61073128139: 55 -55
148997885746: 22 -88
31331350132848: 57 -53
31331350135108: 45 -65
164729952490: 40 -70
93541518640: 39 -71
31331350135252: 43 -67
82795547636: 19 -91
31601194165454: 52 -58
70465911891574: 32 -78
104046342248: 63 -47
75484162752: 69 -41
152088853522: 70 -35
61073128139: 55 -55
148997885746: 22 -88
31331350132848: 57 -53
31331350135108: 45 -65
164729952490: 40 -70
93541518640: 39 -71
31331350135252: 43 -67
82795547636: 19 -91
31601194165454: 52 -58
70465911891574: 24 -86
104046342248: 62 -48
75484162752: 65 -45
152088853522: 70 -38
61073128139: 52 -58
148997885746: 35 -75
31331350132848: 58 -52
31331350135108: 42 -68
164729952490: 38 -72
93541518640: 39 -71
31331350135252: 40 -70
82795547636: 19 -91
31601194165454: 52 -58
70465911891574: 24 -86
104046342248: 62 -48
75484162752: 65 -45
152088853522: 70 -34
61073128139: 52 -58
148997885746: 35 -75
31331350132848: 58 -52
31331350135108: 42 -68
164729952490: 38 -72
93541518640: 39 -71
31331350135252: 40 -70
82795547636: 19 -91
31601194165454: 52 -58
70465911891574: 24 -86
104046342248: 62 -48
75484162752: 65 -45
152088853522: 70 -38
61073128139: 52 -58
148997885746: 35 -75
31331350132848: 58 -52
31331350135108: 42 -68
164729952490: 38 -72
93541518640: 39 -71
31331350135252: 40 -70
82795547636: 19 -91
31601194165454: 52 -58
70465911891574: 24 -86
104046342248: 62 -48
75484162752: 65 -45
152088853522: 70 -39
61073128139: 52 -58
148997885746: 35 -75
31331350132848: 58 -52
31331350135108: 42 -68
164729952490: 38 -72
93541518640: 39 -71
31331350135252: 40 -70
82795547636: 19 -91
31601194165454: 52 -58
70465911891574: 24 -86
104046342248: 62 -48
75484162752: 65 -45
152088853522: 70 -33
61073128139: 52 -58
148997885746: 35 -75
31331350132848: 58 -52
31331350135108: 42 -68
164729952490: 38 -72
93541518640: 39 -71
31331350135252: 40 -70
82795547636: 19 -91
31601194165454: 52 -58
70465911891574: 24 -86
104046342248: 62 -48
75484162752: 65 -45
152088853522: 70 -39
61073128139: 52 -58
148997885746: 35 -75
31331350132848: 58 -52
31331350135108: 42 -68
164729952490: 38 -72
93541518640: 39 -71
31331350135252: 40 -70
82795547636: 19 -91
31601194165454: 52 -58
70465911891574: 24 -86
104046342248: 62 -48
75484162752: 65 -45
152088853522: 70 -36
61073128139: 52 -58
148997885746: 35 -75
31331350132848: 58 -52
31331350135108: 42 -68
164729952490: 38 -72
93541518640: 39 -71
31331350135252: 40 -70
82795547636: 19 -91
31601194165454: 52 -58
70465911891574: 24 -86
104046342248: 62 -48
75484162752: 65 -45
152088853522: 70 -39
61073128139: 52 -58
148997885746: 35 -75
31331350132848: 58 -52
31331350135108: 42 -68
164729952490: 38 -72
93541518640: 39 -71
31331350135252: 40 -70
82795547636: 19 -91
31601194165454: 52 -58
70465911891574: 24 -86
104046342248: 62 -48
75484162752: 65 -45
152088853522: 70 -27
61073128139: 52 -58
148997885746: 35 -75
31331350132848: 58 -52
31331350135108: 42 -68
164729952490: 38 -72
93541518640: 39 -71
31331350135252: 40 -70
82795547636: 19 -91
31601194165454: 55 -55
70465911891574: 22 -88
104046342248: 55 -55
75484162752: 63 -47
152088853522: 70 -35
61073128139: 57 -53
148997885746: 34 -76
31331350132848: 57 -53
31331350135108: 42 -68
164729952490: 38 -72
93541518640: 39 -71
31331350135252: 41 -69
82795547636: 19 -91
27279809849: 22 -88
31601194165454: 55 -55
70465911891574: 22 -88
104046342248: 55 -55
75484162752: 63 -47
152088853522: 70 -33
61073128139: 57 -53
148997885746: 34 -76
31331350132848: 57 -53
31331350135108: 42 -68
164729952490: 38 -72
93541518640: 39 -71
31331350135252: 41 -69
82795547636: 19 -91
27279809849: 22 -88
31601194165454: 55 -55
70465911891574: 22 -88
104046342248: 55 -55
75484162752: 63 -47
152088853522: 70 -36
61073128139: 57 -53
148997885746: 34 -76
31331350132848: 57 -53
31331350135108: 42 -68
164729952490: 38 -72
93541518640: 39 -71
31331350135252: 41 -69
82795547636: 19 -91
27279809849: 22 -88
31601194165454: 55 -55
70465911891574: 22 -88
104046342248: 55 -55
75484162752: 63 -47
152088853522: 70 -35
61073128139: 57 -53
148997885746: 34 -76
31331350132848: 57 -53
31331350135108: 42 -68
164729952490: 38 -72
93541518640: 39 -71
31331350135252: 41 -69
27279809849: 22 -88
31601194165454: 55 -55
70465911891574: 22 -88
104046342248: 55 -55
75484162752: 63 -47
152088853522: 70 -33
61073128139: 57 -53
148997885746: 34 -76
31331350132848: 57 -53
31331350135108: 42 -68
164729952490: 38 -72
93541518640: 39 -71
31331350135252: 41 -69
27279809849: 22 -88
31601194165454: 55 -55
70465911891574: 22 -88
104046342248: 55 -55
75484162752: 63 -47
152088853522: 70 -36
61073128139: 57 -53
148997885746: 34 -76
31331350132848: 57 -53
31331350135108: 42 -68
164729952490: 38 -72
93541518640: 39 -71
31331350135252: 41 -69
27279809849: 22 -88
31601194165454: 55 -55
70465911891574: 22 -88
104046342248: 55 -55
75484162752: 63 -47
152088853522: 70 -36
61073128139: 57 -53
148997885746: 34 -76
31331350132848: 57 -53
31331350135108: 42 -68
164729952490: 38 -72
93541518640: 39 -71
31331350135252: 41 -69
27279809849: 22 -88
31601194165454: 55 -55
70465911891574: 22 -88
104046342248: 55 -55
75484162752: 63 -47
152088853522: 70 -30
61073128139: 57 -53
148997885746: 34 -76
31331350132848: 57 -53
31331350135108: 42 -68
164729952490: 38 -72
93541518640: 39 -71
31331350135252: 41 -69
27279809849: 22 -88
31601194165454: 55 -55
70465911891574: 22 -88
104046342248: 55 -55
75484162752: 63 -47
152088853522: 70 -35
61073128139: 57 -53
148997885746: 34 -76
31331350132848: 57 -53
31331350135108: 42 -68
164729952490: 38 -72
93541518640: 39 -71
31331350135252: 41 -69
27279809849: 22 -88
31601194165454: 70 -38
70465911891574: 22 -88
104046342248: 58 -52
75484162752: 59 -51
152088853522: 70 -33
61073128139: 29 -81
148997885746: 34 -76
31331350132848: 58 -52
31331350135108: 38 -72
164729952490: 38 -72
93541518640: 39 -71
31331350135252: 23 -87
27279809849: 22 -88
31601194165454: 70 -38
70465911891574: 22 -88
104046342248: 58 -52
75484162752: 59 -51
152088853522: 70 -38
61073128139: 29 -81
148997885746: 34 -76
31331350132848: 58 -52
31331350135108: 38 -72
164729952490: 38 -72
93541518640: 39 -71
31331350135252: 23 -87
27279809849: 22 -88
31601194165454: 70 -38
70465911891574: 22 -88
104046342248: 58 -52
75484162752: 59 -51
152088853522: 70 -36
61073128139: 29 -81
148997885746: 34 -76
31331350132848: 58 -52
31331350135108: 38 -72
164729952490: 38 -72
93541518640: 39 -71
31331350135252: 23 -87
27279809849: 22 -88
31601194165454: 70 -38
70465911891574: 22 -88
104046342248: 58 -52
75484162752: 59 -51
152088853522: 70 -36
61073128139: 29 -81
148997885746: 34 -76
31331350132848: 58 -52
31331350135108: 38 -72
164729952490: 38 -72
93541518640: 39 -71
31331350135252: 23 -87
27279809849: 22 -88
31601194165454: 70 -38
70465911891574: 22 -88
104046342248: 58 -52
75484162752: 59 -51
152088853522: 70 -36
61073128139: 29 -81
148997885746: 34 -76
31331350132848: 58 -52
31331350135108: 38 -72
164729952490: 38 -72
93541518640: 39 -71
31331350135252: 23 -87
27279809849: 22 -88
31601194165454: 70 -38
70465911891574: 22 -88
104046342248: 58 -52
75484162752: 59 -51
152088853522: 70 -34
61073128139: 29 -81
148997885746: 34 -76
31331350132848: 58 -52
31331350135108: 38 -72
164729952490: 38 -72
93541518640: 39 -71
31331350135252: 23 -87
27279809849: 22 -88
31601194165454: 70 -38
70465911891574: 22 -88
104046342248: 58 -52
75484162752: 59 -51
152088853522: 70 -35
61073128139: 29 -81
148997885746: 34 -76
31331350132848: 58 -52
31331350135108: 38 -72
164729952490: 38 -72
93541518640: 39 -71
31331350135252: 23 -87
27279809849: 22 -88
31601194165454: 70 -38
70465911891574: 22 -88
104046342248: 58 -52
75484162752: 59 -51
152088853522: 70 -38
61073128139: 29 -81
148997885746: 34 -76
31331350132848: 58 -52
31331350135108: 38 -72
164729952490: 38 -72
93541518640: 39 -71
31331350135252: 23 -87
27279809849: 22 -88
31601194165454: 70 -38
70465911891574: 22 -88
104046342248: 58 -52
75484162752: 59 -51
152088853522: 70 -39
61073128139: 29 -81
148997885746: 34 -76
31331350132848: 58 -52
31331350135108: 38 -72
164729952490: 38 -72
93541518640: 39 -71
31331350135252: 23 -87
27279809849: 22 -88
31601194165454: 61 -49
70465911891574: 19 -91
104046342248: 70 -33
75484162752: 64 -46
152088853522: 70 -34
61073128139: 52 -58
148997885746: 34 -76
31331350132848: 57 -53
31331350135108: 43 -67
164729952490: 38 -72
31331350135252: 23 -87
27279809849: 22 -88
100848856504: 19 -91
100848842504: 19 -91
31601194165454: 61 -49
70465911891574: 19 -91
104046342248: 70 -33
75484162752: 64 -46
152088853522: 70 -37
61073128139: 52 -58
148997885746: 34 -76
31331350132848: 57 -53
31331350135108: 43 -67
164729952490: 38 -72
31331350135252: 23 -87
27279809849: 22 -88
100848856504: 19 -91
100848842504: 19 -91
31601194165454: 61 -49
70465911891574: 19 -91
104046342248: 70 -33
75484162752: 64 -46
152088853522: 70 -37
61073128139: 52 -58
148997885746: 34 -76
31331350132848: 57 -53
31331350135108: 43 -67
164729952490: 38 -72
31331350135252: 23 -87
27279809849: 22 -88
100848856504: 19 -91
100848842504: 19 -91
31601194165454: 61 -49
70465911891574: 19 -91
104046342248: 70 -33
75484162752: 64 -46
152088853522: 70 -40
61073128139: 52 -58
148997885746: 34 -76
31331350132848: 57 -53
31331350135108: 43 -67
164729952490: 38 -72
31331350135252: 23 -87
27279809849: 22 -88
100848856504: 19 -91
100848842504: 19 -91
31601194165454: 61 -49
70465911891574: 19 -91
104046342248: 70 -33
75484162752: 64 -46
152088853522: 70 -36
61073128139: 52 -58
148997885746: 34 -76
31331350132848: 57 -53
31331350135108: 43 -67
164729952490: 38 -72
31331350135252: 23 -87
27279809849: 22 -88
100848856504: 19 -91
100848842504: 19 -91
31601194165454: 61 -49
70465911891574: 19 -91
104046342248: 70 -33
75484162752: 64 -46
152088853522: 69 -41
61073128139: 52 -58
148997885746: 34 -76
31331350132848: 57 -53
31331350135108: 43 -67
164729952490: 38 -72
31331350135252: 23 -87
27279809849: 22 -88
100848856504: 19 -91
100848842504: 19 -91
31601194165454: 61 -49
70465911891574: 19 -91
104046342248: 70 -33
75484162752: 64 -46
152088853522: 69 -41
61073128139: 52 -58
148997885746: 34 -76
31331350132848: 57 -53
31331350135108: 43 -67
164729952490: 38 -72
31331350135252: 23 -87
27279809849: 22 -88
100848856504: 19 -91
100848842504: 19 -91
31601194165454: 61 -49
70465911891574: 19 -91
104046342248: 70 -33
75484162752: 64 -46
152088853522: 70 -37
61073128139: 52 -58
148997885746: 34 -76
31331350132848: 57 -53
31331350135108: 43 -67
164729952490: 38 -72
31331350135252: 23 -87
27279809849: 22 -88
100848856504: 19 -91
100848842504: 19 -91
31601194165454: 61 -49
70465911891574: 19 -91
104046342248: 70 -33
75484162752: 64 -46
152088853522: 70 -30
61073128139: 52 -58
148997885746: 34 -76
31331350132848: 57 -53
31331350135108: 43 -67
164729952490: 38 -72
31331350135252: 23 -87
27279809849: 22 -88
100848856504: 19 -91
100848842504: 19 -91
31601194165454: 59 -51
70465911891574: 23 -87
104046342248: 59 -51
75484162752: 69 -41
152088853522: 70 -33
61073128139: 59 -51
148997885746: 24 -86
31331350132848: 55 -55
31331350135108: 45 -65
31331350135252: 37 -73
27279809849: 22 -88
100848856504: 19 -91
100848842504: 22 -88
31601194165454: 59 -51
70465911891574: 23 -87
104046342248: 59 -51
75484162752: 69 -41
152088853522: 70 -37
61073128139: 59 -51
148997885746: 24 -86
31331350132848: 55 -55
31331350135108: 45 -65
31331350135252: 37 -73
27279809849: 22 -88
100848856504: 19 -91
100848842504: 22 -88
31601194165454: 59 -51
70465911891574: 23 -87
104046342248: 59 -51
75484162752: 69 -41
152088853522: 70 -33
61073128139: 59 -51
148997885746: 24 -86
31331350132848: 55 -55
31331350135108: 45 -65
31331350135252: 37 -73
27279809849: 22 -88
100848856504: 19 -91
100848842504: 22 -88
31601194165454: 59 -51
70465911891574: 23 -87
104046342248: 59 -51
75484162752: 69 -41
152088853522: 70 -33
61073128139: 59 -51
148997885746: 24 -86
31331350132848: 55 -55
31331350135108: 45 -65
31331350135252: 37 -73
27279809849: 22 -88
100848856504: 19 -91
100848842504: 22 -88
31601194165454: 59 -51
70465911891574: 23 -87
104046342248: 59 -51
75484162752: 69 -41
152088853522: 70 -36
61073128139: 59 -51
148997885746: 24 -86
31331350132848: 55 -55
31331350135108: 45 -65
31331350135252: 37 -73
27279809849: 22 -88
100848856504: 19 -91
100848842504: 22 -88
31601194165454: 59 -51
70465911891574: 23 -87
104046342248: 59 -51
75484162752: 69 -41
152088853522: 69 -41
61073128139: 59 -51
148997885746: 24 -86
31331350132848: 55 -55
31331350135108: 45 -65
31331350135252: 37 -73
27279809849: 22 -88
100848856504: 19 -91
100848842504: 22 -88
31601194165454: 59 -51
70465911891574: 23 -87
104046342248: 59 -51
75484162752: 69 -41
152088853522: 70 -36
61073128139: 59 -51
148997885746: 24 -86
31331350132848: 55 -55
31331350135108: 45 -65
31331350135252: 37 -73
27279809849: 22 -88
100848856504: 19 -91
100848842504: 22 -88
31601194165454: 59 -51
70465911891574: 23 -87
104046342248: 59 -51
75484162752: 69 -41
152088853522: 69 -41
61073128139: 59 -51
148997885746: 24 -86
31331350132848: 55 -55
31331350135108: 45 -65
31331350135252: 37 -73
27279809849: 22 -88
100848856504: 19 -91
100848842504: 22 -88
31601194165454: 59 -51
70465911891574: 23 -87
104046342248: 59 -51
75484162752: 69 -41
152088853522: 70 -33
61073128139: 59 -51
148997885746: 24 -86
31331350132848: 55 -55
31331350135108: 45 -65
31331350135252: 37 -73
27279809849: 22 -88
100848856504: 19 -91
100848842504: 22 -88
31601194165454: 55 -55
70465911891574: 24 -86
104046342248: 59 -51
75484162752: 70 -39
152088853522: 70 -36
61073128139: 54 -56
148997885746: 29 -81
31331350132848: 63 -47
31331350135108: 36 -74
31331350135252: 30 -80
27279809849: 22 -88
100848856504: 19 -91
100848842504: 22 -88
93541518640: 38 -72
164729952490: 40 -70
82795547636: 19 -91
