31601194165454: 58 -52
70465911891574: 22 -88
104046342248: 53 -57
75484162752: 70 -39
152088853522: 70 -37
61073128139: 57 -53
148997885746: 33 -77
31331350132848: 52 -58
31331350135108: 32 -78
164729952490: 33 -77
31331350135252: 40 -70
100848856504: 22 -88
200467660876618: 23 -87
31601194165454: 58 -52
70465911891574: 22 -88
104046342248: 53 -57
75484162752: 70 -39
152088853522: 70 -39
61073128139: 57 -53
148997885746: 33 -77
31331350132848: 52 -58
31331350135108: 32 -78
164729952490: 33 -77
31331350135252: 40 -70
100848856504: 22 -88
200467660876618: 23 -87
31601194165454: 58 -52
70465911891574: 22 -88
104046342248: 53 -57
75484162752: 70 -39
152088853522: 70 -39
61073128139: 57 -53
148997885746: 33 -77
31331350132848: 52 -58
31331350135108: 32 -78
164729952490: 33 -77
31331350135252: 40 -70
100848856504: 22 -88
200467660876618: 23 -87
31601194165454: 58 -52
70465911891574: 22 -88
104046342248: 53 -57
75484162752: 70 -39
152088853522: 70 -39
61073128139: 57 -53
148997885746: 33 -77
31331350132848: 52 -58
31331350135108: 32 -78
164729952490: 33 -77
31331350135252: 40 -70
100848856504: 22 -88
200467660876618: 23 -87
31601194165454: 58 -52
70465911891574: 22 -88
104046342248: 53 -57
75484162752: 70 -39
152088853522: 70 -35
61073128139: 57 -53
148997885746: 33 -77
31331350132848: 52 -58
31331350135108: 32 -78
164729952490: 33 -77
31331350135252: 40 -70
100848856504: 22 -88
200467660876618: 23 -87
31601194165454: 58 -52
70465911891574: 22 -88
104046342248: 53 -57
75484162752: 70 -39
152088853522: 70 -33
61073128139: 57 -53
148997885746: 33 -77
31331350132848: 52 -58
31331350135108: 32 -78
164729952490: 33 -77
31331350135252: 40 -70
100848856504: 22 -88
200467660876618: 23 -87
31601194165454: 58 -52
70465911891574: 22 -88
104046342248: 53 -57
75484162752: 70 -39
152088853522: 70 -39
61073128139: 57 -53
148997885746: 33 -77
31331350132848: 52 -58
31331350135108: 32 -78
164729952490: 33 -77
31331350135252: 40 -70
100848856504: 22 -88
200467660876618: 23 -87
31601194165454: 58 -52
70465911891574: 22 -88
104046342248: 53 -57
75484162752: 70 -39
152088853522: 70 -35
61073128139: 57 -53
148997885746: 33 -77
31331350132848: 52 -58
31331350135108: 32 -78
164729952490: 33 -77
31331350135252: 40 -70
100848856504: 22 -88
200467660876618: 23 -87
31601194165454: 58 -52
70465911891574: 22 -88
104046342248: 53 -57
75484162752: 70 -39
152088853522: 70 -35
61073128139: 57 -53
148997885746: 33 -77
31331350132848: 52 -58
31331350135108: 32 -78
164729952490: 33 -77
31331350135252: 40 -70
100848856504: 22 -88
200467660876618: 23 -87
31601194165454: 56 -54
70465911891574: 21 -89
104046342248: 55 -55
75484162752: 58 -52
152088853522: 70 -35
61073128139: 49 -61
148997885746: 33 -77
31331350132848: 58 -52
31331350135108: 27 -83
164729952490: 35 -75
31331350135252: 32 -78
100848856504: 20 -90
200467660876618: 23 -87
8895779566641: 21 -89
31601194165454: 56 -54
70465911891574: 21 -89
104046342248: 55 -55
75484162752: 58 -52
152088853522: 70 -38
61073128139: 49 -61
148997885746: 33 -77
31331350132848: 58 -52
31331350135108: 27 -83
164729952490: 35 -75
31331350135252: 32 -78
100848856504: 20 -90
200467660876618: 23 -87
8895779566641: 21 -89
31601194165454: 56 -54
70465911891574: 21 -89
104046342248: 55 -55
75484162752: 58 -52
152088853522: 70 -40
61073128139: 49 -61
148997885746: 33 -77
31331350132848: 58 -52
31331350135108: 27 -83
164729952490: 35 -75
31331350135252: 32 -78
100848856504: 20 -90
200467660876618: 23 -87
8895779566641: 21 -89
31601194165454: 56 -54
70465911891574: 21 -89
104046342248: 55 -55
75484162752: 58 -52
152088853522: 70 -34
61073128139: 49 -61
148997885746: 33 -77
31331350132848: 58 -52
31331350135108: 27 -83
164729952490: 35 -75
31331350135252: 32 -78
100848856504: 20 -90
200467660876618: 23 -87
8895779566641: 21 -89
31601194165454: 56 -54
70465911891574: 21 -89
104046342248: 55 -55
75484162752: 58 -52
152088853522: 70 -36
61073128139: 49 -61
148997885746: 33 -77
31331350132848: 58 -52
31331350135108: 27 -83
164729952490: 35 -75
31331350135252: 32 -78
100848856504: 20 -90
200467660876618: 23 -87
8895779566641: 21 -89
31601194165454: 56 -54
70465911891574: 21 -89
104046342248: 55 -55
75484162752: 58 -52
152088853522: 67 -43
61073128139: 49 -61
148997885746: 33 -77
31331350132848: 58 -52
31331350135108: 27 -83
164729952490: 35 -75
31331350135252: 32 -78
100848856504: 20 -90
200467660876618: 23 -87
8895779566641: 21 -89
31601194165454: 56 -54
70465911891574: 21 -89
104046342248: 55 -55
75484162752: 58 -52
152088853522: 70 -40
61073128139: 49 -61
148997885746: 33 -77
31331350132848: 58 -52
31331350135108: 27 -83
164729952490: 35 -75
31331350135252: 32 -78
100848856504: 20 -90
200467660876618: 23 -87
8895779566641: 21 -89
31601194165454: 56 -54
70465911891574: 21 -89
104046342248: 55 -55
75484162752: 58 -52
152088853522: 70 -37
61073128139: 49 -61
148997885746: 33 -77
31331350132848: 58 -52
31331350135108: 27 -83
164729952490: 35 -75
31331350135252: 32 -78
100848856504: 20 -90
200467660876618: 23 -87
8895779566641: 21 -89
31601194165454: 56 -54
70465911891574: 21 -89
104046342248: 55 -55
75484162752: 58 -52
152088853522: 68 -42
61073128139: 49 -61
148997885746: 33 -77
31331350132848: 58 -52
31331350135108: 27 -83
164729952490: 35 -75
31331350135252: 32 -78
100848856504: 20 -90
200467660876618: 23 -87
8895779566641: 21 -89
31601194165454: 47 -63
70465911891574: 21 -89
104046342248: 55 -55
75484162752: 60 -50
152088853522: 70 -36
61073128139: 55 -55
148997885746: 36 -74
31331350132848: 53 -57
31331350135108: 34 -76
164729952490: 41 -69
31331350135252: 32 -78
100848856504: 20 -90
200467660876618: 23 -87
8895779566641: 22 -88
84552710379156: 28 -82
93541518640: 29 -81
142391855038: 19 -91
31601194165454: 47 -63
70465911891574: 21 -89
104046342248: 55 -55
75484162752: 60 -50
152088853522: 70 -39
61073128139: 55 -55
148997885746: 36 -74
31331350132848: 53 -57
31331350135108: 34 -76
164729952490: 41 -69
31331350135252: 32 -78
100848856504: 20 -90
200467660876618: 23 -87
8895779566641: 22 -88
84552710379156: 28 -82
93541518640: 29 -81
142391855038: 19 -91
31601194165454: 47 -63
70465911891574: 21 -89
104046342248: 55 -55
75484162752: 60 -50
152088853522: 66 -44
61073128139: 55 -55
148997885746: 36 -74
31331350132848: 53 -57
31331350135108: 34 -76
164729952490: 41 -69
31331350135252: 32 -78
100848856504: 20 -90
200467660876618: 23 -87
8895779566641: 22 -88
84552710379156: 28 -82
93541518640: 29 -81
142391855038: 19 -91
31601194165454: 47 -63
70465911891574: 21 -89
104046342248: 55 -55
75484162752: 60 -50
152088853522: 70 -32
61073128139: 55 -55
148997885746: 36 -74
31331350132848: 53 -57
31331350135108: 34 -76
164729952490: 41 -69
31331350135252: 32 -78
100848856504: 20 -90
200467660876618: 23 -87
8895779566641: 22 -88
84552710379156: 28 -82
93541518640: 29 -81
142391855038: 19 -91
31601194165454: 47 -63
70465911891574: 21 -89
104046342248: 55 -55
75484162752: 60 -50
152088853522: 70 -35
61073128139: 55 -55
148997885746: 36 -74
31331350132848: 53 -57
31331350135108: 34 -76
164729952490: 41 -69
31331350135252: 32 -78
100848856504: 20 -90
200467660876618: 23 -87
8895779566641: 22 -88
84552710379156: 28 -82
93541518640: 29 -81
142391855038: 19 -91
31601194165454: 47 -63
70465911891574: 21 -89
104046342248: 55 -55
75484162752: 60 -50
152088853522: 66 -44
61073128139: 55 -55
148997885746: 36 -74
31331350132848: 53 -57
31331350135108: 34 -76
164729952490: 41 -69
31331350135252: 32 -78
100848856504: 20 -90
200467660876618: 23 -87
8895779566641: 22 -88
84552710379156: 28 -82
93541518640: 29 -81
142391855038: 19 -91
31601194165454: 47 -63
70465911891574: 21 -89
104046342248: 55 -55
75484162752: 60 -50
152088853522: 70 -38
61073128139: 55 -55
148997885746: 36 -74
31331350132848: 53 -57
31331350135108: 34 -76
164729952490: 41 -69
31331350135252: 32 -78
100848856504: 20 -90
200467660876618: 23 -87
8895779566641: 22 -88
84552710379156: 28 -82
93541518640: 29 -81
142391855038: 19 -91
31601194165454: 47 -63
70465911891574: 21 -89
104046342248: 55 -55
75484162752: 60 -50
152088853522: 70 -38
61073128139: 55 -55
148997885746: 36 -74
31331350132848: 53 -57
31331350135108: 34 -76
164729952490: 41 -69
31331350135252: 32 -78
100848856504: 20 -90
200467660876618: 23 -87
8895779566641: 22 -88
84552710379156: 28 -82
93541518640: 29 -81
142391855038: 19 -91
31601194165454: 47 -63
70465911891574: 21 -89
104046342248: 55 -55
75484162752: 60 -50
152088853522: 69 -41
61073128139: 55 -55
148997885746: 36 -74
31331350132848: 53 -57
31331350135108: 34 -76
164729952490: 41 -69
31331350135252: 32 -78
100848856504: 20 -90
200467660876618: 23 -87
8895779566641: 22 -88
84552710379156: 28 -82
93541518640: 29 -81
142391855038: 19 -91
31601194165454: 56 -54
70465911891574: 29 -81
104046342248: 58 -52
75484162752: 70 -39
152088853522: 70 -30
61073128139: 54 -56
148997885746: 37 -73
31331350132848: 49 -61
31331350135108: 31 -79
164729952490: 32 -78
31331350135252: 23 -87
100848856504: 20 -90
200467660876618: 23 -87
8895779566641: 22 -88
84552710379156: 28 -82
93541518640: 29 -81
142391855038: 19 -91
31601194165454: 56 -54
70465911891574: 29 -81
104046342248: 58 -52
75484162752: 70 -39
152088853522: 70 -34
61073128139: 54 -56
148997885746: 37 -73
31331350132848: 49 -61
31331350135108: 31 -79
164729952490: 32 -78
31331350135252: 23 -87
100848856504: 20 -90
200467660876618: 23 -87
8895779566641: 22 -88
84552710379156: 28 -82
93541518640: 29 -81
142391855038: 19 -91
31601194165454: 56 -54
70465911891574: 29 -81
104046342248: 58 -52
75484162752: 70 -39
152088853522: 68 -42
61073128139: 54 -56
148997885746: 37 -73
31331350132848: 49 -61
31331350135108: 31 -79
164729952490: 32 -78
31331350135252: 23 -87
100848856504: 20 -90
200467660876618: 23 -87
8895779566641: 22 -88
84552710379156: 28 -82
93541518640: 29 -81
142391855038: 19 -91
31601194165454: 56 -54
70465911891574: 29 -81
104046342248: 58 -52
75484162752: 70 -39
152088853522: 70 -39
61073128139: 54 -56
148997885746: 37 -73
31331350132848: 49 -61
31331350135108: 31 -79
164729952490: 32 -78
31331350135252: 23 -87
100848856504: 20 -90
200467660876618: 23 -87
8895779566641: 22 -88
84552710379156: 28 -82
93541518640: 29 -81
142391855038: 19 -91
31601194165454: 56 -54
70465911891574: 29 -81
104046342248: 58 -52
75484162752: 70 -39
152088853522: 70 -36
61073128139: 54 -56
148997885746: 37 -73
31331350132848: 49 -61
31331350135108: 31 -79
164729952490: 32 -78
31331350135252: 23 -87
100848856504: 20 -90
200467660876618: 23 -87
8895779566641: 22 -88
84552710379156: 28 -82
93541518640: 29 -81
142391855038: 19 -91
31601194165454: 56 -54
70465911891574: 29 -81
104046342248: 58 -52
75484162752: 70 -39
152088853522: 70 -39
61073128139: 54 -56
148997885746: 37 -73
31331350132848: 49 -61
31331350135108: 31 -79
164729952490: 32 -78
31331350135252: 23 -87
100848856504: 20 -90
200467660876618: 23 -87
8895779566641: 22 -88
84552710379156: 28 -82
93541518640: 29 -81
142391855038: 19 -91
31601194165454: 56 -54
70465911891574: 29 -81
104046342248: 58 -52
75484162752: 70 -39
152088853522: 70 -34
61073128139: 54 -56
148997885746: 37 -73
31331350132848: 49 -61
31331350135108: 31 -79
164729952490: 32 -78
31331350135252: 23 -87
100848856504: 20 -90
200467660876618: 23 -87
8895779566641: 22 -88
84552710379156: 28 -82
93541518640: 29 -81
142391855038: 19 -91
31601194165454: 56 -54
70465911891574: 29 -81
104046342248: 58 -52
75484162752: 70 -39
152088853522: 70 -33
61073128139: 54 -56
148997885746: 37 -73
31331350132848: 49 -61
31331350135108: 31 -79
164729952490: 32 -78
31331350135252: 23 -87
100848856504: 20 -90
200467660876618: 23 -87
8895779566641: 22 -88
84552710379156: 28 -82
93541518640: 29 -81
142391855038: 19 -91
31601194165454: 56 -54
70465911891574: 29 -81
104046342248: 58 -52
75484162752: 70 -39
152088853522: 70 -33
61073128139: 54 -56
148997885746: 37 -73
31331350132848: 49 -61
31331350135108: 31 -79
164729952490: 32 -78
31331350135252: 23 -87
100848856504: 20 -90
200467660876618: 23 -87
8895779566641: 22 -88
84552710379156: 28 -82
93541518640: 29 -81
142391855038: 19 -91
31601194165454: 53 -57
70465911891574: 59 -51
104046342248: 61 -49
75484162752: 64 -46
152088853522: 70 -40
61073128139: 57 -53
148997885746: 26 -84
31331350132848: 56 -54
31331350135108: 38 -72
164729952490: 32 -78
31331350135252: 32 -78
100848856504: 20 -90
200467660876618: 23 -87
8895779566641: 22 -88
84552710379156: 28 -82
93541518640: 27 -83
142391855038: 19 -91
18196955425696: 22 -88
31601194165454: 53 -57
70465911891574: 59 -51
104046342248: 61 -49
75484162752: 64 -46
152088853522: 67 -43
61073128139: 57 -53
148997885746: 26 -84
31331350132848: 56 -54
31331350135108: 38 -72
164729952490: 32 -78
31331350135252: 32 -78
100848856504: 20 -90
200467660876618: 23 -87
8895779566641: 22 -88
84552710379156: 28 -82
93541518640: 27 -83
142391855038: 19 -91
18196955425696: 22 -88
31601194165454: 53 -57
70465911891574: 59 -51
104046342248: 61 -49
75484162752: 64 -46
152088853522: 69 -41
61073128139: 57 -53
148997885746: 26 -84
31331350132848: 56 -54
31331350135108: 38 -72
164729952490: 32 -78
31331350135252: 32 -78
100848856504: 20 -90
200467660876618: 23 -87
8895779566641: 22 -88
84552710379156: 28 -82
93541518640: 27 -83
142391855038: 19 -91
18196955425696: 22 -88
31601194165454: 53 -57
70465911891574: 59 -51
104046342248: 61 -49
75484162752: 64 -46
152088853522: 70 -36
61073128139: 57 -53
148997885746: 26 -84
31331350132848: 56 -54
31331350135108: 38 -72
164729952490: 32 -78
31331350135252: 32 -78
100848856504: 20 -90
200467660876618: 23 -87
8895779566641: 22 -88
84552710379156: 28 -82
93541518640: 27 -83
142391855038: 19 -91
18196955425696: 22 -88
31601194165454: 53 -57
70465911891574: 59 -51
104046342248: 61 -49
75484162752: 64 -46
152088853522: 66 -44
61073128139: 57 -53
148997885746: 26 -84
31331350132848: 56 -54
31331350135108: 38 -72
164729952490: 32 -78
31331350135252: 32 -78
100848856504: 20 -90
200467660876618: 23 -87
8895779566641: 22 -88
84552710379156: 28 -82
93541518640: 27 -83
142391855038: 19 -91
18196955425696: 22 -88
31601194165454: 53 -57
70465911891574: 59 -51
104046342248: 61 -49
75484162752: 64 -46
152088853522: 67 -43
61073128139: 57 -53
148997885746: 26 -84
31331350132848: 56 -54
31331350135108: 38 -72
164729952490: 32 -78
31331350135252: 32 -78
100848856504: 20 -90
8895779566641: 22 -88
84552710379156: 28 -82
93541518640: 27 -83
142391855038: 19 -91
18196955425696: 22 -88
31601194165454: 53 -57
70465911891574: 59 -51
104046342248: 61 -49
75484162752: 64 -46
152088853522: 70 -39
61073128139: 57 -53
148997885746: 26 -84
31331350132848: 56 -54
31331350135108: 38 -72
164729952490: 32 -78
31331350135252: 32 -78
100848856504: 20 -90
8895779566641: 22 -88
84552710379156: 28 -82
93541518640: 27 -83
142391855038: 19 -91
18196955425696: 22 -88
31601194165454: 53 -57
70465911891574: 59 -51
104046342248: 61 -49
75484162752: 64 -46
152088853522: 70 -40
61073128139: 57 -53
148997885746: 26 -84
31331350132848: 56 -54
31331350135108: 38 -72
164729952490: 32 -78
31331350135252: 32 -78
100848856504: 20 -90
8895779566641: 22 -88
84552710379156: 28 -82
93541518640: 27 -83
142391855038: 19 -91
18196955425696: 22 -88
31601194165454: 53 -57
70465911891574: 59 -51
104046342248: 61 -49
75484162752: 64 -46
152088853522: 67 -43
61073128139: 57 -53
148997885746: 26 -84
31331350132848: 56 -54
31331350135108: 38 -72
164729952490: 32 -78
31331350135252: 32 -78
100848856504: 20 -90
8895779566641: 22 -88
84552710379156: 28 -82
93541518640: 27 -83
142391855038: 19 -91
18196955425696: 22 -88
31601194165454: 51 -59
70465911891574: 23 -87
104046342248: 61 -49
75484162752: 70 -37
152088853522: 69 -41
61073128139: 54 -56
148997885746: 36 -74
31331350132848: 53 -57
31331350135108: 41 -69
164729952490: 35 -75
31331350135252: 33 -77
100848856504: 19 -91
8895779566641: 22 -88
84552710379156: 28 -82
93541518640: 28 -82
142391855038: 19 -91
18196955425696: 22 -88
31601194165454: 51 -59
70465911891574: 23 -87
104046342248: 61 -49
75484162752: 70 -37
152088853522: 69 -41
61073128139: 54 -56
148997885746: 36 -74
31331350132848: 53 -57
31331350135108: 41 -69
164729952490: 35 -75
31331350135252: 33 -77
100848856504: 19 -91
8895779566641: 22 -88
84552710379156: 28 -82
93541518640: 28 -82
142391855038: 19 -91
18196955425696: 22 -88
31601194165454: 51 -59
70465911891574: 23 -87
104046342248: 61 -49
75484162752: 70 -37
152088853522: 70 -39
61073128139: 54 -56
148997885746: 36 -74
31331350132848: 53 -57
31331350135108: 41 -69
164729952490: 35 -75
31331350135252: 33 -77
100848856504: 19 -91
8895779566641: 22 -88
84552710379156: 28 -82
93541518640: 28 -82
142391855038: 19 -91
18196955425696: 22 -88
31601194165454: 51 -59
70465911891574: 23 -87
104046342248: 61 -49
75484162752: 70 -37
152088853522: 68 -42
61073128139: 54 -56
148997885746: 36 -74
31331350132848: 53 -57
31331350135108: 41 -69
164729952490: 35 -75
31331350135252: 33 -77
100848856504: 19 -91
8895779566641: 22 -88
84552710379156: 28 -82
93541518640: 28 -82
142391855038: 19 -91
18196955425696: 22 -88
31601194165454: 51 -59
70465911891574: 23 -87
104046342248: 61 -49
75484162752: 70 -37
152088853522: 70 -39
61073128139: 54 -56
148997885746: 36 -74
31331350132848: 53 -57
31331350135108: 41 -69
164729952490: 35 -75
31331350135252: 33 -77
100848856504: 19 -91
8895779566641: 22 -88
84552710379156: 28 -82
93541518640: 28 -82
142391855038: 19 -91
18196955425696: 22 -88
31601194165454: 51 -59
70465911891574: 23 -87
104046342248: 61 -49
75484162752: 70 -37
152088853522: 69 -41
61073128139: 54 -56
148997885746: 36 -74
31331350132848: 53 -57
31331350135108: 41 -69
164729952490: 35 -75
31331350135252: 33 -77
100848856504: 19 -91
8895779566641: 22 -88
84552710379156: 28 -82
93541518640: 28 -82
142391855038: 19 -91
18196955425696: 22 -88
31601194165454: 51 -59
70465911891574: 23 -87
104046342248: 61 -49
75484162752: 70 -37
152088853522: 70 -39
61073128139: 54 -56
148997885746: 36 -74
31331350132848: 53 -57
31331350135108: 41 -69
164729952490: 35 -75
31331350135252: 33 -77
100848856504: 19 -91
8895779566641: 22 -88
84552710379156: 28 -82
93541518640: 28 -82
142391855038: 19 -91
18196955425696: 22 -88
31601194165454: 51 -59
70465911891574: 23 -87
104046342248: 61 -49
75484162752: 70 -37
152088853522: 70 -33
61073128139: 54 -56
148997885746: 36 -74
31331350132848: 53 -57
31331350135108: 41 -69
164729952490: 35 -75
31331350135252: 33 -77
100848856504: 19 -91
8895779566641: 22 -88
84552710379156: 28 -82
93541518640: 28 -82
142391855038: 19 -91
18196955425696: 22 -88
31601194165454: 51 -59
70465911891574: 23 -87
104046342248: 61 -49
75484162752: 70 -37
152088853522: 68 -42
61073128139: 54 -56
148997885746: 36 -74
31331350132848: 53 -57
31331350135108: 41 -69
164729952490: 35 -75
31331350135252: 33 -77
100848856504: 19 -91
8895779566641: 22 -88
84552710379156: 28 -82
93541518640: 28 -82
142391855038: 19 -91
18196955425696: 22 -88
31601194165454: 52 -58
70465911891574: 22 -88
104046342248: 58 -52
75484162752: 60 -50
152088853522: 70 -36
61073128139: 47 -63
148997885746: 26 -84
31331350132848: 55 -55
31331350135108: 40 -70
164729952490: 35 -75
31331350135252: 33 -77
100848856504: 29 -81
8895779566641: 22 -88
84552710379156: 24 -86
93541518640: 36 -74
142391855038: 19 -91
18196955425696: 22 -88
31601194165454: 52 -58
70465911891574: 22 -88
104046342248: 58 -52
75484162752: 60 -50
152088853522: 70 -36
61073128139: 47 -63
148997885746: 26 -84
31331350132848: 55 -55
31331350135108: 40 -70
164729952490: 35 -75
31331350135252: 33 -77
100848856504: 29 -81
8895779566641: 22 -88
84552710379156: 24 -86
93541518640: 36 -74
142391855038: 19 -91
18196955425696: 22 -88
31601194165454: 52 -58
70465911891574: 22 -88
104046342248: 58 -52
75484162752: 60 -50
152088853522: 69 -41
61073128139: 47 -63
148997885746: 26 -84
31331350132848: 55 -55
31331350135108: 40 -70
164729952490: 35 -75
31331350135252: 33 -77
100848856504: 29 -81
84552710379156: 24 -86
93541518640: 36 -74
142391855038: 19 -91
18196955425696: 22 -88
31601194165454: 52 -58
70465911891574: 22 -88
104046342248: 58 -52
75484162752: 60 -50
152088853522: 68 -42
61073128139: 47 -63
148997885746: 26 -84
31331350132848: 55 -55
31331350135108: 40 -70
164729952490: 35 -75
31331350135252: 33 -77
100848856504: 29 -81
84552710379156: 24 -86
93541518640: 36 -74
18196955425696: 22 -88
31601194165454: 52 -58
70465911891574: 22 -88
104046342248: 58 -52
75484162752: 60 -50
152088853522: 70 -36
61073128139: 47 -63
148997885746: 26 -84
31331350132848: 55 -55
31331350135108: 40 -70
164729952490: 35 -75
31331350135252: 33 -77
100848856504: 29 -81
84552710379156: 24 -86
93541518640: 36 -74
18196955425696: 22 -88
31601194165454: 52 -58
70465911891574: 22 -88
104046342248: 58 -52
75484162752: 60 -50
152088853522: 70 -39
61073128139: 47 -63
148997885746: 26 -84
31331350132848: 55 -55
31331350135108: 40 -70
164729952490: 35 -75
31331350135252: 33 -77
100848856504: 29 -81
84552710379156: 24 -86
93541518640: 36 -74
18196955425696: 22 -88
31601194165454: 52 -58
70465911891574: 22 -88
104046342248: 58 -52
75484162752: 60 -50
152088853522: 70 -35
61073128139: 47 -63
148997885746: 26 -84
31331350132848: 55 -55
31331350135108: 40 -70
164729952490: 35 -75
31331350135252: 33 -77
100848856504: 29 -81
84552710379156: 24 -86
93541518640: 36 -74
18196955425696: 22 -88
31601194165454: 52 -58
70465911891574: 22 -88
104046342248: 58 -52
75484162752: 60 -50
152088853522: 69 -41
61073128139: 47 -63
148997885746: 26 -84
31331350132848: 55 -55
31331350135108: 40 -70
164729952490: 35 -75
31331350135252: 33 -77
100848856504: 29 -81
84552710379156: 24 -86
93541518640: 36 -74
18196955425696: 22 -88
31601194165454: 52 -58
70465911891574: 22 -88
104046342248: 58 -52
75484162752: 60 -50
152088853522: 66 -44
61073128139: 47 -63
148997885746: 26 -84
31331350132848: 55 -55
31331350135108: 40 -70
164729952490: 35 -75
31331350135252: 33 -77
100848856504: 29 -81
84552710379156: 24 -86
93541518640: 36 -74
18196955425696: 22 -88
31601194165454: 47 -63
70465911891574: 20 -90
104046342248: 49 -61
75484162752: 68 -42
152088853522: 70 -36
61073128139: 49 -61
148997885746: 43 -67
31331350132848: 47 -63
31331350135108: 45 -65
164729952490: 41 -69
31331350135252: 33 -77
100848856504: 29 -81
84552710379156: 24 -86
93541518640: 36 -74
18196955425696: 22 -88
31601194165454: 47 -63
70465911891574: 20 -90
104046342248: 49 -61
75484162752: 68 -42
152088853522: 70 -34
61073128139: 49 -61
148997885746: 43 -67
31331350132848: 47 -63
31331350135108: 45 -65
164729952490: 41 -69
31331350135252: 33 -77
100848856504: 29 -81
84552710379156: 24 -86
93541518640: 36 -74
18196955425696: 22 -88
31601194165454: 47 -63
70465911891574: 20 -90
104046342248: 49 -61
75484162752: 68 -42
152088853522: 66 -44
61073128139: 49 -61
148997885746: 43 -67
31331350132848: 47 -63
31331350135108: 45 -65
164729952490: 41 -69
31331350135252: 33 -77
100848856504: 29 -81
84552710379156: 24 -86
93541518640: 36 -74
18196955425696: 22 -88
31601194165454: 47 -63
70465911891574: 20 -90
104046342248: 49 -61
75484162752: 68 -42
152088853522: 66 -44
61073128139: 49 -61
148997885746: 43 -67
31331350132848: 47 -63
31331350135108: 45 -65
164729952490: 41 -69
31331350135252: 33 -77
100848856504: 29 -81
84552710379156: 24 -86
93541518640: 36 -74
18196955425696: 22 -88
31601194165454: 47 -63
70465911891574: 20 -90
104046342248: 49 -61
75484162752: 68 -42
152088853522: 70 -36
61073128139: 49 -61
148997885746: 43 -67
31331350132848: 47 -63
31331350135108: 45 -65
164729952490: 41 -69
31331350135252: 33 -77
100848856504: 29 -81
84552710379156: 24 -86
93541518640: 36 -74
18196955425696: 22 -88
31601194165454: 47 -63
70465911891574: 20 -90
104046342248: 49 -61
75484162752: 68 -42
152088853522: 70 -37
61073128139: 49 -61
148997885746: 43 -67
31331350132848: 47 -63
31331350135108: 45 -65
164729952490: 41 -69
31331350135252: 33 -77
100848856504: 29 -81
84552710379156: 24 -86
93541518640: 36 -74
18196955425696: 22 -88
31601194165454: 47 -63
70465911891574: 20 -90
104046342248: 49 -61
75484162752: 68 -42
152088853522: 70 -36
61073128139: 49 -61
148997885746: 43 -67
31331350132848: 47 -63
31331350135108: 45 -65
164729952490: 41 -69
31331350135252: 33 -77
100848856504: 29 -81
84552710379156: 24 -86
93541518640: 36 -74
18196955425696: 22 -88
31601194165454: 47 -63
70465911891574: 20 -90
104046342248: 49 -61
75484162752: 68 -42
152088853522: 70 -37
61073128139: 49 -61
148997885746: 43 -67
31331350132848: 47 -63
31331350135108: 45 -65
164729952490: 41 -69
31331350135252: 33 -77
100848856504: 29 -81
84552710379156: 24 -86
93541518640: 36 -74
18196955425696: 22 -88
31601194165454: 47 -63
70465911891574: 20 -90
104046342248: 49 -61
75484162752: 68 -42
152088853522: 69 -41
61073128139: 49 -61
148997885746: 43 -67
31331350132848: 47 -63
31331350135108: 45 -65
164729952490: 41 -69
31331350135252: 33 -77
100848856504: 29 -81
84552710379156: 24 -86
93541518640: 36 -74
18196955425696: 22 -88
31601194165454: 49 -61
70465911891574: 55 -55
104046342248: 61 -49
75484162752: 64 -46
152088853522: 66 -44
61073128139: 52 -58
148997885746: 34 -76
31331350132848: 48 -62
31331350135108: 44 -66
164729952490: 37 -73
31331350135252: 33 -77
100848856504: 29 -81
84552710379156: 24 -86
93541518640: 36 -74
18196955425696: 22 -88
6618847380691: 23 -87
31601194165454: 49 -61
70465911891574: 55 -55
104046342248: 61 -49
75484162752: 64 -46
152088853522: 66 -44
61073128139: 52 -58
148997885746: 34 -76
31331350132848: 48 -62
31331350135108: 44 -66
164729952490: 37 -73
31331350135252: 33 -77
100848856504: 29 -81
84552710379156: 24 -86
93541518640: 36 -74
18196955425696: 22 -88
6618847380691: 23 -87
31601194165454: 49 -61
70465911891574: 55 -55
104046342248: 61 -49
75484162752: 64 -46
152088853522: 70 -30
61073128139: 52 -58
148997885746: 34 -76
31331350132848: 48 -62
31331350135108: 44 -66
164729952490: 37 -73
31331350135252: 33 -77
100848856504: 29 -81
84552710379156: 24 -86
93541518640: 36 -74
6618847380691: 23 -87
31601194165454: 49 -61
70465911891574: 55 -55
104046342248: 61 -49
75484162752: 64 -46
152088853522: 70 -40
61073128139: 52 -58
148997885746: 34 -76
31331350132848: 48 -62
31331350135108: 44 -66
164729952490: 37 -73
31331350135252: 33 -77
100848856504: 29 -81
84552710379156: 24 -86
93541518640: 36 -74
6618847380691: 23 -87
31601194165454: 49 -61
70465911891574: 55 -55
104046342248: 61 -49
75484162752: 64 -46
152088853522: 68 -42
61073128139: 52 -58
148997885746: 34 -76
31331350132848: 48 -62
31331350135108: 44 -66
164729952490: 37 -73
31331350135252: 33 -77
100848856504: 29 -81
84552710379156: 24 -86
93541518640: 36 -74
6618847380691: 23 -87
31601194165454: 49 -61
70465911891574: 55 -55
104046342248: 61 -49
75484162752: 64 -46
152088853522: 69 -41
61073128139: 52 -58
148997885746: 34 -76
31331350132848: 48 -62
31331350135108: 44 -66
164729952490: 37 -73
31331350135252: 33 -77
100848856504: 29 -81
84552710379156: 24 -86
93541518640: 36 -74
6618847380691: 23 -87
31601194165454: 49 -61
70465911891574: 55 -55
104046342248: 61 -49
75484162752: 64 -46
152088853522: 70 -38
61073128139: 52 -58
148997885746: 34 -76
31331350132848: 48 -62
31331350135108: 44 -66
164729952490: 37 -73
31331350135252: 33 -77
100848856504: 29 -81
84552710379156: 24 -86
93541518640: 36 -74
6618847380691: 23 -87
31601194165454: 49 -61
70465911891574: 55 -55
104046342248: 61 -49
75484162752: 64 -46
152088853522: 70 -38
61073128139: 52 -58
148997885746: 34 -76
31331350132848: 48 -62
31331350135108: 44 -66
164729952490: 37 -73
31331350135252: 33 -77
100848856504: 29 -81
84552710379156: 24 -86
93541518640: 36 -74
6618847380691: 23 -87
31601194165454: 49 -61
70465911891574: 55 -55
104046342248: 61 -49
75484162752: 64 -46
152088853522: 70 -39
61073128139: 52 -58
148997885746: 34 -76
31331350132848: 48 -62
31331350135108: 44 -66
164729952490: 37 -73
31331350135252: 33 -77
100848856504: 29 -81
84552710379156: 24 -86
93541518640: 36 -74
6618847380691: 23 -87
31601194165454: 53 -57
70465911891574: 22 -88
104046342248: 56 -54
75484162752: 70 -40
152088853522: 70 -36
61073128139: 48 -62
148997885746: 21 -89
31331350132848: 59 -51
31331350135108: 31 -79
164729952490: 37 -73
31331350135252: 35 -75
100848856504: 29 -81
84552710379156: 24 -86
93541518640: 38 -72
6618847380691: 23 -87
31601194165454: 53 -57
70465911891574: 22 -88
104046342248: 56 -54
75484162752: 70 -40
152088853522: 70 -35
61073128139: 48 -62
148997885746: 21 -89
31331350132848: 59 -51
31331350135108: 31 -79
164729952490: 37 -73
31331350135252: 35 -75
100848856504: 29 -81
84552710379156: 24 -86
93541518640: 38 -72
6618847380691: 23 -87
31601194165454: 53 -57
70465911891574: 22 -88
104046342248: 56 -54
75484162752: 70 -40
152088853522: 70 -37
61073128139: 48 -62
148997885746: 21 -89
31331350132848: 59 -51
31331350135108: 31 -79
164729952490: 37 -73
31331350135252: 35 -75
100848856504: 29 -81
84552710379156: 24 -86
93541518640: 38 -72
6618847380691: 23 -87
31601194165454: 53 -57
70465911891574: 22 -88
104046342248: 56 -54
75484162752: 70 -40
152088853522: 70 -34
61073128139: 48 -62
148997885746: 21 -89
31331350132848: 59 -51
31331350135108: 31 -79
164729952490: 37 -73
31331350135252: 35 -75
100848856504: 29 -81
84552710379156: 24 -86
93541518640: 38 -72
6618847380691: 23 -87
31601194165454: 53 -57
70465911891574: 22 -88
104046342248: 56 -54
75484162752: 70 -40
152088853522: 70 -33
61073128139: 48 -62
148997885746: 21 -89
31331350132848: 59 -51
31331350135108: 31 -79
164729952490: 37 -73
31331350135252: 35 -75
100848856504: 29 -81
84552710379156: 24 -86
93541518640: 38 -72
6618847380691: 23 -87
31601194165454: 53 -57
70465911891574: 22 -88
104046342248: 56 -54
75484162752: 70 -40
152088853522: 70 -32
61073128139: 48 -62
148997885746: 21 -89
31331350132848: 59 -51
31331350135108: 31 -79
164729952490: 37 -73
31331350135252: 35 -75
100848856504: 29 -81
84552710379156: 24 -86
93541518640: 38 -72
6618847380691: 23 -87
31601194165454: 53 -57
70465911891574: 22 -88
104046342248: 56 -54
75484162752: 70 -40
152088853522: 70 -33
61073128139: 48 -62
148997885746: 21 -89
31331350132848: 59 -51
31331350135108: 31 -79
164729952490: 37 -73
31331350135252: 35 -75
100848856504: 29 -81
84552710379156: 24 -86
93541518640: 38 -72
6618847380691: 23 -87
31601194165454: 53 -57
70465911891574: 22 -88
104046342248: 56 -54
75484162752: 70 -40
152088853522: 70 -36
61073128139: 48 -62
148997885746: 21 -89
31331350132848: 59 -51
31331350135108: 31 -79
164729952490: 37 -73
31331350135252: 35 -75
100848856504: 29 -81
84552710379156: 24 -86
93541518640: 38 -72
6618847380691: 23 -87
31601194165454: 53 -57
70465911891574: 22 -88
104046342248: 56 -54
75484162752: 70 -40
152088853522: 70 -36
61073128139: 48 -62
148997885746: 21 -89
31331350132848: 59 -51
31331350135108: 31 -79
164729952490: 37 -73
31331350135252: 35 -75
100848856504: 29 -81
84552710379156: 24 -86
93541518640: 38 -72
6618847380691: 23 -87
31601194165454: 54 -56
70465911891574: 26 -84
104046342248: 56 -54
75484162752: 58 -52
152088853522: 70 -35
61073128139: 56 -54
148997885746: 26 -84
31331350132848: 60 -50
31331350135108: 36 -74
164729952490: 37 -73
31331350135252: 29 -81
100848856504: 29 -81
84552710379156: 24 -86
93541518640: 31 -79
6618847380691: 23 -87
100848847184: 20 -90
200467660876618: 26 -84
82795547636: 19 -91
31601194165454: 54 -56
70465911891574: 26 -84
104046342248: 56 -54
75484162752: 58 -52
152088853522: 70 -32
61073128139: 56 -54
148997885746: 26 -84
31331350132848: 60 -50
31331350135108: 36 -74
164729952490: 37 -73
31331350135252: 29 -81
93541518640: 31 -79
6618847380691: 23 -87
100848847184: 20 -90
200467660876618: 26 -84
82795547636: 19 -91
31601194165454: 54 -56
70465911891574: 26 -84
104046342248: 56 -54
75484162752: 58 -52
152088853522: 70 -33
61073128139: 56 -54
148997885746: 26 -84
31331350132848: 60 -50
31331350135108: 36 -74
164729952490: 37 -73
31331350135252: 29 -81
93541518640: 31 -79
6618847380691: 23 -87
100848847184: 20 -90
200467660876618: 26 -84
82795547636: 19 -91
31601194165454: 54 -56
70465911891574: 26 -84
104046342248: 56 -54
75484162752: 58 -52
152088853522: 70 -33
61073128139: 56 -54
148997885746: 26 -84
31331350132848: 60 -50
31331350135108: 36 -74
164729952490: 37 -73
31331350135252: 29 -81
93541518640: 31 -79
6618847380691: 23 -87
100848847184: 20 -90
200467660876618: 26 -84
82795547636: 19 -91
31601194165454: 54 -56
70465911891574: 26 -84
104046342248: 56 -54
75484162752: 58 -52
152088853522: 70 -33
61073128139: 56 -54
148997885746: 26 -84
31331350132848: 60 -50
31331350135108: 36 -74
164729952490: 37 -73
31331350135252: 29 -81
93541518640: 31 -79
6618847380691: 23 -87
100848847184: 20 -90
200467660876618: 26 -84
82795547636: 19 -91
31601194165454: 54 -56
70465911891574: 26 -84
104046342248: 56 -54
75484162752: 58 -52
152088853522: 70 -33
61073128139: 56 -54
148997885746: 26 -84
31331350132848: 60 -50
31331350135108: 36 -74
164729952490: 37 -73
31331350135252: 29 -81
93541518640: 31 -79
6618847380691: 23 -87
100848847184: 20 -90
200467660876618: 26 -84
82795547636: 19 -91
31601194165454: 54 -56
70465911891574: 26 -84
104046342248: 56 -54
75484162752: 58 -52
152088853522: 70 -39
61073128139: 56 -54
148997885746: 26 -84
31331350132848: 60 -50
31331350135108: 36 -74
164729952490: 37 -73
31331350135252: 29 -81
93541518640: 31 -79
6618847380691: 23 -87
100848847184: 20 -90
200467660876618: 26 -84
82795547636: 19 -91
31601194165454: 54 -56
70465911891574: 26 -84
104046342248: 56 -54
75484162752: 58 -52
152088853522: 68 -42
61073128139: 56 -54
148997885746: 26 -84
31331350132848: 60 -50
31331350135108: 36 -74
164729952490: 37 -73
31331350135252: 29 -81
93541518640: 31 -79
6618847380691: 23 -87
100848847184: 20 -90
200467660876618: 26 -84
82795547636: 19 -91
31601194165454: 54 -56
70465911891574: 26 -84
104046342248: 56 -54
75484162752: 58 -52
152088853522: 70 -32
61073128139: 56 -54
148997885746: 26 -84
31331350132848: 60 -50
31331350135108: 36 -74
164729952490: 37 -73
31331350135252: 29 -81
93541518640: 31 -79
6618847380691: 23 -87
100848847184: 20 -90
200467660876618: 26 -84
82795547636: 19 -91
31601194165454: 59 -51
70465911891574: 22 -88
104046342248: 60 -50
75484162752: 63 -47
152088853522: 70 -32
61073128139: 50 -60
148997885746: 25 -85
31331350132848: 52 -58
31331350135108: 40 -70
164729952490: 36 -74
31331350135252: 29 -81
93541518640: 31 -79
6618847380691: 23 -87
100848847184: 20 -90
200467660876618: 26 -84
82795547636: 19 -91
