31601194165454: 59 -51
70465911891574: 33 -77
104046342248: 41 -69
75484162752: 70 -27
152088853522: 70 -34
61073128139: 58 -52
148997885746: 31 -79
31331350132848: 62 -48
31331350135108: 30 -80
164729952490: 36 -74
124811688518: 18 -92
27279809849: 23 -87
31601194165454: 59 -51
70465911891574: 33 -77
104046342248: 41 -69
75484162752: 70 -27
152088853522: 70 -39
61073128139: 58 -52
148997885746: 31 -79
31331350132848: 62 -48
31331350135108: 30 -80
164729952490: 36 -74
124811688518: 18 -92
27279809849: 23 -87
31601194165454: 59 -51
70465911891574: 33 -77
104046342248: 41 -69
75484162752: 70 -27
152088853522: 70 -33
61073128139: 58 -52
148997885746: 31 -79
31331350132848: 62 -48
31331350135108: 30 -80
164729952490: 36 -74
124811688518: 18 -92
27279809849: 23 -87
31601194165454: 59 -51
70465911891574: 33 -77
104046342248: 41 -69
75484162752: 70 -27
152088853522: 70 -35
61073128139: 58 -52
148997885746: 31 -79
31331350132848: 62 -48
31331350135108: 30 -80
164729952490: 36 -74
124811688518: 18 -92
27279809849: 23 -87
31601194165454: 59 -51
70465911891574: 33 -77
104046342248: 41 -69
75484162752: 70 -27
152088853522: 70 -30
61073128139: 58 -52
148997885746: 31 -79
31331350132848: 62 -48
31331350135108: 30 -80
164729952490: 36 -74
124811688518: 18 -92
27279809849: 23 -87
31601194165454: 59 -51
70465911891574: 33 -77
104046342248: 41 -69
75484162752: 70 -27
152088853522: 70 -35
61073128139: 58 -52
148997885746: 31 -79
31331350132848: 62 -48
31331350135108: 30 -80
164729952490: 36 -74
124811688518: 18 -92
27279809849: 23 -87
31601194165454: 59 -51
70465911891574: 33 -77
104046342248: 41 -69
75484162752: 70 -27
152088853522: 70 -33
61073128139: 58 -52
148997885746: 31 -79
31331350132848: 62 -48
31331350135108: 30 -80
164729952490: 36 -74
124811688518: 18 -92
27279809849: 23 -87
31601194165454: 59 -51
70465911891574: 33 -77
104046342248: 41 -69
75484162752: 70 -27
152088853522: 70 -34
61073128139: 58 -52
148997885746: 31 -79
31331350132848: 62 -48
31331350135108: 30 -80
164729952490: 36 -74
124811688518: 18 -92
27279809849: 23 -87
31601194165454: 59 -51
70465911891574: 33 -77
104046342248: 41 -69
75484162752: 70 -27
152088853522: 70 -35
61073128139: 58 -52
148997885746: 31 -79
31331350132848: 62 -48
31331350135108: 30 -80
164729952490: 36 -74
124811688518: 18 -92
27279809849: 23 -87
31601194165454: 55 -55
70465911891574: 42 -68
104046342248: 37 -73
75484162752: 69 -41
152088853522: 70 -34
61073128139: 59 -51
148997885746: 31 -79
31331350132848: 62 -48
31331350135108: 37 -73
164729952490: 51 -59
124811688518: 18 -92
27279809849: 23 -87
31331350135252: 43 -67
31601194165454: 55 -55
70465911891574: 42 -68
104046342248: 37 -73
75484162752: 69 -41
152088853522: 70 -32
61073128139: 59 -51
148997885746: 31 -79
31331350132848: 62 -48
31331350135108: 37 -73
164729952490: 51 -59
124811688518: 18 -92
27279809849: 23 -87
31331350135252: 43 -67
31601194165454: 55 -55
70465911891574: 42 -68
104046342248: 37 -73
75484162752: 69 -41
152088853522: 70 -31
61073128139: 59 -51
148997885746: 31 -79
31331350132848: 62 -48
31331350135108: 37 -73
164729952490: 51 -59
124811688518: 18 -92
27279809849: 23 -87
31331350135252: 43 -67
31601194165454: 55 -55
70465911891574: 42 -68
104046342248: 37 -73
75484162752: 69 -41
152088853522: 70 -30
61073128139: 59 -51
148997885746: 31 -79
31331350132848: 62 -48
31331350135108: 37 -73
164729952490: 51 -59
124811688518: 18 -92
27279809849: 23 -87
31331350135252: 43 -67
31601194165454: 55 -55
70465911891574: 42 -68
104046342248: 37 -73
75484162752: 69 -41
152088853522: 70 -35
61073128139: 59 -51
148997885746: 31 -79
31331350132848: 62 -48
31331350135108: 37 -73
164729952490: 51 -59
124811688518: 18 -92
27279809849: 23 -87
31331350135252: 43 -67
31601194165454: 55 -55
70465911891574: 42 -68
104046342248: 37 -73
75484162752: 69 -41
152088853522: 70 -38
61073128139: 59 -51
148997885746: 31 -79
31331350132848: 62 -48
31331350135108: 37 -73
164729952490: 51 -59
124811688518: 18 -92
27279809849: 23 -87
31331350135252: 43 -67
31601194165454: 55 -55
70465911891574: 42 -68
104046342248: 37 -73
75484162752: 69 -41
152088853522: 70 -30
61073128139: 59 -51
148997885746: 31 -79
31331350132848: 62 -48
31331350135108: 37 -73
164729952490: 51 -59
124811688518: 18 -92
27279809849: 23 -87
31331350135252: 43 -67
31601194165454: 55 -55
70465911891574: 42 -68
104046342248: 37 -73
75484162752: 69 -41
152088853522: 70 -33
61073128139: 59 -51
148997885746: 31 -79
31331350132848: 62 -48
31331350135108: 37 -73
164729952490: 51 -59
124811688518: 18 -92
27279809849: 23 -87
31331350135252: 43 -67
31601194165454: 55 -55
70465911891574: 42 -68
104046342248: 37 -73
75484162752: 69 -41
152088853522: 70 -33
61073128139: 59 -51
148997885746: 31 -79
31331350132848: 62 -48
31331350135108: 37 -73
164729952490: 51 -59
124811688518: 18 -92
27279809849: 23 -87
31331350135252: 43 -67
31601194165454: 56 -54
70465911891574: 29 -81
104046342248: 35 -75
75484162752: 70 -30
152088853522: 70 -40
61073128139: 62 -48
148997885746: 37 -73
31331350132848: 58 -52
31331350135108: 31 -79
164729952490: 47 -63
124811688518: 18 -92
27279809849: 23 -87
31331350135252: 43 -67
31601194165454: 56 -54
70465911891574: 29 -81
104046342248: 35 -75
75484162752: 70 -30
152088853522: 70 -36
61073128139: 62 -48
148997885746: 37 -73
31331350132848: 58 -52
31331350135108: 31 -79
164729952490: 47 -63
124811688518: 18 -92
27279809849: 23 -87
31331350135252: 43 -67
31601194165454: 56 -54
70465911891574: 29 -81
104046342248: 35 -75
75484162752: 70 -30
152088853522: 70 -37
61073128139: 62 -48
148997885746: 37 -73
31331350132848: 58 -52
31331350135108: 31 -79
164729952490: 47 -63
124811688518: 18 -92
27279809849: 23 -87
31331350135252: 43 -67
31601194165454: 56 -54
70465911891574: 29 -81
104046342248: 35 -75
75484162752: 70 -30
152088853522: 70 -33
61073128139: 62 -48
148997885746: 37 -73
31331350132848: 58 -52
31331350135108: 31 -79
164729952490: 47 -63
124811688518: 18 -92
27279809849: 23 -87
31331350135252: 43 -67
31601194165454: 56 -54
70465911891574: 29 -81
104046342248: 35 -75
75484162752: 70 -30
152088853522: 70 -36
61073128139: 62 -48
148997885746: 37 -73
31331350132848: 58 -52
31331350135108: 31 -79
164729952490: 47 -63
124811688518: 18 -92
27279809849: 23 -87
31331350135252: 43 -67
31601194165454: 56 -54
70465911891574: 29 -81
104046342248: 35 -75
75484162752: 70 -30
152088853522: 70 -32
61073128139: 62 -48
148997885746: 37 -73
31331350132848: 58 -52
31331350135108: 31 -79
164729952490: 47 -63
124811688518: 18 -92
27279809849: 23 -87
31331350135252: 43 -67
31601194165454: 56 -54
70465911891574: 29 -81
104046342248: 35 -75
75484162752: 70 -30
152088853522: 70 -36
61073128139: 62 -48
148997885746: 37 -73
31331350132848: 58 -52
31331350135108: 31 -79
164729952490: 47 -63
124811688518: 18 -92
27279809849: 23 -87
31331350135252: 43 -67
31601194165454: 56 -54
70465911891574: 29 -81
104046342248: 35 -75
75484162752: 70 -30
152088853522: 70 -36
61073128139: 62 -48
148997885746: 37 -73
31331350132848: 58 -52
31331350135108: 31 -79
164729952490: 47 -63
124811688518: 18 -92
27279809849: 23 -87
31331350135252: 43 -67
31601194165454: 56 -54
70465911891574: 29 -81
104046342248: 35 -75
75484162752: 70 -30
152088853522: 68 -42
61073128139: 62 -48
148997885746: 37 -73
31331350132848: 58 -52
31331350135108: 31 -79
164729952490: 47 -63
124811688518: 18 -92
27279809849: 23 -87
31331350135252: 43 -67
31601194165454: 54 -56
70465911891574: 28 -82
104046342248: 66 -44
75484162752: 70 -34
152088853522: 65 -45
61073128139: 23 -87
148997885746: 23 -87
31331350132848: 60 -50
31331350135108: 38 -72
164729952490: 49 -61
124811688518: 18 -92
27279809849: 23 -87
31331350135252: 36 -74
31601194165454: 54 -56
70465911891574: 28 -82
104046342248: 66 -44
75484162752: 70 -34
152088853522: 67 -43
61073128139: 23 -87
148997885746: 23 -87
31331350132848: 60 -50
31331350135108: 38 -72
164729952490: 49 -61
124811688518: 18 -92
27279809849: 23 -87
31331350135252: 36 -74
31601194165454: 54 -56
70465911891574: 28 -82
104046342248: 66 -44
75484162752: 70 -34
152088853522: 70 -35
61073128139: 23 -87
148997885746: 23 -87
31331350132848: 60 -50
31331350135108: 38 -72
164729952490: 49 -61
124811688518: 18 -92
27279809849: 23 -87
31331350135252: 36 -74
31601194165454: 54 -56
70465911891574: 28 -82
104046342248: 66 -44
75484162752: 70 -34
152088853522: 69 -41
61073128139: 23 -87
148997885746: 23 -87
31331350132848: 60 -50
31331350135108: 38 -72
164729952490: 49 -61
124811688518: 18 -92
27279809849: 23 -87
31331350135252: 36 -74
31601194165454: 54 -56
70465911891574: 28 -82
104046342248: 66 -44
75484162752: 70 -34
152088853522: 70 -34
61073128139: 23 -87
148997885746: 23 -87
31331350132848: 60 -50
31331350135108: 38 -72
164729952490: 49 -61
124811688518: 18 -92
27279809849: 23 -87
31331350135252: 36 -74
31601194165454: 54 -56
70465911891574: 28 -82
104046342248: 66 -44
75484162752: 70 -34
152088853522: 70 -32
61073128139: 23 -87
148997885746: 23 -87
31331350132848: 60 -50
31331350135108: 38 -72
164729952490: 49 -61
124811688518: 18 -92
27279809849: 23 -87
31331350135252: 36 -74
31601194165454: 54 -56
70465911891574: 28 -82
104046342248: 66 -44
75484162752: 70 -34
152088853522: 70 -33
61073128139: 23 -87
148997885746: 23 -87
31331350132848: 60 -50
31331350135108: 38 -72
164729952490: 49 -61
124811688518: 18 -92
27279809849: 23 -87
31331350135252: 36 -74
31601194165454: 54 -56
70465911891574: 28 -82
104046342248: 66 -44
75484162752: 70 -34
152088853522: 70 -40
61073128139: 23 -87
148997885746: 23 -87
31331350132848: 60 -50
31331350135108: 38 -72
164729952490: 49 -61
124811688518: 18 -92
27279809849: 23 -87
31331350135252: 36 -74
31601194165454: 54 -56
70465911891574: 28 -82
104046342248: 66 -44
75484162752: 70 -34
152088853522: 70 -33
61073128139: 23 -87
148997885746: 23 -87
31331350132848: 60 -50
31331350135108: 38 -72
164729952490: 49 -61
124811688518: 18 -92
27279809849: 23 -87
31331350135252: 36 -74
31601194165454: 60 -50
70465911891574: 25 -85
104046342248: 40 -70
75484162752: 69 -41
152088853522: 70 -38
61073128139: 51 -59
148997885746: 40 -70
31331350132848: 51 -59
31331350135108: 38 -72
164729952490: 38 -72
124811688518: 18 -92
27279809849: 23 -87
31331350135252: 36 -74
21777614035: 23 -87
93541518640: 46 -64
31601194165454: 60 -50
70465911891574: 25 -85
104046342248: 40 -70
75484162752: 69 -41
152088853522: 69 -41
61073128139: 51 -59
148997885746: 40 -70
31331350132848: 51 -59
31331350135108: 38 -72
164729952490: 38 -72
124811688518: 18 -92
27279809849: 23 -87
31331350135252: 36 -74
21777614035: 23 -87
93541518640: 46 -64
31601194165454: 60 -50
70465911891574: 25 -85
104046342248: 40 -70
75484162752: 69 -41
152088853522: 70 -32
61073128139: 51 -59
148997885746: 40 -70
31331350132848: 51 -59
31331350135108: 38 -72
164729952490: 38 -72
124811688518: 18 -92
27279809849: 23 -87
31331350135252: 36 -74
21777614035: 23 -87
93541518640: 46 -64
31601194165454: 60 -50
70465911891574: 25 -85
104046342248: 40 -70
75484162752: 69 -41
152088853522: 70 -36
61073128139: 51 -59
148997885746: 40 -70
31331350132848: 51 -59
31331350135108: 38 -72
164729952490: 38 -72
27279809849: 23 -87
31331350135252: 36 -74
21777614035: 23 -87
93541518640: 46 -64
31601194165454: 60 -50
70465911891574: 25 -85
104046342248: 40 -70
75484162752: 69 -41
152088853522: 70 -32
61073128139: 51 -59
148997885746: 40 -70
31331350132848: 51 -59
31331350135108: 38 -72
164729952490: 38 -72
27279809849: 23 -87
31331350135252: 36 -74
21777614035: 23 -87
93541518640: 46 -64
31601194165454: 60 -50
70465911891574: 25 -85
104046342248: 40 -70
75484162752: 69 -41
152088853522: 70 -36
61073128139: 51 -59
148997885746: 40 -70
31331350132848: 51 -59
31331350135108: 38 -72
164729952490: 38 -72
27279809849: 23 -87
31331350135252: 36 -74
21777614035: 23 -87
93541518640: 46 -64
31601194165454: 60 -50
70465911891574: 25 -85
104046342248: 40 -70
75484162752: 69 -41
152088853522: 70 -30
61073128139: 51 -59
148997885746: 40 -70
31331350132848: 51 -59
31331350135108: 38 -72
164729952490: 38 -72
27279809849: 23 -87
31331350135252: 36 -74
21777614035: 23 -87
93541518640: 46 -64
31601194165454: 60 -50
70465911891574: 25 -85
104046342248: 40 -70
75484162752: 69 -41
152088853522: 70 -38
61073128139: 51 -59
148997885746: 40 -70
31331350132848: 51 -59
31331350135108: 38 -72
164729952490: 38 -72
27279809849: 23 -87
31331350135252: 36 -74
21777614035: 23 -87
93541518640: 46 -64
31601194165454: 60 -50
70465911891574: 25 -85
104046342248: 40 -70
75484162752: 69 -41
152088853522: 70 -32
61073128139: 51 -59
148997885746: 40 -70
31331350132848: 51 -59
31331350135108: 38 -72
164729952490: 38 -72
27279809849: 23 -87
31331350135252: 36 -74
21777614035: 23 -87
93541518640: 46 -64
31601194165454: 55 -55
70465911891574: 25 -85
104046342248: 69 -41
75484162752: 70 -35
152088853522: 70 -33
61073128139: 62 -48
148997885746: 42 -68
31331350132848: 51 -59
31331350135108: 30 -80
164729952490: 48 -62
27279809849: 23 -87
31331350135252: 35 -75
21777614035: 23 -87
93541518640: 46 -64
82795547636: 20 -90
31601194165454: 55 -55
70465911891574: 25 -85
104046342248: 69 -41
75484162752: 70 -35
152088853522: 70 -34
61073128139: 62 -48
148997885746: 42 -68
31331350132848: 51 -59
31331350135108: 30 -80
164729952490: 48 -62
27279809849: 23 -87
31331350135252: 35 -75
21777614035: 23 -87
93541518640: 46 -64
82795547636: 20 -90
31601194165454: 55 -55
70465911891574: 25 -85
104046342248: 69 -41
75484162752: 70 -35
152088853522: 70 -34
61073128139: 62 -48
148997885746: 42 -68
31331350132848: 51 -59
31331350135108: 30 -80
164729952490: 48 -62
27279809849: 23 -87
31331350135252: 35 -75
21777614035: 23 -87
93541518640: 46 -64
82795547636: 20 -90
31601194165454: 55 -55
70465911891574: 25 -85
104046342248: 69 -41
75484162752: 70 -35
152088853522: 70 -35
61073128139: 62 -48
148997885746: 42 -68
31331350132848: 51 -59
31331350135108: 30 -80
164729952490: 48 -62
27279809849: 23 -87
31331350135252: 35 -75
21777614035: 23 -87
93541518640: 46 -64
82795547636: 20 -90
31601194165454: 55 -55
70465911891574: 25 -85
104046342248: 69 -41
75484162752: 70 -35
152088853522: 70 -32
61073128139: 62 -48
148997885746: 42 -68
31331350132848: 51 -59
31331350135108: 30 -80
164729952490: 48 -62
27279809849: 23 -87
31331350135252: 35 -75
21777614035: 23 -87
93541518640: 46 -64
82795547636: 20 -90
31601194165454: 55 -55
70465911891574: 25 -85
104046342248: 69 -41
75484162752: 70 -35
152088853522: 70 -33
61073128139: 62 -48
148997885746: 42 -68
31331350132848: 51 -59
31331350135108: 30 -80
164729952490: 48 -62
27279809849: 23 -87
31331350135252: 35 -75
21777614035: 23 -87
93541518640: 46 -64
82795547636: 20 -90
31601194165454: 55 -55
70465911891574: 25 -85
104046342248: 69 -41
75484162752: 70 -35
152088853522: 70 -37
61073128139: 62 -48
148997885746: 42 -68
31331350132848: 51 -59
31331350135108: 30 -80
164729952490: 48 -62
27279809849: 23 -87
31331350135252: 35 -75
21777614035: 23 -87
93541518640: 46 -64
82795547636: 20 -90
31601194165454: 55 -55
70465911891574: 25 -85
104046342248: 69 -41
75484162752: 70 -35
152088853522: 70 -35
61073128139: 62 -48
148997885746: 42 -68
31331350132848: 51 -59
31331350135108: 30 -80
164729952490: 48 -62
27279809849: 23 -87
31331350135252: 35 -75
21777614035: 23 -87
93541518640: 46 -64
82795547636: 20 -90
31601194165454: 55 -55
70465911891574: 25 -85
104046342248: 69 -41
75484162752: 70 -35
152088853522: 70 -33
61073128139: 62 -48
148997885746: 42 -68
31331350132848: 51 -59
31331350135108: 30 -80
164729952490: 48 -62
27279809849: 23 -87
31331350135252: 35 -75
21777614035: 23 -87
93541518640: 46 -64
82795547636: 20 -90
31601194165454: 60 -50
70465911891574: 28 -82
104046342248: 37 -73
75484162752: 70 -36
152088853522: 66 -44
61073128139: 56 -54
148997885746: 23 -87
31331350132848: 62 -48
31331350135108: 26 -84
164729952490: 46 -64
27279809849: 23 -87
31331350135252: 38 -72
21777614035: 23 -87
93541518640: 46 -64
82795547636: 20 -90
31601194165454: 60 -50
70465911891574: 28 -82
104046342248: 37 -73
75484162752: 70 -36
152088853522: 66 -44
61073128139: 56 -54
148997885746: 23 -87
31331350132848: 62 -48
31331350135108: 26 -84
164729952490: 46 -64
27279809849: 23 -87
31331350135252: 38 -72
21777614035: 23 -87
93541518640: 46 -64
82795547636: 20 -90
31601194165454: 60 -50
70465911891574: 28 -82
104046342248: 37 -73
75484162752: 70 -36
152088853522: 70 -40
61073128139: 56 -54
148997885746: 23 -87
31331350132848: 62 -48
31331350135108: 26 -84
164729952490: 46 -64
27279809849: 23 -87
31331350135252: 38 -72
21777614035: 23 -87
93541518640: 46 -64
82795547636: 20 -90
31601194165454: 60 -50
70465911891574: 28 -82
104046342248: 37 -73
75484162752: 70 -36
152088853522: 69 -41
61073128139: 56 -54
148997885746: 23 -87
31331350132848: 62 -48
31331350135108: 26 -84
164729952490: 46 -64
27279809849: 23 -87
31331350135252: 38 -72
21777614035: 23 -87
93541518640: 46 -64
82795547636: 20 -90
31601194165454: 60 -50
70465911891574: 28 -82
104046342248: 37 -73
75484162752: 70 -36
152088853522: 68 -42
61073128139: 56 -54
148997885746: 23 -87
31331350132848: 62 -48
31331350135108: 26 -84
164729952490: 46 -64
27279809849: 23 -87
31331350135252: 38 -72
21777614035: 23 -87
93541518640: 46 -64
82795547636: 20 -90
31601194165454: 60 -50
70465911891574: 28 -82
104046342248: 37 -73
75484162752: 70 -36
152088853522: 70 -37
61073128139: 56 -54
148997885746: 23 -87
31331350132848: 62 -48
31331350135108: 26 -84
164729952490: 46 -64
31331350135252: 38 -72
21777614035: 23 -87
93541518640: 46 -64
82795547636: 20 -90
31601194165454: 60 -50
70465911891574: 28 -82
104046342248: 37 -73
75484162752: 70 -36
152088853522: 70 -38
61073128139: 56 -54
148997885746: 23 -87
31331350132848: 62 -48
31331350135108: 26 -84
164729952490: 46 -64
31331350135252: 38 -72
21777614035: 23 -87
93541518640: 46 -64
82795547636: 20 -90
31601194165454: 60 -50
70465911891574: 28 -82
104046342248: 37 -73
75484162752: 70 -36
152088853522: 70 -33
61073128139: 56 -54
148997885746: 23 -87
31331350132848: 62 -48
31331350135108: 26 -84
164729952490: 46 -64
31331350135252: 38 -72
21777614035: 23 -87
93541518640: 46 -64
82795547636: 20 -90
31601194165454: 60 -50
70465911891574: 28 -82
104046342248: 37 -73
75484162752: 70 -36
152088853522: 70 -40
61073128139: 56 -54
148997885746: 23 -87
31331350132848: 62 -48
31331350135108: 26 -84
164729952490: 46 -64
31331350135252: 38 -72
21777614035: 23 -87
93541518640: 46 -64
82795547636: 20 -90
31601194165454: 61 -49
70465911891574: 37 -73
104046342248: 32 -78
75484162752: 70 -35
152088853522: 70 -30
61073128139: 25 -85
148997885746: 30 -80
31331350132848: 59 -51
31331350135108: 37 -73
164729952490: 48 -62
31331350135252: 38 -72
21777614035: 23 -87
93541518640: 46 -64
82795547636: 20 -90
31601194165454: 61 -49
70465911891574: 37 -73
104046342248: 32 -78
75484162752: 70 -35
152088853522: 70 -33
61073128139: 25 -85
148997885746: 30 -80
31331350132848: 59 -51
31331350135108: 37 -73
164729952490: 48 -62
31331350135252: 38 -72
21777614035: 23 -87
93541518640: 46 -64
82795547636: 20 -90
31601194165454: 61 -49
70465911891574: 37 -73
104046342248: 32 -78
75484162752: 70 -35
152088853522: 70 -39
61073128139: 25 -85
148997885746: 30 -80
31331350132848: 59 -51
31331350135108: 37 -73
164729952490: 48 -62
31331350135252: 38 -72
21777614035: 23 -87
93541518640: 46 -64
82795547636: 20 -90
31601194165454: 61 -49
70465911891574: 37 -73
104046342248: 32 -78
75484162752: 70 -35
152088853522: 70 -33
61073128139: 25 -85
148997885746: 30 -80
31331350132848: 59 -51
31331350135108: 37 -73
164729952490: 48 -62
31331350135252: 38 -72
21777614035: 23 -87
93541518640: 46 -64
82795547636: 20 -90
31601194165454: 61 -49
70465911891574: 37 -73
104046342248: 32 -78
75484162752: 70 -35
152088853522: 70 -35
61073128139: 25 -85
148997885746: 30 -80
31331350132848: 59 -51
31331350135108: 37 -73
164729952490: 48 -62
31331350135252: 38 -72
21777614035: 23 -87
93541518640: 46 -64
82795547636: 20 -90
31601194165454: 61 -49
70465911891574: 37 -73
104046342248: 32 -78
75484162752: 70 -35
152088853522: 70 -35
61073128139: 25 -85
148997885746: 30 -80
31331350132848: 59 -51
31331350135108: 37 -73
164729952490: 48 -62
31331350135252: 38 -72
21777614035: 23 -87
93541518640: 46 -64
82795547636: 20 -90
31601194165454: 61 -49
70465911891574: 37 -73
104046342248: 32 -78
75484162752: 70 -35
152088853522: 70 -39
61073128139: 25 -85
148997885746: 30 -80
31331350132848: 59 -51
31331350135108: 37 -73
164729952490: 48 -62
31331350135252: 38 -72
21777614035: 23 -87
93541518640: 46 -64
82795547636: 20 -90
31601194165454: 61 -49
70465911891574: 37 -73
104046342248: 32 -78
75484162752: 70 -35
152088853522: 69 -41
61073128139: 25 -85
148997885746: 30 -80
31331350132848: 59 -51
31331350135108: 37 -73
164729952490: 48 -62
31331350135252: 38 -72
21777614035: 23 -87
93541518640: 46 -64
82795547636: 20 -90
31601194165454: 61 -49
70465911891574: 37 -73
104046342248: 32 -78
75484162752: 70 -35
152088853522: 70 -35
61073128139: 25 -85
148997885746: 30 -80
31331350132848: 59 -51
31331350135108: 37 -73
164729952490: 48 -62
31331350135252: 38 -72
21777614035: 23 -87
93541518640: 46 -64
82795547636: 20 -90
31601194165454: 57 -53
70465911891574: 67 -43
104046342248: 26 -84
75484162752: 70 -32
152088853522: 70 -35
61073128139: 64 -46
148997885746: 39 -71
31331350132848: 64 -46
31331350135108: 32 -78
164729952490: 45 -65
31331350135252: 29 -81
21777614035: 23 -87
93541518640: 46 -64
82795547636: 20 -90
31601194165454: 57 -53
70465911891574: 67 -43
104046342248: 26 -84
75484162752: 70 -32
152088853522: 70 -38
61073128139: 64 -46
148997885746: 39 -71
31331350132848: 64 -46
31331350135108: 32 -78
164729952490: 45 -65
31331350135252: 29 -81
93541518640: 46 -64
82795547636: 20 -90
31601194165454: 57 -53
70465911891574: 67 -43
104046342248: 26 -84
75484162752: 70 -32
152088853522: 70 -33
61073128139: 64 -46
148997885746: 39 -71
31331350132848: 64 -46
31331350135108: 32 -78
164729952490: 45 -65
31331350135252: 29 -81
82795547636: 20 -90
31601194165454: 57 -53
70465911891574: 67 -43
104046342248: 26 -84
75484162752: 70 -32
152088853522: 70 -38
61073128139: 64 -46
148997885746: 39 -71
31331350132848: 64 -46
31331350135108: 32 -78
164729952490: 45 -65
31331350135252: 29 -81
82795547636: 20 -90
31601194165454: 57 -53
70465911891574: 67 -43
104046342248: 26 -84
75484162752: 70 -32
152088853522: 70 -32
61073128139: 64 -46
148997885746: 39 -71
31331350132848: 64 -46
31331350135108: 32 -78
164729952490: 45 -65
31331350135252: 29 -81
82795547636: 20 -90
31601194165454: 57 -53
70465911891574: 67 -43
104046342248: 26 -84
75484162752: 70 -32
152088853522: 70 -31
61073128139: 64 -46
148997885746: 39 -71
31331350132848: 64 -46
31331350135108: 32 -78
164729952490: 45 -65
31331350135252: 29 -81
82795547636: 20 -90
31601194165454: 57 -53
70465911891574: 67 -43
104046342248: 26 -84
75484162752: 70 -32
152088853522: 70 -38
61073128139: 64 -46
148997885746: 39 -71
31331350132848: 64 -46
31331350135108: 32 -78
164729952490: 45 -65
31331350135252: 29 -81
82795547636: 20 -90
31601194165454: 57 -53
70465911891574: 67 -43
104046342248: 26 -84
75484162752: 70 -32
152088853522: 70 -34
61073128139: 64 -46
148997885746: 39 -71
31331350132848: 64 -46
31331350135108: 32 -78
164729952490: 45 -65
31331350135252: 29 -81
82795547636: 20 -90
31601194165454: 57 -53
70465911891574: 67 -43
104046342248: 26 -84
75484162752: 70 -32
152088853522: 70 -33
61073128139: 64 -46
148997885746: 39 -71
31331350132848: 64 -46
31331350135108: 32 -78
164729952490: 45 -65
31331350135252: 29 -81
82795547636: 20 -90
31601194165454: 53 -57
70465911891574: 27 -83
104046342248: 62 -48
75484162752: 70 -31
152088853522: 66 -44
61073128139: 53 -57
148997885746: 41 -69
31331350132848: 58 -52
31331350135108: 25 -85
164729952490: 41 -69
31331350135252: 40 -70
82795547636: 20 -90
21777614035: 26 -84
31601194165454: 53 -57
70465911891574: 27 -83
104046342248: 62 -48
75484162752: 70 -31
152088853522: 66 -44
61073128139: 53 -57
148997885746: 41 -69
31331350132848: 58 -52
31331350135108: 25 -85
164729952490: 41 -69
31331350135252: 40 -70
82795547636: 20 -90
21777614035: 26 -84
31601194165454: 53 -57
70465911891574: 27 -83
104046342248: 62 -48
75484162752: 70 -31
152088853522: 68 -42
61073128139: 53 -57
148997885746: 41 -69
31331350132848: 58 -52
31331350135108: 25 -85
164729952490: 41 -69
31331350135252: 40 -70
82795547636: 20 -90
21777614035: 26 -84
31601194165454: 53 -57
70465911891574: 27 -83
104046342248: 62 -48
75484162752: 70 -31
152088853522: 67 -43
61073128139: 53 -57
148997885746: 41 -69
31331350132848: 58 -52
31331350135108: 25 -85
164729952490: 41 -69
31331350135252: 40 -70
82795547636: 20 -90
21777614035: 26 -84
31601194165454: 53 -57
70465911891574: 27 -83
104046342248: 62 -48
75484162752: 70 -31
152088853522: 68 -42
61073128139: 53 -57
148997885746: 41 -69
31331350132848: 58 -52
31331350135108: 25 -85
164729952490: 41 -69
31331350135252: 40 -70
21777614035: 26 -84
31601194165454: 53 -57
70465911891574: 27 -83
104046342248: 62 -48
75484162752: 70 -31
152088853522: 65 -45
61073128139: 53 -57
148997885746: 41 -69
31331350132848: 58 -52
31331350135108: 25 -85
164729952490: 41 -69
31331350135252: 40 -70
21777614035: 26 -84
31601194165454: 53 -57
70465911891574: 27 -83
104046342248: 62 -48
75484162752: 70 -31
152088853522: 68 -42
61073128139: 53 -57
148997885746: 41 -69
31331350132848: 58 -52
31331350135108: 25 -85
164729952490: 41 -69
31331350135252: 40 -70
21777614035: 26 -84
31601194165454: 53 -57
70465911891574: 27 -83
104046342248: 62 -48
75484162752: 70 -31
152088853522: 67 -43
61073128139: 53 -57
148997885746: 41 -69
31331350132848: 58 -52
31331350135108: 25 -85
164729952490: 41 -69
31331350135252: 40 -70
21777614035: 26 -84
31601194165454: 53 -57
70465911891574: 27 -83
104046342248: 62 -48
75484162752: 70 -31
152088853522: 67 -43
61073128139: 53 -57
148997885746: 41 -69
31331350132848: 58 -52
31331350135108: 25 -85
164729952490: 41 -69
31331350135252: 40 -70
21777614035: 26 -84
31601194165454: 53 -57
70465911891574: 39 -71
104046342248: 57 -53
75484162752: 70 -33
152088853522: 67 -43
61073128139: 56 -54
148997885746: 39 -71
31331350132848: 56 -54
31331350135108: 26 -84
164729952490: 49 -61
31331350135252: 38 -72
21777614035: 26 -84
27279809849: 21 -89
100848842504: 21 -89
31601194165454: 53 -57
70465911891574: 39 -71
104046342248: 57 -53
75484162752: 70 -33
152088853522: 67 -43
61073128139: 56 -54
148997885746: 39 -71
31331350132848: 56 -54
31331350135108: 26 -84
164729952490: 49 -61
31331350135252: 38 -72
21777614035: 26 -84
27279809849: 21 -89
100848842504: 21 -89
31601194165454: 53 -57
70465911891574: 39 -71
104046342248: 57 -53
75484162752: 70 -33
152088853522: 67 -43
61073128139: 56 -54
148997885746: 39 -71
31331350132848: 56 -54
31331350135108: 26 -84
164729952490: 49 -61
31331350135252: 38 -72
21777614035: 26 -84
27279809849: 21 -89
100848842504: 21 -89
31601194165454: 53 -57
70465911891574: 39 -71
104046342248: 57 -53
75484162752: 70 -33
152088853522: 68 -42
61073128139: 56 -54
148997885746: 39 -71
31331350132848: 56 -54
31331350135108: 26 -84
164729952490: 49 -61
31331350135252: 38 -72
21777614035: 26 -84
27279809849: 21 -89
100848842504: 21 -89
31601194165454: 53 -57
70465911891574: 39 -71
104046342248: 57 -53
75484162752: 70 -33
152088853522: 66 -44
61073128139: 56 -54
148997885746: 39 -71
31331350132848: 56 -54
31331350135108: 26 -84
164729952490: 49 -61
31331350135252: 38 -72
21777614035: 26 -84
27279809849: 21 -89
100848842504: 21 -89
31601194165454: 53 -57
70465911891574: 39 -71
104046342248: 57 -53
75484162752: 70 -33
152088853522: 67 -43
61073128139: 56 -54
148997885746: 39 -71
31331350132848: 56 -54
31331350135108: 26 -84
164729952490: 49 -61
31331350135252: 38 -72
21777614035: 26 -84
27279809849: 21 -89
100848842504: 21 -89
31601194165454: 53 -57
70465911891574: 39 -71
104046342248: 57 -53
75484162752: 70 -33
152088853522: 67 -43
61073128139: 56 -54
148997885746: 39 -71
31331350132848: 56 -54
31331350135108: 26 -84
164729952490: 49 -61
31331350135252: 38 -72
21777614035: 26 -84
27279809849: 21 -89
100848842504: 21 -89
31601194165454: 53 -57
70465911891574: 39 -71
104046342248: 57 -53
75484162752: 70 -33
152088853522: 68 -42
61073128139: 56 -54
148997885746: 39 -71
31331350132848: 56 -54
31331350135108: 26 -84
164729952490: 49 -61
31331350135252: 38 -72
21777614035: 26 -84
27279809849: 21 -89
100848842504: 21 -89
31601194165454: 53 -57
70465911891574: 39 -71
104046342248: 57 -53
75484162752: 70 -33
152088853522: 69 -41
61073128139: 56 -54
148997885746: 39 -71
31331350132848: 56 -54
31331350135108: 26 -84
164729952490: 49 -61
31331350135252: 38 -72
21777614035: 26 -84
27279809849: 21 -89
100848842504: 21 -89
31601194165454: 56 -54
70465911891574: 30 -80
104046342248: 63 -47
75484162752: 70 -30
152088853522: 70 -39
61073128139: 22 -88
148997885746: 40 -70
31331350132848: 58 -52
31331350135108: 26 -84
164729952490: 46 -64
31331350135252: 32 -78
21777614035: 26 -84
27279809849: 21 -89
100848842504: 21 -89
