31601194165454: 58 -52
70465911891574: 28 -82
104046342248: 60 -50
75484162752: 64 -46
152088853522: 70 -27
61073128139: 55 -55
148997885746: 34 -76
31331350132848: 63 -47
31331350135108: 26 -84
164729952490: 45 -65
31331350135252: 32 -78
21777614035: 22 -88
27279809849: 21 -89
100848842504: 21 -89
6618847380691: 23 -87
31601194165454: 58 -52
70465911891574: 28 -82
104046342248: 60 -50
75484162752: 64 -46
152088853522: 70 -27
61073128139: 55 -55
148997885746: 34 -76
31331350132848: 63 -47
31331350135108: 26 -84
164729952490: 45 -65
31331350135252: 32 -78
21777614035: 22 -88
27279809849: 21 -89
100848842504: 21 -89
6618847380691: 23 -87
31601194165454: 58 -52
70465911891574: 28 -82
104046342248: 60 -50
75484162752: 64 -46
152088853522: 70 -36
61073128139: 55 -55
148997885746: 34 -76
31331350132848: 63 -47
31331350135108: 26 -84
164729952490: 45 -65
31331350135252: 32 -78
21777614035: 22 -88
27279809849: 21 -89
100848842504: 21 -89
6618847380691: 23 -87
31601194165454: 58 -52
70465911891574: 28 -82
104046342248: 60 -50
75484162752: 64 -46
152088853522: 70 -30
61073128139: 55 -55
148997885746: 34 -76
31331350132848: 63 -47
31331350135108: 26 -84
164729952490: 45 -65
31331350135252: 32 -78
21777614035: 22 -88
27279809849: 21 -89
100848842504: 21 -89
6618847380691: 23 -87
31601194165454: 58 -52
70465911891574: 28 -82
104046342248: 60 -50
75484162752: 64 -46
152088853522: 70 -32
61073128139: 55 -55
148997885746: 34 -76
31331350132848: 63 -47
31331350135108: 26 -84
164729952490: 45 -65
31331350135252: 32 -78
21777614035: 22 -88
27279809849: 21 -89
100848842504: 21 -89
6618847380691: 23 -87
31601194165454: 58 -52
70465911891574: 28 -82
104046342248: 60 -50
75484162752: 64 -46
152088853522: 70 -28
61073128139: 55 -55
148997885746: 34 -76
31331350132848: 63 -47
31331350135108: 26 -84
164729952490: 45 -65
31331350135252: 32 -78
21777614035: 22 -88
27279809849: 21 -89
100848842504: 21 -89
6618847380691: 23 -87
31601194165454: 58 -52
70465911891574: 28 -82
104046342248: 60 -50
75484162752: 64 -46
152088853522: 70 -27
61073128139: 55 -55
148997885746: 34 -76
31331350132848: 63 -47
31331350135108: 26 -84
164729952490: 45 -65
31331350135252: 32 -78
21777614035: 22 -88
27279809849: 21 -89
100848842504: 21 -89
6618847380691: 23 -87
31601194165454: 58 -52
70465911891574: 28 -82
104046342248: 60 -50
75484162752: 64 -46
152088853522: 70 -28
61073128139: 55 -55
148997885746: 34 -76
31331350132848: 63 -47
31331350135108: 26 -84
164729952490: 45 -65
31331350135252: 32 -78
21777614035: 22 -88
27279809849: 21 -89
100848842504: 21 -89
6618847380691: 23 -87
31601194165454: 58 -52
70465911891574: 28 -82
104046342248: 60 -50
75484162752: 64 -46
152088853522: 70 -26
61073128139: 55 -55
148997885746: 34 -76
31331350132848: 63 -47
31331350135108: 26 -84
164729952490: 45 -65
31331350135252: 32 -78
21777614035: 22 -88
27279809849: 21 -89
100848842504: 21 -89
6618847380691: 23 -87
31601194165454: 58 -52
70465911891574: 36 -74
104046342248: 31 -79
75484162752: 69 -41
152088853522: 70 -34
61073128139: 56 -54
148997885746: 40 -70
31331350132848: 62 -48
31331350135108: 34 -76
164729952490: 45 -65
31331350135252: 32 -78
21777614035: 22 -88
27279809849: 21 -89
100848842504: 21 -89
6618847380691: 23 -87
82795547636: 20 -90
31601194165454: 58 -52
70465911891574: 36 -74
104046342248: 31 -79
75484162752: 69 -41
152088853522: 70 -34
61073128139: 56 -54
148997885746: 40 -70
31331350132848: 62 -48
31331350135108: 34 -76
164729952490: 45 -65
31331350135252: 32 -78
21777614035: 22 -88
27279809849: 21 -89
100848842504: 21 -89
6618847380691: 23 -87
82795547636: 20 -90
31601194165454: 58 -52
70465911891574: 36 -74
104046342248: 31 -79
75484162752: 69 -41
152088853522: 70 -34
61073128139: 56 -54
148997885746: 40 -70
31331350132848: 62 -48
31331350135108: 34 -76
164729952490: 45 -65
31331350135252: 32 -78
21777614035: 22 -88
27279809849: 21 -89
100848842504: 21 -89
6618847380691: 23 -87
82795547636: 20 -90
31601194165454: 58 -52
70465911891574: 36 -74
104046342248: 31 -79
75484162752: 69 -41
152088853522: 70 -40
61073128139: 56 -54
148997885746: 40 -70
31331350132848: 62 -48
31331350135108: 34 -76
164729952490: 45 -65
31331350135252: 32 -78
21777614035: 22 -88
100848842504: 21 -89
6618847380691: 23 -87
82795547636: 20 -90
31601194165454: 58 -52
70465911891574: 36 -74
104046342248: 31 -79
75484162752: 69 -41
152088853522: 70 -34
61073128139: 56 -54
148997885746: 40 -70
31331350132848: 62 -48
31331350135108: 34 -76
164729952490: 45 -65
31331350135252: 32 -78
21777614035: 22 -88
6618847380691: 23 -87
82795547636: 20 -90
31601194165454: 58 -52
70465911891574: 36 -74
104046342248: 31 -79
75484162752: 69 -41
152088853522: 70 -29
61073128139: 56 -54
148997885746: 40 -70
31331350132848: 62 -48
31331350135108: 34 -76
164729952490: 45 -65
31331350135252: 32 -78
21777614035: 22 -88
6618847380691: 23 -87
82795547636: 20 -90
31601194165454: 58 -52
70465911891574: 36 -74
104046342248: 31 -79
75484162752: 69 -41
152088853522: 70 -29
61073128139: 56 -54
148997885746: 40 -70
31331350132848: 62 -48
31331350135108: 34 -76
164729952490: 45 -65
31331350135252: 32 -78
21777614035: 22 -88
6618847380691: 23 -87
82795547636: 20 -90
31601194165454: 58 -52
70465911891574: 36 -74
104046342248: 31 -79
75484162752: 69 -41
152088853522: 70 -27
61073128139: 56 -54
148997885746: 40 -70
31331350132848: 62 -48
31331350135108: 34 -76
164729952490: 45 -65
31331350135252: 32 -78
21777614035: 22 -88
6618847380691: 23 -87
82795547636: 20 -90
31601194165454: 58 -52
70465911891574: 36 -74
104046342248: 31 -79
75484162752: 69 -41
152088853522: 70 -27
61073128139: 56 -54
148997885746: 40 -70
31331350132848: 62 -48
31331350135108: 34 -76
164729952490: 45 -65
31331350135252: 32 -78
21777614035: 22 -88
6618847380691: 23 -87
82795547636: 20 -90
31601194165454: 59 -51
70465911891574: 27 -83
104046342248: 57 -53
75484162752: 69 -41
152088853522: 70 -30
61073128139: 56 -54
148997885746: 40 -70
31331350132848: 64 -46
31331350135108: 34 -76
164729952490: 53 -57
31331350135252: 36 -74
21777614035: 22 -88
6618847380691: 23 -87
82795547636: 20 -90
27279809849: 22 -88
31601194165454: 59 -51
70465911891574: 27 -83
104046342248: 57 -53
75484162752: 69 -41
152088853522: 70 -29
61073128139: 56 -54
148997885746: 40 -70
31331350132848: 64 -46
31331350135108: 34 -76
164729952490: 53 -57
31331350135252: 36 -74
21777614035: 22 -88
6618847380691: 23 -87
82795547636: 20 -90
27279809849: 22 -88
31601194165454: 59 -51
70465911891574: 27 -83
104046342248: 57 -53
75484162752: 69 -41
152088853522: 70 -32
61073128139: 56 -54
148997885746: 40 -70
31331350132848: 64 -46
31331350135108: 34 -76
164729952490: 53 -57
31331350135252: 36 -74
21777614035: 22 -88
6618847380691: 23 -87
82795547636: 20 -90
27279809849: 22 -88
31601194165454: 59 -51
70465911891574: 27 -83
104046342248: 57 -53
75484162752: 69 -41
152088853522: 70 -30
61073128139: 56 -54
148997885746: 40 -70
31331350132848: 64 -46
31331350135108: 34 -76
164729952490: 53 -57
31331350135252: 36 -74
21777614035: 22 -88
6618847380691: 23 -87
82795547636: 20 -90
27279809849: 22 -88
31601194165454: 59 -51
70465911891574: 27 -83
104046342248: 57 -53
75484162752: 69 -41
152088853522: 70 -32
61073128139: 56 -54
148997885746: 40 -70
31331350132848: 64 -46
31331350135108: 34 -76
164729952490: 53 -57
31331350135252: 36 -74
21777614035: 22 -88
6618847380691: 23 -87
82795547636: 20 -90
27279809849: 22 -88
31601194165454: 59 -51
70465911891574: 27 -83
104046342248: 57 -53
75484162752: 69 -41
152088853522: 70 -32
61073128139: 56 -54
148997885746: 40 -70
31331350132848: 64 -46
31331350135108: 34 -76
164729952490: 53 -57
31331350135252: 36 -74
21777614035: 22 -88
6618847380691: 23 -87
82795547636: 20 -90
27279809849: 22 -88
31601194165454: 59 -51
70465911891574: 27 -83
104046342248: 57 -53
75484162752: 69 -41
152088853522: 70 -30
61073128139: 56 -54
148997885746: 40 -70
31331350132848: 64 -46
31331350135108: 34 -76
164729952490: 53 -57
31331350135252: 36 -74
21777614035: 22 -88
6618847380691: 23 -87
82795547636: 20 -90
27279809849: 22 -88
31601194165454: 59 -51
70465911891574: 27 -83
104046342248: 57 -53
75484162752: 69 -41
152088853522: 70 -32
61073128139: 56 -54
148997885746: 40 -70
31331350132848: 64 -46
31331350135108: 34 -76
164729952490: 53 -57
31331350135252: 36 -74
21777614035: 22 -88
6618847380691: 23 -87
82795547636: 20 -90
27279809849: 22 -88
31601194165454: 59 -51
70465911891574: 27 -83
104046342248: 57 -53
75484162752: 69 -41
152088853522: 70 -32
61073128139: 56 -54
148997885746: 40 -70
31331350132848: 64 -46
31331350135108: 34 -76
164729952490: 53 -57
31331350135252: 36 -74
21777614035: 22 -88
6618847380691: 23 -87
82795547636: 20 -90
27279809849: 22 -88
31601194165454: 49 -61
70465911891574: 32 -78
104046342248: 60 -50
75484162752: 70 -36
152088853522: 70 -29
61073128139: 19 -91
148997885746: 27 -83
31331350132848: 64 -46
31331350135108: 38 -72
164729952490: 50 -60
31331350135252: 42 -68
21777614035: 22 -88
6618847380691: 23 -87
82795547636: 20 -90
27279809849: 22 -88
31601194165454: 49 -61
70465911891574: 32 -78
104046342248: 60 -50
75484162752: 70 -36
152088853522: 70 -32
61073128139: 19 -91
148997885746: 27 -83
31331350132848: 64 -46
31331350135108: 38 -72
164729952490: 50 -60
31331350135252: 42 -68
21777614035: 22 -88
6618847380691: 23 -87
82795547636: 20 -90
27279809849: 22 -88
31601194165454: 49 -61
70465911891574: 32 -78
104046342248: 60 -50
75484162752: 70 -36
152088853522: 70 -29
61073128139: 19 -91
148997885746: 27 -83
31331350132848: 64 -46
31331350135108: 38 -72
164729952490: 50 -60
31331350135252: 42 -68
21777614035: 22 -88
6618847380691: 23 -87
82795547636: 20 -90
27279809849: 22 -88
31601194165454: 49 -61
70465911891574: 32 -78
104046342248: 60 -50
75484162752: 70 -36
152088853522: 70 -38
61073128139: 19 -91
148997885746: 27 -83
31331350132848: 64 -46
31331350135108: 38 -72
164729952490: 50 -60
31331350135252: 42 -68
21777614035: 22 -88
6618847380691: 23 -87
82795547636: 20 -90
27279809849: 22 -88
31601194165454: 49 -61
70465911891574: 32 -78
104046342248: 60 -50
75484162752: 70 -36
152088853522: 70 -35
61073128139: 19 -91
148997885746: 27 -83
31331350132848: 64 -46
31331350135108: 38 -72
164729952490: 50 -60
31331350135252: 42 -68
21777614035: 22 -88
6618847380691: 23 -87
82795547636: 20 -90
27279809849: 22 -88
31601194165454: 49 -61
70465911891574: 32 -78
104046342248: 60 -50
75484162752: 70 -36
152088853522: 70 -38
61073128139: 19 -91
148997885746: 27 -83
31331350132848: 64 -46
31331350135108: 38 -72
164729952490: 50 -60
31331350135252: 42 -68
21777614035: 22 -88
6618847380691: 23 -87
82795547636: 20 -90
27279809849: 22 -88
31601194165454: 49 -61
70465911891574: 32 -78
104046342248: 60 -50
75484162752: 70 -36
152088853522: 70 -36
61073128139: 19 -91
148997885746: 27 -83
31331350132848: 64 -46
31331350135108: 38 -72
164729952490: 50 -60
31331350135252: 42 -68
21777614035: 22 -88
6618847380691: 23 -87
82795547636: 20 -90
27279809849: 22 -88
31601194165454: 49 -61
70465911891574: 32 -78
104046342248: 60 -50
75484162752: 70 -36
152088853522: 70 -36
61073128139: 19 -91
148997885746: 27 -83
31331350132848: 64 -46
31331350135108: 38 -72
164729952490: 50 -60
31331350135252: 42 -68
21777614035: 22 -88
6618847380691: 23 -87
82795547636: 20 -90
27279809849: 22 -88
31601194165454: 49 -61
70465911891574: 32 -78
104046342248: 60 -50
75484162752: 70 -36
152088853522: 70 -31
61073128139: 19 -91
148997885746: 27 -83
31331350132848: 64 -46
31331350135108: 38 -72
164729952490: 50 -60
31331350135252: 42 -68
21777614035: 22 -88
6618847380691: 23 -87
82795547636: 20 -90
27279809849: 22 -88
31601194165454: 53 -57
70465911891574: 27 -83
104046342248: 27 -83
75484162752: 70 -35
152088853522: 70 -32
61073128139: 62 -48
148997885746: 26 -84
31331350132848: 65 -45
31331350135108: 29 -81
164729952490: 40 -70
31331350135252: 27 -83
21777614035: 22 -88
6618847380691: 23 -87
82795547636: 20 -90
27279809849: 22 -88
93541518640: 39 -71
100848842504: 20 -90
31601194165454: 53 -57
70465911891574: 27 -83
104046342248: 27 -83
75484162752: 70 -35
152088853522: 70 -31
61073128139: 62 -48
148997885746: 26 -84
31331350132848: 65 -45
31331350135108: 29 -81
164729952490: 40 -70
31331350135252: 27 -83
21777614035: 22 -88
6618847380691: 23 -87
82795547636: 20 -90
27279809849: 22 -88
93541518640: 39 -71
100848842504: 20 -90
31601194165454: 53 -57
70465911891574: 27 -83
104046342248: 27 -83
75484162752: 70 -35
152088853522: 70 -32
61073128139: 62 -48
148997885746: 26 -84
31331350132848: 65 -45
31331350135108: 29 -81
164729952490: 40 -70
31331350135252: 27 -83
21777614035: 22 -88
6618847380691: 23 -87
82795547636: 20 -90
27279809849: 22 -88
93541518640: 39 -71
100848842504: 20 -90
31601194165454: 53 -57
70465911891574: 27 -83
104046342248: 27 -83
75484162752: 70 -35
152088853522: 70 -31
61073128139: 62 -48
148997885746: 26 -84
31331350132848: 65 -45
31331350135108: 29 -81
164729952490: 40 -70
31331350135252: 27 -83
82795547636: 20 -90
27279809849: 22 -88
93541518640: 39 -71
100848842504: 20 -90
31601194165454: 53 -57
70465911891574: 27 -83
104046342248: 27 -83
75484162752: 70 -35
152088853522: 70 -32
61073128139: 62 -48
148997885746: 26 -84
31331350132848: 65 -45
31331350135108: 29 -81
164729952490: 40 -70
31331350135252: 27 -83
82795547636: 20 -90
27279809849: 22 -88
93541518640: 39 -71
100848842504: 20 -90
31601194165454: 53 -57
70465911891574: 27 -83
104046342248: 27 -83
75484162752: 70 -35
152088853522: 70 -32
61073128139: 62 -48
148997885746: 26 -84
31331350132848: 65 -45
31331350135108: 29 -81
164729952490: 40 -70
31331350135252: 27 -83
82795547636: 20 -90
27279809849: 22 -88
93541518640: 39 -71
100848842504: 20 -90
31601194165454: 53 -57
70465911891574: 27 -83
104046342248: 27 -83
75484162752: 70 -35
152088853522: 70 -34
61073128139: 62 -48
148997885746: 26 -84
31331350132848: 65 -45
31331350135108: 29 -81
164729952490: 40 -70
31331350135252: 27 -83
82795547636: 20 -90
27279809849: 22 -88
93541518640: 39 -71
100848842504: 20 -90
31601194165454: 53 -57
70465911891574: 27 -83
104046342248: 27 -83
75484162752: 70 -35
152088853522: 70 -34
61073128139: 62 -48
148997885746: 26 -84
31331350132848: 65 -45
31331350135108: 29 -81
164729952490: 40 -70
31331350135252: 27 -83
82795547636: 20 -90
27279809849: 22 -88
93541518640: 39 -71
100848842504: 20 -90
31601194165454: 53 -57
70465911891574: 27 -83
104046342248: 27 -83
75484162752: 70 -35
152088853522: 70 -35
61073128139: 62 -48
148997885746: 26 -84
31331350132848: 65 -45
31331350135108: 29 -81
164729952490: 40 -70
31331350135252: 27 -83
82795547636: 20 -90
27279809849: 22 -88
93541518640: 39 -71
100848842504: 20 -90
31601194165454: 60 -50
70465911891574: 64 -46
104046342248: 57 -53
75484162752: 67 -43
152088853522: 70 -31
61073128139: 57 -53
148997885746: 38 -72
31331350132848: 66 -44
31331350135108: 30 -80
164729952490: 39 -71
31331350135252: 41 -69
82795547636: 20 -90
27279809849: 22 -88
93541518640: 44 -66
100848842504: 20 -90
31601194165454: 60 -50
70465911891574: 64 -46
104046342248: 57 -53
75484162752: 67 -43
152088853522: 70 -31
61073128139: 57 -53
148997885746: 38 -72
31331350132848: 66 -44
31331350135108: 30 -80
164729952490: 39 -71
31331350135252: 41 -69
82795547636: 20 -90
27279809849: 22 -88
93541518640: 44 -66
100848842504: 20 -90
31601194165454: 60 -50
70465911891574: 64 -46
104046342248: 57 -53
75484162752: 67 -43
152088853522: 70 -30
61073128139: 57 -53
148997885746: 38 -72
31331350132848: 66 -44
31331350135108: 30 -80
164729952490: 39 -71
31331350135252: 41 -69
82795547636: 20 -90
27279809849: 22 -88
93541518640: 44 -66
100848842504: 20 -90
31601194165454: 60 -50
70465911891574: 64 -46
104046342248: 57 -53
75484162752: 67 -43
152088853522: 70 -30
61073128139: 57 -53
148997885746: 38 -72
31331350132848: 66 -44
31331350135108: 30 -80
164729952490: 39 -71
31331350135252: 41 -69
82795547636: 20 -90
27279809849: 22 -88
93541518640: 44 -66
100848842504: 20 -90
31601194165454: 60 -50
70465911891574: 64 -46
104046342248: 57 -53
75484162752: 67 -43
152088853522: 70 -29
61073128139: 57 -53
148997885746: 38 -72
31331350132848: 66 -44
31331350135108: 30 -80
164729952490: 39 -71
31331350135252: 41 -69
82795547636: 20 -90
27279809849: 22 -88
93541518640: 44 -66
100848842504: 20 -90
31601194165454: 60 -50
70465911891574: 64 -46
104046342248: 57 -53
75484162752: 67 -43
152088853522: 70 -33
61073128139: 57 -53
148997885746: 38 -72
31331350132848: 66 -44
31331350135108: 30 -80
164729952490: 39 -71
31331350135252: 41 -69
27279809849: 22 -88
93541518640: 44 -66
100848842504: 20 -90
31601194165454: 60 -50
70465911891574: 64 -46
104046342248: 57 -53
75484162752: 67 -43
152088853522: 70 -35
61073128139: 57 -53
148997885746: 38 -72
31331350132848: 66 -44
31331350135108: 30 -80
164729952490: 39 -71
31331350135252: 41 -69
27279809849: 22 -88
93541518640: 44 -66
100848842504: 20 -90
31601194165454: 60 -50
70465911891574: 64 -46
104046342248: 57 -53
75484162752: 67 -43
152088853522: 70 -34
61073128139: 57 -53
148997885746: 38 -72
31331350132848: 66 -44
31331350135108: 30 -80
164729952490: 39 -71
31331350135252: 41 -69
27279809849: 22 -88
93541518640: 44 -66
100848842504: 20 -90
31601194165454: 60 -50
70465911891574: 64 -46
104046342248: 57 -53
75484162752: 67 -43
152088853522: 70 -35
61073128139: 57 -53
148997885746: 38 -72
31331350132848: 66 -44
31331350135108: 30 -80
164729952490: 39 -71
31331350135252: 41 -69
27279809849: 22 -88
93541518640: 44 -66
100848842504: 20 -90
31601194165454: 52 -58
70465911891574: 25 -85
104046342248: 26 -84
75484162752: 70 -34
152088853522: 70 -32
61073128139: 53 -57
148997885746: 29 -81
31331350132848: 62 -48
31331350135108: 30 -80
164729952490: 39 -71
31331350135252: 39 -71
27279809849: 22 -88
93541518640: 37 -73
100848842504: 20 -90
82795547636: 19 -91
31601194165454: 52 -58
70465911891574: 25 -85
104046342248: 26 -84
75484162752: 70 -34
152088853522: 70 -32
61073128139: 53 -57
148997885746: 29 -81
31331350132848: 62 -48
31331350135108: 30 -80
164729952490: 39 -71
31331350135252: 39 -71
27279809849: 22 -88
93541518640: 37 -73
100848842504: 20 -90
82795547636: 19 -91
31601194165454: 52 -58
70465911891574: 25 -85
104046342248: 26 -84
75484162752: 70 -34
152088853522: 70 -34
61073128139: 53 -57
148997885746: 29 -81
31331350132848: 62 -48
31331350135108: 30 -80
164729952490: 39 -71
31331350135252: 39 -71
27279809849: 22 -88
93541518640: 37 -73
100848842504: 20 -90
82795547636: 19 -91
31601194165454: 52 -58
70465911891574: 25 -85
104046342248: 26 -84
75484162752: 70 -34
152088853522: 70 -34
61073128139: 53 -57
148997885746: 29 -81
31331350132848: 62 -48
31331350135108: 30 -80
164729952490: 39 -71
31331350135252: 39 -71
93541518640: 37 -73
100848842504: 20 -90
82795547636: 19 -91
31601194165454: 52 -58
70465911891574: 25 -85
104046342248: 26 -84
75484162752: 70 -34
152088853522: 70 -33
61073128139: 53 -57
148997885746: 29 -81
31331350132848: 62 -48
31331350135108: 30 -80
164729952490: 39 -71
31331350135252: 39 -71
93541518640: 37 -73
100848842504: 20 -90
82795547636: 19 -91
31601194165454: 52 -58
70465911891574: 25 -85
104046342248: 26 -84
75484162752: 70 -34
152088853522: 70 -34
61073128139: 53 -57
148997885746: 29 -81
31331350132848: 62 -48
31331350135108: 30 -80
164729952490: 39 -71
31331350135252: 39 -71
93541518640: 37 -73
100848842504: 20 -90
82795547636: 19 -91
31601194165454: 52 -58
70465911891574: 25 -85
104046342248: 26 -84
75484162752: 70 -34
152088853522: 70 -31
61073128139: 53 -57
148997885746: 29 -81
31331350132848: 62 -48
31331350135108: 30 -80
164729952490: 39 -71
31331350135252: 39 -71
93541518640: 37 -73
100848842504: 20 -90
82795547636: 19 -91
31601194165454: 52 -58
70465911891574: 25 -85
104046342248: 26 -84
75484162752: 70 -34
152088853522: 70 -29
61073128139: 53 -57
148997885746: 29 -81
31331350132848: 62 -48
31331350135108: 30 -80
164729952490: 39 -71
31331350135252: 39 -71
93541518640: 37 -73
100848842504: 20 -90
82795547636: 19 -91
31601194165454: 52 -58
70465911891574: 25 -85
104046342248: 26 -84
75484162752: 70 -34
152088853522: 70 -29
61073128139: 53 -57
148997885746: 29 -81
31331350132848: 62 -48
31331350135108: 30 -80
164729952490: 39 -71
31331350135252: 39 -71
93541518640: 37 -73
100848842504: 20 -90
82795547636: 19 -91
31601194165454: 56 -54
70465911891574: 27 -83
104046342248: 32 -78
75484162752: 70 -34
152088853522: 70 -30
61073128139: 53 -57
148997885746: 25 -85
31331350132848: 55 -55
31331350135108: 26 -84
164729952490: 44 -66
31331350135252: 34 -76
93541518640: 43 -67
100848842504: 20 -90
82795547636: 19 -91
31601194165454: 56 -54
70465911891574: 27 -83
104046342248: 32 -78
75484162752: 70 -34
152088853522: 70 -32
61073128139: 53 -57
148997885746: 25 -85
31331350132848: 55 -55
31331350135108: 26 -84
164729952490: 44 -66
31331350135252: 34 -76
93541518640: 43 -67
100848842504: 20 -90
82795547636: 19 -91
31601194165454: 56 -54
70465911891574: 27 -83
104046342248: 32 -78
75484162752: 70 -34
152088853522: 70 -34
61073128139: 53 -57
148997885746: 25 -85
31331350132848: 55 -55
31331350135108: 26 -84
164729952490: 44 -66
31331350135252: 34 -76
93541518640: 43 -67
100848842504: 20 -90
82795547636: 19 -91
31601194165454: 56 -54
70465911891574: 27 -83
104046342248: 32 -78
75484162752: 70 -34
152088853522: 70 -35
61073128139: 53 -57
148997885746: 25 -85
31331350132848: 55 -55
31331350135108: 26 -84
164729952490: 44 -66
31331350135252: 34 -76
93541518640: 43 -67
100848842504: 20 -90
82795547636: 19 -91
31601194165454: 56 -54
70465911891574: 27 -83
104046342248: 32 -78
75484162752: 70 -34
152088853522: 70 -27
61073128139: 53 -57
148997885746: 25 -85
31331350132848: 55 -55
31331350135108: 26 -84
164729952490: 44 -66
31331350135252: 34 -76
93541518640: 43 -67
100848842504: 20 -90
82795547636: 19 -91
31601194165454: 56 -54
70465911891574: 27 -83
104046342248: 32 -78
75484162752: 70 -34
152088853522: 70 -29
61073128139: 53 -57
148997885746: 25 -85
31331350132848: 55 -55
31331350135108: 26 -84
164729952490: 44 -66
31331350135252: 34 -76
93541518640: 43 -67
100848842504: 20 -90
82795547636: 19 -91
31601194165454: 56 -54
70465911891574: 27 -83
104046342248: 32 -78
75484162752: 70 -34
152088853522: 70 -30
61073128139: 53 -57
148997885746: 25 -85
31331350132848: 55 -55
31331350135108: 26 -84
164729952490: 44 -66
31331350135252: 34 -76
93541518640: 43 -67
100848842504: 20 -90
82795547636: 19 -91
31601194165454: 56 -54
70465911891574: 27 -83
104046342248: 32 -78
75484162752: 70 -34
152088853522: 70 -32
61073128139: 53 -57
148997885746: 25 -85
31331350132848: 55 -55
31331350135108: 26 -84
164729952490: 44 -66
31331350135252: 34 -76
93541518640: 43 -67
100848842504: 20 -90
82795547636: 19 -91
31601194165454: 56 -54
70465911891574: 27 -83
104046342248: 32 -78
75484162752: 70 -34
152088853522: 70 -31
61073128139: 53 -57
148997885746: 25 -85
31331350132848: 55 -55
31331350135108: 26 -84
164729952490: 44 -66
31331350135252: 34 -76
93541518640: 43 -67
100848842504: 20 -90
82795547636: 19 -91
31601194165454: 63 -47
70465911891574: 27 -83
104046342248: 60 -50
75484162752: 70 -36
152088853522: 70 -31
61073128139: 22 -88
148997885746: 40 -70
31331350132848: 61 -49
31331350135108: 39 -71
164729952490: 43 -67
31331350135252: 20 -90
93541518640: 43 -67
100848842504: 20 -90
82795547636: 19 -91
27279809849: 24 -86
31601194165454: 63 -47
70465911891574: 27 -83
104046342248: 60 -50
75484162752: 70 -36
152088853522: 70 -30
61073128139: 22 -88
148997885746: 40 -70
31331350132848: 61 -49
31331350135108: 39 -71
164729952490: 43 -67
31331350135252: 20 -90
93541518640: 43 -67
100848842504: 20 -90
82795547636: 19 -91
27279809849: 24 -86
31601194165454: 63 -47
70465911891574: 27 -83
104046342248: 60 -50
75484162752: 70 -36
152088853522: 70 -29
61073128139: 22 -88
148997885746: 40 -70
31331350132848: 61 -49
31331350135108: 39 -71
164729952490: 43 -67
31331350135252: 20 -90
93541518640: 43 -67
100848842504: 20 -90
82795547636: 19 -91
27279809849: 24 -86
31601194165454: 63 -47
70465911891574: 27 -83
104046342248: 60 -50
75484162752: 70 -36
152088853522: 70 -28
61073128139: 22 -88
148997885746: 40 -70
31331350132848: 61 -49
31331350135108: 39 -71
164729952490: 43 -67
31331350135252: 20 -90
93541518640: 43 -67
82795547636: 19 -91
27279809849: 24 -86
31601194165454: 63 -47
70465911891574: 27 -83
104046342248: 60 -50
75484162752: 70 -36
152088853522: 70 -28
61073128139: 22 -88
148997885746: 40 -70
31331350132848: 61 -49
31331350135108: 39 -71
164729952490: 43 -67
31331350135252: 20 -90
93541518640: 43 -67
82795547636: 19 -91
27279809849: 24 -86
31601194165454: 63 -47
70465911891574: 27 -83
104046342248: 60 -50
75484162752: 70 -36
152088853522: 70 -30
61073128139: 22 -88
148997885746: 40 -70
31331350132848: 61 -49
31331350135108: 39 -71
164729952490: 43 -67
31331350135252: 20 -90
93541518640: 43 -67
82795547636: 19 -91
27279809849: 24 -86
31601194165454: 63 -47
70465911891574: 27 -83
104046342248: 60 -50
75484162752: 70 -36
152088853522: 70 -28
61073128139: 22 -88
148997885746: 40 -70
31331350132848: 61 -49
31331350135108: 39 -71
164729952490: 43 -67
31331350135252: 20 -90
93541518640: 43 -67
82795547636: 19 -91
27279809849: 24 -86
31601194165454: 63 -47
70465911891574: 27 -83
104046342248: 60 -50
75484162752: 70 -36
152088853522: 70 -28
61073128139: 22 -88
148997885746: 40 -70
31331350132848: 61 -49
31331350135108: 39 -71
164729952490: 43 -67
31331350135252: 20 -90
93541518640: 43 -67
82795547636: 19 -91
27279809849: 24 -86
31601194165454: 63 -47
70465911891574: 27 -83
104046342248: 60 -50
75484162752: 70 -36
152088853522: 70 -28
61073128139: 22 -88
148997885746: 40 -70
31331350132848: 61 -49
31331350135108: 39 -71
164729952490: 43 -67
31331350135252: 20 -90
93541518640: 43 -67
82795547636: 19 -91
27279809849: 24 -86
31601194165454: 62 -48
70465911891574: 31 -79
104046342248: 34 -76
75484162752: 70 -37
152088853522: 70 -24
61073128139: 20 -90
148997885746: 29 -81
31331350132848: 60 -50
31331350135108: 28 -82
164729952490: 34 -76
31331350135252: 41 -69
93541518640: 43 -67
82795547636: 19 -91
27279809849: 24 -86
21777614035: 22 -88
6618847380691: 22 -88
31601194165454: 62 -48
70465911891574: 31 -79
104046342248: 34 -76
75484162752: 70 -37
152088853522: 70 -23
61073128139: 20 -90
148997885746: 29 -81
31331350132848: 60 -50
31331350135108: 28 -82
164729952490: 34 -76
31331350135252: 41 -69
93541518640: 43 -67
82795547636: 19 -91
27279809849: 24 -86
21777614035: 22 -88
6618847380691: 22 -88
31601194165454: 62 -48
70465911891574: 31 -79
104046342248: 34 -76
75484162752: 70 -37
152088853522: 70 -32
61073128139: 20 -90
148997885746: 29 -81
31331350132848: 60 -50
31331350135108: 28 -82
164729952490: 34 -76
31331350135252: 41 -69
93541518640: 43 -67
82795547636: 19 -91
27279809849: 24 -86
21777614035: 22 -88
6618847380691: 22 -88
31601194165454: 62 -48
70465911891574: 31 -79
104046342248: 34 -76
75484162752: 70 -37
152088853522: 70 -32
61073128139: 20 -90
148997885746: 29 -81
31331350132848: 60 -50
31331350135108: 28 -82
164729952490: 34 -76
31331350135252: 41 -69
93541518640: 43 -67
82795547636: 19 -91
27279809849: 24 -86
21777614035: 22 -88
6618847380691: 22 -88
31601194165454: 62 -48
70465911891574: 31 -79
104046342248: 34 -76
75484162752: 70 -37
152088853522: 70 -33
61073128139: 20 -90
148997885746: 29 -81
31331350132848: 60 -50
31331350135108: 28 -82
164729952490: 34 -76
31331350135252: 41 -69
93541518640: 43 -67
82795547636: 19 -91
27279809849: 24 -86
21777614035: 22 -88
6618847380691: 22 -88
31601194165454: 62 -48
70465911891574: 31 -79
104046342248: 34 -76
75484162752: 70 -37
152088853522: 70 -34
61073128139: 20 -90
148997885746: 29 -81
31331350132848: 60 -50
31331350135108: 28 -82
164729952490: 34 -76
31331350135252: 41 -69
93541518640: 43 -67
82795547636: 19 -91
27279809849: 24 -86
21777614035: 22 -88
6618847380691: 22 -88
31601194165454: 62 -48
70465911891574: 31 -79
104046342248: 34 -76
75484162752: 70 -37
152088853522: 70 -25
61073128139: 20 -90
148997885746: 29 -81
31331350132848: 60 -50
31331350135108: 28 -82
164729952490: 34 -76
31331350135252: 41 -69
93541518640: 43 -67
82795547636: 19 -91
27279809849: 24 -86
21777614035: 22 -88
6618847380691: 22 -88
31601194165454: 62 -48
70465911891574: 31 -79
104046342248: 34 -76
75484162752: 70 -37
152088853522: 70 -28
61073128139: 20 -90
148997885746: 29 -81
31331350132848: 60 -50
31331350135108: 28 -82
164729952490: 34 -76
31331350135252: 41 -69
93541518640: 43 -67
82795547636: 19 -91
27279809849: 24 -86
21777614035: 22 -88
6618847380691: 22 -88
31601194165454: 62 -48
70465911891574: 31 -79
104046342248: 34 -76
75484162752: 70 -37
152088853522: 70 -35
61073128139: 20 -90
148997885746: 29 -81
31331350132848: 60 -50
31331350135108: 28 -82
164729952490: 34 -76
31331350135252: 41 -69
93541518640: 43 -67
82795547636: 19 -91
27279809849: 24 -86
21777614035: 22 -88
6618847380691: 22 -88
31601194165454: 55 -55
70465911891574: 22 -88
104046342248: 64 -46
75484162752: 70 -36
152088853522: 70 -28
61073128139: 54 -56
148997885746: 32 -78
31331350132848: 60 -50
31331350135108: 27 -83
164729952490: 34 -76
31331350135252: 41 -69
93541518640: 46 -64
82795547636: 19 -91
27279809849: 24 -86
21777614035: 22 -88
6618847380691: 22 -88
124811688518: 19 -91
31601194165454: 55 -55
70465911891574: 22 -88
104046342248: 64 -46
75484162752: 70 -36
152088853522: 70 -32
61073128139: 54 -56
148997885746: 32 -78
31331350132848: 60 -50
31331350135108: 27 -83
164729952490: 34 -76
31331350135252: 41 -69
93541518640: 46 -64
82795547636: 19 -91
27279809849: 24 -86
21777614035: 22 -88
6618847380691: 22 -88
124811688518: 19 -91
31601194165454: 55 -55
70465911891574: 22 -88
104046342248: 64 -46
75484162752: 70 -36
152088853522: 70 -29
61073128139: 54 -56
148997885746: 32 -78
31331350132848: 60 -50
31331350135108: 27 -83
164729952490: 34 -76
31331350135252: 41 -69
93541518640: 46 -64
82795547636: 19 -91
27279809849: 24 -86
21777614035: 22 -88
6618847380691: 22 -88
124811688518: 19 -91
31601194165454: 55 -55
70465911891574: 22 -88
104046342248: 64 -46
75484162752: 70 -36
152088853522: 70 -29
61073128139: 54 -56
148997885746: 32 -78
31331350132848: 60 -50
31331350135108: 27 -83
164729952490: 34 -76
31331350135252: 41 -69
93541518640: 46 -64
82795547636: 19 -91
27279809849: 24 -86
21777614035: 22 -88
6618847380691: 22 -88
124811688518: 19 -91
31601194165454: 55 -55
70465911891574: 22 -88
104046342248: 64 -46
75484162752: 70 -36
152088853522: 70 -32
61073128139: 54 -56
148997885746: 32 -78
31331350132848: 60 -50
31331350135108: 27 -83
164729952490: 34 -76
31331350135252: 41 -69
93541518640: 46 -64
82795547636: 19 -91
27279809849: 24 -86
21777614035: 22 -88
6618847380691: 22 -88
124811688518: 19 -91
31601194165454: 55 -55
70465911891574: 22 -88
104046342248: 64 -46
75484162752: 70 -36
152088853522: 70 -29
61073128139: 54 -56
148997885746: 32 -78
31331350132848: 60 -50
31331350135108: 27 -83
164729952490: 34 -76
31331350135252: 41 -69
93541518640: 46 -64
82795547636: 19 -91
27279809849: 24 -86
21777614035: 22 -88
6618847380691: 22 -88
124811688518: 19 -91
31601194165454: 55 -55
70465911891574: 22 -88
104046342248: 64 -46
75484162752: 70 -36
152088853522: 70 -28
61073128139: 54 -56
148997885746: 32 -78
31331350132848: 60 -50
31331350135108: 27 -83
164729952490: 34 -76
31331350135252: 41 -69
93541518640: 46 -64
82795547636: 19 -91
27279809849: 24 -86
21777614035: 22 -88
6618847380691: 22 -88
124811688518: 19 -91
31601194165454: 55 -55
70465911891574: 22 -88
104046342248: 64 -46
75484162752: 70 -36
152088853522: 70 -32
61073128139: 54 -56
148997885746: 32 -78
31331350132848: 60 -50
31331350135108: 27 -83
164729952490: 34 -76
31331350135252: 41 -69
93541518640: 46 -64
82795547636: 19 -91
27279809849: 24 -86
21777614035: 22 -88
6618847380691: 22 -88
124811688518: 19 -91
31601194165454: 55 -55
70465911891574: 22 -88
104046342248: 64 -46
75484162752: 70 -36
152088853522: 70 -28
61073128139: 54 -56
148997885746: 32 -78
31331350132848: 60 -50
31331350135108: 27 -83
164729952490: 34 -76
31331350135252: 41 -69
93541518640: 46 -64
82795547636: 19 -91
27279809849: 24 -86
21777614035: 22 -88
6618847380691: 22 -88
124811688518: 19 -91
31601194165454: 58 -52
70465911891574: 26 -84
104046342248: 36 -74
75484162752: 70 -38
152088853522: 70 -33
61073128139: 21 -89
148997885746: 26 -84
31331350132848: 63 -47
31331350135108: 34 -76
164729952490: 37 -73
31331350135252: 22 -88
93541518640: 46 -64
82795547636: 19 -91
27279809849: 24 -86
21777614035: 22 -88
6618847380691: 24 -86
124811688518: 19 -91
