31601194165454: 55 -55
70465911891574: 23 -87
104046342248: 66 -44
75484162752: 70 -35
152088853522: 70 -27
61073128139: 51 -59
148997885746: 27 -83
31331350132848: 60 -50
31331350135108: 27 -83
164729952490: 40 -70
31331350135252: 32 -78
93541518640: 45 -65
6618847380691: 24 -86
124811688518: 19 -91
31601194165454: 55 -55
70465911891574: 23 -87
104046342248: 66 -44
75484162752: 70 -35
152088853522: 70 -28
61073128139: 51 -59
148997885746: 27 -83
31331350132848: 60 -50
31331350135108: 27 -83
164729952490: 40 -70
31331350135252: 32 -78
93541518640: 45 -65
6618847380691: 24 -86
124811688518: 19 -91
31601194165454: 55 -55
70465911891574: 23 -87
104046342248: 66 -44
75484162752: 70 -35
152088853522: 70 -22
61073128139: 51 -59
148997885746: 27 -83
31331350132848: 60 -50
31331350135108: 27 -83
164729952490: 40 -70
31331350135252: 32 -78
93541518640: 45 -65
6618847380691: 24 -86
124811688518: 19 -91
31601194165454: 55 -55
70465911891574: 23 -87
104046342248: 66 -44
75484162752: 70 -35
152088853522: 70 -27
61073128139: 51 -59
148997885746: 27 -83
31331350132848: 60 -50
31331350135108: 27 -83
164729952490: 40 -70
31331350135252: 32 -78
93541518640: 45 -65
6618847380691: 24 -86
31601194165454: 55 -55
70465911891574: 23 -87
104046342248: 66 -44
75484162752: 70 -35
152088853522: 70 -27
61073128139: 51 -59
148997885746: 27 -83
31331350132848: 60 -50
31331350135108: 27 -83
164729952490: 40 -70
31331350135252: 32 -78
93541518640: 45 -65
6618847380691: 24 -86
31601194165454: 55 -55
70465911891574: 23 -87
104046342248: 66 -44
75484162752: 70 -35
152088853522: 70 -28
61073128139: 51 -59
148997885746: 27 -83
31331350132848: 60 -50
31331350135108: 27 -83
164729952490: 40 -70
31331350135252: 32 -78
93541518640: 45 -65
6618847380691: 24 -86
31601194165454: 55 -55
70465911891574: 23 -87
104046342248: 66 -44
75484162752: 70 -35
152088853522: 70 -28
61073128139: 51 -59
148997885746: 27 -83
31331350132848: 60 -50
31331350135108: 27 -83
164729952490: 40 -70
31331350135252: 32 -78
93541518640: 45 -65
6618847380691: 24 -86
31601194165454: 55 -55
70465911891574: 23 -87
104046342248: 66 -44
75484162752: 70 -35
152088853522: 70 -28
61073128139: 51 -59
148997885746: 27 -83
31331350132848: 60 -50
31331350135108: 27 -83
164729952490: 40 -70
31331350135252: 32 -78
93541518640: 45 -65
6618847380691: 24 -86
31601194165454: 55 -55
70465911891574: 23 -87
104046342248: 66 -44
75484162752: 70 -35
152088853522: 70 -32
61073128139: 51 -59
148997885746: 27 -83
31331350132848: 60 -50
31331350135108: 27 -83
164729952490: 40 -70
31331350135252: 32 -78
93541518640: 45 -65
6618847380691: 24 -86
31601194165454: 51 -59
70465911891574: 23 -87
104046342248: 26 -84
75484162752: 70 -36
152088853522: 70 -28
61073128139: 51 -59
148997885746: 27 -83
31331350132848: 63 -47
31331350135108: 28 -82
164729952490: 42 -68
31331350135252: 36 -74
93541518640: 45 -65
6618847380691: 24 -86
31601194165454: 51 -59
70465911891574: 23 -87
104046342248: 26 -84
75484162752: 70 -36
152088853522: 70 -28
61073128139: 51 -59
148997885746: 27 -83
31331350132848: 63 -47
31331350135108: 28 -82
164729952490: 42 -68
31331350135252: 36 -74
93541518640: 45 -65
6618847380691: 24 -86
31601194165454: 51 -59
70465911891574: 23 -87
104046342248: 26 -84
75484162752: 70 -36
152088853522: 70 -30
61073128139: 51 -59
148997885746: 27 -83
31331350132848: 63 -47
31331350135108: 28 -82
164729952490: 42 -68
31331350135252: 36 -74
93541518640: 45 -65
31601194165454: 51 -59
70465911891574: 23 -87
104046342248: 26 -84
75484162752: 70 -36
152088853522: 70 -24
61073128139: 51 -59
148997885746: 27 -83
31331350132848: 63 -47
31331350135108: 28 -82
164729952490: 42 -68
31331350135252: 36 -74
93541518640: 45 -65
31601194165454: 51 -59
70465911891574: 23 -87
104046342248: 26 -84
75484162752: 70 -36
152088853522: 70 -28
61073128139: 51 -59
148997885746: 27 -83
31331350132848: 63 -47
31331350135108: 28 -82
164729952490: 42 -68
31331350135252: 36 -74
93541518640: 45 -65
31601194165454: 51 -59
70465911891574: 23 -87
104046342248: 26 -84
75484162752: 70 -36
152088853522: 70 -27
61073128139: 51 -59
148997885746: 27 -83
31331350132848: 63 -47
31331350135108: 28 -82
164729952490: 42 -68
31331350135252: 36 -74
93541518640: 45 -65
31601194165454: 51 -59
70465911891574: 23 -87
104046342248: 26 -84
75484162752: 70 -36
152088853522: 70 -30
61073128139: 51 -59
148997885746: 27 -83
31331350132848: 63 -47
31331350135108: 28 -82
164729952490: 42 -68
31331350135252: 36 -74
93541518640: 45 -65
31601194165454: 51 -59
70465911891574: 23 -87
104046342248: 26 -84
75484162752: 70 -36
152088853522: 70 -35
61073128139: 51 -59
148997885746: 27 -83
31331350132848: 63 -47
31331350135108: 28 -82
164729952490: 42 -68
31331350135252: 36 -74
93541518640: 45 -65
31601194165454: 51 -59
70465911891574: 23 -87
104046342248: 26 -84
75484162752: 70 -36
152088853522: 70 -34
61073128139: 51 -59
148997885746: 27 -83
31331350132848: 63 -47
31331350135108: 28 -82
164729952490: 42 -68
31331350135252: 36 -74
93541518640: 45 -65
31601194165454: 50 -60
70465911891574: 30 -80
104046342248: 64 -46
75484162752: 65 -45
152088853522: 70 -28
61073128139: 50 -60
148997885746: 39 -71
31331350132848: 64 -46
31331350135108: 30 -80
164729952490: 34 -76
31331350135252: 40 -70
93541518640: 45 -65
31601194165454: 50 -60
70465911891574: 30 -80
104046342248: 64 -46
75484162752: 65 -45
152088853522: 70 -28
61073128139: 50 -60
148997885746: 39 -71
31331350132848: 64 -46
31331350135108: 30 -80
164729952490: 34 -76
31331350135252: 40 -70
93541518640: 45 -65
31601194165454: 50 -60
70465911891574: 30 -80
104046342248: 64 -46
75484162752: 65 -45
152088853522: 70 -31
61073128139: 50 -60
148997885746: 39 -71
31331350132848: 64 -46
31331350135108: 30 -80
164729952490: 34 -76
31331350135252: 40 -70
93541518640: 45 -65
31601194165454: 50 -60
70465911891574: 30 -80
104046342248: 64 -46
75484162752: 65 -45
152088853522: 70 -30
61073128139: 50 -60
148997885746: 39 -71
31331350132848: 64 -46
31331350135108: 30 -80
164729952490: 34 -76
31331350135252: 40 -70
93541518640: 45 -65
31601194165454: 50 -60
70465911891574: 30 -80
104046342248: 64 -46
75484162752: 65 -45
152088853522: 70 -28
61073128139: 50 -60
148997885746: 39 -71
31331350132848: 64 -46
31331350135108: 30 -80
164729952490: 34 -76
31331350135252: 40 -70
93541518640: 45 -65
31601194165454: 50 -60
70465911891574: 30 -80
104046342248: 64 -46
75484162752: 65 -45
152088853522: 70 -30
61073128139: 50 -60
148997885746: 39 -71
31331350132848: 64 -46
31331350135108: 30 -80
164729952490: 34 -76
31331350135252: 40 -70
93541518640: 45 -65
31601194165454: 50 -60
70465911891574: 30 -80
104046342248: 64 -46
75484162752: 65 -45
152088853522: 70 -24
61073128139: 50 -60
148997885746: 39 -71
31331350132848: 64 -46
31331350135108: 30 -80
164729952490: 34 -76
31331350135252: 40 -70
93541518640: 45 -65
31601194165454: 50 -60
70465911891574: 30 -80
104046342248: 64 -46
75484162752: 65 -45
152088853522: 70 -22
61073128139: 50 -60
148997885746: 39 -71
31331350132848: 64 -46
31331350135108: 30 -80
164729952490: 34 -76
31331350135252: 40 -70
93541518640: 45 -65
31601194165454: 50 -60
70465911891574: 30 -80
104046342248: 64 -46
75484162752: 65 -45
152088853522: 70 -26
61073128139: 50 -60
148997885746: 39 -71
31331350132848: 64 -46
31331350135108: 30 -80
164729952490: 34 -76
31331350135252: 40 -70
93541518640: 45 -65
31601194165454: 58 -52
70465911891574: 27 -83
104046342248: 35 -75
75484162752: 69 -41
152088853522: 70 -28
61073128139: 50 -60
148997885746: 34 -76
31331350132848: 70 -37
31331350135108: 29 -81
164729952490: 49 -61
31331350135252: 40 -70
93541518640: 40 -70
100848842504: 19 -91
82795547636: 18 -92
31601194165454: 58 -52
70465911891574: 27 -83
104046342248: 35 -75
75484162752: 69 -41
152088853522: 70 -28
61073128139: 50 -60
148997885746: 34 -76
31331350132848: 70 -37
31331350135108: 29 -81
164729952490: 49 -61
31331350135252: 40 -70
93541518640: 40 -70
100848842504: 19 -91
82795547636: 18 -92
31601194165454: 58 -52
70465911891574: 27 -83
104046342248: 35 -75
75484162752: 69 -41
152088853522: 70 -27
61073128139: 50 -60
148997885746: 34 -76
31331350132848: 70 -37
31331350135108: 29 -81
164729952490: 49 -61
31331350135252: 40 -70
93541518640: 40 -70
100848842504: 19 -91
82795547636: 18 -92
31601194165454: 58 -52
70465911891574: 27 -83
104046342248: 35 -75
75484162752: 69 -41
152088853522: 70 -28
61073128139: 50 -60
148997885746: 34 -76
31331350132848: 70 -37
31331350135108: 29 -81
164729952490: 49 -61
31331350135252: 40 -70
93541518640: 40 -70
100848842504: 19 -91
82795547636: 18 -92
31601194165454: 58 -52
70465911891574: 27 -83
104046342248: 35 -75
75484162752: 69 -41
152088853522: 70 -28
61073128139: 50 -60
148997885746: 34 -76
31331350132848: 70 -37
31331350135108: 29 -81
164729952490: 49 -61
31331350135252: 40 -70
93541518640: 40 -70
100848842504: 19 -91
82795547636: 18 -92
31601194165454: 58 -52
70465911891574: 27 -83
104046342248: 35 -75
75484162752: 69 -41
152088853522: 70 -29
61073128139: 50 -60
148997885746: 34 -76
31331350132848: 70 -37
31331350135108: 29 -81
164729952490: 49 -61
31331350135252: 40 -70
93541518640: 40 -70
100848842504: 19 -91
82795547636: 18 -92
31601194165454: 58 -52
70465911891574: 27 -83
104046342248: 35 -75
75484162752: 69 -41
152088853522: 70 -34
61073128139: 50 -60
148997885746: 34 -76
31331350132848: 70 -37
31331350135108: 29 -81
164729952490: 49 -61
31331350135252: 40 -70
93541518640: 40 -70
100848842504: 19 -91
82795547636: 18 -92
31601194165454: 58 -52
70465911891574: 27 -83
104046342248: 35 -75
75484162752: 69 -41
152088853522: 70 -30
61073128139: 50 -60
148997885746: 34 -76
31331350132848: 70 -37
31331350135108: 29 -81
164729952490: 49 -61
31331350135252: 40 -70
93541518640: 40 -70
100848842504: 19 -91
82795547636: 18 -92
31601194165454: 58 -52
70465911891574: 27 -83
104046342248: 35 -75
75484162752: 69 -41
152088853522: 70 -30
61073128139: 50 -60
148997885746: 34 -76
31331350132848: 70 -37
31331350135108: 29 -81
164729952490: 49 -61
31331350135252: 40 -70
93541518640: 40 -70
100848842504: 19 -91
82795547636: 18 -92
31601194165454: 50 -60
70465911891574: 27 -83
104046342248: 28 -82
75484162752: 70 -34
152088853522: 70 -25
61073128139: 51 -59
148997885746: 29 -81
31331350132848: 69 -41
31331350135108: 37 -73
164729952490: 44 -66
31331350135252: 36 -74
93541518640: 40 -70
100848842504: 19 -91
82795547636: 18 -92
21777614035: 22 -88
31601194165454: 50 -60
70465911891574: 27 -83
104046342248: 28 -82
75484162752: 70 -34
152088853522: 70 -23
61073128139: 51 -59
148997885746: 29 -81
31331350132848: 69 -41
31331350135108: 37 -73
164729952490: 44 -66
31331350135252: 36 -74
93541518640: 40 -70
100848842504: 19 -91
82795547636: 18 -92
21777614035: 22 -88
31601194165454: 50 -60
70465911891574: 27 -83
104046342248: 28 -82
75484162752: 70 -34
152088853522: 70 -20
61073128139: 51 -59
148997885746: 29 -81
31331350132848: 69 -41
31331350135108: 37 -73
164729952490: 44 -66
31331350135252: 36 -74
93541518640: 40 -70
100848842504: 19 -91
82795547636: 18 -92
21777614035: 22 -88
31601194165454: 50 -60
70465911891574: 27 -83
104046342248: 28 -82
75484162752: 70 -34
152088853522: 70 -32
61073128139: 51 -59
148997885746: 29 -81
31331350132848: 69 -41
31331350135108: 37 -73
164729952490: 44 -66
31331350135252: 36 -74
93541518640: 40 -70
100848842504: 19 -91
82795547636: 18 -92
21777614035: 22 -88
31601194165454: 50 -60
70465911891574: 27 -83
104046342248: 28 -82
75484162752: 70 -34
152088853522: 70 -31
61073128139: 51 -59
148997885746: 29 -81
31331350132848: 69 -41
31331350135108: 37 -73
164729952490: 44 -66
31331350135252: 36 -74
93541518640: 40 -70
100848842504: 19 -91
82795547636: 18 -92
21777614035: 22 -88
31601194165454: 50 -60
70465911891574: 27 -83
104046342248: 28 -82
75484162752: 70 -34
152088853522: 70 -31
61073128139: 51 -59
148997885746: 29 -81
31331350132848: 69 -41
31331350135108: 37 -73
164729952490: 44 -66
31331350135252: 36 -74
93541518640: 40 -70
100848842504: 19 -91
82795547636: 18 -92
21777614035: 22 -88
31601194165454: 50 -60
70465911891574: 27 -83
104046342248: 28 -82
75484162752: 70 -34
152088853522: 70 -31
61073128139: 51 -59
148997885746: 29 -81
31331350132848: 69 -41
31331350135108: 37 -73
164729952490: 44 -66
31331350135252: 36 -74
93541518640: 40 -70
100848842504: 19 -91
82795547636: 18 -92
21777614035: 22 -88
31601194165454: 50 -60
70465911891574: 27 -83
104046342248: 28 -82
75484162752: 70 -34
152088853522: 70 -30
61073128139: 51 -59
148997885746: 29 -81
31331350132848: 69 -41
31331350135108: 37 -73
164729952490: 44 -66
31331350135252: 36 -74
93541518640: 40 -70
100848842504: 19 -91
82795547636: 18 -92
21777614035: 22 -88
31601194165454: 50 -60
70465911891574: 27 -83
104046342248: 28 -82
75484162752: 70 -34
152088853522: 70 -25
61073128139: 51 -59
148997885746: 29 -81
31331350132848: 69 -41
31331350135108: 37 -73
164729952490: 44 -66
31331350135252: 36 -74
93541518640: 40 -70
100848842504: 19 -91
82795547636: 18 -92
21777614035: 22 -88
31601194165454: 49 -61
70465911891574: 23 -87
104046342248: 27 -83
75484162752: 70 -37
152088853522: 70 -34
61073128139: 18 -92
148997885746: 22 -88
31331350132848: 68 -42
31331350135108: 38 -72
164729952490: 44 -66
31331350135252: 36 -74
93541518640: 40 -70
100848842504: 19 -91
82795547636: 18 -92
21777614035: 22 -88
31601194165454: 49 -61
70465911891574: 23 -87
104046342248: 27 -83
75484162752: 70 -37
152088853522: 70 -35
61073128139: 18 -92
148997885746: 22 -88
31331350132848: 68 -42
31331350135108: 38 -72
164729952490: 44 -66
31331350135252: 36 -74
93541518640: 40 -70
100848842504: 19 -91
82795547636: 18 -92
21777614035: 22 -88
31601194165454: 49 -61
70465911891574: 23 -87
104046342248: 27 -83
75484162752: 70 -37
152088853522: 70 -33
61073128139: 18 -92
148997885746: 22 -88
31331350132848: 68 -42
31331350135108: 38 -72
164729952490: 44 -66
31331350135252: 36 -74
93541518640: 40 -70
100848842504: 19 -91
82795547636: 18 -92
21777614035: 22 -88
31601194165454: 49 -61
70465911891574: 23 -87
104046342248: 27 -83
75484162752: 70 -37
152088853522: 70 -29
61073128139: 18 -92
148997885746: 22 -88
31331350132848: 68 -42
31331350135108: 38 -72
164729952490: 44 -66
31331350135252: 36 -74
93541518640: 40 -70
100848842504: 19 -91
82795547636: 18 -92
21777614035: 22 -88
31601194165454: 49 -61
70465911891574: 23 -87
104046342248: 27 -83
75484162752: 70 -37
152088853522: 70 -32
61073128139: 18 -92
148997885746: 22 -88
31331350132848: 68 -42
31331350135108: 38 -72
164729952490: 44 -66
31331350135252: 36 -74
93541518640: 40 -70
100848842504: 19 -91
82795547636: 18 -92
21777614035: 22 -88
31601194165454: 49 -61
70465911891574: 23 -87
104046342248: 27 -83
75484162752: 70 -37
152088853522: 70 -31
61073128139: 18 -92
148997885746: 22 -88
31331350132848: 68 -42
31331350135108: 38 -72
164729952490: 44 -66
31331350135252: 36 -74
93541518640: 40 -70
100848842504: 19 -91
82795547636: 18 -92
21777614035: 22 -88
31601194165454: 49 -61
70465911891574: 23 -87
104046342248: 27 -83
75484162752: 70 -37
152088853522: 70 -28
61073128139: 18 -92
148997885746: 22 -88
31331350132848: 68 -42
31331350135108: 38 -72
164729952490: 44 -66
31331350135252: 36 -74
93541518640: 40 -70
100848842504: 19 -91
82795547636: 18 -92
21777614035: 22 -88
31601194165454: 49 -61
70465911891574: 23 -87
104046342248: 27 -83
75484162752: 70 -37
152088853522: 70 -32
61073128139: 18 -92
148997885746: 22 -88
31331350132848: 68 -42
31331350135108: 38 -72
164729952490: 44 -66
31331350135252: 36 -74
93541518640: 40 -70
100848842504: 19 -91
82795547636: 18 -92
21777614035: 22 -88
31601194165454: 49 -61
70465911891574: 23 -87
104046342248: 27 -83
75484162752: 70 -37
152088853522: 70 -33
61073128139: 18 -92
148997885746: 22 -88
31331350132848: 68 -42
31331350135108: 38 -72
164729952490: 44 -66
31331350135252: 36 -74
93541518640: 40 -70
100848842504: 19 -91
82795547636: 18 -92
21777614035: 22 -88
31601194165454: 52 -58
70465911891574: 33 -77
104046342248: 57 -53
75484162752: 66 -44
152088853522: 70 -34
61073128139: 61 -49
148997885746: 30 -80
31331350132848: 57 -53
31331350135108: 29 -81
164729952490: 35 -75
31331350135252: 36 -74
93541518640: 40 -70
100848842504: 19 -91
82795547636: 18 -92
21777614035: 22 -88
9356718314: 19 -91
31601194165454: 52 -58
70465911891574: 33 -77
104046342248: 57 -53
75484162752: 66 -44
152088853522: 70 -34
61073128139: 61 -49
148997885746: 30 -80
31331350132848: 57 -53
31331350135108: 29 -81
164729952490: 35 -75
31331350135252: 36 -74
93541518640: 40 -70
100848842504: 19 -91
82795547636: 18 -92
21777614035: 22 -88
9356718314: 19 -91
31601194165454: 52 -58
70465911891574: 33 -77
104046342248: 57 -53
75484162752: 66 -44
152088853522: 70 -36
61073128139: 61 -49
148997885746: 30 -80
31331350132848: 57 -53
31331350135108: 29 -81
164729952490: 35 -75
31331350135252: 36 -74
93541518640: 40 -70
100848842504: 19 -91
82795547636: 18 -92
21777614035: 22 -88
9356718314: 19 -91
31601194165454: 52 -58
70465911891574: 33 -77
104046342248: 57 -53
75484162752: 66 -44
152088853522: 70 -38
61073128139: 61 -49
148997885746: 30 -80
31331350132848: 57 -53
31331350135108: 29 -81
164729952490: 35 -75
31331350135252: 36 -74
93541518640: 40 -70
100848842504: 19 -91
82795547636: 18 -92
21777614035: 22 -88
9356718314: 19 -91
31601194165454: 52 -58
70465911891574: 33 -77
104046342248: 57 -53
75484162752: 66 -44
152088853522: 70 -36
61073128139: 61 -49
148997885746: 30 -80
31331350132848: 57 -53
31331350135108: 29 -81
164729952490: 35 -75
31331350135252: 36 -74
93541518640: 40 -70
100848842504: 19 -91
82795547636: 18 -92
21777614035: 22 -88
9356718314: 19 -91
31601194165454: 52 -58
70465911891574: 33 -77
104046342248: 57 -53
75484162752: 66 -44
152088853522: 70 -33
61073128139: 61 -49
148997885746: 30 -80
31331350132848: 57 -53
31331350135108: 29 -81
164729952490: 35 -75
31331350135252: 36 -74
93541518640: 40 -70
100848842504: 19 -91
82795547636: 18 -92
21777614035: 22 -88
9356718314: 19 -91
31601194165454: 52 -58
70465911891574: 33 -77
104046342248: 57 -53
75484162752: 66 -44
152088853522: 70 -33
61073128139: 61 -49
148997885746: 30 -80
31331350132848: 57 -53
31331350135108: 29 -81
164729952490: 35 -75
31331350135252: 36 -74
93541518640: 40 -70
100848842504: 19 -91
82795547636: 18 -92
21777614035: 22 -88
9356718314: 19 -91
31601194165454: 52 -58
70465911891574: 33 -77
104046342248: 57 -53
75484162752: 66 -44
152088853522: 70 -30
61073128139: 61 -49
148997885746: 30 -80
31331350132848: 57 -53
31331350135108: 29 -81
164729952490: 35 -75
31331350135252: 36 -74
93541518640: 40 -70
100848842504: 19 -91
82795547636: 18 -92
21777614035: 22 -88
9356718314: 19 -91
31601194165454: 52 -58
70465911891574: 33 -77
104046342248: 57 -53
75484162752: 66 -44
152088853522: 70 -29
61073128139: 61 -49
148997885746: 30 -80
31331350132848: 57 -53
31331350135108: 29 -81
164729952490: 35 -75
31331350135252: 36 -74
93541518640: 40 -70
100848842504: 19 -91
82795547636: 18 -92
21777614035: 22 -88
9356718314: 19 -91
31601194165454: 59 -51
70465911891574: 24 -86
104046342248: 70 -23
75484162752: 69 -41
152088853522: 70 -26
61073128139: 57 -53
148997885746: 40 -70
31331350132848: 65 -45
31331350135108: 28 -82
164729952490: 42 -68
31331350135252: 36 -74
93541518640: 40 -70
100848842504: 19 -91
82795547636: 18 -92
21777614035: 22 -88
9356718314: 19 -91
31601194165454: 59 -51
70465911891574: 24 -86
104046342248: 70 -23
75484162752: 69 -41
152088853522: 70 -23
61073128139: 57 -53
148997885746: 40 -70
31331350132848: 65 -45
31331350135108: 28 -82
164729952490: 42 -68
31331350135252: 36 -74
93541518640: 40 -70
100848842504: 19 -91
82795547636: 18 -92
21777614035: 22 -88
9356718314: 19 -91
31601194165454: 59 -51
70465911891574: 24 -86
104046342248: 70 -23
75484162752: 69 -41
152088853522: 70 -22
61073128139: 57 -53
148997885746: 40 -70
31331350132848: 65 -45
31331350135108: 28 -82
164729952490: 42 -68
31331350135252: 36 -74
93541518640: 40 -70
100848842504: 19 -91
82795547636: 18 -92
21777614035: 22 -88
9356718314: 19 -91
31601194165454: 59 -51
70465911891574: 24 -86
104046342248: 70 -23
75484162752: 69 -41
152088853522: 70 -24
61073128139: 57 -53
148997885746: 40 -70
31331350132848: 65 -45
31331350135108: 28 -82
164729952490: 42 -68
31331350135252: 36 -74
100848842504: 19 -91
82795547636: 18 -92
21777614035: 22 -88
9356718314: 19 -91
31601194165454: 59 -51
70465911891574: 24 -86
104046342248: 70 -23
75484162752: 69 -41
152088853522: 70 -21
61073128139: 57 -53
148997885746: 40 -70
31331350132848: 65 -45
31331350135108: 28 -82
164729952490: 42 -68
31331350135252: 36 -74
100848842504: 19 -91
82795547636: 18 -92
21777614035: 22 -88
9356718314: 19 -91
31601194165454: 59 -51
70465911891574: 24 -86
104046342248: 70 -23
75484162752: 69 -41
152088853522: 70 -28
61073128139: 57 -53
148997885746: 40 -70
31331350132848: 65 -45
31331350135108: 28 -82
164729952490: 42 -68
31331350135252: 36 -74
82795547636: 18 -92
21777614035: 22 -88
9356718314: 19 -91
31601194165454: 59 -51
70465911891574: 24 -86
104046342248: 70 -23
75484162752: 69 -41
152088853522: 70 -30
61073128139: 57 -53
148997885746: 40 -70
31331350132848: 65 -45
31331350135108: 28 -82
164729952490: 42 -68
31331350135252: 36 -74
21777614035: 22 -88
9356718314: 19 -91
31601194165454: 59 -51
70465911891574: 24 -86
104046342248: 70 -23
75484162752: 69 -41
152088853522: 70 -28
61073128139: 57 -53
148997885746: 40 -70
31331350132848: 65 -45
31331350135108: 28 -82
164729952490: 42 -68
31331350135252: 36 -74
21777614035: 22 -88
9356718314: 19 -91
31601194165454: 59 -51
70465911891574: 24 -86
104046342248: 70 -23
75484162752: 69 -41
152088853522: 70 -28
61073128139: 57 -53
148997885746: 40 -70
31331350132848: 65 -45
31331350135108: 28 -82
164729952490: 42 -68
31331350135252: 36 -74
21777614035: 22 -88
9356718314: 19 -91
31601194165454: 58 -52
70465911891574: 39 -71
104046342248: 66 -44
75484162752: 65 -45
152088853522: 70 -38
61073128139: 55 -55
148997885746: 29 -81
31331350132848: 68 -42
31331350135108: 37 -73
164729952490: 39 -71
31331350135252: 28 -82
21777614035: 22 -88
9356718314: 19 -91
31601194165454: 58 -52
70465911891574: 39 -71
104046342248: 66 -44
75484162752: 65 -45
152088853522: 70 -37
61073128139: 55 -55
148997885746: 29 -81
31331350132848: 68 -42
31331350135108: 37 -73
164729952490: 39 -71
31331350135252: 28 -82
21777614035: 22 -88
9356718314: 19 -91
31601194165454: 58 -52
70465911891574: 39 -71
104046342248: 66 -44
75484162752: 65 -45
152088853522: 70 -35
61073128139: 55 -55
148997885746: 29 -81
31331350132848: 68 -42
31331350135108: 37 -73
164729952490: 39 -71
31331350135252: 28 -82
9356718314: 19 -91
31601194165454: 58 -52
70465911891574: 39 -71
104046342248: 66 -44
75484162752: 65 -45
152088853522: 70 -26
61073128139: 55 -55
148997885746: 29 -81
31331350132848: 68 -42
31331350135108: 37 -73
164729952490: 39 -71
31331350135252: 28 -82
9356718314: 19 -91
31601194165454: 58 -52
70465911891574: 39 -71
104046342248: 66 -44
75484162752: 65 -45
152088853522: 70 -24
61073128139: 55 -55
148997885746: 29 -81
31331350132848: 68 -42
31331350135108: 37 -73
164729952490: 39 -71
31331350135252: 28 -82
9356718314: 19 -91
31601194165454: 58 -52
70465911891574: 39 -71
104046342248: 66 -44
75484162752: 65 -45
152088853522: 70 -31
61073128139: 55 -55
148997885746: 29 -81
31331350132848: 68 -42
31331350135108: 37 -73
164729952490: 39 -71
31331350135252: 28 -82
9356718314: 19 -91
31601194165454: 58 -52
70465911891574: 39 -71
104046342248: 66 -44
75484162752: 65 -45
152088853522: 70 -34
61073128139: 55 -55
148997885746: 29 -81
31331350132848: 68 -42
31331350135108: 37 -73
164729952490: 39 -71
31331350135252: 28 -82
9356718314: 19 -91
31601194165454: 58 -52
70465911891574: 39 -71
104046342248: 66 -44
75484162752: 65 -45
152088853522: 70 -28
61073128139: 55 -55
148997885746: 29 -81
31331350132848: 68 -42
31331350135108: 37 -73
164729952490: 39 -71
31331350135252: 28 -82
9356718314: 19 -91
31601194165454: 58 -52
70465911891574: 39 -71
104046342248: 66 -44
75484162752: 65 -45
152088853522: 70 -32
61073128139: 55 -55
148997885746: 29 -81
31331350132848: 68 -42
31331350135108: 37 -73
164729952490: 39 -71
31331350135252: 28 -82
9356718314: 19 -91
31601194165454: 47 -63
70465911891574: 30 -80
104046342248: 30 -80
75484162752: 66 -44
152088853522: 70 -29
61073128139: 55 -55
148997885746: 30 -80
31331350132848: 69 -41
31331350135108: 34 -76
164729952490: 36 -74
31331350135252: 27 -83
9356718314: 19 -91
6618847380691: 26 -84
31601194165454: 47 -63
70465911891574: 30 -80
104046342248: 30 -80
75484162752: 66 -44
152088853522: 70 -28
61073128139: 55 -55
148997885746: 30 -80
31331350132848: 69 -41
31331350135108: 34 -76
164729952490: 36 -74
31331350135252: 27 -83
9356718314: 19 -91
6618847380691: 26 -84
31601194165454: 47 -63
70465911891574: 30 -80
104046342248: 30 -80
75484162752: 66 -44
152088853522: 70 -23
61073128139: 55 -55
148997885746: 30 -80
31331350132848: 69 -41
31331350135108: 34 -76
164729952490: 36 -74
31331350135252: 27 -83
9356718314: 19 -91
6618847380691: 26 -84
31601194165454: 47 -63
70465911891574: 30 -80
104046342248: 30 -80
75484162752: 66 -44
152088853522: 70 -23
61073128139: 55 -55
148997885746: 30 -80
31331350132848: 69 -41
31331350135108: 34 -76
164729952490: 36 -74
31331350135252: 27 -83
9356718314: 19 -91
6618847380691: 26 -84
31601194165454: 47 -63
70465911891574: 30 -80
104046342248: 30 -80
75484162752: 66 -44
152088853522: 70 -25
61073128139: 55 -55
148997885746: 30 -80
31331350132848: 69 -41
31331350135108: 34 -76
164729952490: 36 -74
31331350135252: 27 -83
9356718314: 19 -91
6618847380691: 26 -84
31601194165454: 47 -63
70465911891574: 30 -80
104046342248: 30 -80
75484162752: 66 -44
152088853522: 70 -28
61073128139: 55 -55
148997885746: 30 -80
31331350132848: 69 -41
31331350135108: 34 -76
164729952490: 36 -74
31331350135252: 27 -83
9356718314: 19 -91
6618847380691: 26 -84
31601194165454: 47 -63
70465911891574: 30 -80
104046342248: 30 -80
75484162752: 66 -44
152088853522: 70 -22
61073128139: 55 -55
148997885746: 30 -80
31331350132848: 69 -41
31331350135108: 34 -76
164729952490: 36 -74
31331350135252: 27 -83
9356718314: 19 -91
6618847380691: 26 -84
31601194165454: 47 -63
70465911891574: 30 -80
104046342248: 30 -80
75484162752: 66 -44
152088853522: 70 -27
61073128139: 55 -55
148997885746: 30 -80
31331350132848: 69 -41
31331350135108: 34 -76
164729952490: 36 -74
31331350135252: 27 -83
9356718314: 19 -91
6618847380691: 26 -84
31601194165454: 47 -63
70465911891574: 30 -80
104046342248: 30 -80
75484162752: 66 -44
152088853522: 70 -29
61073128139: 55 -55
148997885746: 30 -80
31331350132848: 69 -41
31331350135108: 34 -76
164729952490: 36 -74
31331350135252: 27 -83
9356718314: 19 -91
6618847380691: 26 -84
31601194165454: 47 -63
70465911891574: 35 -75
104046342248: 60 -50
75484162752: 68 -42
152088853522: 70 -30
61073128139: 54 -56
148997885746: 29 -81
31331350132848: 63 -47
31331350135108: 25 -85
164729952490: 39 -71
31331350135252: 27 -83
9356718314: 19 -91
6618847380691: 26 -84
31601194165454: 47 -63
70465911891574: 35 -75
104046342248: 60 -50
75484162752: 68 -42
152088853522: 70 -30
61073128139: 54 -56
148997885746: 29 -81
31331350132848: 63 -47
31331350135108: 25 -85
164729952490: 39 -71
31331350135252: 27 -83
9356718314: 19 -91
6618847380691: 26 -84
31601194165454: 47 -63
70465911891574: 35 -75
104046342248: 60 -50
75484162752: 68 -42
152088853522: 70 -30
61073128139: 54 -56
148997885746: 29 -81
31331350132848: 63 -47
31331350135108: 25 -85
164729952490: 39 -71
31331350135252: 27 -83
9356718314: 19 -91
6618847380691: 26 -84
31601194165454: 47 -63
70465911891574: 35 -75
104046342248: 60 -50
75484162752: 68 -42
152088853522: 70 -27
61073128139: 54 -56
148997885746: 29 -81
31331350132848: 63 -47
31331350135108: 25 -85
164729952490: 39 -71
31331350135252: 27 -83
9356718314: 19 -91
6618847380691: 26 -84
31601194165454: 47 -63
70465911891574: 35 -75
104046342248: 60 -50
75484162752: 68 -42
152088853522: 70 -29
61073128139: 54 -56
148997885746: 29 -81
31331350132848: 63 -47
31331350135108: 25 -85
164729952490: 39 -71
31331350135252: 27 -83
6618847380691: 26 -84
31601194165454: 47 -63
70465911891574: 35 -75
104046342248: 60 -50
75484162752: 68 -42
152088853522: 70 -28
61073128139: 54 -56
148997885746: 29 -81
31331350132848: 63 -47
31331350135108: 25 -85
164729952490: 39 -71
31331350135252: 27 -83
6618847380691: 26 -84
31601194165454: 47 -63
70465911891574: 35 -75
104046342248: 60 -50
75484162752: 68 -42
152088853522: 70 -27
61073128139: 54 -56
148997885746: 29 -81
31331350132848: 63 -47
31331350135108: 25 -85
164729952490: 39 -71
31331350135252: 27 -83
6618847380691: 26 -84
31601194165454: 47 -63
70465911891574: 35 -75
104046342248: 60 -50
75484162752: 68 -42
152088853522: 70 -27
61073128139: 54 -56
148997885746: 29 -81
31331350132848: 63 -47
31331350135108: 25 -85
164729952490: 39 -71
31331350135252: 27 -83
6618847380691: 26 -84
31601194165454: 47 -63
70465911891574: 35 -75
104046342248: 60 -50
75484162752: 68 -42
152088853522: 70 -29
61073128139: 54 -56
148997885746: 29 -81
31331350132848: 63 -47
31331350135108: 25 -85
164729952490: 39 -71
31331350135252: 27 -83
6618847380691: 26 -84
31601194165454: 51 -59
70465911891574: 26 -84
104046342248: 66 -44
75484162752: 63 -47
152088853522: 70 -30
61073128139: 37 -73
148997885746: 32 -78
31331350132848: 26 -84
31331350135108: 29 -81
164729952490: 44 -66
31331350135252: 27 -83
6618847380691: 26 -84
21777614035: 26 -84
27279809849: 22 -88
