31601194165454: 60 -50
70465911891574: 26 -84
104046342248: 59 -51
75484162752: 70 -38
152088853522: 70 -34
61073128139: 57 -53
148997885746: 22 -88
31331350132848: 61 -49
31331350135108: 33 -77
164729952490: 48 -62
21777614035: 26 -84
27279809849: 22 -88
124811688518: 22 -88
31601194165454: 60 -50
70465911891574: 26 -84
104046342248: 59 -51
75484162752: 70 -38
152088853522: 70 -32
61073128139: 57 -53
148997885746: 22 -88
31331350132848: 61 -49
31331350135108: 33 -77
164729952490: 48 -62
21777614035: 26 -84
27279809849: 22 -88
124811688518: 22 -88
31601194165454: 60 -50
70465911891574: 26 -84
104046342248: 59 -51
75484162752: 70 -38
152088853522: 70 -29
61073128139: 57 -53
148997885746: 22 -88
31331350132848: 61 -49
31331350135108: 33 -77
164729952490: 48 -62
21777614035: 26 -84
27279809849: 22 -88
124811688518: 22 -88
31601194165454: 60 -50
70465911891574: 26 -84
104046342248: 59 -51
75484162752: 70 -38
152088853522: 70 -33
61073128139: 57 -53
148997885746: 22 -88
31331350132848: 61 -49
31331350135108: 33 -77
164729952490: 48 -62
21777614035: 26 -84
27279809849: 22 -88
124811688518: 22 -88
31601194165454: 60 -50
70465911891574: 26 -84
104046342248: 59 -51
75484162752: 70 -38
152088853522: 70 -31
61073128139: 57 -53
148997885746: 22 -88
31331350132848: 61 -49
31331350135108: 33 -77
164729952490: 48 -62
21777614035: 26 -84
27279809849: 22 -88
124811688518: 22 -88
31601194165454: 60 -50
70465911891574: 26 -84
104046342248: 59 -51
75484162752: 70 -38
152088853522: 70 -29
61073128139: 57 -53
148997885746: 22 -88
31331350132848: 61 -49
31331350135108: 33 -77
164729952490: 48 -62
21777614035: 26 -84
27279809849: 22 -88
124811688518: 22 -88
31601194165454: 60 -50
70465911891574: 26 -84
104046342248: 59 -51
75484162752: 70 -38
152088853522: 70 -30
61073128139: 57 -53
148997885746: 22 -88
31331350132848: 61 -49
31331350135108: 33 -77
164729952490: 48 -62
21777614035: 26 -84
27279809849: 22 -88
124811688518: 22 -88
31601194165454: 60 -50
70465911891574: 26 -84
104046342248: 59 -51
75484162752: 70 -38
152088853522: 70 -29
61073128139: 57 -53
148997885746: 22 -88
31331350132848: 61 -49
31331350135108: 33 -77
164729952490: 48 -62
21777614035: 26 -84
27279809849: 22 -88
124811688518: 22 -88
31601194165454: 60 -50
70465911891574: 26 -84
104046342248: 59 -51
75484162752: 70 -38
152088853522: 70 -34
61073128139: 57 -53
148997885746: 22 -88
31331350132848: 61 -49
31331350135108: 33 -77
164729952490: 48 -62
21777614035: 26 -84
27279809849: 22 -88
124811688518: 22 -88
31601194165454: 52 -58
70465911891574: 26 -84
104046342248: 27 -83
75484162752: 70 -40
152088853522: 70 -30
61073128139: 25 -85
148997885746: 29 -81
31331350132848: 60 -50
31331350135108: 37 -73
164729952490: 38 -72
21777614035: 26 -84
27279809849: 22 -88
124811688518: 22 -88
31601194165454: 52 -58
70465911891574: 26 -84
104046342248: 27 -83
75484162752: 70 -40
152088853522: 70 -28
61073128139: 25 -85
148997885746: 29 -81
31331350132848: 60 -50
31331350135108: 37 -73
164729952490: 38 -72
21777614035: 26 -84
27279809849: 22 -88
124811688518: 22 -88
31601194165454: 52 -58
70465911891574: 26 -84
104046342248: 27 -83
75484162752: 70 -40
152088853522: 70 -28
61073128139: 25 -85
148997885746: 29 -81
31331350132848: 60 -50
31331350135108: 37 -73
164729952490: 38 -72
21777614035: 26 -84
27279809849: 22 -88
124811688518: 22 -88
31601194165454: 52 -58
70465911891574: 26 -84
104046342248: 27 -83
75484162752: 70 -40
152088853522: 70 -32
61073128139: 25 -85
148997885746: 29 -81
31331350132848: 60 -50
31331350135108: 37 -73
164729952490: 38 -72
21777614035: 26 -84
27279809849: 22 -88
124811688518: 22 -88
31601194165454: 52 -58
70465911891574: 26 -84
104046342248: 27 -83
75484162752: 70 -40
152088853522: 70 -33
61073128139: 25 -85
148997885746: 29 -81
31331350132848: 60 -50
31331350135108: 37 -73
164729952490: 38 -72
27279809849: 22 -88
124811688518: 22 -88
31601194165454: 52 -58
70465911891574: 26 -84
104046342248: 27 -83
75484162752: 70 -40
152088853522: 70 -35
61073128139: 25 -85
148997885746: 29 -81
31331350132848: 60 -50
31331350135108: 37 -73
164729952490: 38 -72
27279809849: 22 -88
124811688518: 22 -88
31601194165454: 52 -58
70465911891574: 26 -84
104046342248: 27 -83
75484162752: 70 -40
152088853522: 70 -31
61073128139: 25 -85
148997885746: 29 -81
31331350132848: 60 -50
31331350135108: 37 -73
164729952490: 38 -72
124811688518: 22 -88
31601194165454: 52 -58
70465911891574: 26 -84
104046342248: 27 -83
75484162752: 70 -40
152088853522: 70 -31
61073128139: 25 -85
148997885746: 29 -81
31331350132848: 60 -50
31331350135108: 37 -73
164729952490: 38 -72
124811688518: 22 -88
31601194165454: 52 -58
70465911891574: 26 -84
104046342248: 27 -83
75484162752: 70 -40
152088853522: 70 -35
61073128139: 25 -85
148997885746: 29 -81
31331350132848: 60 -50
31331350135108: 37 -73
164729952490: 38 -72
124811688518: 22 -88
31601194165454: 57 -53
70465911891574: 23 -87
104046342248: 28 -82
75484162752: 60 -50
152088853522: 70 -29
61073128139: 55 -55
148997885746: 28 -82
31331350132848: 59 -51
31331350135108: 27 -83
164729952490: 38 -72
124811688518: 22 -88
31331350135252: 22 -88
31601194165454: 57 -53
70465911891574: 23 -87
104046342248: 28 -82
75484162752: 60 -50
152088853522: 70 -30
61073128139: 55 -55
148997885746: 28 -82
31331350132848: 59 -51
31331350135108: 27 -83
164729952490: 38 -72
124811688518: 22 -88
31331350135252: 22 -88
31601194165454: 57 -53
70465911891574: 23 -87
104046342248: 28 -82
75484162752: 60 -50
152088853522: 70 -30
61073128139: 55 -55
148997885746: 28 -82
31331350132848: 59 -51
31331350135108: 27 -83
164729952490: 38 -72
124811688518: 22 -88
31331350135252: 22 -88
31601194165454: 57 -53
70465911891574: 23 -87
104046342248: 28 -82
75484162752: 60 -50
152088853522: 70 -33
61073128139: 55 -55
148997885746: 28 -82
31331350132848: 59 -51
31331350135108: 27 -83
164729952490: 38 -72
124811688518: 22 -88
31331350135252: 22 -88
31601194165454: 57 -53
70465911891574: 23 -87
104046342248: 28 -82
75484162752: 60 -50
152088853522: 70 -27
61073128139: 55 -55
148997885746: 28 -82
31331350132848: 59 -51
31331350135108: 27 -83
164729952490: 38 -72
124811688518: 22 -88
31331350135252: 22 -88
31601194165454: 57 -53
70465911891574: 23 -87
104046342248: 28 -82
75484162752: 60 -50
152088853522: 70 -28
61073128139: 55 -55
148997885746: 28 -82
31331350132848: 59 -51
31331350135108: 27 -83
164729952490: 38 -72
124811688518: 22 -88
31331350135252: 22 -88
31601194165454: 57 -53
70465911891574: 23 -87
104046342248: 28 -82
75484162752: 60 -50
152088853522: 70 -37
61073128139: 55 -55
148997885746: 28 -82
31331350132848: 59 -51
31331350135108: 27 -83
164729952490: 38 -72
124811688518: 22 -88
31331350135252: 22 -88
31601194165454: 57 -53
70465911891574: 23 -87
104046342248: 28 -82
75484162752: 60 -50
152088853522: 70 -34
61073128139: 55 -55
148997885746: 28 -82
31331350132848: 59 -51
31331350135108: 27 -83
164729952490: 38 -72
124811688518: 22 -88
31331350135252: 22 -88
31601194165454: 57 -53
70465911891574: 23 -87
104046342248: 28 -82
75484162752: 60 -50
152088853522: 70 -34
61073128139: 55 -55
148997885746: 28 -82
31331350132848: 59 -51
31331350135108: 27 -83
164729952490: 38 -72
124811688518: 22 -88
31331350135252: 22 -88
31601194165454: 57 -53
70465911891574: 24 -86
104046342248: 61 -49
75484162752: 59 -51
152088853522: 70 -38
61073128139: 55 -55
148997885746: 28 -82
31331350132848: 56 -54
31331350135108: 39 -71
164729952490: 45 -65
124811688518: 22 -88
31331350135252: 22 -88
21777614035: 26 -84
6618847380691: 24 -86
31601194165454: 57 -53
70465911891574: 24 -86
104046342248: 61 -49
75484162752: 59 -51
152088853522: 69 -41
61073128139: 55 -55
148997885746: 28 -82
31331350132848: 56 -54
31331350135108: 39 -71
164729952490: 45 -65
124811688518: 22 -88
31331350135252: 22 -88
21777614035: 26 -84
6618847380691: 24 -86
31601194165454: 57 -53
70465911891574: 24 -86
104046342248: 61 -49
75484162752: 59 -51
152088853522: 70 -35
61073128139: 55 -55
148997885746: 28 -82
31331350132848: 56 -54
31331350135108: 39 -71
164729952490: 45 -65
124811688518: 22 -88
31331350135252: 22 -88
21777614035: 26 -84
6618847380691: 24 -86
31601194165454: 57 -53
70465911891574: 24 -86
104046342248: 61 -49
75484162752: 59 -51
152088853522: 70 -35
61073128139: 55 -55
148997885746: 28 -82
31331350132848: 56 -54
31331350135108: 39 -71
164729952490: 45 -65
124811688518: 22 -88
31331350135252: 22 -88
21777614035: 26 -84
6618847380691: 24 -86
31601194165454: 57 -53
70465911891574: 24 -86
104046342248: 61 -49
75484162752: 59 -51
152088853522: 70 -31
61073128139: 55 -55
148997885746: 28 -82
31331350132848: 56 -54
31331350135108: 39 -71
164729952490: 45 -65
124811688518: 22 -88
31331350135252: 22 -88
21777614035: 26 -84
6618847380691: 24 -86
31601194165454: 57 -53
70465911891574: 24 -86
104046342248: 61 -49
75484162752: 59 -51
152088853522: 70 -34
61073128139: 55 -55
148997885746: 28 -82
31331350132848: 56 -54
31331350135108: 39 -71
164729952490: 45 -65
124811688518: 22 -88
31331350135252: 22 -88
21777614035: 26 -84
6618847380691: 24 -86
31601194165454: 57 -53
70465911891574: 24 -86
104046342248: 61 -49
75484162752: 59 -51
152088853522: 70 -27
61073128139: 55 -55
148997885746: 28 -82
31331350132848: 56 -54
31331350135108: 39 -71
164729952490: 45 -65
124811688518: 22 -88
31331350135252: 22 -88
21777614035: 26 -84
6618847380691: 24 -86
31601194165454: 57 -53
70465911891574: 24 -86
104046342248: 61 -49
75484162752: 59 -51
152088853522: 70 -31
61073128139: 55 -55
148997885746: 28 -82
31331350132848: 56 -54
31331350135108: 39 -71
164729952490: 45 -65
124811688518: 22 -88
31331350135252: 22 -88
21777614035: 26 -84
6618847380691: 24 -86
31601194165454: 57 -53
70465911891574: 24 -86
104046342248: 61 -49
75484162752: 59 -51
152088853522: 70 -32
61073128139: 55 -55
148997885746: 28 -82
31331350132848: 56 -54
31331350135108: 39 -71
164729952490: 45 -65
124811688518: 22 -88
31331350135252: 22 -88
21777614035: 26 -84
6618847380691: 24 -86
31601194165454: 59 -51
70465911891574: 24 -86
104046342248: 28 -82
75484162752: 70 -37
152088853522: 70 -32
61073128139: 57 -53
148997885746: 25 -85
31331350132848: 61 -49
31331350135108: 34 -76
164729952490: 32 -78
124811688518: 22 -88
31331350135252: 25 -85
21777614035: 26 -84
6618847380691: 24 -86
100848842504: 20 -90
31601194165454: 59 -51
70465911891574: 24 -86
104046342248: 28 -82
75484162752: 70 -37
152088853522: 70 -34
61073128139: 57 -53
148997885746: 25 -85
31331350132848: 61 -49
31331350135108: 34 -76
164729952490: 32 -78
31331350135252: 25 -85
21777614035: 26 -84
6618847380691: 24 -86
100848842504: 20 -90
31601194165454: 59 -51
70465911891574: 24 -86
104046342248: 28 -82
75484162752: 70 -37
152088853522: 70 -34
61073128139: 57 -53
148997885746: 25 -85
31331350132848: 61 -49
31331350135108: 34 -76
164729952490: 32 -78
31331350135252: 25 -85
21777614035: 26 -84
6618847380691: 24 -86
100848842504: 20 -90
31601194165454: 59 -51
70465911891574: 24 -86
104046342248: 28 -82
75484162752: 70 -37
152088853522: 70 -35
61073128139: 57 -53
148997885746: 25 -85
31331350132848: 61 -49
31331350135108: 34 -76
164729952490: 32 -78
31331350135252: 25 -85
21777614035: 26 -84
6618847380691: 24 -86
100848842504: 20 -90
31601194165454: 59 -51
70465911891574: 24 -86
104046342248: 28 -82
75484162752: 70 -37
152088853522: 70 -32
61073128139: 57 -53
148997885746: 25 -85
31331350132848: 61 -49
31331350135108: 34 -76
164729952490: 32 -78
31331350135252: 25 -85
21777614035: 26 -84
6618847380691: 24 -86
100848842504: 20 -90
31601194165454: 59 -51
70465911891574: 24 -86
104046342248: 28 -82
75484162752: 70 -37
152088853522: 70 -35
61073128139: 57 -53
148997885746: 25 -85
31331350132848: 61 -49
31331350135108: 34 -76
164729952490: 32 -78
31331350135252: 25 -85
21777614035: 26 -84
6618847380691: 24 -86
100848842504: 20 -90
31601194165454: 59 -51
70465911891574: 24 -86
104046342248: 28 -82
75484162752: 70 -37
152088853522: 70 -30
61073128139: 57 -53
148997885746: 25 -85
31331350132848: 61 -49
31331350135108: 34 -76
164729952490: 32 -78
31331350135252: 25 -85
21777614035: 26 -84
6618847380691: 24 -86
100848842504: 20 -90
31601194165454: 59 -51
70465911891574: 24 -86
104046342248: 28 -82
75484162752: 70 -37
152088853522: 70 -34
61073128139: 57 -53
148997885746: 25 -85
31331350132848: 61 -49
31331350135108: 34 -76
164729952490: 32 -78
31331350135252: 25 -85
21777614035: 26 -84
6618847380691: 24 -86
100848842504: 20 -90
31601194165454: 59 -51
70465911891574: 24 -86
104046342248: 28 -82
75484162752: 70 -37
152088853522: 70 -28
61073128139: 57 -53
148997885746: 25 -85
31331350132848: 61 -49
31331350135108: 34 -76
164729952490: 32 -78
31331350135252: 25 -85
21777614035: 26 -84
6618847380691: 24 -86
100848842504: 20 -90
31601194165454: 51 -59
70465911891574: 20 -90
104046342248: 30 -80
75484162752: 70 -38
152088853522: 70 -29
61073128139: 56 -54
148997885746: 31 -79
31331350132848: 63 -47
31331350135108: 29 -81
164729952490: 36 -74
31331350135252: 25 -85
21777614035: 26 -84
6618847380691: 24 -86
100848842504: 20 -90
31601194165454: 51 -59
70465911891574: 20 -90
104046342248: 30 -80
75484162752: 70 -38
152088853522: 70 -28
61073128139: 56 -54
148997885746: 31 -79
31331350132848: 63 -47
31331350135108: 29 -81
164729952490: 36 -74
31331350135252: 25 -85
21777614035: 26 -84
6618847380691: 24 -86
100848842504: 20 -90
31601194165454: 51 -59
70465911891574: 20 -90
104046342248: 30 -80
75484162752: 70 -38
152088853522: 70 -32
61073128139: 56 -54
148997885746: 31 -79
31331350132848: 63 -47
31331350135108: 29 -81
164729952490: 36 -74
31331350135252: 25 -85
21777614035: 26 -84
6618847380691: 24 -86
100848842504: 20 -90
31601194165454: 51 -59
70465911891574: 20 -90
104046342248: 30 -80
75484162752: 70 -38
152088853522: 70 -32
61073128139: 56 -54
148997885746: 31 -79
31331350132848: 63 -47
31331350135108: 29 -81
164729952490: 36 -74
31331350135252: 25 -85
21777614035: 26 -84
6618847380691: 24 -86
100848842504: 20 -90
31601194165454: 51 -59
70465911891574: 20 -90
104046342248: 30 -80
75484162752: 70 -38
152088853522: 70 -27
61073128139: 56 -54
148997885746: 31 -79
31331350132848: 63 -47
31331350135108: 29 -81
164729952490: 36 -74
31331350135252: 25 -85
21777614035: 26 -84
6618847380691: 24 -86
100848842504: 20 -90
31601194165454: 51 -59
70465911891574: 20 -90
104046342248: 30 -80
75484162752: 70 -38
152088853522: 70 -30
61073128139: 56 -54
148997885746: 31 -79
31331350132848: 63 -47
31331350135108: 29 -81
164729952490: 36 -74
31331350135252: 25 -85
21777614035: 26 -84
6618847380691: 24 -86
100848842504: 20 -90
31601194165454: 51 -59
70465911891574: 20 -90
104046342248: 30 -80
75484162752: 70 -38
152088853522: 70 -24
61073128139: 56 -54
148997885746: 31 -79
31331350132848: 63 -47
31331350135108: 29 -81
164729952490: 36 -74
31331350135252: 25 -85
21777614035: 26 -84
6618847380691: 24 -86
100848842504: 20 -90
31601194165454: 51 -59
70465911891574: 20 -90
104046342248: 30 -80
75484162752: 70 -38
152088853522: 70 -28
61073128139: 56 -54
148997885746: 31 -79
31331350132848: 63 -47
31331350135108: 29 -81
164729952490: 36 -74
31331350135252: 25 -85
21777614035: 26 -84
6618847380691: 24 -86
100848842504: 20 -90
31601194165454: 51 -59
70465911891574: 20 -90
104046342248: 30 -80
75484162752: 70 -38
152088853522: 70 -40
61073128139: 56 -54
148997885746: 31 -79
31331350132848: 63 -47
31331350135108: 29 -81
164729952490: 36 -74
31331350135252: 25 -85
21777614035: 26 -84
6618847380691: 24 -86
100848842504: 20 -90
31601194165454: 54 -56
70465911891574: 31 -79
104046342248: 30 -80
75484162752: 61 -49
152088853522: 70 -30
61073128139: 34 -76
148997885746: 29 -81
31331350132848: 64 -46
31331350135108: 22 -88
164729952490: 42 -68
31331350135252: 25 -85
21777614035: 26 -84
6618847380691: 24 -86
100848842504: 20 -90
93541518640: 45 -65
31601194165454: 54 -56
70465911891574: 31 -79
104046342248: 30 -80
75484162752: 61 -49
152088853522: 70 -30
61073128139: 34 -76
148997885746: 29 -81
31331350132848: 64 -46
31331350135108: 22 -88
164729952490: 42 -68
31331350135252: 25 -85
21777614035: 26 -84
6618847380691: 24 -86
100848842504: 20 -90
93541518640: 45 -65
31601194165454: 54 -56
70465911891574: 31 -79
104046342248: 30 -80
75484162752: 61 -49
152088853522: 70 -30
61073128139: 34 -76
148997885746: 29 -81
31331350132848: 64 -46
31331350135108: 22 -88
164729952490: 42 -68
31331350135252: 25 -85
21777614035: 26 -84
6618847380691: 24 -86
100848842504: 20 -90
93541518640: 45 -65
31601194165454: 54 -56
70465911891574: 31 -79
104046342248: 30 -80
75484162752: 61 -49
152088853522: 70 -28
61073128139: 34 -76
148997885746: 29 -81
31331350132848: 64 -46
31331350135108: 22 -88
164729952490: 42 -68
31331350135252: 25 -85
21777614035: 26 -84
6618847380691: 24 -86
100848842504: 20 -90
93541518640: 45 -65
31601194165454: 54 -56
70465911891574: 31 -79
104046342248: 30 -80
75484162752: 61 -49
152088853522: 70 -27
61073128139: 34 -76
148997885746: 29 -81
31331350132848: 64 -46
31331350135108: 22 -88
164729952490: 42 -68
31331350135252: 25 -85
21777614035: 26 -84
6618847380691: 24 -86
100848842504: 20 -90
93541518640: 45 -65
31601194165454: 54 -56
70465911891574: 31 -79
104046342248: 30 -80
75484162752: 61 -49
152088853522: 70 -34
61073128139: 34 -76
148997885746: 29 -81
31331350132848: 64 -46
31331350135108: 22 -88
164729952490: 42 -68
31331350135252: 25 -85
21777614035: 26 -84
6618847380691: 24 -86
100848842504: 20 -90
93541518640: 45 -65
31601194165454: 54 -56
70465911891574: 31 -79
104046342248: 30 -80
75484162752: 61 -49
152088853522: 70 -31
61073128139: 34 -76
148997885746: 29 -81
31331350132848: 64 -46
31331350135108: 22 -88
164729952490: 42 -68
31331350135252: 25 -85
21777614035: 26 -84
6618847380691: 24 -86
100848842504: 20 -90
93541518640: 45 -65
31601194165454: 54 -56
70465911891574: 31 -79
104046342248: 30 -80
75484162752: 61 -49
152088853522: 70 -32
61073128139: 34 -76
148997885746: 29 -81
31331350132848: 64 -46
31331350135108: 22 -88
164729952490: 42 -68
31331350135252: 25 -85
21777614035: 26 -84
6618847380691: 24 -86
100848842504: 20 -90
93541518640: 45 -65
31601194165454: 54 -56
70465911891574: 31 -79
104046342248: 30 -80
75484162752: 61 -49
152088853522: 70 -34
61073128139: 34 -76
148997885746: 29 -81
31331350132848: 64 -46
31331350135108: 22 -88
164729952490: 42 -68
31331350135252: 25 -85
21777614035: 26 -84
6618847380691: 24 -86
100848842504: 20 -90
93541518640: 45 -65
31601194165454: 57 -53
70465911891574: 23 -87
104046342248: 61 -49
75484162752: 58 -52
152088853522: 70 -28
61073128139: 57 -53
148997885746: 28 -82
31331350132848: 62 -48
31331350135108: 37 -73
164729952490: 40 -70
31331350135252: 25 -85
21777614035: 20 -90
6618847380691: 20 -90
100848842504: 20 -90
93541518640: 42 -68
31601194165454: 57 -53
70465911891574: 23 -87
104046342248: 61 -49
75484162752: 58 -52
152088853522: 70 -27
61073128139: 57 -53
148997885746: 28 -82
31331350132848: 62 -48
31331350135108: 37 -73
164729952490: 40 -70
31331350135252: 25 -85
21777614035: 20 -90
6618847380691: 20 -90
100848842504: 20 -90
93541518640: 42 -68
31601194165454: 57 -53
70465911891574: 23 -87
104046342248: 61 -49
75484162752: 58 -52
152088853522: 70 -33
61073128139: 57 -53
148997885746: 28 -82
31331350132848: 62 -48
31331350135108: 37 -73
164729952490: 40 -70
31331350135252: 25 -85
21777614035: 20 -90
6618847380691: 20 -90
100848842504: 20 -90
93541518640: 42 -68
31601194165454: 57 -53
70465911891574: 23 -87
104046342248: 61 -49
75484162752: 58 -52
152088853522: 70 -33
61073128139: 57 -53
148997885746: 28 -82
31331350132848: 62 -48
31331350135108: 37 -73
164729952490: 40 -70
31331350135252: 25 -85
21777614035: 20 -90
6618847380691: 20 -90
100848842504: 20 -90
93541518640: 42 -68
31601194165454: 57 -53
70465911891574: 23 -87
104046342248: 61 -49
75484162752: 58 -52
152088853522: 70 -27
61073128139: 57 -53
148997885746: 28 -82
31331350132848: 62 -48
31331350135108: 37 -73
164729952490: 40 -70
31331350135252: 25 -85
21777614035: 20 -90
6618847380691: 20 -90
100848842504: 20 -90
93541518640: 42 -68
31601194165454: 57 -53
70465911891574: 23 -87
104046342248: 61 -49
75484162752: 58 -52
152088853522: 70 -32
61073128139: 57 -53
148997885746: 28 -82
31331350132848: 62 -48
31331350135108: 37 -73
164729952490: 40 -70
31331350135252: 25 -85
21777614035: 20 -90
6618847380691: 20 -90
100848842504: 20 -90
93541518640: 42 -68
31601194165454: 57 -53
70465911891574: 23 -87
104046342248: 61 -49
75484162752: 58 -52
152088853522: 70 -32
61073128139: 57 -53
148997885746: 28 -82
31331350132848: 62 -48
31331350135108: 37 -73
164729952490: 40 -70
31331350135252: 25 -85
21777614035: 20 -90
6618847380691: 20 -90
100848842504: 20 -90
93541518640: 42 -68
31601194165454: 57 -53
70465911891574: 23 -87
104046342248: 61 -49
75484162752: 58 -52
152088853522: 70 -35
61073128139: 57 -53
148997885746: 28 -82
31331350132848: 62 -48
31331350135108: 37 -73
164729952490: 40 -70
31331350135252: 25 -85
21777614035: 20 -90
6618847380691: 20 -90
100848842504: 20 -90
93541518640: 42 -68
31601194165454: 57 -53
70465911891574: 23 -87
104046342248: 61 -49
75484162752: 58 -52
152088853522: 70 -29
61073128139: 57 -53
148997885746: 28 -82
31331350132848: 62 -48
31331350135108: 37 -73
164729952490: 40 -70
31331350135252: 25 -85
21777614035: 20 -90
6618847380691: 20 -90
100848842504: 20 -90
93541518640: 42 -68
31601194165454: 56 -54
70465911891574: 23 -87
104046342248: 23 -87
75484162752: 60 -50
152088853522: 70 -27
61073128139: 49 -61
148997885746: 23 -87
31331350132848: 56 -54
31331350135108: 37 -73
164729952490: 38 -72
31331350135252: 38 -72
21777614035: 20 -90
6618847380691: 20 -90
100848842504: 20 -90
93541518640: 42 -68
31601194165454: 56 -54
70465911891574: 23 -87
104046342248: 23 -87
75484162752: 60 -50
152088853522: 70 -29
61073128139: 49 -61
148997885746: 23 -87
31331350132848: 56 -54
31331350135108: 37 -73
164729952490: 38 -72
31331350135252: 38 -72
21777614035: 20 -90
6618847380691: 20 -90
100848842504: 20 -90
93541518640: 42 -68
31601194165454: 56 -54
70465911891574: 23 -87
104046342248: 23 -87
75484162752: 60 -50
152088853522: 70 -26
61073128139: 49 -61
148997885746: 23 -87
31331350132848: 56 -54
31331350135108: 37 -73
164729952490: 38 -72
31331350135252: 38 -72
21777614035: 20 -90
6618847380691: 20 -90
100848842504: 20 -90
93541518640: 42 -68
31601194165454: 56 -54
70465911891574: 23 -87
104046342248: 23 -87
75484162752: 60 -50
152088853522: 70 -34
61073128139: 49 -61
148997885746: 23 -87
31331350132848: 56 -54
31331350135108: 37 -73
164729952490: 38 -72
31331350135252: 38 -72
21777614035: 20 -90
6618847380691: 20 -90
93541518640: 42 -68
31601194165454: 56 -54
70465911891574: 23 -87
104046342248: 23 -87
75484162752: 60 -50
152088853522: 70 -26
61073128139: 49 -61
148997885746: 23 -87
31331350132848: 56 -54
31331350135108: 37 -73
164729952490: 38 -72
31331350135252: 38 -72
21777614035: 20 -90
6618847380691: 20 -90
93541518640: 42 -68
31601194165454: 56 -54
70465911891574: 23 -87
104046342248: 23 -87
75484162752: 60 -50
152088853522: 70 -27
61073128139: 49 -61
148997885746: 23 -87
31331350132848: 56 -54
31331350135108: 37 -73
164729952490: 38 -72
31331350135252: 38 -72
21777614035: 20 -90
6618847380691: 20 -90
93541518640: 42 -68
31601194165454: 56 -54
70465911891574: 23 -87
104046342248: 23 -87
75484162752: 60 -50
152088853522: 70 -28
61073128139: 49 -61
148997885746: 23 -87
31331350132848: 56 -54
31331350135108: 37 -73
164729952490: 38 -72
31331350135252: 38 -72
21777614035: 20 -90
6618847380691: 20 -90
93541518640: 42 -68
31601194165454: 56 -54
70465911891574: 23 -87
104046342248: 23 -87
75484162752: 60 -50
152088853522: 70 -30
61073128139: 49 -61
148997885746: 23 -87
31331350132848: 56 -54
31331350135108: 37 -73
164729952490: 38 -72
31331350135252: 38 -72
21777614035: 20 -90
6618847380691: 20 -90
93541518640: 42 -68
31601194165454: 56 -54
70465911891574: 23 -87
104046342248: 23 -87
75484162752: 60 -50
152088853522: 66 -44
61073128139: 49 -61
148997885746: 23 -87
31331350132848: 56 -54
31331350135108: 37 -73
164729952490: 38 -72
31331350135252: 38 -72
21777614035: 20 -90
6618847380691: 20 -90
93541518640: 42 -68
31601194165454: 52 -58
70465911891574: 32 -78
104046342248: 57 -53
75484162752: 67 -43
152088853522: 70 -31
61073128139: 70 -40
148997885746: 27 -83
31331350132848: 63 -47
31331350135108: 35 -75
164729952490: 37 -73
31331350135252: 23 -87
21777614035: 20 -90
6618847380691: 20 -90
93541518640: 42 -68
31601194165454: 52 -58
70465911891574: 32 -78
104046342248: 57 -53
75484162752: 67 -43
152088853522: 70 -33
61073128139: 70 -40
148997885746: 27 -83
31331350132848: 63 -47
31331350135108: 35 -75
164729952490: 37 -73
31331350135252: 23 -87
21777614035: 20 -90
6618847380691: 20 -90
93541518640: 42 -68
31601194165454: 52 -58
70465911891574: 32 -78
104046342248: 57 -53
75484162752: 67 -43
152088853522: 70 -32
61073128139: 70 -40
148997885746: 27 -83
31331350132848: 63 -47
31331350135108: 35 -75
164729952490: 37 -73
31331350135252: 23 -87
21777614035: 20 -90
6618847380691: 20 -90
93541518640: 42 -68
31601194165454: 52 -58
70465911891574: 32 -78
104046342248: 57 -53
75484162752: 67 -43
152088853522: 70 -31
61073128139: 70 -40
148997885746: 27 -83
31331350132848: 63 -47
31331350135108: 35 -75
164729952490: 37 -73
31331350135252: 23 -87
21777614035: 20 -90
6618847380691: 20 -90
93541518640: 42 -68
31601194165454: 52 -58
70465911891574: 32 -78
104046342248: 57 -53
75484162752: 67 -43
152088853522: 70 -33
61073128139: 70 -40
148997885746: 27 -83
31331350132848: 63 -47
31331350135108: 35 -75
164729952490: 37 -73
31331350135252: 23 -87
21777614035: 20 -90
6618847380691: 20 -90
93541518640: 42 -68
31601194165454: 52 -58
70465911891574: 32 -78
104046342248: 57 -53
75484162752: 67 -43
152088853522: 70 -32
61073128139: 70 -40
148997885746: 27 -83
31331350132848: 63 -47
31331350135108: 35 -75
164729952490: 37 -73
31331350135252: 23 -87
21777614035: 20 -90
6618847380691: 20 -90
93541518640: 42 -68
31601194165454: 52 -58
70465911891574: 32 -78
104046342248: 57 -53
75484162752: 67 -43
152088853522: 70 -30
61073128139: 70 -40
148997885746: 27 -83
31331350132848: 63 -47
31331350135108: 35 -75
164729952490: 37 -73
31331350135252: 23 -87
21777614035: 20 -90
6618847380691: 20 -90
93541518640: 42 -68
31601194165454: 52 -58
70465911891574: 32 -78
104046342248: 57 -53
75484162752: 67 -43
152088853522: 70 -31
61073128139: 70 -40
148997885746: 27 -83
31331350132848: 63 -47
31331350135108: 35 -75
164729952490: 37 -73
31331350135252: 23 -87
21777614035: 20 -90
6618847380691: 20 -90
93541518640: 42 -68
31601194165454: 52 -58
70465911891574: 32 -78
104046342248: 57 -53
75484162752: 67 -43
152088853522: 70 -32
61073128139: 70 -40
148997885746: 27 -83
31331350132848: 63 -47
31331350135108: 35 -75
164729952490: 37 -73
31331350135252: 23 -87
21777614035: 20 -90
6618847380691: 20 -90
93541518640: 42 -68
31601194165454: 49 -61
70465911891574: 22 -88
104046342248: 30 -80
75484162752: 66 -44
152088853522: 70 -34
61073128139: 56 -54
148997885746: 21 -89
31331350132848: 56 -54
31331350135108: 38 -72
164729952490: 39 -71
31331350135252: 35 -75
21777614035: 20 -90
6618847380691: 20 -90
93541518640: 46 -64
31601194165454: 49 -61
70465911891574: 22 -88
104046342248: 30 -80
75484162752: 66 -44
152088853522: 70 -34
61073128139: 56 -54
148997885746: 21 -89
31331350132848: 56 -54
31331350135108: 38 -72
164729952490: 39 -71
31331350135252: 35 -75
21777614035: 20 -90
6618847380691: 20 -90
93541518640: 46 -64
31601194165454: 49 -61
70465911891574: 22 -88
104046342248: 30 -80
75484162752: 66 -44
152088853522: 70 -29
61073128139: 56 -54
148997885746: 21 -89
31331350132848: 56 -54
31331350135108: 38 -72
164729952490: 39 -71
31331350135252: 35 -75
21777614035: 20 -90
6618847380691: 20 -90
93541518640: 46 -64
31601194165454: 49 -61
70465911891574: 22 -88
104046342248: 30 -80
75484162752: 66 -44
152088853522: 70 -34
61073128139: 56 -54
148997885746: 21 -89
31331350132848: 56 -54
31331350135108: 38 -72
164729952490: 39 -71
31331350135252: 35 -75
21777614035: 20 -90
6618847380691: 20 -90
93541518640: 46 -64
31601194165454: 49 -61
70465911891574: 22 -88
104046342248: 30 -80
75484162752: 66 -44
152088853522: 70 -35
61073128139: 56 -54
148997885746: 21 -89
31331350132848: 56 -54
31331350135108: 38 -72
164729952490: 39 -71
31331350135252: 35 -75
21777614035: 20 -90
6618847380691: 20 -90
93541518640: 46 -64
31601194165454: 49 -61
70465911891574: 22 -88
104046342248: 30 -80
75484162752: 66 -44
152088853522: 70 -32
61073128139: 56 -54
148997885746: 21 -89
31331350132848: 56 -54
31331350135108: 38 -72
164729952490: 39 -71
31331350135252: 35 -75
21777614035: 20 -90
6618847380691: 20 -90
93541518640: 46 -64
31601194165454: 49 -61
70465911891574: 22 -88
104046342248: 30 -80
75484162752: 66 -44
152088853522: 70 -32
61073128139: 56 -54
148997885746: 21 -89
31331350132848: 56 -54
31331350135108: 38 -72
164729952490: 39 -71
31331350135252: 35 -75
21777614035: 20 -90
6618847380691: 20 -90
93541518640: 46 -64
31601194165454: 49 -61
70465911891574: 22 -88
104046342248: 30 -80
75484162752: 66 -44
152088853522: 70 -27
61073128139: 56 -54
148997885746: 21 -89
31331350132848: 56 -54
31331350135108: 38 -72
164729952490: 39 -71
31331350135252: 35 -75
21777614035: 20 -90
6618847380691: 20 -90
93541518640: 46 -64
31601194165454: 49 -61
70465911891574: 22 -88
104046342248: 30 -80
75484162752: 66 -44
152088853522: 70 -32
61073128139: 56 -54
148997885746: 21 -89
31331350132848: 56 -54
31331350135108: 38 -72
164729952490: 39 -71
31331350135252: 35 -75
21777614035: 20 -90
6618847380691: 20 -90
93541518640: 46 -64
31601194165454: 50 -60
70465911891574: 35 -75
104046342248: 20 -90
75484162752: 67 -43
152088853522: 70 -35
61073128139: 59 -51
148997885746: 26 -84
31331350132848: 66 -44
31331350135108: 31 -79
164729952490: 39 -71
31331350135252: 33 -77
21777614035: 20 -90
6618847380691: 20 -90
93541518640: 42 -68
