31601194165454: 50 -60
70465911891574: 55 -55
104046342248: 58 -52
75484162752: 68 -42
152088853522: 70 -32
61073128139: 57 -53
148997885746: 30 -80
31331350132848: 54 -56
31331350135108: 38 -72
164729952490: 39 -71
31331350135252: 33 -77
93541518640: 42 -68
31601194165454: 50 -60
70465911891574: 55 -55
104046342248: 58 -52
75484162752: 68 -42
152088853522: 70 -30
61073128139: 57 -53
148997885746: 30 -80
31331350132848: 54 -56
31331350135108: 38 -72
164729952490: 39 -71
31331350135252: 33 -77
93541518640: 42 -68
31601194165454: 50 -60
70465911891574: 55 -55
104046342248: 58 -52
75484162752: 68 -42
152088853522: 70 -29
61073128139: 57 -53
148997885746: 30 -80
31331350132848: 54 -56
31331350135108: 38 -72
164729952490: 39 -71
31331350135252: 33 -77
93541518640: 42 -68
31601194165454: 50 -60
70465911891574: 55 -55
104046342248: 58 -52
75484162752: 68 -42
152088853522: 70 -29
61073128139: 57 -53
148997885746: 30 -80
31331350132848: 54 -56
31331350135108: 38 -72
164729952490: 39 -71
31331350135252: 33 -77
93541518640: 42 -68
31601194165454: 50 -60
70465911891574: 55 -55
104046342248: 58 -52
75484162752: 68 -42
152088853522: 70 -30
61073128139: 57 -53
148997885746: 30 -80
31331350132848: 54 -56
31331350135108: 38 -72
164729952490: 39 -71
31331350135252: 33 -77
93541518640: 42 -68
31601194165454: 50 -60
70465911891574: 55 -55
104046342248: 58 -52
75484162752: 68 -42
152088853522: 70 -30
61073128139: 57 -53
148997885746: 30 -80
31331350132848: 54 -56
31331350135108: 38 -72
164729952490: 39 -71
31331350135252: 33 -77
93541518640: 42 -68
31601194165454: 50 -60
70465911891574: 55 -55
104046342248: 58 -52
75484162752: 68 -42
152088853522: 70 -31
61073128139: 57 -53
148997885746: 30 -80
31331350132848: 54 -56
31331350135108: 38 -72
164729952490: 39 -71
31331350135252: 33 -77
93541518640: 42 -68
31601194165454: 50 -60
70465911891574: 55 -55
104046342248: 58 -52
75484162752: 68 -42
152088853522: 70 -33
61073128139: 57 -53
148997885746: 30 -80
31331350132848: 54 -56
31331350135108: 38 -72
164729952490: 39 -71
31331350135252: 33 -77
93541518640: 42 -68
31601194165454: 50 -60
70465911891574: 55 -55
104046342248: 58 -52
75484162752: 68 -42
152088853522: 70 -31
61073128139: 57 -53
148997885746: 30 -80
31331350132848: 54 -56
31331350135108: 38 -72
164729952490: 39 -71
31331350135252: 33 -77
93541518640: 42 -68
31601194165454: 52 -58
70465911891574: 24 -86
104046342248: 54 -56
75484162752: 62 -48
152088853522: 70 -34
61073128139: 49 -61
148997885746: 23 -87
31331350132848: 57 -53
31331350135108: 27 -83
31331350135252: 33 -77
93541518640: 37 -73
82795547636: 19 -91
31601194165454: 52 -58
70465911891574: 24 -86
104046342248: 54 -56
75484162752: 62 -48
152088853522: 70 -32
61073128139: 49 -61
148997885746: 23 -87
31331350132848: 57 -53
31331350135108: 27 -83
31331350135252: 33 -77
93541518640: 37 -73
82795547636: 19 -91
31601194165454: 52 -58
70465911891574: 24 -86
104046342248: 54 -56
75484162752: 62 -48
152088853522: 70 -27
61073128139: 49 -61
148997885746: 23 -87
31331350132848: 57 -53
31331350135108: 27 -83
31331350135252: 33 -77
93541518640: 37 -73
82795547636: 19 -91
31601194165454: 52 -58
70465911891574: 24 -86
104046342248: 54 -56
75484162752: 62 -48
152088853522: 70 -33
61073128139: 49 -61
148997885746: 23 -87
31331350132848: 57 -53
31331350135108: 27 -83
31331350135252: 33 -77
93541518640: 37 -73
82795547636: 19 -91
31601194165454: 52 -58
70465911891574: 24 -86
104046342248: 54 -56
75484162752: 62 -48
152088853522: 70 -30
61073128139: 49 -61
148997885746: 23 -87
31331350132848: 57 -53
31331350135108: 27 -83
31331350135252: 33 -77
93541518640: 37 -73
82795547636: 19 -91
31601194165454: 52 -58
70465911891574: 24 -86
104046342248: 54 -56
75484162752: 62 -48
152088853522: 70 -29
61073128139: 49 -61
148997885746: 23 -87
31331350132848: 57 -53
31331350135108: 27 -83
31331350135252: 33 -77
93541518640: 37 -73
82795547636: 19 -91
31601194165454: 52 -58
70465911891574: 24 -86
104046342248: 54 -56
75484162752: 62 -48
152088853522: 70 -36
61073128139: 49 -61
148997885746: 23 -87
31331350132848: 57 -53
31331350135108: 27 -83
31331350135252: 33 -77
93541518640: 37 -73
82795547636: 19 -91
31601194165454: 52 -58
70465911891574: 24 -86
104046342248: 54 -56
75484162752: 62 -48
152088853522: 70 -40
61073128139: 49 -61
148997885746: 23 -87
31331350132848: 57 -53
31331350135108: 27 -83
31331350135252: 33 -77
93541518640: 37 -73
82795547636: 19 -91
31601194165454: 52 -58
70465911891574: 24 -86
104046342248: 54 -56
75484162752: 62 -48
152088853522: 70 -29
61073128139: 49 -61
148997885746: 23 -87
31331350132848: 57 -53
31331350135108: 27 -83
31331350135252: 33 -77
93541518640: 37 -73
82795547636: 19 -91
31601194165454: 52 -58
70465911891574: 28 -82
104046342248: 56 -54
75484162752: 70 -39
152088853522: 70 -33
61073128139: 50 -60
148997885746: 34 -76
31331350132848: 52 -58
31331350135108: 37 -73
31331350135252: 33 -77
93541518640: 37 -73
82795547636: 19 -91
100848856504: 18 -92
164729952490: 42 -68
31601194165454: 52 -58
70465911891574: 28 -82
104046342248: 56 -54
75484162752: 70 -39
152088853522: 70 -36
61073128139: 50 -60
148997885746: 34 -76
31331350132848: 52 -58
31331350135108: 37 -73
31331350135252: 33 -77
93541518640: 37 -73
82795547636: 19 -91
100848856504: 18 -92
164729952490: 42 -68
31601194165454: 52 -58
70465911891574: 28 -82
104046342248: 56 -54
75484162752: 70 -39
152088853522: 70 -40
61073128139: 50 -60
148997885746: 34 -76
31331350132848: 52 -58
31331350135108: 37 -73
31331350135252: 33 -77
93541518640: 37 -73
82795547636: 19 -91
100848856504: 18 -92
164729952490: 42 -68
31601194165454: 52 -58
70465911891574: 28 -82
104046342248: 56 -54
75484162752: 70 -39
152088853522: 70 -36
61073128139: 50 -60
148997885746: 34 -76
31331350132848: 52 -58
31331350135108: 37 -73
31331350135252: 33 -77
93541518640: 37 -73
82795547636: 19 -91
100848856504: 18 -92
164729952490: 42 -68
31601194165454: 52 -58
70465911891574: 28 -82
104046342248: 56 -54
75484162752: 70 -39
152088853522: 70 -36
61073128139: 50 -60
148997885746: 34 -76
31331350132848: 52 -58
31331350135108: 37 -73
31331350135252: 33 -77
93541518640: 37 -73
82795547636: 19 -91
100848856504: 18 -92
164729952490: 42 -68
31601194165454: 52 -58
70465911891574: 28 -82
104046342248: 56 -54
75484162752: 70 -39
152088853522: 70 -39
61073128139: 50 -60
148997885746: 34 -76
31331350132848: 52 -58
31331350135108: 37 -73
31331350135252: 33 -77
93541518640: 37 -73
82795547636: 19 -91
100848856504: 18 -92
164729952490: 42 -68
31601194165454: 52 -58
70465911891574: 28 -82
104046342248: 56 -54
75484162752: 70 -39
152088853522: 70 -34
61073128139: 50 -60
148997885746: 34 -76
31331350132848: 52 -58
31331350135108: 37 -73
31331350135252: 33 -77
93541518640: 37 -73
82795547636: 19 -91
100848856504: 18 -92
164729952490: 42 -68
31601194165454: 52 -58
70465911891574: 28 -82
104046342248: 56 -54
75484162752: 70 -39
152088853522: 70 -33
61073128139: 50 -60
148997885746: 34 -76
31331350132848: 52 -58
31331350135108: 37 -73
31331350135252: 33 -77
93541518640: 37 -73
82795547636: 19 -91
100848856504: 18 -92
164729952490: 42 -68
31601194165454: 52 -58
70465911891574: 28 -82
104046342248: 56 -54
75484162752: 70 -39
152088853522: 70 -33
61073128139: 50 -60
148997885746: 34 -76
31331350132848: 52 -58
31331350135108: 37 -73
31331350135252: 33 -77
93541518640: 37 -73
82795547636: 19 -91
100848856504: 18 -92
164729952490: 42 -68
31601194165454: 47 -63
70465911891574: 70 -36
104046342248: 57 -53
75484162752: 61 -49
152088853522: 70 -32
61073128139: 52 -58
148997885746: 30 -80
31331350132848: 52 -58
31331350135108: 30 -80
31331350135252: 34 -76
93541518640: 41 -69
82795547636: 19 -91
100848856504: 18 -92
164729952490: 42 -68
21777614035: 23 -87
6618847380691: 22 -88
31601194165454: 47 -63
70465911891574: 70 -36
104046342248: 57 -53
75484162752: 61 -49
152088853522: 70 -30
61073128139: 52 -58
148997885746: 30 -80
31331350132848: 52 -58
31331350135108: 30 -80
31331350135252: 34 -76
93541518640: 41 -69
82795547636: 19 -91
100848856504: 18 -92
164729952490: 42 -68
21777614035: 23 -87
6618847380691: 22 -88
31601194165454: 47 -63
70465911891574: 70 -36
104046342248: 57 -53
75484162752: 61 -49
152088853522: 70 -33
61073128139: 52 -58
148997885746: 30 -80
31331350132848: 52 -58
31331350135108: 30 -80
31331350135252: 34 -76
93541518640: 41 -69
82795547636: 19 -91
100848856504: 18 -92
164729952490: 42 -68
21777614035: 23 -87
6618847380691: 22 -88
31601194165454: 47 -63
70465911891574: 70 -36
104046342248: 57 -53
75484162752: 61 -49
152088853522: 70 -34
61073128139: 52 -58
148997885746: 30 -80
31331350132848: 52 -58
31331350135108: 30 -80
31331350135252: 34 -76
93541518640: 41 -69
82795547636: 19 -91
100848856504: 18 -92
164729952490: 42 -68
21777614035: 23 -87
6618847380691: 22 -88
31601194165454: 47 -63
70465911891574: 70 -36
104046342248: 57 -53
75484162752: 61 -49
152088853522: 70 -32
61073128139: 52 -58
148997885746: 30 -80
31331350132848: 52 -58
31331350135108: 30 -80
31331350135252: 34 -76
93541518640: 41 -69
82795547636: 19 -91
100848856504: 18 -92
164729952490: 42 -68
21777614035: 23 -87
6618847380691: 22 -88
31601194165454: 47 -63
70465911891574: 70 -36
104046342248: 57 -53
75484162752: 61 -49
152088853522: 70 -28
61073128139: 52 -58
148997885746: 30 -80
31331350132848: 52 -58
31331350135108: 30 -80
31331350135252: 34 -76
93541518640: 41 -69
82795547636: 19 -91
100848856504: 18 -92
164729952490: 42 -68
21777614035: 23 -87
6618847380691: 22 -88
31601194165454: 47 -63
70465911891574: 70 -36
104046342248: 57 -53
75484162752: 61 -49
152088853522: 70 -35
61073128139: 52 -58
148997885746: 30 -80
31331350132848: 52 -58
31331350135108: 30 -80
31331350135252: 34 -76
93541518640: 41 -69
82795547636: 19 -91
100848856504: 18 -92
164729952490: 42 -68
21777614035: 23 -87
6618847380691: 22 -88
31601194165454: 47 -63
70465911891574: 70 -36
104046342248: 57 -53
75484162752: 61 -49
152088853522: 70 -31
61073128139: 52 -58
148997885746: 30 -80
31331350132848: 52 -58
31331350135108: 30 -80
31331350135252: 34 -76
93541518640: 41 -69
82795547636: 19 -91
100848856504: 18 -92
164729952490: 42 -68
21777614035: 23 -87
6618847380691: 22 -88
31601194165454: 47 -63
70465911891574: 70 -36
104046342248: 57 -53
75484162752: 61 -49
152088853522: 70 -33
61073128139: 52 -58
148997885746: 30 -80
31331350132848: 52 -58
31331350135108: 30 -80
31331350135252: 34 -76
93541518640: 41 -69
82795547636: 19 -91
100848856504: 18 -92
164729952490: 42 -68
21777614035: 23 -87
6618847380691: 22 -88
31601194165454: 44 -66
70465911891574: 27 -83
104046342248: 63 -47
75484162752: 63 -47
152088853522: 70 -34
61073128139: 49 -61
148997885746: 23 -87
31331350132848: 63 -47
31331350135108: 36 -74
31331350135252: 34 -76
93541518640: 41 -69
82795547636: 19 -91
100848856504: 18 -92
164729952490: 39 -71
21777614035: 23 -87
6618847380691: 22 -88
18196955436073: 23 -87
124811688518: 27 -83
31601194165454: 44 -66
70465911891574: 27 -83
104046342248: 63 -47
75484162752: 63 -47
152088853522: 70 -31
61073128139: 49 -61
148997885746: 23 -87
31331350132848: 63 -47
31331350135108: 36 -74
31331350135252: 34 -76
93541518640: 41 -69
82795547636: 19 -91
100848856504: 18 -92
164729952490: 39 -71
21777614035: 23 -87
6618847380691: 22 -88
18196955436073: 23 -87
124811688518: 27 -83
31601194165454: 44 -66
70465911891574: 27 -83
104046342248: 63 -47
75484162752: 63 -47
152088853522: 70 -39
61073128139: 49 -61
148997885746: 23 -87
31331350132848: 63 -47
31331350135108: 36 -74
31331350135252: 34 -76
93541518640: 41 -69
82795547636: 19 -91
100848856504: 18 -92
164729952490: 39 -71
21777614035: 23 -87
6618847380691: 22 -88
18196955436073: 23 -87
124811688518: 27 -83
31601194165454: 44 -66
70465911891574: 27 -83
104046342248: 63 -47
75484162752: 63 -47
152088853522: 70 -35
61073128139: 49 -61
148997885746: 23 -87
31331350132848: 63 -47
31331350135108: 36 -74
31331350135252: 34 -76
93541518640: 41 -69
82795547636: 19 -91
100848856504: 18 -92
164729952490: 39 -71
21777614035: 23 -87
6618847380691: 22 -88
18196955436073: 23 -87
124811688518: 27 -83
31601194165454: 44 -66
70465911891574: 27 -83
104046342248: 63 -47
75484162752: 63 -47
152088853522: 70 -34
61073128139: 49 -61
148997885746: 23 -87
31331350132848: 63 -47
31331350135108: 36 -74
31331350135252: 34 -76
93541518640: 41 -69
82795547636: 19 -91
100848856504: 18 -92
164729952490: 39 -71
21777614035: 23 -87
6618847380691: 22 -88
18196955436073: 23 -87
124811688518: 27 -83
31601194165454: 44 -66
70465911891574: 27 -83
104046342248: 63 -47
75484162752: 63 -47
152088853522: 70 -36
61073128139: 49 -61
148997885746: 23 -87
31331350132848: 63 -47
31331350135108: 36 -74
31331350135252: 34 -76
93541518640: 41 -69
82795547636: 19 -91
100848856504: 18 -92
164729952490: 39 -71
21777614035: 23 -87
6618847380691: 22 -88
18196955436073: 23 -87
124811688518: 27 -83
31601194165454: 44 -66
70465911891574: 27 -83
104046342248: 63 -47
75484162752: 63 -47
152088853522: 70 -38
61073128139: 49 -61
148997885746: 23 -87
31331350132848: 63 -47
31331350135108: 36 -74
31331350135252: 34 -76
93541518640: 41 -69
82795547636: 19 -91
100848856504: 18 -92
164729952490: 39 -71
21777614035: 23 -87
6618847380691: 22 -88
18196955436073: 23 -87
124811688518: 27 -83
31601194165454: 44 -66
70465911891574: 27 -83
104046342248: 63 -47
75484162752: 63 -47
152088853522: 70 -36
61073128139: 49 -61
148997885746: 23 -87
31331350132848: 63 -47
31331350135108: 36 -74
31331350135252: 34 -76
93541518640: 41 -69
82795547636: 19 -91
100848856504: 18 -92
164729952490: 39 -71
21777614035: 23 -87
6618847380691: 22 -88
18196955436073: 23 -87
124811688518: 27 -83
31601194165454: 44 -66
70465911891574: 27 -83
104046342248: 63 -47
75484162752: 63 -47
152088853522: 70 -34
61073128139: 49 -61
148997885746: 23 -87
31331350132848: 63 -47
31331350135108: 36 -74
31331350135252: 34 -76
93541518640: 41 -69
82795547636: 19 -91
100848856504: 18 -92
164729952490: 39 -71
21777614035: 23 -87
6618847380691: 22 -88
18196955436073: 23 -87
124811688518: 27 -83
31601194165454: 48 -62
70465911891574: 70 -36
104046342248: 53 -57
75484162752: 69 -41
152088853522: 70 -29
61073128139: 47 -63
148997885746: 23 -87
31331350132848: 56 -54
31331350135108: 29 -81
31331350135252: 34 -76
93541518640: 39 -71
82795547636: 19 -91
100848856504: 18 -92
164729952490: 38 -72
21777614035: 23 -87
6618847380691: 22 -88
18196955436073: 23 -87
124811688518: 27 -83
31601194165454: 48 -62
70465911891574: 70 -36
104046342248: 53 -57
75484162752: 69 -41
152088853522: 70 -26
61073128139: 47 -63
148997885746: 23 -87
31331350132848: 56 -54
31331350135108: 29 -81
31331350135252: 34 -76
93541518640: 39 -71
82795547636: 19 -91
100848856504: 18 -92
164729952490: 38 -72
21777614035: 23 -87
6618847380691: 22 -88
18196955436073: 23 -87
124811688518: 27 -83
31601194165454: 48 -62
70465911891574: 70 -36
104046342248: 53 -57
75484162752: 69 -41
152088853522: 70 -32
61073128139: 47 -63
148997885746: 23 -87
31331350132848: 56 -54
31331350135108: 29 -81
31331350135252: 34 -76
93541518640: 39 -71
82795547636: 19 -91
100848856504: 18 -92
164729952490: 38 -72
21777614035: 23 -87
6618847380691: 22 -88
18196955436073: 23 -87
124811688518: 27 -83
31601194165454: 48 -62
70465911891574: 70 -36
104046342248: 53 -57
75484162752: 69 -41
152088853522: 70 -27
61073128139: 47 -63
148997885746: 23 -87
31331350132848: 56 -54
31331350135108: 29 -81
31331350135252: 34 -76
93541518640: 39 -71
100848856504: 18 -92
164729952490: 38 -72
21777614035: 23 -87
6618847380691: 22 -88
18196955436073: 23 -87
124811688518: 27 -83
31601194165454: 48 -62
70465911891574: 70 -36
104046342248: 53 -57
75484162752: 69 -41
152088853522: 70 -32
61073128139: 47 -63
148997885746: 23 -87
31331350132848: 56 -54
31331350135108: 29 -81
31331350135252: 34 -76
93541518640: 39 -71
100848856504: 18 -92
164729952490: 38 -72
21777614035: 23 -87
6618847380691: 22 -88
18196955436073: 23 -87
124811688518: 27 -83
31601194165454: 48 -62
70465911891574: 70 -36
104046342248: 53 -57
75484162752: 69 -41
152088853522: 70 -27
61073128139: 47 -63
148997885746: 23 -87
31331350132848: 56 -54
31331350135108: 29 -81
31331350135252: 34 -76
93541518640: 39 -71
100848856504: 18 -92
164729952490: 38 -72
21777614035: 23 -87
6618847380691: 22 -88
18196955436073: 23 -87
124811688518: 27 -83
31601194165454: 48 -62
70465911891574: 70 -36
104046342248: 53 -57
75484162752: 69 -41
152088853522: 70 -33
61073128139: 47 -63
148997885746: 23 -87
31331350132848: 56 -54
31331350135108: 29 -81
31331350135252: 34 -76
93541518640: 39 -71
100848856504: 18 -92
164729952490: 38 -72
21777614035: 23 -87
6618847380691: 22 -88
18196955436073: 23 -87
124811688518: 27 -83
31601194165454: 48 -62
70465911891574: 70 -36
104046342248: 53 -57
75484162752: 69 -41
152088853522: 70 -28
61073128139: 47 -63
148997885746: 23 -87
31331350132848: 56 -54
31331350135108: 29 -81
31331350135252: 34 -76
93541518640: 39 -71
100848856504: 18 -92
164729952490: 38 -72
21777614035: 23 -87
6618847380691: 22 -88
18196955436073: 23 -87
124811688518: 27 -83
31601194165454: 48 -62
70465911891574: 70 -36
104046342248: 53 -57
75484162752: 69 -41
152088853522: 70 -35
61073128139: 47 -63
148997885746: 23 -87
31331350132848: 56 -54
31331350135108: 29 -81
31331350135252: 34 -76
93541518640: 39 -71
100848856504: 18 -92
164729952490: 38 -72
21777614035: 23 -87
6618847380691: 22 -88
18196955436073: 23 -87
124811688518: 27 -83
31601194165454: 48 -62
70465911891574: 22 -88
104046342248: 57 -53
75484162752: 58 -52
152088853522: 70 -32
61073128139: 47 -63
148997885746: 28 -82
31331350132848: 57 -53
31331350135108: 32 -78
31331350135252: 34 -76
93541518640: 39 -71
164729952490: 39 -71
21777614035: 23 -87
6618847380691: 22 -88
18196955436073: 23 -87
124811688518: 27 -83
8895779566640: 21 -89
31601194165454: 48 -62
70465911891574: 22 -88
104046342248: 57 -53
75484162752: 58 -52
152088853522: 70 -30
61073128139: 47 -63
148997885746: 28 -82
31331350132848: 57 -53
31331350135108: 32 -78
31331350135252: 34 -76
93541518640: 39 -71
164729952490: 39 -71
21777614035: 23 -87
6618847380691: 22 -88
18196955436073: 23 -87
124811688518: 27 -83
8895779566640: 21 -89
31601194165454: 48 -62
70465911891574: 22 -88
104046342248: 57 -53
75484162752: 58 -52
152088853522: 70 -33
61073128139: 47 -63
148997885746: 28 -82
31331350132848: 57 -53
31331350135108: 32 -78
31331350135252: 34 -76
93541518640: 39 -71
164729952490: 39 -71
21777614035: 23 -87
6618847380691: 22 -88
18196955436073: 23 -87
124811688518: 27 -83
8895779566640: 21 -89
31601194165454: 48 -62
70465911891574: 22 -88
104046342248: 57 -53
75484162752: 58 -52
152088853522: 70 -34
61073128139: 47 -63
148997885746: 28 -82
31331350132848: 57 -53
31331350135108: 32 -78
31331350135252: 34 -76
93541518640: 39 -71
164729952490: 39 -71
21777614035: 23 -87
6618847380691: 22 -88
18196955436073: 23 -87
124811688518: 27 -83
8895779566640: 21 -89
31601194165454: 48 -62
70465911891574: 22 -88
104046342248: 57 -53
75484162752: 58 -52
152088853522: 70 -33
61073128139: 47 -63
148997885746: 28 -82
31331350132848: 57 -53
31331350135108: 32 -78
31331350135252: 34 -76
93541518640: 39 -71
164729952490: 39 -71
21777614035: 23 -87
6618847380691: 22 -88
18196955436073: 23 -87
124811688518: 27 -83
8895779566640: 21 -89
31601194165454: 48 -62
70465911891574: 22 -88
104046342248: 57 -53
75484162752: 58 -52
152088853522: 70 -36
61073128139: 47 -63
148997885746: 28 -82
31331350132848: 57 -53
31331350135108: 32 -78
31331350135252: 34 -76
93541518640: 39 -71
164729952490: 39 -71
21777614035: 23 -87
6618847380691: 22 -88
18196955436073: 23 -87
124811688518: 27 -83
8895779566640: 21 -89
31601194165454: 48 -62
70465911891574: 22 -88
104046342248: 57 -53
75484162752: 58 -52
152088853522: 70 -33
61073128139: 47 -63
148997885746: 28 -82
31331350132848: 57 -53
31331350135108: 32 -78
31331350135252: 34 -76
93541518640: 39 -71
164729952490: 39 -71
21777614035: 23 -87
6618847380691: 22 -88
18196955436073: 23 -87
124811688518: 27 -83
8895779566640: 21 -89
31601194165454: 48 -62
70465911891574: 22 -88
104046342248: 57 -53
75484162752: 58 -52
152088853522: 70 -34
61073128139: 47 -63
148997885746: 28 -82
31331350132848: 57 -53
31331350135108: 32 -78
31331350135252: 34 -76
93541518640: 39 -71
164729952490: 39 -71
21777614035: 23 -87
6618847380691: 22 -88
18196955436073: 23 -87
124811688518: 27 -83
8895779566640: 21 -89
31601194165454: 48 -62
70465911891574: 22 -88
104046342248: 57 -53
75484162752: 58 -52
152088853522: 70 -29
61073128139: 47 -63
148997885746: 28 -82
31331350132848: 57 -53
31331350135108: 32 -78
31331350135252: 34 -76
93541518640: 39 -71
164729952490: 39 -71
21777614035: 23 -87
6618847380691: 22 -88
18196955436073: 23 -87
124811688518: 27 -83
8895779566640: 21 -89
31601194165454: 44 -66
70465911891574: 58 -52
104046342248: 62 -48
75484162752: 64 -46
152088853522: 70 -32
61073128139: 52 -58
148997885746: 28 -82
31331350132848: 58 -52
31331350135108: 31 -79
31331350135252: 34 -76
93541518640: 44 -66
164729952490: 32 -78
18196955436073: 23 -87
124811688518: 27 -83
8895779566640: 21 -89
31601194165454: 44 -66
70465911891574: 58 -52
104046342248: 62 -48
75484162752: 64 -46
152088853522: 70 -35
61073128139: 52 -58
148997885746: 28 -82
31331350132848: 58 -52
31331350135108: 31 -79
93541518640: 44 -66
164729952490: 32 -78
18196955436073: 23 -87
124811688518: 27 -83
8895779566640: 21 -89
31601194165454: 44 -66
70465911891574: 58 -52
104046342248: 62 -48
75484162752: 64 -46
152088853522: 70 -28
61073128139: 52 -58
148997885746: 28 -82
31331350132848: 58 -52
31331350135108: 31 -79
93541518640: 44 -66
164729952490: 32 -78
18196955436073: 23 -87
124811688518: 27 -83
8895779566640: 21 -89
31601194165454: 44 -66
70465911891574: 58 -52
104046342248: 62 -48
75484162752: 64 -46
152088853522: 70 -31
61073128139: 52 -58
148997885746: 28 -82
31331350132848: 58 -52
31331350135108: 31 -79
93541518640: 44 -66
164729952490: 32 -78
18196955436073: 23 -87
124811688518: 27 -83
8895779566640: 21 -89
31601194165454: 44 -66
70465911891574: 58 -52
104046342248: 62 -48
75484162752: 64 -46
152088853522: 70 -29
61073128139: 52 -58
148997885746: 28 -82
31331350132848: 58 -52
31331350135108: 31 -79
93541518640: 44 -66
164729952490: 32 -78
18196955436073: 23 -87
124811688518: 27 -83
8895779566640: 21 -89
31601194165454: 44 -66
70465911891574: 58 -52
104046342248: 62 -48
75484162752: 64 -46
152088853522: 70 -29
61073128139: 52 -58
148997885746: 28 -82
31331350132848: 58 -52
31331350135108: 31 -79
93541518640: 44 -66
164729952490: 32 -78
18196955436073: 23 -87
124811688518: 27 -83
8895779566640: 21 -89
31601194165454: 44 -66
70465911891574: 58 -52
104046342248: 62 -48
75484162752: 64 -46
152088853522: 70 -39
61073128139: 52 -58
148997885746: 28 -82
31331350132848: 58 -52
31331350135108: 31 -79
93541518640: 44 -66
164729952490: 32 -78
18196955436073: 23 -87
124811688518: 27 -83
8895779566640: 21 -89
31601194165454: 44 -66
70465911891574: 58 -52
104046342248: 62 -48
75484162752: 64 -46
152088853522: 70 -32
61073128139: 52 -58
148997885746: 28 -82
31331350132848: 58 -52
31331350135108: 31 -79
93541518640: 44 -66
164729952490: 32 -78
18196955436073: 23 -87
124811688518: 27 -83
8895779566640: 21 -89
31601194165454: 44 -66
70465911891574: 58 -52
104046342248: 62 -48
75484162752: 64 -46
152088853522: 70 -30
61073128139: 52 -58
148997885746: 28 -82
31331350132848: 58 -52
31331350135108: 31 -79
93541518640: 44 -66
164729952490: 32 -78
18196955436073: 23 -87
124811688518: 27 -83
8895779566640: 21 -89
31601194165454: 52 -58
70465911891574: 59 -51
104046342248: 55 -55
75484162752: 58 -52
152088853522: 70 -33
61073128139: 59 -51
148997885746: 34 -76
31331350132848: 56 -54
31331350135108: 29 -81
93541518640: 44 -66
164729952490: 32 -78
124811688518: 27 -83
8895779566640: 21 -89
31331350135252: 33 -77
31601194165454: 52 -58
70465911891574: 59 -51
104046342248: 55 -55
75484162752: 58 -52
152088853522: 70 -35
61073128139: 59 -51
148997885746: 34 -76
31331350132848: 56 -54
31331350135108: 29 -81
93541518640: 44 -66
164729952490: 32 -78
8895779566640: 21 -89
31331350135252: 33 -77
31601194165454: 52 -58
70465911891574: 59 -51
104046342248: 55 -55
75484162752: 58 -52
152088853522: 70 -27
61073128139: 59 -51
148997885746: 34 -76
31331350132848: 56 -54
31331350135108: 29 -81
93541518640: 44 -66
164729952490: 32 -78
8895779566640: 21 -89
31331350135252: 33 -77
31601194165454: 52 -58
70465911891574: 59 -51
104046342248: 55 -55
75484162752: 58 -52
152088853522: 70 -35
61073128139: 59 -51
148997885746: 34 -76
31331350132848: 56 -54
31331350135108: 29 -81
93541518640: 44 -66
164729952490: 32 -78
8895779566640: 21 -89
31331350135252: 33 -77
31601194165454: 52 -58
70465911891574: 59 -51
104046342248: 55 -55
75484162752: 58 -52
152088853522: 70 -28
61073128139: 59 -51
148997885746: 34 -76
31331350132848: 56 -54
31331350135108: 29 -81
93541518640: 44 -66
164729952490: 32 -78
8895779566640: 21 -89
31331350135252: 33 -77
31601194165454: 52 -58
70465911891574: 59 -51
104046342248: 55 -55
75484162752: 58 -52
152088853522: 70 -33
61073128139: 59 -51
148997885746: 34 -76
31331350132848: 56 -54
31331350135108: 29 -81
93541518640: 44 -66
164729952490: 32 -78
8895779566640: 21 -89
31331350135252: 33 -77
31601194165454: 52 -58
70465911891574: 59 -51
104046342248: 55 -55
75484162752: 58 -52
152088853522: 70 -29
61073128139: 59 -51
148997885746: 34 -76
31331350132848: 56 -54
31331350135108: 29 -81
93541518640: 44 -66
164729952490: 32 -78
8895779566640: 21 -89
31331350135252: 33 -77
31601194165454: 52 -58
70465911891574: 59 -51
104046342248: 55 -55
75484162752: 58 -52
152088853522: 70 -33
61073128139: 59 -51
148997885746: 34 -76
31331350132848: 56 -54
31331350135108: 29 -81
93541518640: 44 -66
164729952490: 32 -78
8895779566640: 21 -89
31331350135252: 33 -77
31601194165454: 52 -58
70465911891574: 59 -51
104046342248: 55 -55
75484162752: 58 -52
152088853522: 70 -30
61073128139: 59 -51
148997885746: 34 -76
31331350132848: 56 -54
31331350135108: 29 -81
93541518640: 44 -66
164729952490: 32 -78
8895779566640: 21 -89
31331350135252: 33 -77
31601194165454: 51 -59
70465911891574: 23 -87
104046342248: 57 -53
75484162752: 61 -49
152088853522: 70 -28
61073128139: 57 -53
148997885746: 24 -86
31331350132848: 56 -54
31331350135108: 39 -71
93541518640: 44 -66
164729952490: 32 -78
8895779566640: 21 -89
31331350135252: 23 -87
31601194165454: 51 -59
70465911891574: 23 -87
104046342248: 57 -53
75484162752: 61 -49
152088853522: 70 -36
61073128139: 57 -53
148997885746: 24 -86
31331350132848: 56 -54
31331350135108: 39 -71
93541518640: 44 -66
164729952490: 32 -78
8895779566640: 21 -89
31331350135252: 23 -87
31601194165454: 51 -59
70465911891574: 23 -87
104046342248: 57 -53
75484162752: 61 -49
152088853522: 70 -33
61073128139: 57 -53
148997885746: 24 -86
31331350132848: 56 -54
31331350135108: 39 -71
93541518640: 44 -66
164729952490: 32 -78
8895779566640: 21 -89
31331350135252: 23 -87
31601194165454: 51 -59
70465911891574: 23 -87
104046342248: 57 -53
75484162752: 61 -49
152088853522: 70 -26
61073128139: 57 -53
148997885746: 24 -86
31331350132848: 56 -54
31331350135108: 39 -71
93541518640: 44 -66
164729952490: 32 -78
8895779566640: 21 -89
31331350135252: 23 -87
31601194165454: 51 -59
70465911891574: 23 -87
104046342248: 57 -53
75484162752: 61 -49
152088853522: 70 -28
61073128139: 57 -53
148997885746: 24 -86
31331350132848: 56 -54
31331350135108: 39 -71
93541518640: 44 -66
164729952490: 32 -78
8895779566640: 21 -89
31331350135252: 23 -87
31601194165454: 51 -59
70465911891574: 23 -87
104046342248: 57 -53
75484162752: 61 -49
152088853522: 70 -27
61073128139: 57 -53
148997885746: 24 -86
31331350132848: 56 -54
31331350135108: 39 -71
93541518640: 44 -66
164729952490: 32 -78
8895779566640: 21 -89
31331350135252: 23 -87
31601194165454: 51 -59
70465911891574: 23 -87
104046342248: 57 -53
75484162752: 61 -49
152088853522: 70 -31
61073128139: 57 -53
148997885746: 24 -86
31331350132848: 56 -54
31331350135108: 39 -71
93541518640: 44 -66
164729952490: 32 -78
8895779566640: 21 -89
31331350135252: 23 -87
31601194165454: 51 -59
70465911891574: 23 -87
104046342248: 57 -53
75484162752: 61 -49
152088853522: 70 -34
61073128139: 57 -53
148997885746: 24 -86
31331350132848: 56 -54
31331350135108: 39 -71
93541518640: 44 -66
164729952490: 32 -78
8895779566640: 21 -89
31331350135252: 23 -87
31601194165454: 51 -59
70465911891574: 23 -87
104046342248: 57 -53
75484162752: 61 -49
152088853522: 70 -30
61073128139: 57 -53
148997885746: 24 -86
31331350132848: 56 -54
31331350135108: 39 -71
93541518640: 44 -66
164729952490: 32 -78
8895779566640: 21 -89
31331350135252: 23 -87
31601194165454: 50 -60
70465911891574: 23 -87
104046342248: 54 -56
75484162752: 66 -44
152088853522: 70 -30
61073128139: 57 -53
148997885746: 30 -80
31331350132848: 59 -51
31331350135108: 30 -80
93541518640: 41 -69
164729952490: 35 -75
31331350135252: 23 -87
31601194165454: 50 -60
70465911891574: 23 -87
104046342248: 54 -56
75484162752: 66 -44
152088853522: 70 -30
61073128139: 57 -53
148997885746: 30 -80
31331350132848: 59 -51
31331350135108: 30 -80
93541518640: 41 -69
164729952490: 35 -75
31331350135252: 23 -87
31601194165454: 50 -60
70465911891574: 23 -87
104046342248: 54 -56
75484162752: 66 -44
152088853522: 70 -31
61073128139: 57 -53
148997885746: 30 -80
31331350132848: 59 -51
31331350135108: 30 -80
93541518640: 41 -69
164729952490: 35 -75
31331350135252: 23 -87
31601194165454: 50 -60
70465911891574: 23 -87
104046342248: 54 -56
75484162752: 66 -44
152088853522: 70 -32
61073128139: 57 -53
148997885746: 30 -80
31331350132848: 59 -51
31331350135108: 30 -80
93541518640: 41 -69
164729952490: 35 -75
31331350135252: 23 -87
31601194165454: 50 -60
70465911891574: 23 -87
104046342248: 54 -56
75484162752: 66 -44
152088853522: 70 -33
61073128139: 57 -53
148997885746: 30 -80
31331350132848: 59 -51
31331350135108: 30 -80
93541518640: 41 -69
164729952490: 35 -75
31331350135252: 23 -87
31601194165454: 50 -60
70465911891574: 23 -87
104046342248: 54 -56
75484162752: 66 -44
152088853522: 70 -28
61073128139: 57 -53
148997885746: 30 -80
31331350132848: 59 -51
31331350135108: 30 -80
93541518640: 41 -69
164729952490: 35 -75
31331350135252: 23 -87
31601194165454: 50 -60
70465911891574: 23 -87
104046342248: 54 -56
75484162752: 66 -44
152088853522: 70 -35
61073128139: 57 -53
148997885746: 30 -80
31331350132848: 59 -51
31331350135108: 30 -80
93541518640: 41 -69
164729952490: 35 -75
31331350135252: 23 -87
31601194165454: 50 -60
70465911891574: 23 -87
104046342248: 54 -56
75484162752: 66 -44
152088853522: 70 -30
61073128139: 57 -53
148997885746: 30 -80
31331350132848: 59 -51
31331350135108: 30 -80
93541518640: 41 -69
164729952490: 35 -75
31331350135252: 23 -87
31601194165454: 50 -60
70465911891574: 23 -87
104046342248: 54 -56
75484162752: 66 -44
152088853522: 70 -35
61073128139: 57 -53
148997885746: 30 -80
31331350132848: 59 -51
31331350135108: 30 -80
93541518640: 41 -69
164729952490: 35 -75
31331350135252: 23 -87
31601194165454: 51 -59
70465911891574: 64 -46
104046342248: 59 -51
75484162752: 62 -48
152088853522: 70 -33
61073128139: 57 -53
148997885746: 23 -87
31331350132848: 59 -51
31331350135108: 28 -82
93541518640: 41 -69
164729952490: 35 -75
31331350135252: 30 -80
101583486919172: 22 -88
