93351052530186: 55 -55
93351052530186: 55 -55
93351052530186: 52 -58
70465903587284: 27 -83
101583482911858: 35 -75
220152326852320: 27 -83
162781092279034: 22 -88
246315386090676: 42 -68
220152326556152: 28 -82
269295394143896: 24 -86
142394096076: 44 -66
162781095639938: 30 -80
93351052530186: 52 -58
70465903587284: 28 -82
101583482911858: 35 -75
220152326852320: 24 -86
162781092279034: 22 -88
246315386090676: 44 -66
220152326556152: 26 -84
269295394143896: 23 -87
142394096076: 45 -65
162781095639938: 33 -77
93351052530186: 51 -59
70465903587284: 27 -83
101583482911858: 35 -75
220152326852320: 24 -86
162781092279034: 22 -88
246315386090676: 42 -68
220152326556152: 24 -86
269295394143896: 24 -86
142394096076: 46 -64
162781095639938: 33 -77
101583481319018: 16 -94
142394717672: 27 -83
93351052530186: 51 -59
70465903587284: 27 -83
101583482911858: 35 -75
220152326852320: 27 -83
162781092279034: 27 -83
246315386090676: 41 -69
220152326556152: 30 -80
269295394143896: 28 -82
142394096076: 45 -65
142394717672: 22 -88
619757502464: 22 -88
93351052530186: 53 -57
70465903587284: 27 -83
101583482911858: 34 -76
220152326852320: 26 -84
162781092279034: 26 -84
246315386090676: 43 -67
220152326556152: 29 -81
269295394143896: 26 -84
142394096076: 46 -64
142394717672: 22 -88
619757502464: 22 -88
269295391189600: 17 -93
162781095639938: 34 -76
93351052530186: 53 -57
70465903587284: 27 -83
101583482911858: 35 -75
220152326852320: 26 -84
162781092279034: 26 -84
246315386090676: 41 -69
220152326556152: 29 -81
269295394143896: 23 -87
142394096076: 42 -68
142394717672: 22 -88
619757502464: 22 -88
269295391189600: 17 -93
162781095639938: 34 -76
93351052530186: 46 -64
70465903587284: 28 -82
101583482911858: 35 -75
220152326852320: 26 -84
162781092279034: 23 -87
246315386090676: 42 -68
220152326556152: 30 -80
269295394143896: 26 -84
142394096076: 45 -65
142394717672: 22 -88
619757502464: 22 -88
269295391189600: 17 -93
162781095639938: 34 -76
193825335674840: 21 -89
93351052530186: 53 -57
70465903587284: 27 -83
101583482911858: 34 -76
220152326852320: 27 -83
162781092279034: 23 -87
246315386090676: 40 -70
220152326556152: 29 -81
269295394143896: 26 -84
142394096076: 45 -65
142394717672: 22 -88
619757502464: 22 -88
269295391189600: 17 -93
162781095639938: 30 -80
193825335674840: 21 -89
101583481319018: 22 -88
93351052530186: 51 -59
70465903587284: 28 -82
101583482911858: 35 -75
220152326852320: 27 -83
162781092279034: 26 -84
246315386090676: 41 -69
220152326556152: 30 -80
269295394143896: 27 -83
142394096076: 43 -67
142394717672: 20 -90
619757502464: 22 -88
269295391189600: 17 -93
162781095639938: 30 -80
193825335674840: 21 -89
101583481319018: 22 -88
93351052530186: 52 -58
70465903587284: 26 -84
101583482911858: 34 -76
220152326852320: 27 -83
162781092279034: 26 -84
246315386090676: 40 -70
220152326556152: 30 -80
269295394143896: 28 -82
142394096076: 48 -62
142394717672: 20 -90
619757502464: 22 -88
269295391189600: 17 -93
162781095639938: 34 -76
193825335674840: 21 -89
101583481319018: 22 -88
93351052530186: 53 -57
70465903587284: 28 -82
101583482911858: 33 -77
220152326852320: 24 -86
162781092279034: 28 -82
246315386090676: 42 -68
220152326556152: 30 -80
269295394143896: 29 -81
142394096076: 47 -63
142394717672: 21 -89
269295391189600: 17 -93
162781095639938: 33 -77
193825335674840: 21 -89
101583481319018: 22 -88
93351052530186: 52 -58
70465903587284: 27 -83
101583482911858: 35 -75
220152326852320: 29 -81
162781092279034: 28 -82
246315386090676: 41 -69
220152326556152: 28 -82
269295394143896: 24 -86
142394096076: 45 -65
142394717672: 21 -89
162781095639938: 34 -76
193825335674840: 21 -89
101583481319018: 22 -88
93351052530186: 52 -58
70465903587284: 28 -82
101583482911858: 35 -75
220152326852320: 24 -86
162781092279034: 26 -84
246315386090676: 42 -68
220152326556152: 29 -81
269295394143896: 27 -83
142394096076: 45 -65
142394717672: 22 -88
162781095639938: 34 -76
193825335674840: 19 -91
101583481319018: 22 -88
220152324231560: 27 -83
21777613774: 30 -80
152632110656: 29 -81
5246907136688: 50 -60
5246907136692: 50 -60
115043769778080: 31 -79
115043769781560: 39 -71
152631112864: 41 -69
21777613603: 29 -81
211528948450289: 29 -81
152632120080: 22 -88
5246907136689: 46 -64
27279809849: 23 -87
220335163267211: 27 -83
18196955490914: 24 -86
211528948450292: 29 -81
220152324231560: 23 -87
21777613774: 29 -81
152632110656: 26 -84
5246907136688: 46 -64
5246907136692: 45 -65
115043769778080: 29 -81
115043769781560: 39 -71
152631112864: 40 -70
21777613603: 28 -82
211528948450289: 29 -81
152632120080: 22 -88
5246907136689: 49 -61
27279809849: 28 -82
220335163267211: 24 -86
18196955490914: 24 -86
211528948450292: 29 -81
5246913221828: 24 -86
8895779524400: 26 -84
194020140555011: 23 -87
211528948450288: 29 -81
5246907136688: 50 -60
115043769781560: 41 -69
5246907136692: 45 -65
152632110656: 26 -84
115043769778080: 30 -80
220335163267211: 26 -84
152631112864: 40 -70
220152323029472: 24 -86
21777613603: 28 -82
211528948450288: 26 -84
211528948450292: 26 -84
27279809849: 27 -83
194020140555011: 22 -88
5246907136688: 50 -60
115043769781560: 41 -69
5246907136692: 47 -63
152632110656: 23 -87
115043769778080: 27 -83
220335163267211: 24 -86
152631112864: 40 -70
220152323029472: 21 -89
21777613603: 27 -83
211528948450288: 26 -84
211528948450292: 21 -89
27279809849: 26 -84
194020140555011: 22 -88
5246907136689: 46 -64
5246913221824: 21 -89
152632120080: 22 -88
6706565961295: 24 -86
211528948450289: 26 -84
5246907136688: 49 -61
115043769781560: 41 -69
5246907136692: 46 -64
152632110656: 23 -87
115043769778080: 33 -77
220335163267211: 26 -84
152631112864: 41 -69
220152323029472: 21 -89
21777613603: 27 -83
211528948450288: 24 -86
211528948450292: 26 -84
27279809849: 26 -84
194020140555011: 22 -88
5246907136689: 46 -64
5246913221824: 21 -89
152632120080: 22 -88
6706565961295: 24 -86
211528948450289: 26 -84
8895779524400: 26 -84
8895779524402: 27 -83
5246907136688: 49 -61
115043769781560: 43 -67
5246907136692: 48 -62
152632110656: 27 -83
115043769778080: 32 -78
220335163267211: 26 -84
152631112864: 40 -70
220152323029472: 21 -89
21777613603: 27 -83
211528948450288: 26 -84
211528948450292: 26 -84
27279809849: 26 -84
194020140555011: 23 -87
5246907136689: 47 -63
5246913221824: 21 -89
152632120080: 22 -88
6706565961295: 24 -86
211528948450289: 26 -84
8895779524400: 28 -82
8895779524402: 27 -83
8895779524401: 28 -82
5246907136688: 45 -65
115043769781560: 37 -73
5246907136692: 49 -61
152632110656: 26 -84
115043769778080: 27 -83
220335163267211: 26 -84
152631112864: 40 -70
220152323029472: 21 -89
21777613603: 27 -83
211528948450288: 30 -80
211528948450292: 26 -84
27279809849: 26 -84
194020140555011: 20 -90
5246907136689: 45 -65
5246913221824: 21 -89
152632120080: 21 -89
6706565961295: 26 -84
211528948450289: 27 -83
8895779524400: 27 -83
8895779524402: 28 -82
8895779524401: 26 -84
70465904622254: 21 -89
193825334633330: 24 -86
5246907136688: 46 -64
115043769781560: 37 -73
5246907136692: 23 -87
152632110656: 26 -84
115043769778080: 30 -80
220335163267211: 23 -87
152631112864: 42 -68
220152323029472: 21 -89
21777613603: 27 -83
211528948450288: 26 -84
211528948450292: 27 -83
27279809849: 26 -84
194020140555011: 20 -90
5246907136689: 50 -60
5246913221824: 21 -89
152632120080: 22 -88
6706565961295: 26 -84
211528948450289: 27 -83
8895779524400: 26 -84
8895779524402: 28 -82
8895779524401: 27 -83
70465904622254: 21 -89
193825334633330: 24 -86
5246907136688: 46 -64
115043769781560: 37 -73
5246907136692: 46 -64
152632110656: 27 -83
115043769778080: 30 -80
220335163267211: 24 -86
152631112864: 40 -70
220152323029472: 21 -89
21777613603: 27 -83
211528948450288: 26 -84
211528948450292: 27 -83
27279809849: 23 -87
194020140555011: 23 -87
5246907136689: 46 -64
5246913221824: 26 -84
152632120080: 22 -88
6706565961295: 26 -84
211528948450289: 26 -84
8895779524400: 28 -82
8895779524402: 28 -82
8895779524401: 23 -87
70465904622254: 21 -89
193825334633330: 24 -86
5246907136688: 26 -84
115043769781560: 38 -72
5246907136692: 50 -60
152632110656: 29 -81
115043769778080: 28 -82
220335163267211: 26 -84
152631112864: 42 -68
220152323029472: 21 -89
21777613603: 28 -82
211528948450288: 26 -84
211528948450292: 27 -83
27279809849: 24 -86
194020140555011: 23 -87
5246907136689: 46 -64
5246913221824: 26 -84
152632120080: 24 -86
6706565961295: 27 -83
211528948450289: 27 -83
8895779524400: 22 -88
8895779524402: 28 -82
8895779524401: 27 -83
70465904622254: 21 -89
193825334633330: 24 -86
5246907136688: 50 -60
115043769781560: 26 -84
5246907136692: 27 -83
152632110656: 24 -86
115043769778080: 27 -83
220335163267211: 24 -86
152631112864: 40 -70
220152323029472: 23 -87
21777613603: 28 -82
211528948450288: 27 -83
211528948450292: 24 -86
27279809849: 24 -86
194020140555011: 22 -88
5246907136689: 45 -65
5246913221824: 26 -84
152632120080: 24 -86
6706565961295: 27 -83
211528948450289: 24 -86
8895779524400: 26 -84
8895779524402: 26 -84
8895779524401: 27 -83
70465904622254: 21 -89
193825334633330: 24 -86
5246907136688: 48 -62
115043769781560: 38 -72
5246907136692: 46 -64
152632110656: 23 -87
115043769778080: 26 -84
220335163267211: 28 -82
152631112864: 42 -68
220152323029472: 23 -87
21777613603: 28 -82
211528948450288: 26 -84
211528948450292: 24 -86
27279809849: 26 -84
194020140555011: 21 -89
5246907136689: 45 -65
5246913221824: 26 -84
152632120080: 24 -86
6706565961295: 23 -87
211528948450289: 23 -87
8895779524400: 26 -84
8895779524402: 26 -84
8895779524401: 26 -84
70465904622254: 21 -89
193825334633330: 24 -86
21777613774: 22 -88
5246907136688: 46 -64
115043769781560: 37 -73
5246907136692: 50 -60
152632110656: 28 -82
115043769778080: 31 -79
220335163267211: 27 -83
152631112864: 40 -70
220152323029472: 23 -87
21777613603: 23 -87
211528948450288: 24 -86
211528948450292: 23 -87
27279809849: 26 -84
194020140555011: 22 -88
5246907136689: 45 -65
5246913221824: 26 -84
152632120080: 23 -87
6706565961295: 26 -84
211528948450289: 23 -87
8895779524400: 27 -83
8895779524402: 28 -82
8895779524401: 26 -84
70465904622254: 21 -89
193825334633330: 24 -86
21777613774: 22 -88
220152324231560: 22 -88
5246907136688: 49 -61
115043769781560: 38 -72
5246907136692: 50 -60
152632110656: 29 -81
115043769778080: 30 -80
220335163267211: 23 -87
152631112864: 42 -68
220152323029472: 23 -87
21777613603: 26 -84
211528948450288: 26 -84
211528948450292: 26 -84
27279809849: 27 -83
194020140555011: 22 -88
5246907136689: 45 -65
5246913221824: 26 -84
152632120080: 23 -87
6706565961295: 26 -84
211528948450289: 23 -87
8895779524400: 24 -86
8895779524402: 28 -82
8895779524401: 27 -83
70465904622254: 22 -88
193825334633330: 24 -86
21777613774: 20 -90
220152324231560: 22 -88
5246907136688: 45 -65
115043769781560: 38 -72
5246907136692: 45 -65
152632110656: 29 -81
115043769778080: 31 -79
220335163267211: 24 -86
152631112864: 41 -69
220152323029472: 23 -87
21777613603: 26 -84
211528948450288: 26 -84
211528948450292: 27 -83
27279809849: 27 -83
194020140555011: 22 -88
5246907136689: 45 -65
5246913221824: 20 -90
152632120080: 23 -87
6706565961295: 27 -83
211528948450289: 26 -84
8895779524400: 24 -86
8895779524402: 28 -82
8895779524401: 27 -83
70465904622254: 22 -88
193825334633330: 24 -86
21777613774: 20 -90
220152324231560: 22 -88
5246913221825: 22 -88
5246907136688: 47 -63
115043769781560: 41 -69
5246907136692: 43 -67
152632110656: 24 -86
115043769778080: 26 -84
220335163267211: 26 -84
152631112864: 42 -68
220152323029472: 23 -87
21777613603: 29 -81
211528948450288: 24 -86
211528948450292: 27 -83
27279809849: 26 -84
194020140555011: 22 -88
5246907136689: 48 -62
5246913221824: 20 -90
152632120080: 23 -87
6706565961295: 28 -82
211528948450289: 24 -86
8895779524400: 24 -86
8895779524402: 28 -82
8895779524401: 27 -83
70465904622254: 22 -88
193825334633330: 24 -86
21777613774: 20 -90
220152324231560: 22 -88
5246913221825: 22 -88
5246907136688: 43 -67
115043769781560: 37 -73
5246907136692: 48 -62
152632110656: 27 -83
115043769778080: 30 -80
220335163267211: 26 -84
152631112864: 39 -71
220152323029472: 23 -87
21777613603: 22 -88
211528948450288: 26 -84
211528948450292: 27 -83
27279809849: 26 -84
194020140555011: 22 -88
5246907136689: 49 -61
5246913221824: 20 -90
152632120080: 23 -87
6706565961295: 27 -83
211528948450289: 28 -82
8895779524400: 24 -86
8895779524402: 28 -82
8895779524401: 27 -83
70465904622254: 22 -88
193825334633330: 24 -86
21777613774: 20 -90
220152324231560: 22 -88
5246913221825: 22 -88
5246913221828: 22 -88
5246907136688: 45 -65
115043769781560: 38 -72
5246907136692: 48 -62
152632110656: 28 -82
115043769778080: 26 -84
220335163267211: 27 -83
152631112864: 37 -73
220152323029472: 23 -87
21777613603: 27 -83
211528948450288: 26 -84
211528948450292: 26 -84
27279809849: 26 -84
194020140555011: 22 -88
5246907136689: 52 -58
5246913221824: 20 -90
152632120080: 23 -87
6706565961295: 27 -83
211528948450289: 28 -82
8895779524400: 24 -86
8895779524402: 28 -82
8895779524401: 27 -83
70465904622254: 22 -88
21777613774: 20 -90
220152324231560: 22 -88
5246913221825: 22 -88
5246913221828: 22 -88
5246907136688: 48 -62
115043769781560: 40 -70
5246907136692: 47 -63
152632110656: 28 -82
115043769778080: 27 -83
220335163267211: 27 -83
152631112864: 41 -69
220152323029472: 24 -86
21777613603: 28 -82
211528948450288: 23 -87
211528948450292: 27 -83
27279809849: 26 -84
194020140555011: 22 -88
5246907136689: 43 -67
5246913221824: 20 -90
152632120080: 20 -90
6706565961295: 29 -81
211528948450289: 26 -84
8895779524400: 22 -88
8895779524402: 28 -82
8895779524401: 24 -86
70465904622254: 22 -88
21777613774: 23 -87
220152324231560: 22 -88
5246913221825: 22 -88
5246913221828: 22 -88
5246907136688: 41 -69
115043769781560: 42 -68
5246907136692: 44 -66
152632110656: 29 -81
115043769778080: 33 -77
220335163267211: 26 -84
152631112864: 39 -71
220152323029472: 23 -87
21777613603: 23 -87
211528948450288: 28 -82
211528948450292: 27 -83
27279809849: 26 -84
194020140555011: 22 -88
5246907136689: 43 -67
5246913221824: 20 -90
152632120080: 20 -90
6706565961295: 27 -83
211528948450289: 29 -81
8895779524400: 23 -87
8895779524402: 28 -82
8895779524401: 24 -86
70465904622254: 22 -88
21777613774: 24 -86
220152324231560: 22 -88
5246913221825: 22 -88
5246913221828: 22 -88
5246907136688: 49 -61
115043769781560: 34 -76
5246907136692: 41 -69
152632110656: 28 -82
115043769778080: 32 -78
220335163267211: 27 -83
152631112864: 38 -72
220152323029472: 23 -87
21777613603: 24 -86
211528948450288: 23 -87
211528948450292: 27 -83
27279809849: 26 -84
194020140555011: 22 -88
5246907136689: 43 -67
5246913221824: 20 -90
152632120080: 23 -87
6706565961295: 27 -83
211528948450289: 29 -81
8895779524400: 26 -84
8895779524402: 23 -87
8895779524401: 24 -86
70465904622254: 22 -88
21777613774: 27 -83
220152324231560: 22 -88
5246913221825: 22 -88
5246913221828: 20 -90
5246907136688: 42 -68
115043769781560: 36 -74
5246907136692: 43 -67
152632110656: 27 -83
115043769778080: 27 -83
220335163267211: 23 -87
152631112864: 36 -74
220152323029472: 23 -87
21777613603: 26 -84
211528948450288: 28 -82
211528948450292: 26 -84
27279809849: 26 -84
194020140555011: 21 -89
5246907136689: 28 -82
5246913221824: 20 -90
152632120080: 21 -89
6706565961295: 26 -84
211528948450289: 26 -84
8895779524400: 26 -84
8895779524402: 23 -87
8895779524401: 27 -83
70465904622254: 22 -88
21777613774: 24 -86
220152324231560: 22 -88
5246913221825: 22 -88
5246913221828: 20 -90
5246907136688: 44 -66
115043769781560: 37 -73
5246907136692: 43 -67
152632110656: 28 -82
115043769778080: 31 -79
220335163267211: 26 -84
152631112864: 37 -73
220152323029472: 23 -87
21777613603: 24 -86
211528948450288: 28 -82
211528948450292: 28 -82
27279809849: 26 -84
194020140555011: 24 -86
5246907136689: 48 -62
5246913221824: 22 -88
152632120080: 21 -89
6706565961295: 27 -83
211528948450289: 28 -82
8895779524400: 21 -89
8895779524402: 23 -87
8895779524401: 27 -83
70465904622254: 22 -88
21777613774: 23 -87
220152324231560: 22 -88
5246913221825: 22 -88
5246913221828: 23 -87
5246907136688: 43 -67
115043769781560: 36 -74
5246907136692: 48 -62
152632110656: 28 -82
115043769778080: 30 -80
220335163267211: 26 -84
152631112864: 39 -71
220152323029472: 23 -87
21777613603: 24 -86
211528948450288: 27 -83
211528948450292: 27 -83
27279809849: 26 -84
194020140555011: 24 -86
5246907136689: 43 -67
5246913221824: 22 -88
152632120080: 23 -87
6706565961295: 27 -83
211528948450289: 27 -83
8895779524400: 21 -89
8895779524402: 23 -87
8895779524401: 27 -83
70465904622254: 22 -88
21777613774: 26 -84
5246913221825: 22 -88
5246913221828: 23 -87
5246907136688: 41 -69
115043769781560: 38 -72
5246907136692: 47 -63
152632110656: 24 -86
115043769778080: 27 -83
220335163267211: 27 -83
152631112864: 37 -73
220152323029472: 23 -87
21777613603: 24 -86
211528948450288: 30 -80
211528948450292: 28 -82
27279809849: 27 -83
194020140555011: 24 -86
5246907136689: 47 -63
5246913221824: 22 -88
152632120080: 23 -87
6706565961295: 27 -83
211528948450289: 29 -81
8895779524400: 21 -89
8895779524402: 23 -87
8895779524401: 26 -84
70465904622254: 22 -88
21777613774: 26 -84
5246913221825: 22 -88
5246913221828: 23 -87
5246907136688: 45 -65
115043769781560: 40 -70
5246907136692: 45 -65
152632110656: 23 -87
115043769778080: 26 -84
220335163267211: 26 -84
152631112864: 41 -69
220152323029472: 21 -89
21777613603: 24 -86
211528948450288: 27 -83
211528948450292: 24 -86
27279809849: 27 -83
194020140555011: 24 -86
5246907136689: 50 -60
5246913221824: 22 -88
152632120080: 23 -87
6706565961295: 27 -83
211528948450289: 28 -82
8895779524400: 21 -89
8895779524402: 23 -87
8895779524401: 23 -87
70465904622254: 22 -88
21777613774: 26 -84
5246913221828: 23 -87
70465911891574: 34 -76
104046342248: 58 -52
164729952490: 48 -62
31331350135252: 43 -67
61073128139: 58 -52
75484162752: 70 -39
148997885746: 20 -90
31331350132848: 62 -48
6618847380691: 23 -87
152088853522: 63 -47
31331350135108: 33 -77
82795547636: 22 -88
70465911891574: 35 -75
104046342248: 58 -52
164729952490: 47 -63
31331350135252: 43 -67
61073128139: 58 -52
75484162752: 70 -40
148997885746: 22 -88
31331350132848: 59 -51
6618847380691: 23 -87
152088853522: 68 -42
31331350135108: 33 -77
82795547636: 23 -87
88730305264: 45 -65
70465911891574: 63 -47
104046342248: 64 -46
164729952490: 48 -62
31331350135252: 54 -56
61073128139: 56 -54
75484162752: 70 -39
148997885746: 21 -89
31331350132848: 24 -86
6618847380691: 23 -87
152088853522: 66 -44
31331350135108: 39 -71
82795547636: 22 -88
88730305264: 44 -66
70465911891574: 32 -78
104046342248: 62 -48
164729952490: 46 -64
31331350135252: 48 -62
61073128139: 58 -52
75484162752: 70 -40
148997885746: 23 -87
31331350132848: 60 -50
6618847380691: 23 -87
152088853522: 68 -42
31331350135108: 31 -79
82795547636: 22 -88
88730305264: 43 -67
70465911891574: 30 -80
104046342248: 56 -54
164729952490: 47 -63
31331350135252: 46 -64
61073128139: 54 -56
75484162752: 70 -37
148997885746: 20 -90
31331350132848: 56 -54
6618847380691: 23 -87
152088853522: 24 -86
31331350135108: 31 -79
82795547636: 22 -88
88730305264: 46 -64
70465911891574: 34 -76
104046342248: 52 -58
164729952490: 47 -63
31331350135252: 27 -83
61073128139: 53 -57
75484162752: 70 -40
148997885746: 21 -89
31331350132848: 56 -54
6618847380691: 23 -87
152088853522: 68 -42
31331350135108: 31 -79
82795547636: 22 -88
88730305264: 46 -64
70465911891574: 35 -75
104046342248: 70 -38
164729952490: 49 -61
31331350135252: 47 -63
61073128139: 51 -59
75484162752: 70 -30
148997885746: 22 -88
31331350132848: 57 -53
6618847380691: 23 -87
152088853522: 66 -44
31331350135108: 36 -74
82795547636: 22 -88
88730305264: 47 -63
70465911891574: 31 -79
104046342248: 59 -51
164729952490: 45 -65
31331350135252: 47 -63
61073128139: 62 -48
75484162752: 70 -30
148997885746: 32 -78
31331350132848: 55 -55
6618847380691: 23 -87
152088853522: 67 -43
31331350135108: 36 -74
82795547636: 22 -88
88730305264: 47 -63
70465911891574: 24 -86
104046342248: 57 -53
164729952490: 49 -61
31331350135252: 47 -63
61073128139: 59 -51
75484162752: 70 -40
148997885746: 31 -79
31331350132848: 57 -53
6618847380691: 23 -87
152088853522: 31 -79
31331350135108: 36 -74
82795547636: 22 -88
88730305264: 47 -63
70465911891574: 26 -84
104046342248: 54 -56
164729952490: 42 -68
31331350135252: 47 -63
61073128139: 56 -54
75484162752: 66 -44
148997885746: 30 -80
31331350132848: 56 -54
6618847380691: 23 -87
152088853522: 68 -42
31331350135108: 32 -78
82795547636: 22 -88
88730305264: 47 -63
70465911891574: 28 -82
104046342248: 54 -56
164729952490: 54 -56
31331350135252: 41 -69
61073128139: 36 -74
75484162752: 70 -40
148997885746: 22 -88
31331350132848: 26 -84
6618847380691: 23 -87
152088853522: 65 -45
31331350135108: 33 -77
82795547636: 22 -88
88730305264: 48 -62
70465911891574: 33 -77
104046342248: 59 -51
164729952490: 45 -65
31331350135252: 47 -63
61073128139: 58 -52
75484162752: 70 -39
148997885746: 31 -79
31331350132848: 56 -54
6618847380691: 23 -87
152088853522: 28 -82
31331350135108: 35 -75
82795547636: 23 -87
88730305264: 36 -74
70465911891574: 23 -87
104046342248: 57 -53
164729952490: 44 -66
31331350135252: 49 -61
61073128139: 50 -60
75484162752: 64 -46
148997885746: 21 -89
31331350132848: 57 -53
6618847380691: 24 -86
152088853522: 67 -43
31331350135108: 34 -76
82795547636: 23 -87
88730305264: 36 -74
70465911891574: 34 -76
104046342248: 57 -53
164729952490: 53 -57
31331350135252: 49 -61
61073128139: 36 -74
75484162752: 70 -40
148997885746: 22 -88
31331350132848: 57 -53
6618847380691: 24 -86
152088853522: 67 -43
31331350135108: 33 -77
82795547636: 24 -86
88730305264: 39 -71
70465911891574: 24 -86
104046342248: 57 -53
164729952490: 46 -64
31331350135252: 49 -61
61073128139: 61 -49
75484162752: 70 -24
148997885746: 29 -81
31331350132848: 58 -52
6618847380691: 24 -86
152088853522: 68 -42
31331350135108: 37 -73
82795547636: 24 -86
88730305264: 39 -71
70465911891574: 35 -75
104046342248: 58 -52
164729952490: 53 -57
31331350135252: 49 -61
61073128139: 50 -60
75484162752: 70 -39
148997885746: 31 -79
31331350132848: 58 -52
6618847380691: 24 -86
152088853522: 66 -44
31331350135108: 33 -77
82795547636: 23 -87
88730305264: 43 -67
100848842504: 20 -90
70465911891574: 32 -78
104046342248: 58 -52
164729952490: 45 -65
31331350135252: 46 -64
61073128139: 57 -53
75484162752: 70 -40
148997885746: 21 -89
31331350132848: 24 -86
6618847380691: 24 -86
152088853522: 68 -42
31331350135108: 34 -76
82795547636: 22 -88
88730305264: 43 -67
100848842504: 20 -90
70465911891574: 24 -86
104046342248: 58 -52
164729952490: 44 -66
31331350135252: 43 -67
61073128139: 52 -58
75484162752: 70 -40
148997885746: 21 -89
31331350132848: 63 -47
6618847380691: 24 -86
152088853522: 66 -44
31331350135108: 34 -76
82795547636: 22 -88
88730305264: 45 -65
100848842504: 20 -90
70465911891574: 26 -84
104046342248: 57 -53
164729952490: 19 -91
31331350135252: 50 -60
61073128139: 56 -54
75484162752: 70 -30
148997885746: 20 -90
31331350132848: 56 -54
6618847380691: 24 -86
152088853522: 66 -44
31331350135108: 34 -76
82795547636: 22 -88
88730305264: 45 -65
100848842504: 20 -90
70465911891574: 26 -84
104046342248: 58 -52
164729952490: 50 -60
31331350135252: 46 -64
61073128139: 58 -52
75484162752: 70 -30
148997885746: 21 -89
31331350132848: 58 -52
6618847380691: 24 -86
152088853522: 66 -44
31331350135108: 32 -78
82795547636: 21 -89
88730305264: 39 -71
100848842504: 20 -90
