152088853522: 57 -53
152088853522: 55 -55
152088853522: 55 -55
152088853522: 59 -51
31601194165454: 56 -54
101583491053086: 39 -71
31331350132848: 42 -68
6618847380691: 30 -80
70465911891574: 24 -86
93541518640: 35 -75
104046342248: 39 -71
164729952490: 48 -62
61073128139: 63 -47
75484162752: 70 -38
152088853522: 60 -50
31601194165454: 56 -54
101583491053086: 39 -71
31331350132848: 42 -68
6618847380691: 30 -80
70465911891574: 24 -86
93541518640: 35 -75
104046342248: 39 -71
164729952490: 48 -62
61073128139: 63 -47
75484162752: 70 -38
152088853522: 70 -30
31601194165454: 64 -46
31331350132848: 24 -86
70465911891574: 61 -49
104046342248: 47 -63
164729952490: 39 -71
61073128139: 48 -62
75484162752: 70 -40
148997885746: 35 -75
31331350135252: 37 -73
124811688518: 22 -88
31331350135108: 38 -72
152088853522: 70 -31
31601194165454: 28 -82
31331350132848: 63 -47
70465911891574: 30 -80
104046342248: 56 -54
164729952490: 40 -70
61073128139: 53 -57
75484162752: 63 -47
148997885746: 41 -69
31331350135252: 34 -76
31331350135108: 31 -79
21777614035: 23 -87
