70465911891574: 31 -79
104046342248: 67 -43
61073128139: 32 -78
75484162752: 62 -48
152088853522: 59 -51
31331350135108: 38 -72
31331350132848: 41 -69
82795547636: 25 -85
148997885746: 55 -55
6618847380691: 30 -80
164729952490: 44 -66
100848842504: 21 -89
21777614035: 30 -80
31331350135252: 52 -58
70465911891574: 29 -81
104046342248: 31 -79
61073128139: 36 -74
75484162752: 61 -49
152088853522: 59 -51
31331350135108: 43 -67
31331350132848: 41 -69
82795547636: 28 -82
148997885746: 56 -54
6618847380691: 30 -80
164729952490: 44 -66
100848842504: 21 -89
21777614035: 30 -80
31331350135252: 52 -58
228789856465873: 21 -89
70465911891574: 29 -81
104046342248: 57 -53
61073128139: 32 -78
75484162752: 59 -51
152088853522: 59 -51
31331350135108: 43 -67
31331350132848: 41 -69
82795547636: 29 -81
148997885746: 54 -56
6618847380691: 30 -80
164729952490: 46 -64
100848842504: 21 -89
21777614035: 30 -80
31331350135252: 44 -66
228789856465873: 21 -89
88730305264: 24 -86
70465911891574: 31 -79
104046342248: 70 -37
61073128139: 69 -41
75484162752: 56 -54
152088853522: 60 -50
31331350135108: 39 -71
31331350132848: 40 -70
82795547636: 26 -84
148997885746: 51 -59
6618847380691: 30 -80
164729952490: 41 -69
100848842504: 24 -86
21777614035: 30 -80
31331350135252: 44 -66
228789856465873: 21 -89
88730305264: 24 -86
70465911891574: 32 -78
104046342248: 59 -51
61073128139: 65 -45
75484162752: 57 -53
152088853522: 70 -27
31331350135108: 41 -69
31331350132848: 40 -70
82795547636: 27 -83
148997885746: 48 -62
6618847380691: 30 -80
164729952490: 44 -66
100848842504: 26 -84
21777614035: 30 -80
31331350135252: 48 -62
228789856465873: 21 -89
88730305264: 24 -86
220335163539402: 21 -89
70465911891574: 8 -102
104046342248: 60 -50
61073128139: 70 -33
75484162752: 54 -56
152088853522: 70 -27
31331350135108: 35 -75
31331350132848: 40 -70
82795547636: 29 -81
148997885746: 48 -62
6618847380691: 31 -79
164729952490: 41 -69
100848842504: 26 -84
21777614035: 28 -82
31331350135252: 57 -53
228789856465873: 21 -89
88730305264: 24 -86
220335163539402: 21 -89
70465911891574: 32 -78
104046342248: 35 -75
61073128139: 23 -87
75484162752: 54 -56
152088853522: 32 -78
31331350135108: 41 -69
31331350132848: 48 -62
82795547636: 24 -86
148997885746: 47 -63
6618847380691: 31 -79
164729952490: 45 -65
100848842504: 25 -85
21777614035: 32 -78
31331350135252: 53 -57
228789856465873: 21 -89
88730305264: 24 -86
220335163539402: 21 -89
70465911891574: 26 -84
104046342248: 34 -76
61073128139: 41 -69
75484162752: 56 -54
152088853522: 58 -52
31331350135108: 41 -69
31331350132848: 48 -62
82795547636: 26 -84
148997885746: 45 -65
6618847380691: 31 -79
164729952490: 45 -65
100848842504: 23 -87
21777614035: 32 -78
31331350135252: 51 -59
228789856465873: 21 -89
88730305264: 24 -86
220335163539402: 21 -89
70465911891574: 33 -77
104046342248: 70 -20
61073128139: 69 -41
75484162752: 63 -47
152088853522: 56 -54
31331350135108: 39 -71
31331350132848: 38 -72
82795547636: 26 -84
148997885746: 45 -65
6618847380691: 31 -79
164729952490: 42 -68
100848842504: 23 -87
21777614035: 32 -78
31331350135252: 52 -58
220335163539402: 21 -89
70465911891574: 22 -88
104046342248: 70 -40
61073128139: 29 -81
75484162752: 59 -51
152088853522: 58 -52
31331350135108: 27 -83
31331350132848: 40 -70
82795547636: 26 -84
148997885746: 51 -59
6618847380691: 31 -79
164729952490: 42 -68
100848842504: 23 -87
21777614035: 32 -78
31331350135252: 52 -58
220335163539402: 21 -89
