70465911891574: 34 -76
104046342248: 35 -75
61073128139: 63 -47
75484162752: 69 -41
152088853522: 62 -48
31331350135108: 31 -79
31331350132848: 57 -53
82795547636: 23 -87
148997885746: 19 -91
88730305264: 24 -86
70465911891574: 25 -85
104046342248: 65 -45
61073128139: 60 -50
75484162752: 67 -43
152088853522: 55 -55
31331350135108: 35 -75
31331350132848: 44 -66
82795547636: 26 -84
148997885746: 42 -68
88730305264: 24 -86
6618847380691: 36 -74
164729952490: 50 -60
100848842504: 23 -87
70465911891574: 26 -84
104046342248: 64 -46
61073128139: 60 -50
75484162752: 70 -39
152088853522: 57 -53
31331350135108: 35 -75
31331350132848: 48 -62
82795547636: 28 -82
148997885746: 42 -68
88730305264: 32 -78
6618847380691: 36 -74
164729952490: 50 -60
100848842504: 23 -87
27279809849: 32 -78
70465911891574: 28 -82
104046342248: 70 -40
61073128139: 56 -54
75484162752: 70 -16
152088853522: 51 -59
31331350135108: 38 -72
31331350132848: 51 -59
82795547636: 28 -82
148997885746: 40 -70
88730305264: 32 -78
6618847380691: 32 -78
164729952490: 54 -56
100848842504: 28 -82
27279809849: 33 -77
21777614035: 30 -80
70465911891574: 34 -76
104046342248: 60 -50
61073128139: 55 -55
75484162752: 70 -37
152088853522: 53 -57
31331350135108: 25 -85
31331350132848: 55 -55
82795547636: 33 -77
148997885746: 39 -71
88730305264: 32 -78
6618847380691: 37 -73
164729952490: 44 -66
100848842504: 24 -86
27279809849: 33 -77
21777614035: 30 -80
31331350135252: 33 -77
70465911891574: 33 -77
104046342248: 65 -45
61073128139: 57 -53
75484162752: 70 -38
152088853522: 53 -57
31331350135108: 28 -82
31331350132848: 51 -59
82795547636: 28 -82
148997885746: 42 -68
88730305264: 32 -78
6618847380691: 37 -73
164729952490: 56 -54
100848842504: 24 -86
27279809849: 33 -77
21777614035: 29 -81
31331350135252: 33 -77
70465911891574: 27 -83
104046342248: 70 -15
61073128139: 24 -86
75484162752: 70 -37
152088853522: 56 -54
31331350135108: 31 -79
31331350132848: 53 -57
82795547636: 29 -81
148997885746: 40 -70
88730305264: 32 -78
6618847380691: 37 -73
164729952490: 46 -64
100848842504: 28 -82
27279809849: 33 -77
21777614035: 29 -81
31331350135252: 33 -77
70465911891574: 26 -84
104046342248: 62 -48
61073128139: 58 -52
75484162752: 70 -32
152088853522: 21 -89
31331350135108: 26 -84
31331350132848: 46 -64
82795547636: 33 -77
148997885746: 38 -72
88730305264: 32 -78
6618847380691: 37 -73
164729952490: 50 -60
100848842504: 26 -84
27279809849: 23 -87
21777614035: 29 -81
31331350135252: 60 -50
9356718314: 20 -90
70465911891574: 36 -74
104046342248: 34 -76
61073128139: 27 -83
75484162752: 67 -43
152088853522: 58 -52
31331350135108: 42 -68
31331350132848: 51 -59
82795547636: 31 -79
148997885746: 38 -72
88730305264: 32 -78
6618847380691: 37 -73
164729952490: 53 -57
100848842504: 23 -87
27279809849: 23 -87
21777614035: 29 -81
31331350135252: 40 -70
9356718314: 20 -90
70465911891574: 31 -79
104046342248: 30 -80
61073128139: 24 -86
75484162752: 70 -38
152088853522: 55 -55
31331350135108: 31 -79
31331350132848: 52 -58
82795547636: 25 -85
148997885746: 38 -72
88730305264: 32 -78
6618847380691: 37 -73
164729952490: 56 -54
100848842504: 23 -87
27279809849: 23 -87
21777614035: 29 -81
31331350135252: 41 -69
9356718314: 20 -90
