70465911891574: 24 -86
104046342248: 70 -26
61073128139: 60 -50
75484162752: 70 -32
152088853522: 59 -51
31331350135108: 29 -81
31331350132848: 44 -66
82795547636: 31 -79
164729952490: 52 -58
148997885746: 34 -76
31331350135252: 41 -69
6618847380691: 36 -74
70465911891574: 24 -86
104046342248: 50 -60
61073128139: 48 -62
75484162752: 70 -33
152088853522: 58 -52
31331350135108: 23 -87
31331350132848: 46 -64
82795547636: 29 -81
164729952490: 50 -60
148997885746: 38 -72
31331350135252: 33 -77
6618847380691: 36 -74
27279809849: 28 -82
100848842504: 23 -87
70465911891574: 22 -88
104046342248: 70 -27
61073128139: 20 -90
75484162752: 70 -34
152088853522: 58 -52
31331350135108: 24 -86
31331350132848: 45 -65
82795547636: 26 -84
164729952490: 32 -78
148997885746: 42 -68
31331350135252: 33 -77
6618847380691: 30 -80
27279809849: 28 -82
100848842504: 23 -87
21777614035: 31 -79
70465911891574: 58 -52
104046342248: 70 -24
61073128139: 54 -56
75484162752: 70 -34
152088853522: 57 -53
31331350135108: 26 -84
31331350132848: 46 -64
82795547636: 23 -87
164729952490: 49 -61
148997885746: 39 -71
31331350135252: 33 -77
6618847380691: 30 -80
27279809849: 28 -82
100848842504: 23 -87
21777614035: 31 -79
70465911891574: 23 -87
104046342248: 70 -33
61073128139: 26 -84
75484162752: 70 -33
152088853522: 56 -54
31331350135108: 24 -86
31331350132848: 45 -65
82795547636: 24 -86
164729952490: 49 -61
148997885746: 35 -75
31331350135252: 33 -77
6618847380691: 30 -80
27279809849: 28 -82
100848842504: 24 -86
21777614035: 31 -79
70465911891574: 24 -86
104046342248: 57 -53
61073128139: 26 -84
75484162752: 70 -29
152088853522: 54 -56
31331350135108: 24 -86
31331350132848: 44 -66
82795547636: 24 -86
164729952490: 50 -60
148997885746: 38 -72
31331350135252: 33 -77
6618847380691: 30 -80
27279809849: 28 -82
100848842504: 24 -86
21777614035: 31 -79
70465911891574: 21 -89
104046342248: 59 -51
61073128139: 48 -62
75484162752: 70 -30
152088853522: 58 -52
31331350135108: 26 -84
31331350132848: 48 -62
82795547636: 22 -88
164729952490: 50 -60
148997885746: 37 -73
31331350135252: 33 -77
6618847380691: 30 -80
27279809849: 28 -82
100848842504: 23 -87
21777614035: 31 -79
70465911891574: 21 -89
104046342248: 70 -33
61073128139: 57 -53
75484162752: 70 -31
152088853522: 58 -52
31331350135108: 26 -84
31331350132848: 48 -62
82795547636: 24 -86
164729952490: 51 -59
148997885746: 39 -71
31331350135252: 33 -77
6618847380691: 30 -80
27279809849: 29 -81
100848842504: 22 -88
21777614035: 31 -79
70465911891574: 22 -88
104046342248: 70 -30
61073128139: 20 -90
75484162752: 70 -32
152088853522: 57 -53
31331350135108: 24 -86
31331350132848: 51 -59
82795547636: 23 -87
164729952490: 49 -61
148997885746: 28 -82
31331350135252: 33 -77
6618847380691: 30 -80
27279809849: 29 -81
100848842504: 22 -88
21777614035: 31 -79
70465911891574: 24 -86
104046342248: 55 -55
61073128139: 19 -91
75484162752: 70 -33
152088853522: 55 -55
31331350135108: 25 -85
31331350132848: 49 -61
82795547636: 23 -87
164729952490: 48 -62
148997885746: 36 -74
31331350135252: 33 -77
6618847380691: 30 -80
27279809849: 29 -81
100848842504: 24 -86
21777614035: 25 -85
88730305264: 38 -72
