70465911891574: 57 -53
104046342248: 70 -22
61073128139: 31 -79
75484162752: 69 -41
152088853522: 65 -45
31331350135108: 21 -89
31331350132848: 50 -60
88730305264: 36 -74
82795547636: 28 -82
164729952490: 47 -63
148997885746: 24 -86
31331350135252: 30 -80
21777614035: 32 -78
6618847380691: 31 -79
70465911891574: 21 -89
104046342248: 70 -25
61073128139: 33 -77
75484162752: 70 -38
152088853522: 66 -44
31331350135108: 25 -85
31331350132848: 46 -64
88730305264: 26 -84
82795547636: 28 -82
164729952490: 48 -62
148997885746: 25 -85
31331350135252: 34 -76
21777614035: 32 -78
6618847380691: 31 -79
100848842504: 21 -89
70465911891574: 22 -88
104046342248: 47 -63
61073128139: 23 -87
75484162752: 70 -39
152088853522: 61 -49
31331350135108: 23 -87
31331350132848: 46 -64
88730305264: 34 -76
82795547636: 25 -85
164729952490: 45 -65
148997885746: 24 -86
31331350135252: 41 -69
21777614035: 32 -78
6618847380691: 31 -79
100848842504: 21 -89
70465911891574: 55 -55
104046342248: 47 -63
61073128139: 27 -83
75484162752: 70 -35
152088853522: 61 -49
31331350135108: 23 -87
31331350132848: 46 -64
88730305264: 34 -76
82795547636: 29 -81
164729952490: 47 -63
148997885746: 29 -81
31331350135252: 43 -67
21777614035: 32 -78
6618847380691: 31 -79
100848842504: 23 -87
70465911891574: 21 -89
104046342248: 49 -61
61073128139: 52 -58
75484162752: 70 -35
152088853522: 66 -44
31331350135108: 27 -83
31331350132848: 52 -58
88730305264: 34 -76
82795547636: 30 -80
164729952490: 51 -59
148997885746: 24 -86
31331350135252: 27 -83
21777614035: 21 -89
6618847380691: 25 -85
100848842504: 23 -87
70465911891574: 53 -57
104046342248: 47 -63
61073128139: 31 -79
75484162752: 70 -33
152088853522: 63 -47
31331350135108: 24 -86
31331350132848: 47 -63
88730305264: 34 -76
82795547636: 26 -84
164729952490: 50 -60
148997885746: 23 -87
31331350135252: 43 -67
21777614035: 21 -89
6618847380691: 27 -83
100848842504: 23 -87
70465911891574: 19 -91
104046342248: 47 -63
61073128139: 48 -62
75484162752: 70 -33
152088853522: 60 -50
31331350135108: 22 -88
31331350132848: 51 -59
88730305264: 34 -76
82795547636: 24 -86
164729952490: 50 -60
148997885746: 22 -88
31331350135252: 42 -68
21777614035: 23 -87
6618847380691: 27 -83
100848842504: 23 -87
70465911891574: 54 -56
104046342248: 70 -32
61073128139: 70 -32
75484162752: 70 -33
152088853522: 60 -50
31331350135108: 22 -88
31331350132848: 55 -55
88730305264: 30 -80
82795547636: 31 -79
164729952490: 46 -64
148997885746: 21 -89
31331350135252: 26 -84
21777614035: 23 -87
6618847380691: 27 -83
100848842504: 23 -87
70465911891574: 29 -81
104046342248: 49 -61
61073128139: 52 -58
75484162752: 69 -41
152088853522: 62 -48
31331350135108: 22 -88
31331350132848: 47 -63
88730305264: 30 -80
82795547636: 31 -79
164729952490: 44 -66
148997885746: 23 -87
31331350135252: 31 -79
21777614035: 23 -87
6618847380691: 27 -83
100848842504: 23 -87
70465911891574: 20 -90
104046342248: 35 -75
61073128139: 58 -52
75484162752: 70 -33
152088853522: 64 -46
31331350135108: 24 -86
31331350132848: 47 -63
88730305264: 34 -76
82795547636: 30 -80
164729952490: 45 -65
148997885746: 26 -84
31331350135252: 33 -77
21777614035: 32 -78
6618847380691: 34 -76
