70465911891574: 50 -60
104046342248: 34 -76
61073128139: 45 -65
75484162752: 59 -51
152088853522: 29 -81
31331350135108: 26 -84
31331350132848: 53 -57
88730305264: 46 -64
82795547636: 24 -86
164729952490: 33 -77
148997885746: 24 -86
70465911891574: 51 -59
104046342248: 59 -51
61073128139: 52 -58
75484162752: 70 -40
152088853522: 70 -37
31331350135108: 24 -86
31331350132848: 48 -62
88730305264: 33 -77
82795547636: 24 -86
164729952490: 33 -77
148997885746: 22 -88
31331350135252: 36 -74
70465911891574: 51 -59
104046342248: 34 -76
61073128139: 49 -61
75484162752: 70 -24
152088853522: 37 -73
31331350135108: 26 -84
31331350132848: 30 -80
88730305264: 43 -67
82795547636: 23 -87
164729952490: 36 -74
148997885746: 23 -87
31331350135252: 36 -74
21777614035: 27 -83
70465911891574: 52 -58
104046342248: 61 -49
61073128139: 46 -64
75484162752: 63 -47
152088853522: 70 -39
31331350135108: 27 -83
31331350132848: 44 -66
88730305264: 47 -63
82795547636: 24 -86
164729952490: 40 -70
148997885746: 26 -84
31331350135252: 36 -74
21777614035: 38 -72
6618847380691: 39 -71
100848842504: 22 -88
70465911891574: 52 -58
104046342248: 31 -79
61073128139: 46 -64
75484162752: 62 -48
152088853522: 70 -40
31331350135108: 23 -87
31331350132848: 47 -63
88730305264: 41 -69
82795547636: 22 -88
164729952490: 46 -64
148997885746: 21 -89
31331350135252: 36 -74
21777614035: 37 -73
6618847380691: 37 -73
100848842504: 22 -88
70465911891574: 52 -58
104046342248: 34 -76
61073128139: 50 -60
75484162752: 69 -41
152088853522: 70 -39
31331350135108: 20 -90
31331350132848: 45 -65
88730305264: 34 -76
82795547636: 25 -85
164729952490: 48 -62
148997885746: 23 -87
31331350135252: 33 -77
21777614035: 37 -73
6618847380691: 36 -74
100848842504: 22 -88
70465911891574: 45 -65
104046342248: 38 -72
61073128139: 48 -62
75484162752: 61 -49
152088853522: 70 -27
31331350135108: 24 -86
31331350132848: 44 -66
88730305264: 36 -74
82795547636: 20 -90
164729952490: 44 -66
148997885746: 27 -83
31331350135252: 37 -73
21777614035: 37 -73
6618847380691: 36 -74
100848842504: 22 -88
70465911891574: 66 -44
104046342248: 70 -22
61073128139: 51 -59
75484162752: 59 -51
152088853522: 70 -39
31331350135108: 29 -81
31331350132848: 50 -60
88730305264: 37 -73
82795547636: 28 -82
164729952490: 47 -63
148997885746: 29 -81
31331350135252: 29 -81
21777614035: 37 -73
6618847380691: 31 -79
100848842504: 22 -88
70465911891574: 47 -63
104046342248: 33 -77
61073128139: 52 -58
75484162752: 62 -48
152088853522: 66 -44
31331350135108: 27 -83
31331350132848: 49 -61
88730305264: 40 -70
82795547636: 26 -84
164729952490: 37 -73
148997885746: 22 -88
31331350135252: 29 -81
21777614035: 36 -74
6618847380691: 31 -79
100848842504: 22 -88
70465911891574: 48 -62
104046342248: 38 -72
61073128139: 48 -62
75484162752: 67 -43
152088853522: 31 -79
31331350135108: 27 -83
31331350132848: 53 -57
88730305264: 38 -72
82795547636: 25 -85
164729952490: 41 -69
148997885746: 23 -87
31331350135252: 35 -75
21777614035: 36 -74
6618847380691: 31 -79
100848842504: 22 -88
