70465911891574: 48 -62
104046342248: 56 -54
61073128139: 51 -59
75484162752: 63 -47
152088853522: 69 -41
31331350135108: 21 -89
31331350132848: 44 -66
88730305264: 28 -82
21777614035: 36 -74
70465911891574: 48 -62
104046342248: 24 -86
61073128139: 29 -81
75484162752: 54 -56
152088853522: 27 -83
31331350135108: 21 -89
31331350132848: 36 -74
88730305264: 28 -82
21777614035: 36 -74
82795547636: 22 -88
70465911891574: 45 -65
104046342248: 41 -69
61073128139: 35 -75
75484162752: 54 -56
152088853522: 70 -39
31331350135108: 21 -89
31331350132848: 44 -66
88730305264: 28 -82
21777614035: 33 -77
82795547636: 21 -89
6618847380691: 34 -76
27279809849: 28 -82
164729952490: 29 -81
148997885746: 23 -87
70465911891574: 39 -71
104046342248: 54 -56
61073128139: 50 -60
75484162752: 59 -51
152088853522: 70 -39
31331350135108: 21 -89
31331350132848: 39 -71
88730305264: 28 -82
21777614035: 36 -74
82795547636: 22 -88
6618847380691: 34 -76
27279809849: 28 -82
164729952490: 29 -81
148997885746: 23 -87
70465911891574: 47 -63
104046342248: 55 -55
61073128139: 34 -76
75484162752: 58 -52
152088853522: 70 -40
31331350135108: 21 -89
31331350132848: 39 -71
88730305264: 24 -86
21777614035: 36 -74
82795547636: 23 -87
6618847380691: 34 -76
27279809849: 28 -82
164729952490: 29 -81
148997885746: 21 -89
70465911891574: 44 -66
104046342248: 50 -60
61073128139: 46 -64
75484162752: 58 -52
152088853522: 64 -46
31331350135108: 22 -88
31331350132848: 46 -64
88730305264: 24 -86
21777614035: 36 -74
82795547636: 26 -84
6618847380691: 34 -76
27279809849: 28 -82
164729952490: 29 -81
148997885746: 22 -88
70465911891574: 46 -64
104046342248: 47 -63
61073128139: 48 -62
75484162752: 59 -51
152088853522: 65 -45
31331350135108: 22 -88
31331350132848: 46 -64
88730305264: 22 -88
21777614035: 36 -74
82795547636: 24 -86
6618847380691: 34 -76
27279809849: 28 -82
164729952490: 36 -74
148997885746: 22 -88
70465911891574: 40 -70
104046342248: 58 -52
61073128139: 54 -56
75484162752: 59 -51
152088853522: 66 -44
31331350135108: 22 -88
31331350132848: 36 -74
88730305264: 22 -88
21777614035: 24 -86
82795547636: 26 -84
6618847380691: 34 -76
27279809849: 28 -82
164729952490: 36 -74
148997885746: 22 -88
70465911891574: 39 -71
104046342248: 41 -69
61073128139: 47 -63
75484162752: 59 -51
152088853522: 68 -42
31331350135108: 22 -88
31331350132848: 36 -74
88730305264: 22 -88
21777614035: 24 -86
82795547636: 24 -86
6618847380691: 34 -76
27279809849: 28 -82
164729952490: 32 -78
148997885746: 20 -90
70465911891574: 39 -71
104046342248: 59 -51
61073128139: 41 -69
75484162752: 57 -53
152088853522: 32 -78
31331350135108: 22 -88
31331350132848: 38 -72
88730305264: 26 -84
21777614035: 24 -86
82795547636: 24 -86
6618847380691: 34 -76
27279809849: 28 -82
164729952490: 36 -74
148997885746: 21 -89
31331350135252: 31 -79
