70465911891574: 18 -92
104046342248: 57 -53
61073128139: 70 -38
75484162752: 56 -54
148997885746: 31 -79
31331350132848: 46 -64
152088853522: 60 -50
31331350135108: 59 -51
31331350135252: 45 -65
70465911891574: 50 -60
104046342248: 48 -62
61073128139: 36 -74
75484162752: 60 -50
148997885746: 32 -78
31331350132848: 21 -89
152088853522: 56 -54
31331350135108: 57 -53
31331350135252: 45 -65
164729952490: 31 -79
70465911891574: 52 -58
104046342248: 47 -63
61073128139: 69 -41
75484162752: 59 -51
148997885746: 24 -86
31331350132848: 39 -71
152088853522: 59 -51
31331350135108: 57 -53
31331350135252: 45 -65
164729952490: 31 -79
21777614035: 22 -88
6618847380691: 22 -88
70465911891574: 19 -91
104046342248: 55 -55
61073128139: 35 -75
75484162752: 56 -54
148997885746: 30 -80
31331350132848: 39 -71
152088853522: 56 -54
31331350135108: 55 -55
31331350135252: 32 -78
164729952490: 31 -79
21777614035: 22 -88
6618847380691: 22 -88
27279809849: 19 -91
70465911891574: 20 -90
104046342248: 48 -62
61073128139: 34 -76
75484162752: 54 -56
148997885746: 28 -82
31331350132848: 44 -66
152088853522: 59 -51
31331350135108: 58 -52
31331350135252: 47 -63
164729952490: 31 -79
21777614035: 22 -88
6618847380691: 22 -88
27279809849: 19 -91
70465911891574: 19 -91
104046342248: 46 -64
61073128139: 66 -44
75484162752: 53 -57
148997885746: 29 -81
31331350132848: 44 -66
152088853522: 59 -51
31331350135108: 60 -50
31331350135252: 40 -70
164729952490: 30 -80
21777614035: 22 -88
6618847380691: 22 -88
27279809849: 19 -91
70465911891574: 48 -62
104046342248: 46 -64
61073128139: 34 -76
75484162752: 53 -57
148997885746: 29 -81
31331350132848: 44 -66
152088853522: 59 -51
31331350135108: 59 -51
31331350135252: 45 -65
164729952490: 30 -80
21777614035: 22 -88
6618847380691: 22 -88
27279809849: 19 -91
70465911891574: 55 -55
104046342248: 45 -65
61073128139: 36 -74
75484162752: 54 -56
148997885746: 26 -84
31331350132848: 44 -66
152088853522: 56 -54
31331350135108: 60 -50
31331350135252: 40 -70
164729952490: 30 -80
21777614035: 22 -88
6618847380691: 22 -88
27279809849: 19 -91
70465911891574: 52 -58
104046342248: 47 -63
61073128139: 70 -40
75484162752: 53 -57
148997885746: 31 -79
31331350132848: 29 -81
152088853522: 55 -55
31331350135108: 58 -52
31331350135252: 49 -61
164729952490: 30 -80
6618847380691: 22 -88
27279809849: 19 -91
