70465911891574: 66 -44
104046342248: 59 -51
61073128139: 34 -76
75484162752: 63 -47
148997885746: 24 -86
31331350132848: 42 -68
152088853522: 61 -49
31331350135108: 49 -61
31331350135252: 40 -70
164729952490: 44 -66
70465911891574: 61 -49
104046342248: 67 -43
61073128139: 29 -81
75484162752: 65 -45
148997885746: 44 -66
31331350132848: 47 -63
152088853522: 63 -47
31331350135108: 48 -62
31331350135252: 40 -70
164729952490: 45 -65
21777614035: 24 -86
6618847380691: 24 -86
82795547636: 22 -88
70465911891574: 30 -80
104046342248: 62 -48
61073128139: 28 -82
75484162752: 66 -44
148997885746: 43 -67
31331350132848: 47 -63
152088853522: 66 -44
31331350135108: 48 -62
31331350135252: 40 -70
164729952490: 44 -66
21777614035: 24 -86
6618847380691: 24 -86
82795547636: 22 -88
88730305264: 26 -84
70465911891574: 33 -77
104046342248: 57 -53
61073128139: 53 -57
75484162752: 68 -42
148997885746: 43 -67
31331350132848: 44 -66
152088853522: 63 -47
31331350135108: 46 -64
31331350135252: 44 -66
164729952490: 44 -66
21777614035: 24 -86
6618847380691: 24 -86
82795547636: 22 -88
88730305264: 26 -84
70465911891574: 68 -42
104046342248: 32 -78
61073128139: 26 -84
75484162752: 70 -40
148997885746: 37 -73
31331350132848: 41 -69
152088853522: 62 -48
31331350135108: 35 -75
31331350135252: 44 -66
164729952490: 42 -68
21777614035: 24 -86
6618847380691: 24 -86
82795547636: 22 -88
88730305264: 26 -84
27279809849: 23 -87
70465911891574: 37 -73
104046342248: 54 -56
61073128139: 63 -47
75484162752: 65 -45
148997885746: 42 -68
31331350132848: 47 -63
152088853522: 62 -48
31331350135108: 48 -62
31331350135252: 31 -79
164729952490: 45 -65
21777614035: 24 -86
6618847380691: 28 -82
82795547636: 21 -89
88730305264: 29 -81
27279809849: 23 -87
70465911891574: 35 -75
104046342248: 31 -79
61073128139: 34 -76
75484162752: 69 -41
148997885746: 44 -66
31331350132848: 47 -63
152088853522: 60 -50
31331350135108: 49 -61
31331350135252: 34 -76
164729952490: 43 -67
21777614035: 24 -86
6618847380691: 28 -82
82795547636: 21 -89
88730305264: 33 -77
27279809849: 23 -87
70465911891574: 32 -78
104046342248: 56 -54
61073128139: 27 -83
75484162752: 63 -47
148997885746: 39 -71
31331350132848: 47 -63
152088853522: 58 -52
31331350135108: 52 -58
31331350135252: 40 -70
164729952490: 42 -68
21777614035: 24 -86
6618847380691: 28 -82
82795547636: 21 -89
88730305264: 33 -77
27279809849: 23 -87
70465911891574: 63 -47
104046342248: 59 -51
61073128139: 50 -60
75484162752: 69 -41
148997885746: 39 -71
31331350132848: 44 -66
152088853522: 60 -50
31331350135108: 52 -58
31331350135252: 40 -70
164729952490: 42 -68
21777614035: 24 -86
6618847380691: 28 -82
82795547636: 21 -89
88730305264: 33 -77
27279809849: 23 -87
70465911891574: 60 -50
104046342248: 35 -75
61073128139: 70 -17
75484162752: 64 -46
148997885746: 45 -65
31331350132848: 44 -66
152088853522: 62 -48
31331350135108: 52 -58
31331350135252: 44 -66
164729952490: 42 -68
6618847380691: 28 -82
82795547636: 21 -89
88730305264: 33 -77
27279809849: 23 -87
