70465911891574: 60 -50
104046342248: 56 -54
61073128139: 21 -89
75484162752: 61 -49
148997885746: 30 -80
31331350132848: 46 -64
152088853522: 37 -73
31331350135108: 37 -73
31331350135252: 22 -88
164729952490: 43 -67
82795547636: 20 -90
88730305264: 30 -80
70465911891574: 57 -53
104046342248: 57 -53
61073128139: 27 -83
75484162752: 59 -51
148997885746: 21 -89
31331350132848: 52 -58
152088853522: 69 -41
31331350135108: 41 -69
31331350135252: 30 -80
164729952490: 45 -65
82795547636: 19 -91
88730305264: 27 -83
70465911891574: 69 -41
104046342248: 61 -49
61073128139: 58 -52
75484162752: 53 -57
148997885746: 21 -89
31331350132848: 59 -51
152088853522: 70 -37
31331350135108: 38 -72
31331350135252: 30 -80
164729952490: 41 -69
82795547636: 19 -91
88730305264: 27 -83
21777614035: 23 -87
6618847380691: 21 -89
70465911891574: 27 -83
104046342248: 50 -60
61073128139: 62 -48
75484162752: 56 -54
148997885746: 23 -87
31331350132848: 49 -61
152088853522: 64 -46
31331350135108: 31 -79
31331350135252: 35 -75
164729952490: 47 -63
82795547636: 20 -90
88730305264: 27 -83
21777614035: 23 -87
6618847380691: 21 -89
70465911891574: 59 -51
104046342248: 52 -58
61073128139: 30 -80
75484162752: 64 -46
148997885746: 32 -78
31331350132848: 49 -61
152088853522: 69 -41
31331350135108: 36 -74
31331350135252: 37 -73
164729952490: 48 -62
82795547636: 19 -91
88730305264: 27 -83
21777614035: 23 -87
6618847380691: 21 -89
70465911891574: 36 -74
104046342248: 55 -55
61073128139: 26 -84
75484162752: 63 -47
148997885746: 31 -79
31331350132848: 50 -60
152088853522: 60 -50
31331350135108: 42 -68
31331350135252: 36 -74
164729952490: 42 -68
82795547636: 19 -91
88730305264: 27 -83
21777614035: 22 -88
6618847380691: 21 -89
70465911891574: 63 -47
104046342248: 55 -55
61073128139: 21 -89
75484162752: 70 -40
148997885746: 34 -76
31331350132848: 50 -60
152088853522: 64 -46
31331350135108: 27 -83
31331350135252: 36 -74
164729952490: 42 -68
82795547636: 19 -91
88730305264: 27 -83
21777614035: 22 -88
6618847380691: 21 -89
70465911891574: 64 -46
104046342248: 49 -61
61073128139: 59 -51
75484162752: 68 -42
148997885746: 31 -79
31331350132848: 50 -60
152088853522: 62 -48
31331350135108: 32 -78
31331350135252: 37 -73
164729952490: 41 -69
82795547636: 19 -91
88730305264: 27 -83
21777614035: 22 -88
6618847380691: 21 -89
70465911891574: 23 -87
104046342248: 58 -52
61073128139: 57 -53
75484162752: 68 -42
148997885746: 30 -80
31331350132848: 50 -60
152088853522: 26 -84
31331350135108: 43 -67
31331350135252: 37 -73
164729952490: 41 -69
82795547636: 19 -91
88730305264: 27 -83
21777614035: 22 -88
6618847380691: 21 -89
70465911891574: 42 -68
104046342248: 53 -57
61073128139: 60 -50
75484162752: 64 -46
148997885746: 30 -80
31331350132848: 47 -63
152088853522: 62 -48
31331350135108: 40 -70
31331350135252: 36 -74
164729952490: 35 -75
82795547636: 19 -91
21777614035: 22 -88
6618847380691: 21 -89
