70465911891574: 67 -43
104046342248: 65 -45
61073128139: 60 -50
75484162752: 70 -34
148997885746: 39 -71
31331350132848: 54 -56
152088853522: 67 -43
31331350135108: 34 -76
31331350135252: 41 -69
164729952490: 49 -61
82795547636: 22 -88
88730305264: 36 -74
70465911891574: 26 -84
104046342248: 66 -44
61073128139: 53 -57
75484162752: 65 -45
148997885746: 44 -66
31331350132848: 53 -57
152088853522: 34 -76
31331350135108: 45 -65
31331350135252: 41 -69
164729952490: 44 -66
82795547636: 19 -91
88730305264: 36 -74
70465911891574: 25 -85
104046342248: 63 -47
61073128139: 60 -50
75484162752: 70 -37
148997885746: 24 -86
31331350132848: 63 -47
152088853522: 35 -75
31331350135108: 37 -73
31331350135252: 41 -69
164729952490: 42 -68
82795547636: 19 -91
88730305264: 36 -74
70465911891574: 30 -80
104046342248: 58 -52
61073128139: 53 -57
75484162752: 67 -43
148997885746: 30 -80
31331350132848: 59 -51
152088853522: 67 -43
31331350135108: 38 -72
31331350135252: 41 -69
164729952490: 46 -64
82795547636: 22 -88
88730305264: 36 -74
70465911891574: 30 -80
104046342248: 62 -48
61073128139: 38 -72
75484162752: 70 -36
148997885746: 31 -79
31331350132848: 25 -85
152088853522: 67 -43
31331350135108: 37 -73
31331350135252: 43 -67
164729952490: 46 -64
82795547636: 22 -88
88730305264: 36 -74
70465911891574: 32 -78
104046342248: 26 -84
61073128139: 63 -47
75484162752: 70 -35
148997885746: 37 -73
31331350132848: 62 -48
152088853522: 35 -75
31331350135108: 32 -78
31331350135252: 43 -67
164729952490: 50 -60
82795547636: 20 -90
88730305264: 46 -64
70465911891574: 30 -80
104046342248: 56 -54
61073128139: 61 -49
75484162752: 70 -33
148997885746: 37 -73
31331350132848: 57 -53
152088853522: 68 -42
31331350135108: 36 -74
31331350135252: 43 -67
164729952490: 42 -68
82795547636: 19 -91
88730305264: 46 -64
70465911891574: 70 -40
104046342248: 56 -54
61073128139: 28 -82
75484162752: 70 -33
148997885746: 36 -74
31331350132848: 25 -85
152088853522: 69 -41
31331350135108: 30 -80
31331350135252: 36 -74
164729952490: 45 -65
82795547636: 19 -91
88730305264: 46 -64
70465911891574: 30 -80
104046342248: 58 -52
61073128139: 54 -56
75484162752: 70 -40
148997885746: 37 -73
31331350132848: 67 -43
152088853522: 70 -40
31331350135108: 31 -79
31331350135252: 37 -73
164729952490: 27 -83
82795547636: 19 -91
88730305264: 46 -64
70465911891574: 68 -42
104046342248: 61 -49
61073128139: 19 -91
75484162752: 70 -34
148997885746: 29 -81
31331350132848: 62 -48
152088853522: 37 -73
31331350135108: 31 -79
31331350135252: 37 -73
164729952490: 50 -60
82795547636: 19 -91
88730305264: 47 -63
