70465911891574: 61 -49
104046342248: 28 -82
61073128139: 55 -55
75484162752: 66 -44
148997885746: 26 -84
31331350132848: 57 -53
152088853522: 68 -42
31331350135108: 41 -69
164729952490: 39 -71
88730305264: 49 -61
70465911891574: 23 -87
104046342248: 51 -59
61073128139: 39 -71
75484162752: 66 -44
148997885746: 28 -82
31331350132848: 58 -52
152088853522: 69 -41
31331350135108: 42 -68
164729952490: 21 -89
88730305264: 47 -63
31331350135252: 38 -72
70465911891574: 61 -49
104046342248: 55 -55
61073128139: 52 -58
75484162752: 68 -42
148997885746: 30 -80
31331350132848: 58 -52
152088853522: 69 -41
31331350135108: 35 -75
164729952490: 21 -89
88730305264: 35 -75
31331350135252: 40 -70
21777614035: 24 -86
70465911891574: 23 -87
104046342248: 49 -61
61073128139: 56 -54
75484162752: 70 -39
148997885746: 34 -76
31331350132848: 56 -54
152088853522: 69 -41
31331350135108: 41 -69
164729952490: 42 -68
88730305264: 52 -58
31331350135252: 28 -82
21777614035: 24 -86
133666422732: 22 -88
70465911891574: 22 -88
104046342248: 51 -59
61073128139: 38 -72
75484162752: 70 -40
148997885746: 26 -84
31331350132848: 59 -51
152088853522: 32 -78
31331350135108: 43 -67
164729952490: 38 -72
88730305264: 39 -71
31331350135252: 28 -82
21777614035: 23 -87
133666422732: 22 -88
6618847380691: 22 -88
70465911891574: 22 -88
104046342248: 51 -59
61073128139: 61 -49
75484162752: 70 -39
148997885746: 28 -82
31331350132848: 62 -48
152088853522: 68 -42
31331350135108: 42 -68
164729952490: 39 -71
88730305264: 39 -71
31331350135252: 39 -71
21777614035: 23 -87
133666422732: 22 -88
6618847380691: 26 -84
70465911891574: 55 -55
104046342248: 53 -57
61073128139: 70 -39
75484162752: 70 -36
148997885746: 27 -83
31331350132848: 60 -50
152088853522: 66 -44
31331350135108: 42 -68
164729952490: 47 -63
88730305264: 53 -57
31331350135252: 38 -72
21777614035: 23 -87
133666422732: 23 -87
6618847380691: 26 -84
70465911891574: 20 -90
104046342248: 53 -57
61073128139: 23 -87
75484162752: 70 -36
148997885746: 26 -84
31331350132848: 59 -51
152088853522: 69 -41
31331350135108: 43 -67
164729952490: 44 -66
88730305264: 60 -50
31331350135252: 37 -73
21777614035: 23 -87
133666422732: 23 -87
6618847380691: 26 -84
70465911891574: 58 -52
104046342248: 60 -50
61073128139: 44 -66
75484162752: 70 -36
148997885746: 29 -81
31331350132848: 56 -54
152088853522: 35 -75
31331350135108: 41 -69
164729952490: 41 -69
88730305264: 38 -72
31331350135252: 34 -76
21777614035: 23 -87
133666422732: 23 -87
6618847380691: 26 -84
70465911891574: 60 -50
104046342248: 23 -87
61073128139: 23 -87
75484162752: 27 -83
148997885746: 33 -77
31331350132848: 59 -51
152088853522: 69 -41
31331350135108: 43 -67
164729952490: 43 -67
88730305264: 38 -72
31331350135252: 37 -73
21777614035: 23 -87
133666422732: 23 -87
6618847380691: 26 -84
