70465911891574: 22 -88
104046342248: 37 -73
61073128139: 52 -58
75484162752: 65 -45
148997885746: 31 -79
31331350132848: 26 -84
152088853522: 29 -81
31331350135108: 40 -70
164729952490: 47 -63
88730305264: 45 -65
100848842504: 19 -91
9356718314: 18 -92
70465911891574: 68 -42
104046342248: 33 -77
61073128139: 59 -51
75484162752: 67 -43
148997885746: 25 -85
31331350132848: 32 -78
152088853522: 68 -42
31331350135108: 40 -70
164729952490: 45 -65
88730305264: 45 -65
100848842504: 19 -91
9356718314: 18 -92
31331350135252: 17 -93
70465911891574: 60 -50
104046342248: 69 -41
61073128139: 44 -66
75484162752: 70 -39
148997885746: 27 -83
31331350132848: 63 -47
152088853522: 29 -81
31331350135108: 31 -79
164729952490: 47 -63
88730305264: 43 -67
100848842504: 19 -91
9356718314: 18 -92
31331350135252: 17 -93
21777614035: 24 -86
82795547636: 22 -88
70465911891574: 23 -87
104046342248: 33 -77
61073128139: 70 -29
75484162752: 70 -40
148997885746: 28 -82
31331350132848: 65 -45
152088853522: 36 -74
31331350135108: 36 -74
164729952490: 44 -66
88730305264: 55 -55
100848842504: 19 -91
9356718314: 18 -92
31331350135252: 43 -67
21777614035: 24 -86
82795547636: 22 -88
70465911891574: 53 -57
104046342248: 33 -77
61073128139: 60 -50
75484162752: 70 -39
148997885746: 22 -88
31331350132848: 67 -43
152088853522: 70 -38
31331350135108: 29 -81
164729952490: 47 -63
88730305264: 46 -64
100848842504: 19 -91
9356718314: 19 -91
31331350135252: 39 -71
21777614035: 24 -86
82795547636: 21 -89
70465911891574: 64 -46
104046342248: 33 -77
61073128139: 22 -88
75484162752: 70 -38
148997885746: 34 -76
31331350132848: 34 -76
152088853522: 70 -39
31331350135108: 30 -80
164729952490: 40 -70
88730305264: 45 -65
100848842504: 19 -91
9356718314: 18 -92
31331350135252: 28 -82
21777614035: 24 -86
82795547636: 21 -89
27279809849: 23 -87
70465911891574: 58 -52
104046342248: 34 -76
61073128139: 62 -48
75484162752: 67 -43
148997885746: 27 -83
31331350132848: 65 -45
152088853522: 34 -76
31331350135108: 29 -81
164729952490: 46 -64
88730305264: 45 -65
100848842504: 19 -91
9356718314: 19 -91
31331350135252: 36 -74
21777614035: 24 -86
82795547636: 21 -89
27279809849: 23 -87
6618847380691: 23 -87
70465911891574: 18 -92
104046342248: 29 -81
61073128139: 62 -48
75484162752: 70 -39
148997885746: 27 -83
31331350132848: 69 -41
152088853522: 70 -38
31331350135108: 27 -83
164729952490: 43 -67
88730305264: 41 -69
100848842504: 19 -91
9356718314: 19 -91
31331350135252: 29 -81
21777614035: 26 -84
82795547636: 21 -89
27279809849: 23 -87
6618847380691: 28 -82
70465911891574: 61 -49
104046342248: 70 -15
61073128139: 61 -49
75484162752: 66 -44
148997885746: 29 -81
31331350132848: 54 -56
152088853522: 29 -81
31331350135108: 24 -86
164729952490: 44 -66
88730305264: 43 -67
100848842504: 19 -91
9356718314: 19 -91
31331350135252: 36 -74
21777614035: 26 -84
82795547636: 21 -89
27279809849: 23 -87
6618847380691: 28 -82
70465911891574: 60 -50
104046342248: 70 -39
61073128139: 20 -90
75484162752: 70 -35
148997885746: 30 -80
31331350132848: 59 -51
152088853522: 30 -80
31331350135108: 30 -80
164729952490: 44 -66
88730305264: 47 -63
9356718314: 19 -91
31331350135252: 29 -81
21777614035: 26 -84
82795547636: 21 -89
27279809849: 23 -87
6618847380691: 28 -82
