70465911891574: 56 -54
104046342248: 70 -20
61073128139: 52 -58
75484162752: 63 -47
148997885746: 26 -84
31331350132848: 63 -47
152088853522: 40 -70
31331350135108: 41 -69
164729952490: 31 -79
88730305264: 49 -61
70465911891574: 57 -53
104046342248: 70 -17
61073128139: 56 -54
75484162752: 64 -46
148997885746: 26 -84
31331350132848: 65 -45
152088853522: 36 -74
31331350135108: 31 -79
164729952490: 40 -70
88730305264: 49 -61
21777614035: 23 -87
6618847380691: 28 -82
70465911891574: 23 -87
104046342248: 67 -43
61073128139: 55 -55
75484162752: 65 -45
148997885746: 29 -81
31331350132848: 26 -84
152088853522: 70 -35
31331350135108: 29 -81
164729952490: 40 -70
88730305264: 47 -63
21777614035: 23 -87
6618847380691: 28 -82
70465911891574: 20 -90
104046342248: 63 -47
61073128139: 54 -56
75484162752: 70 -39
148997885746: 30 -80
31331350132848: 62 -48
152088853522: 70 -36
31331350135108: 37 -73
164729952490: 38 -72
88730305264: 41 -69
21777614035: 23 -87
6618847380691: 28 -82
31331350135252: 34 -76
70465911891574: 39 -71
104046342248: 63 -47
61073128139: 56 -54
75484162752: 66 -44
148997885746: 27 -83
31331350132848: 34 -76
152088853522: 38 -72
31331350135108: 38 -72
164729952490: 35 -75
88730305264: 55 -55
21777614035: 23 -87
6618847380691: 26 -84
31331350135252: 34 -76
70465911891574: 57 -53
104046342248: 62 -48
61073128139: 56 -54
75484162752: 70 -38
148997885746: 22 -88
31331350132848: 60 -50
152088853522: 70 -35
31331350135108: 35 -75
164729952490: 34 -76
88730305264: 41 -69
21777614035: 23 -87
6618847380691: 26 -84
31331350135252: 28 -82
70465911891574: 54 -56
104046342248: 63 -47
61073128139: 57 -53
75484162752: 67 -43
148997885746: 22 -88
31331350132848: 30 -80
152088853522: 70 -35
31331350135108: 32 -78
164729952490: 41 -69
88730305264: 41 -69
21777614035: 26 -84
6618847380691: 26 -84
31331350135252: 32 -78
100848856504: 21 -89
70465911891574: 26 -84
104046342248: 61 -49
61073128139: 44 -66
75484162752: 64 -46
148997885746: 29 -81
31331350132848: 59 -51
152088853522: 70 -35
31331350135108: 36 -74
164729952490: 41 -69
88730305264: 47 -63
21777614035: 24 -86
6618847380691: 26 -84
31331350135252: 38 -72
100848856504: 21 -89
70465911891574: 47 -63
104046342248: 62 -48
61073128139: 58 -52
75484162752: 66 -44
148997885746: 26 -84
31331350132848: 50 -60
152088853522: 70 -35
31331350135108: 29 -81
164729952490: 42 -68
88730305264: 49 -61
21777614035: 23 -87
6618847380691: 30 -80
31331350135252: 33 -77
100848856504: 21 -89
70465911891574: 21 -89
104046342248: 63 -47
61073128139: 60 -50
75484162752: 66 -44
148997885746: 24 -86
31331350132848: 46 -64
152088853522: 34 -76
31331350135108: 31 -79
164729952490: 38 -72
88730305264: 40 -70
21777614035: 23 -87
6618847380691: 30 -80
31331350135252: 39 -71
100848856504: 21 -89
