70465911891574: 53 -57
104046342248: 57 -53
61073128139: 52 -58
75484162752: 66 -44
148997885746: 23 -87
152088853522: 37 -73
31331350135108: 32 -78
164729952490: 34 -76
88730305264: 38 -72
31331350135252: 40 -70
70465911891574: 50 -60
104046342248: 66 -44
61073128139: 48 -62
75484162752: 69 -41
148997885746: 33 -77
152088853522: 70 -34
31331350135108: 28 -82
164729952490: 45 -65
88730305264: 42 -68
31331350135252: 40 -70
31331350132848: 51 -59
21777614035: 19 -91
70465911891574: 18 -92
104046342248: 66 -44
61073128139: 50 -60
75484162752: 66 -44
148997885746: 25 -85
152088853522: 44 -66
31331350135108: 31 -79
164729952490: 37 -73
88730305264: 32 -78
31331350135252: 29 -81
31331350132848: 33 -77
21777614035: 25 -85
70465911891574: 51 -59
104046342248: 64 -46
61073128139: 53 -57
75484162752: 70 -39
148997885746: 36 -74
152088853522: 44 -66
31331350135108: 21 -89
164729952490: 42 -68
88730305264: 38 -72
31331350135252: 38 -72
31331350132848: 63 -47
21777614035: 25 -85
70465911891574: 29 -81
104046342248: 64 -46
61073128139: 50 -60
75484162752: 68 -42
148997885746: 34 -76
152088853522: 40 -70
31331350135108: 32 -78
164729952490: 35 -75
88730305264: 38 -72
31331350135252: 25 -85
31331350132848: 33 -77
21777614035: 25 -85
6618847380691: 21 -89
70465911891574: 53 -57
104046342248: 70 -39
61073128139: 52 -58
75484162752: 68 -42
148997885746: 27 -83
152088853522: 40 -70
31331350135108: 38 -72
164729952490: 44 -66
88730305264: 38 -72
31331350135252: 25 -85
31331350132848: 44 -66
21777614035: 25 -85
6618847380691: 21 -89
70465911891574: 51 -59
104046342248: 31 -79
61073128139: 51 -59
75484162752: 67 -43
148997885746: 35 -75
152088853522: 40 -70
31331350135108: 22 -88
164729952490: 34 -76
88730305264: 34 -76
31331350135252: 24 -86
31331350132848: 34 -76
21777614035: 27 -83
6618847380691: 21 -89
70465911891574: 51 -59
104046342248: 70 -38
61073128139: 52 -58
75484162752: 67 -43
148997885746: 24 -86
152088853522: 42 -68
31331350135108: 24 -86
164729952490: 39 -71
88730305264: 34 -76
31331350135252: 26 -84
31331350132848: 58 -52
21777614035: 27 -83
6618847380691: 21 -89
27279809849: 22 -88
82795547636: 18 -92
70465911891574: 50 -60
104046342248: 70 -39
61073128139: 49 -61
75484162752: 66 -44
148997885746: 33 -77
152088853522: 43 -67
31331350135108: 22 -88
164729952490: 36 -74
88730305264: 34 -76
31331350135252: 26 -84
31331350132848: 64 -46
21777614035: 32 -78
6618847380691: 29 -81
27279809849: 22 -88
82795547636: 21 -89
70465911891574: 26 -84
104046342248: 70 -38
61073128139: 16 -94
75484162752: 67 -43
148997885746: 29 -81
152088853522: 40 -70
31331350135108: 24 -86
164729952490: 31 -79
88730305264: 34 -76
31331350135252: 36 -74
31331350132848: 66 -44
21777614035: 32 -78
6618847380691: 29 -81
27279809849: 22 -88
82795547636: 21 -89
