70465911891574: 53 -57
104046342248: 63 -47
61073128139: 47 -63
75484162752: 60 -50
148997885746: 23 -87
152088853522: 70 -38
31331350135108: 31 -79
164729952490: 35 -75
31331350132848: 52 -58
82795547636: 20 -90
70465911891574: 45 -65
104046342248: 70 -40
61073128139: 47 -63
75484162752: 58 -52
148997885746: 21 -89
152088853522: 70 -33
31331350135108: 27 -83
164729952490: 24 -86
31331350132848: 61 -49
82795547636: 20 -90
70465911891574: 55 -55
104046342248: 69 -41
61073128139: 49 -61
75484162752: 61 -49
148997885746: 21 -89
152088853522: 70 -38
31331350135108: 27 -83
164729952490: 29 -81
31331350132848: 61 -49
82795547636: 20 -90
220335163267300: 24 -86
31331350135252: 24 -86
88730305264: 29 -81
70465911891574: 49 -61
104046342248: 62 -48
61073128139: 46 -64
75484162752: 55 -55
148997885746: 22 -88
152088853522: 70 -38
31331350135108: 25 -85
164729952490: 31 -79
31331350132848: 57 -53
82795547636: 20 -90
220335163267300: 24 -86
31331350135252: 24 -86
88730305264: 27 -83
70465911891574: 49 -61
104046342248: 42 -68
61073128139: 43 -67
75484162752: 60 -50
148997885746: 24 -86
152088853522: 69 -41
31331350135108: 26 -84
164729952490: 31 -79
31331350132848: 60 -50
82795547636: 20 -90
220335163267300: 23 -87
31331350135252: 27 -83
88730305264: 31 -79
70465911891574: 51 -59
104046342248: 61 -49
61073128139: 51 -59
75484162752: 64 -46
148997885746: 26 -84
152088853522: 60 -50
31331350135108: 33 -77
164729952490: 31 -79
31331350132848: 57 -53
82795547636: 20 -90
220335163267300: 26 -84
31331350135252: 28 -82
88730305264: 31 -79
21777614035: 22 -88
70465911891574: 48 -62
104046342248: 59 -51
61073128139: 41 -69
75484162752: 60 -50
148997885746: 23 -87
152088853522: 69 -41
31331350135108: 27 -83
164729952490: 24 -86
31331350132848: 59 -51
82795547636: 20 -90
220335163267300: 24 -86
31331350135252: 32 -78
88730305264: 30 -80
21777614035: 24 -86
70465911891574: 49 -61
104046342248: 57 -53
61073128139: 42 -68
75484162752: 59 -51
148997885746: 22 -88
152088853522: 70 -40
31331350135108: 27 -83
164729952490: 26 -84
31331350132848: 55 -55
82795547636: 20 -90
220335163267300: 24 -86
31331350135252: 31 -79
88730305264: 33 -77
21777614035: 24 -86
70465911891574: 49 -61
104046342248: 66 -44
61073128139: 46 -64
75484162752: 60 -50
148997885746: 21 -89
152088853522: 34 -76
31331350135108: 26 -84
164729952490: 30 -80
31331350132848: 55 -55
82795547636: 20 -90
220335163267300: 24 -86
31331350135252: 31 -79
88730305264: 32 -78
21777614035: 24 -86
70465911891574: 50 -60
104046342248: 66 -44
61073128139: 37 -73
75484162752: 65 -45
148997885746: 22 -88
152088853522: 35 -75
31331350135108: 34 -76
164729952490: 35 -75
31331350132848: 57 -53
220335163267300: 28 -82
31331350135252: 28 -82
88730305264: 27 -83
21777614035: 24 -86
