70465911891574: 46 -64
104046342248: 47 -63
61073128139: 50 -60
75484162752: 60 -50
148997885746: 22 -88
152088853522: 34 -76
31331350135108: 24 -86
164729952490: 28 -82
31331350132848: 52 -58
31331350135252: 30 -80
70465911891574: 51 -59
104046342248: 70 -35
61073128139: 47 -63
75484162752: 53 -57
148997885746: 24 -86
152088853522: 66 -44
31331350135108: 24 -86
164729952490: 34 -76
31331350132848: 52 -58
31331350135252: 22 -88
88730305264: 24 -86
70465911891574: 51 -59
104046342248: 58 -52
61073128139: 24 -86
75484162752: 51 -59
148997885746: 24 -86
152088853522: 65 -45
31331350135108: 25 -85
164729952490: 34 -76
31331350132848: 50 -60
31331350135252: 27 -83
88730305264: 24 -86
70465911891574: 50 -60
104046342248: 59 -51
61073128139: 26 -84
75484162752: 49 -61
148997885746: 25 -85
152088853522: 63 -47
31331350135108: 22 -88
164729952490: 34 -76
31331350132848: 50 -60
31331350135252: 27 -83
88730305264: 24 -86
220335163267300: 23 -87
70465911891574: 24 -86
104046342248: 48 -62
61073128139: 42 -68
75484162752: 49 -61
148997885746: 21 -89
152088853522: 64 -46
31331350135108: 25 -85
164729952490: 34 -76
31331350132848: 50 -60
31331350135252: 27 -83
88730305264: 22 -88
220335163267300: 23 -87
70465911891574: 46 -64
104046342248: 51 -59
61073128139: 48 -62
75484162752: 50 -60
148997885746: 22 -88
152088853522: 25 -85
31331350135108: 22 -88
164729952490: 34 -76
31331350132848: 53 -57
31331350135252: 29 -81
88730305264: 21 -89
220335163267300: 23 -87
70465911891574: 48 -62
104046342248: 49 -61
61073128139: 49 -61
75484162752: 50 -60
148997885746: 22 -88
152088853522: 63 -47
31331350135108: 26 -84
164729952490: 34 -76
31331350132848: 53 -57
31331350135252: 28 -82
88730305264: 21 -89
220335163267300: 23 -87
70465911891574: 48 -62
104046342248: 57 -53
61073128139: 27 -83
75484162752: 52 -58
148997885746: 20 -90
152088853522: 24 -86
31331350135108: 21 -89
164729952490: 34 -76
31331350132848: 51 -59
31331350135252: 28 -82
88730305264: 21 -89
220335163267300: 26 -84
86377751312: 21 -89
70465911891574: 50 -60
104046342248: 51 -59
61073128139: 48 -62
75484162752: 57 -53
148997885746: 21 -89
152088853522: 26 -84
31331350135108: 24 -86
164729952490: 29 -81
31331350132848: 51 -59
31331350135252: 27 -83
88730305264: 21 -89
220335163267300: 26 -84
86377751312: 21 -89
70465911891574: 46 -64
104046342248: 61 -49
61073128139: 46 -64
75484162752: 47 -63
148997885746: 22 -88
152088853522: 66 -44
31331350135108: 26 -84
164729952490: 31 -79
31331350132848: 46 -64
31331350135252: 27 -83
88730305264: 21 -89
220335163267300: 23 -87
86377751312: 21 -89
193825333342424: 21 -89
