220152324231560: 24 -86
5246907136688: 47 -63
5246907136692: 48 -62
115043769778080: 30 -80
21777613774: 28 -82
5246907136689: 47 -63
152632110656: 26 -84
115043769781560: 41 -69
220335163267211: 23 -87
152631112864: 37 -73
21777613603: 27 -83
211528948450292: 28 -82
211528948450289: 29 -81
220152323029472: 27 -83
6706565961295: 26 -84
5246907136688: 42 -68
5246907136692: 42 -68
115043769778080: 31 -79
21777613774: 27 -83
5246907136689: 48 -62
152632110656: 29 -81
115043769781560: 41 -69
152631112864: 37 -73
21777613603: 26 -84
211528948450292: 31 -79
211528948450289: 26 -84
220152323029472: 27 -83
6706565961295: 27 -83
27279809849: 24 -86
5246913221824: 21 -89
211528948450288: 29 -81
5246907136688: 50 -60
5246907136692: 44 -66
115043769778080: 29 -81
21777613774: 30 -80
5246907136689: 45 -65
152632110656: 29 -81
115043769781560: 36 -74
152631112864: 36 -74
21777613603: 23 -87
211528948450292: 31 -79
211528948450289: 26 -84
220152323029472: 27 -83
6706565961295: 28 -82
27279809849: 24 -86
5246913221824: 21 -89
211528948450288: 29 -81
220152324231560: 26 -84
220335163267211: 24 -86
152632120080: 24 -86
8895779524400: 27 -83
5246907136688: 43 -67
5246907136692: 45 -65
115043769778080: 30 -80
21777613774: 27 -83
5246907136689: 47 -63
152632110656: 30 -80
115043769781560: 39 -71
152631112864: 35 -75
21777613603: 23 -87
211528948450292: 27 -83
211528948450289: 27 -83
220152323029472: 27 -83
6706565961295: 27 -83
27279809849: 24 -86
5246913221824: 21 -89
211528948450288: 30 -80
220152324231560: 27 -83
220335163267211: 24 -86
152632120080: 22 -88
8895779524400: 27 -83
8895779524401: 27 -83
5246907136688: 48 -62
5246907136692: 43 -67
115043769778080: 30 -80
21777613774: 27 -83
5246907136689: 44 -66
152632110656: 24 -86
115043769781560: 42 -68
152631112864: 37 -73
21777613603: 23 -87
211528948450292: 27 -83
211528948450289: 29 -81
220152323029472: 26 -84
6706565961295: 27 -83
27279809849: 24 -86
5246913221824: 21 -89
211528948450288: 28 -82
220152324231560: 27 -83
220335163267211: 24 -86
152632120080: 22 -88
8895779524400: 26 -84
8895779524401: 27 -83
5246907136688: 47 -63
5246907136692: 48 -62
115043769778080: 28 -82
21777613774: 26 -84
5246907136689: 44 -66
152632110656: 24 -86
115043769781560: 39 -71
152631112864: 36 -74
21777613603: 23 -87
211528948450292: 27 -83
211528948450289: 27 -83
220152323029472: 26 -84
6706565961295: 28 -82
27279809849: 27 -83
5246913221824: 21 -89
211528948450288: 28 -82
220152324231560: 28 -82
220335163267211: 24 -86
152632120080: 22 -88
8895779524400: 26 -84
8895779524401: 27 -83
5246907136688: 44 -66
5246907136692: 44 -66
115043769778080: 28 -82
21777613774: 28 -82
5246907136689: 46 -64
152632110656: 29 -81
115043769781560: 38 -72
152631112864: 37 -73
21777613603: 22 -88
211528948450292: 27 -83
211528948450289: 26 -84
220152323029472: 26 -84
6706565961295: 27 -83
27279809849: 27 -83
5246913221824: 21 -89
211528948450288: 26 -84
220152324231560: 23 -87
220335163267211: 24 -86
152632120080: 24 -86
8895779524400: 26 -84
8895779524401: 27 -83
5246907136688: 47 -63
5246907136692: 42 -68
115043769778080: 28 -82
21777613774: 28 -82
5246907136689: 44 -66
152632110656: 28 -82
115043769781560: 41 -69
152631112864: 37 -73
21777613603: 23 -87
211528948450292: 27 -83
211528948450289: 29 -81
220152323029472: 26 -84
6706565961295: 28 -82
27279809849: 27 -83
5246913221824: 21 -89
211528948450288: 28 -82
220152324231560: 24 -86
220335163267211: 24 -86
152632120080: 24 -86
8895779524400: 26 -84
8895779524401: 27 -83
5246907136688: 47 -63
5246907136692: 47 -63
115043769778080: 32 -78
21777613774: 28 -82
5246907136689: 43 -67
152632110656: 28 -82
115043769781560: 38 -72
152631112864: 37 -73
21777613603: 27 -83
211528948450292: 26 -84
211528948450289: 28 -82
220152323029472: 26 -84
6706565961295: 27 -83
27279809849: 27 -83
5246913221824: 21 -89
211528948450288: 28 -82
220152324231560: 24 -86
220335163267211: 26 -84
152632120080: 24 -86
8895779524400: 26 -84
8895779524401: 27 -83
5246907136688: 52 -58
115043769781560: 50 -60
5246907136692: 52 -58
152632110656: 28 -82
115043769778080: 39 -71
152631112864: 58 -52
211528948450288: 36 -74
211528948450292: 35 -75
5246907136689: 57 -53
5246913221824: 37 -73
152632120080: 39 -71
211528948450289: 42 -68
5246913221828: 37 -73
115043769778560: 27 -83
152624506928: 24 -86
115043769772392: 20 -90
5246913221825: 33 -77
5246913227009: 27 -83
6891842419919: 31 -79
75749688080561: 27 -83
5246913227008: 27 -83
5246913227010: 26 -84
75749688080564: 27 -83
5246907136688: 70 -37
115043769781560: 58 -52
5246907136692: 70 -39
152632110656: 23 -87
115043769778080: 38 -72
152631112864: 59 -51
211528948450288: 42 -68
211528948450292: 41 -69
5246907136689: 64 -46
5246913221824: 38 -72
152632120080: 36 -74
211528948450289: 42 -68
5246913221828: 39 -71
115043769778560: 30 -80
152624506928: 24 -86
115043769772392: 27 -83
5246913221825: 31 -79
5246913227009: 27 -83
6891842419919: 34 -76
75749688080561: 27 -83
5246913227008: 24 -86
5246913227010: 23 -87
75749688080564: 27 -83
75749688051584: 22 -88
5246907136688: 53 -57
115043769781560: 49 -61
5246907136692: 65 -45
152632110656: 30 -80
115043769778080: 37 -73
152631112864: 58 -52
211528948450288: 44 -66
211528948450292: 37 -73
5246907136689: 44 -66
5246913221824: 33 -77
152632120080: 37 -73
211528948450289: 37 -73
5246913221828: 34 -76
115043769778560: 32 -78
152624506928: 24 -86
115043769772392: 27 -83
5246913221825: 38 -72
5246913227009: 27 -83
6891842419919: 29 -81
75749688080561: 29 -81
5246913227008: 24 -86
5246913227010: 23 -87
75749688080564: 27 -83
75749688051584: 22 -88
21777613774: 20 -90
5246907136688: 70 -37
115043769781560: 47 -63
5246907136692: 70 -38
152632110656: 32 -78
115043769778080: 35 -75
152631112864: 52 -58
211528948450288: 43 -67
211528948450292: 42 -68
5246907136689: 70 -35
5246913221824: 39 -71
152632120080: 40 -70
211528948450289: 44 -66
5246913221828: 33 -77
115043769778560: 32 -78
152624506928: 23 -87
115043769772392: 27 -83
5246913221825: 33 -77
5246913227009: 27 -83
6891842419919: 35 -75
75749688080561: 26 -84
5246913227008: 24 -86
5246913227010: 23 -87
75749688080564: 27 -83
75749688051584: 22 -88
21777613774: 20 -90
115043769774384: 21 -89
75749688080560: 27 -83
5246907136688: 70 -35
115043769781560: 48 -62
5246907136692: 58 -52
152632110656: 29 -81
115043769778080: 38 -72
152631112864: 57 -53
211528948450288: 36 -74
211528948450292: 42 -68
5246907136689: 64 -46
5246913221824: 38 -72
152632120080: 40 -70
211528948450289: 43 -67
5246913221828: 40 -70
115043769778560: 27 -83
152624506928: 22 -88
115043769772392: 27 -83
5246913221825: 32 -78
5246913227009: 27 -83
6891842419919: 36 -74
75749688080561: 29 -81
5246913227008: 27 -83
5246913227010: 23 -87
75749688080564: 27 -83
75749688051584: 22 -88
21777613774: 20 -90
115043769774384: 21 -89
75749688080560: 27 -83
5246907136688: 65 -45
115043769781560: 59 -51
5246907136692: 64 -46
152632110656: 30 -80
115043769778080: 39 -71
152631112864: 56 -54
211528948450288: 42 -68
211528948450292: 42 -68
5246907136689: 45 -65
5246913221824: 40 -70
152632120080: 34 -76
211528948450289: 36 -74
5246913221828: 40 -70
115043769778560: 30 -80
152624506928: 26 -84
115043769772392: 27 -83
5246913221825: 38 -72
5246913227009: 27 -83
6891842419919: 35 -75
75749688080561: 27 -83
5246913227008: 27 -83
5246913227010: 23 -87
75749688080564: 27 -83
75749688051584: 22 -88
21777613774: 20 -90
115043769774384: 21 -89
75749688080560: 27 -83
5246907136688: 51 -59
115043769781560: 58 -52
5246907136692: 66 -44
152632110656: 34 -76
115043769778080: 30 -80
152631112864: 59 -51
211528948450288: 36 -74
211528948450292: 35 -75
5246907136689: 62 -48
5246913221824: 39 -71
152632120080: 38 -72
211528948450289: 42 -68
5246913221828: 40 -70
115043769778560: 28 -82
152624506928: 24 -86
115043769772392: 24 -86
5246913221825: 40 -70
5246913227009: 27 -83
6891842419919: 35 -75
75749688080561: 27 -83
5246913227008: 26 -84
5246913227010: 23 -87
75749688080564: 27 -83
75749688051584: 22 -88
21777613774: 20 -90
115043769774384: 21 -89
75749688080560: 27 -83
152624506832: 22 -88
5246907136688: 70 -38
115043769781560: 58 -52
5246907136692: 51 -59
152632110656: 31 -79
115043769778080: 37 -73
152631112864: 56 -54
211528948450288: 35 -75
211528948450292: 36 -74
5246907136689: 63 -47
5246913221824: 38 -72
152632120080: 38 -72
211528948450289: 42 -68
5246913221828: 37 -73
115043769778560: 29 -81
152624506928: 26 -84
115043769772392: 26 -84
5246913221825: 32 -78
5246913227009: 27 -83
6891842419919: 30 -80
75749688080561: 24 -86
5246913227008: 26 -84
5246913227010: 24 -86
75749688080564: 27 -83
75749688051584: 22 -88
21777613774: 19 -91
115043769774384: 21 -89
75749688080560: 24 -86
152624506832: 22 -88
5246907136688: 70 -35
115043769781560: 63 -47
5246907136692: 52 -58
152632110656: 35 -75
115043769778080: 36 -74
152631112864: 58 -52
211528948450288: 34 -76
211528948450292: 42 -68
5246907136689: 64 -46
5246913221824: 32 -78
152632120080: 36 -74
211528948450289: 43 -67
5246913221828: 37 -73
115043769778560: 24 -86
152624506928: 27 -83
115043769772392: 26 -84
5246913221825: 37 -73
5246913227009: 27 -83
6891842419919: 30 -80
75749688080561: 24 -86
5246913227008: 27 -83
5246913227010: 24 -86
75749688080564: 26 -84
75749688051584: 22 -88
21777613774: 21 -89
115043769774384: 21 -89
75749688080560: 24 -86
152624506832: 22 -88
5246907136688: 64 -46
115043769781560: 49 -61
5246907136692: 70 -37
152632110656: 31 -79
115043769778080: 38 -72
152631112864: 56 -54
211528948450288: 41 -69
211528948450292: 43 -67
5246907136689: 70 -36
5246913221824: 38 -72
152632120080: 34 -76
211528948450289: 43 -67
5246913221828: 31 -79
115043769778560: 30 -80
152624506928: 24 -86
115043769772392: 26 -84
5246913221825: 40 -70
5246913227009: 27 -83
6891842419919: 34 -76
75749688080561: 24 -86
5246913227008: 27 -83
5246913227010: 24 -86
75749688080564: 28 -82
75749688051584: 22 -88
21777613774: 21 -89
115043769774384: 21 -89
75749688080560: 24 -86
152624506832: 22 -88
5246907136688: 64 -46
115043769781560: 63 -47
5246907136692: 63 -47
152632110656: 33 -77
115043769778080: 37 -73
152631112864: 58 -52
211528948450288: 40 -70
211528948450292: 43 -67
5246907136689: 67 -43
5246913221824: 38 -72
152632120080: 38 -72
211528948450289: 42 -68
5246913221828: 32 -78
115043769778560: 27 -83
152624506928: 24 -86
115043769772392: 26 -84
5246913221825: 32 -78
6891842419919: 34 -76
75749688080561: 29 -81
5246913227008: 26 -84
5246913227010: 24 -86
75749688080564: 28 -82
75749688051584: 22 -88
21777613774: 21 -89
115043769774384: 21 -89
75749688080560: 24 -86
152624506832: 22 -88
5246907136688: 65 -45
115043769781560: 59 -51
5246907136692: 66 -44
152632110656: 35 -75
115043769778080: 23 -87
152631112864: 64 -46
211528948450288: 42 -68
211528948450292: 42 -68
5246907136689: 70 -36
5246913221824: 39 -71
152632120080: 33 -77
211528948450289: 41 -69
5246913221828: 39 -71
115043769778560: 31 -79
152624506928: 24 -86
115043769772392: 26 -84
5246913221825: 30 -80
6891842419919: 34 -76
75749688080561: 26 -84
5246913227008: 26 -84
5246913227010: 24 -86
75749688080564: 28 -82
21777613774: 21 -89
115043769774384: 21 -89
75749688080560: 24 -86
152624506832: 23 -87
5246907136688: 66 -44
115043769781560: 59 -51
5246907136692: 67 -43
152632110656: 32 -78
115043769778080: 36 -74
152631112864: 57 -53
211528948450288: 43 -67
211528948450292: 43 -67
5246907136689: 67 -43
5246913221824: 37 -73
152632120080: 33 -77
211528948450289: 40 -70
5246913221828: 39 -71
115043769778560: 27 -83
152624506928: 26 -84
115043769772392: 26 -84
5246913221825: 37 -73
6891842419919: 34 -76
75749688080561: 24 -86
5246913227008: 26 -84
5246913227010: 24 -86
75749688080564: 28 -82
21777613774: 21 -89
115043769774384: 21 -89
75749688080560: 24 -86
152624506832: 22 -88
5246907136688: 65 -45
115043769781560: 62 -48
5246907136692: 64 -46
152632110656: 34 -76
115043769778080: 36 -74
152631112864: 51 -59
211528948450288: 42 -68
211528948450292: 42 -68
5246907136689: 70 -36
5246913221824: 21 -89
152632120080: 36 -74
211528948450289: 39 -71
5246913221828: 38 -72
115043769778560: 27 -83
152624506928: 24 -86
115043769772392: 22 -88
5246913221825: 31 -79
6891842419919: 35 -75
75749688080561: 27 -83
5246913227008: 24 -86
5246913227010: 24 -86
75749688080564: 26 -84
21777613774: 21 -89
115043769774384: 20 -90
75749688080560: 24 -86
152624506832: 22 -88
5246907136688: 51 -59
115043769781560: 59 -51
5246907136692: 66 -44
152632110656: 31 -79
115043769778080: 38 -72
152631112864: 57 -53
211528948450288: 38 -72
211528948450292: 41 -69
5246907136689: 66 -44
5246913221824: 38 -72
152632120080: 34 -76
211528948450289: 38 -72
5246913221828: 38 -72
115043769778560: 29 -81
152624506928: 24 -86
115043769772392: 22 -88
5246913221825: 40 -70
6891842419919: 34 -76
75749688080561: 27 -83
5246913227008: 27 -83
5246913227010: 26 -84
75749688080564: 26 -84
21777613774: 21 -89
115043769774384: 23 -87
75749688080560: 24 -86
152624506832: 22 -88
220152324231560: 23 -87
6706565961295: 23 -87
5246907136688: 70 -36
115043769781560: 62 -48
5246907136692: 70 -36
152632110656: 33 -77
115043769778080: 37 -73
152631112864: 58 -52
211528948450288: 43 -67
211528948450292: 40 -70
5246907136689: 64 -46
5246913221824: 32 -78
152632120080: 36 -74
211528948450289: 39 -71
5246913221828: 32 -78
115043769778560: 23 -87
152624506928: 24 -86
115043769772392: 21 -89
5246913221825: 39 -71
6891842419919: 27 -83
75749688080561: 26 -84
5246913227008: 27 -83
5246913227010: 26 -84
75749688080564: 26 -84
21777613774: 21 -89
115043769774384: 23 -87
75749688080560: 24 -86
152624506832: 20 -90
220152324231560: 23 -87
6706565961295: 23 -87
220335163266603: 23 -87
5246907136688: 68 -42
115043769781560: 59 -51
5246907136692: 70 -39
152632110656: 32 -78
115043769778080: 35 -75
152631112864: 56 -54
211528948450288: 40 -70
211528948450292: 38 -72
5246907136689: 70 -37
5246913221824: 30 -80
152632120080: 35 -75
211528948450289: 34 -76
5246913221828: 32 -78
115043769778560: 28 -82
152624506928: 27 -83
115043769772392: 21 -89
5246913221825: 37 -73
6891842419919: 27 -83
75749688080561: 26 -84
5246913227008: 27 -83
5246913227010: 24 -86
75749688080564: 26 -84
21777613774: 20 -90
115043769774384: 23 -87
75749688080560: 24 -86
152624506832: 20 -90
220152324231560: 23 -87
6706565961295: 23 -87
220335163266603: 23 -87
5246907136688: 64 -46
115043769781560: 50 -60
5246907136692: 65 -45
152632110656: 35 -75
115043769778080: 36 -74
152631112864: 59 -51
211528948450288: 40 -70
211528948450292: 41 -69
5246907136689: 70 -35
5246913221824: 32 -78
152632120080: 32 -78
211528948450289: 37 -73
5246913221828: 33 -77
115043769778560: 27 -83
152624506928: 26 -84
115043769772392: 21 -89
5246913221825: 32 -78
6891842419919: 31 -79
75749688080561: 26 -84
5246913227008: 26 -84
5246913227010: 27 -83
75749688080564: 26 -84
21777613774: 20 -90
115043769774384: 23 -87
75749688080560: 24 -86
152624506832: 20 -90
220152324231560: 23 -87
6706565961295: 23 -87
220335163266603: 23 -87
152632138928: 21 -89
5246907136688: 62 -48
115043769781560: 64 -46
5246907136692: 66 -44
152632110656: 32 -78
115043769778080: 36 -74
152631112864: 58 -52
211528948450288: 42 -68
211528948450292: 40 -70
5246907136689: 70 -36
5246913221824: 38 -72
152632120080: 36 -74
211528948450289: 38 -72
5246913221828: 38 -72
115043769778560: 29 -81
152624506928: 27 -83
115043769772392: 21 -89
5246913221825: 38 -72
6891842419919: 33 -77
75749688080561: 24 -86
5246913227008: 28 -82
5246913227010: 27 -83
75749688080564: 26 -84
21777613774: 20 -90
115043769774384: 23 -87
152624506832: 20 -90
220152324231560: 22 -88
6706565961295: 23 -87
220335163266603: 23 -87
152632138928: 21 -89
5246913227009: 28 -82
194020140555011: 26 -84
5246907136688: 70 -35
115043769781560: 62 -48
5246907136692: 67 -43
152632110656: 34 -76
115043769778080: 35 -75
152631112864: 57 -53
211528948450288: 41 -69
211528948450292: 38 -72
5246907136689: 51 -59
5246913221824: 35 -75
152632120080: 33 -77
211528948450289: 38 -72
5246913221828: 33 -77
115043769778560: 23 -87
152624506928: 27 -83
115043769772392: 21 -89
5246913221825: 38 -72
6891842419919: 24 -86
75749688080561: 26 -84
5246913227008: 28 -82
5246913227010: 27 -83
75749688080564: 26 -84
21777613774: 20 -90
115043769774384: 23 -87
152624506832: 20 -90
220152324231560: 22 -88
6706565961295: 23 -87
220335163266603: 23 -87
152632138928: 21 -89
5246913227009: 28 -82
194020140555011: 27 -83
75749688080560: 26 -84
