152088853522: 70 -38
31601194165454: 61 -49
31331350132848: 56 -54
70465911891574: 58 -52
164729952490: 25 -85
104046342248: 19 -91
61073128139: 54 -56
75484162752: 58 -52
31331350135108: 36 -74
152088853522: 70 -37
31601194165454: 65 -45
31331350132848: 58 -52
70465911891574: 63 -47
164729952490: 38 -72
104046342248: 56 -54
61073128139: 58 -52
75484162752: 62 -48
31331350135108: 34 -76
101583491053086: 38 -72
148997885746: 29 -81
152088853522: 70 -39
31601194165454: 56 -54
31331350132848: 58 -52
70465911891574: 62 -48
164729952490: 38 -72
104046342248: 57 -53
61073128139: 55 -55
75484162752: 70 -39
31331350135108: 32 -78
101583491053086: 41 -69
148997885746: 18 -92
152088853522: 70 -38
31601194165454: 65 -45
31331350132848: 58 -52
70465911891574: 62 -48
104046342248: 50 -60
61073128139: 47 -63
75484162752: 61 -49
31331350135108: 33 -77
101583491053086: 41 -69
148997885746: 31 -79
93541518640: 43 -67
152088853522: 70 -36
31601194165454: 59 -51
31331350132848: 55 -55
70465911891574: 65 -45
104046342248: 61 -49
61073128139: 55 -55
75484162752: 59 -51
31331350135108: 32 -78
148997885746: 26 -84
164729952490: 46 -64
152088853522: 70 -34
31601194165454: 67 -43
31331350132848: 55 -55
70465911891574: 25 -85
104046342248: 62 -48
61073128139: 50 -60
75484162752: 61 -49
31331350135108: 41 -69
148997885746: 26 -84
164729952490: 45 -65
152088853522: 70 -38
31601194165454: 64 -46
31331350132848: 36 -74
70465911891574: 65 -45
104046342248: 52 -58
61073128139: 59 -51
75484162752: 70 -37
31331350135108: 41 -69
148997885746: 23 -87
164729952490: 44 -66
93541518640: 43 -67
152088853522: 70 -35
31601194165454: 67 -43
31331350132848: 60 -50
70465911891574: 25 -85
104046342248: 51 -59
61073128139: 55 -55
75484162752: 62 -48
31331350135108: 34 -76
148997885746: 25 -85
93541518640: 38 -72
152088853522: 70 -37
31601194165454: 64 -46
31331350132848: 56 -54
70465911891574: 55 -55
104046342248: 53 -57
61073128139: 57 -53
75484162752: 68 -42
31331350135108: 42 -68
148997885746: 22 -88
101583491053086: 35 -75
164729952490: 31 -79
152088853522: 70 -36
31601194165454: 63 -47
70465911891574: 23 -87
104046342248: 57 -53
61073128139: 55 -55
75484162752: 66 -44
31331350135108: 40 -70
148997885746: 29 -81
152088853522: 70 -37
31601194165454: 61 -49
70465911891574: 61 -49
104046342248: 52 -58
61073128139: 48 -62
75484162752: 67 -43
31331350135108: 39 -71
148997885746: 31 -79
31331350132848: 58 -52
164729952490: 42 -68
152088853522: 70 -37
31601194165454: 59 -51
70465911891574: 59 -51
104046342248: 61 -49
61073128139: 50 -60
75484162752: 70 -40
31331350135108: 51 -59
148997885746: 22 -88
31331350132848: 59 -51
152088853522: 70 -36
31601194165454: 61 -49
70465911891574: 45 -65
104046342248: 56 -54
61073128139: 57 -53
75484162752: 67 -43
31331350135108: 37 -73
